FBgn0000043|miR1	-0.444	1
FBgn0000054|miR92a	-0.438	1
FBgn0000064|miR124	-0.427	0
FBgn0000071|miR124	-1.074	1
FBgn0000084|miR124	-0.913	0
FBgn0000097|miR4	-0.378	1
FBgn0000117|miR92a	-0.497	1
FBgn0000119|miR4	-0.23	1
FBgn0000119|miR92a	-0.286	0
FBgn0000152|miR124	-1.06	1
FBgn0000212|miR4	-0.448	0
FBgn0000221|miR92a	-0.55	0
FBgn0000228|miR92a	-0.02	0
FBgn0000250|miR92a	-0.215	0
FBgn0000256|miR994	-0.36	0
FBgn0000257|miR1	-0.065	0
FBgn0000257|miR994	-0.299	0
FBgn0000299|miR994	-1.243	1
FBgn0000317|miR1	-1.486	1
FBgn0000317|miR92a	-0.662	1
FBgn0000330|miR4	-1.35	1
FBgn0000395|miR4	-0.04	0
FBgn0000454|miR994	-1.006	0
FBgn0000524|miR92a	-0.618	1
FBgn0000562|miR92a	-1.257	1
FBgn0000615|miR4	-0.789	0
FBgn0000711|miR994	-0.945	1
FBgn0000723|miR4	-0.03	1
FBgn0000723|miR994	-0.076	1
FBgn0000928|miR4	-0.242	0
FBgn0001142|miR263a	-0.506	0
FBgn0001142|miR4	-0.44	0
FBgn0001142|miR994	-0.758	0
FBgn0001189|miR124	-0.947	1
FBgn0001206|miR92a	-0.312	0
FBgn0001222|miR124	-0.306	1
FBgn0001224|miR4	-0.653	0
FBgn0001280|miR263a	-0.685	0
FBgn0001291|miR92a	-0.54	0
FBgn0001297|miR92a	-0.185	1
FBgn0001301|miR4	-0.063	1
FBgn0001308|miR4	-0.781	1
FBgn0001324|miR92a	-0.569	0
FBgn0001404|miR92a	-0.45	0
FBgn0001491|miR92a	-0.335	0
FBgn0001941|miR4	-0.237	1
FBgn0001970|miR92a	-0.611	1
FBgn0001977|miR124	-0.043	0
FBgn0001987|miR124	-0.928	1
FBgn0002031|miR994	-0.358	0
FBgn0002121|miR92a	-0.02	0
FBgn0002283|miR92a	-0.543	1
FBgn0002413|miR4	-0.854	1
FBgn0002524|miR124	-0.05	0
FBgn0002526|miR994	-0.256	0
FBgn0002542|miR1	-0.31	0
FBgn0002543|miR263a	-0.275	1
FBgn0002543|miR4	-0.02	0
FBgn0002715|miR4	-0.594	0
FBgn0002780|miR4	-0.757	0
FBgn0002868|miR92a	-0.662	0
FBgn0002878|miR1	-0.349	0
FBgn0002901|miR1	-0.316	0
FBgn0002906|miR994	-0.902	0
FBgn0003048|miR124	-0.326	1
FBgn0003205|miR263a	-0.341	1
FBgn0003205|miR4	-0.428	1
FBgn0003205|miR92a	-0.214	1
FBgn0003206|miR92a	-0.259	0
FBgn0003209|miR92a	-0.352	1
FBgn0003256|miR263a	-0.263	0
FBgn0003256|miR4	-0.25	0
FBgn0003257|miR124	-0.175	0
FBgn0003277|miR4	-0.311	0
FBgn0003301|miR124	-0.01	0
FBgn0003301|miR92a	-0.051	0
FBgn0003317|miR124	-1.252	1
FBgn0003317|miR263a	-0.683	1
FBgn0003328|miR124	-0.082	1
FBgn0003328|miR4	-0.183	0
FBgn0003328|miR92a	-0.117	0
FBgn0003444|miR124	-0.022	0
FBgn0003444|miR994	-0.406	1
FBgn0003475|miR1	-0.083	0
FBgn0003475|miR994	-0.02	0
FBgn0003495|miR4	-0.884	0
FBgn0003507|miR92a	-0.606	1
FBgn0003598|miR1	-0.47	0
FBgn0003654|miR1	-0.359	0
FBgn0003656|miR124	-0.02	0
FBgn0003716|miR124	-0.281	0
FBgn0003716|miR4	-0.541	1
FBgn0003882|miR1	-0.65	1
FBgn0003882|miR994	-0.724	0
FBgn0003964|miR994	-0.549	1
FBgn0004055|miR1	-0.622	1
FBgn0004197|miR263a	-0.02	0
FBgn0004368|miR263a	-0.268	1
FBgn0004380|miR92a	-0.692	1
FBgn0004381|miR263a	-0.324	0
FBgn0004381|miR92a	-0.716	1
FBgn0004381|miR994	-0.874	0
FBgn0004387|miR4	-0.288	1
FBgn0004391|miR994	-0.234	0
FBgn0004397|miR124	-0.794	1
FBgn0004397|miR92a	-0.897	1
FBgn0004436|miR92a	-0.714	1
FBgn0004449|miR92a	-0.55	1
FBgn0004569|miR1	-0.234	0
FBgn0004569|miR92a	-0.02	0
FBgn0004574|miR92a	-0.434	0
FBgn0004574|miR994	-1.465	0
FBgn0004583|miR263a	-0.171	1
FBgn0004606|miR1	-0.2	1
FBgn0004606|miR4	-0.01	0
FBgn0004643|miR1	-0.417	0
FBgn0004648|miR4	-0.447	1
FBgn0004654|miR1	-1.438	1
FBgn0004657|miR124	-0.073	1
FBgn0004657|miR92a	-0.328	0
FBgn0004811|miR4	-0.356	0
FBgn0004832|miR994	-0.701	0
FBgn0004875|miR263a	-0.02	1
FBgn0004875|miR994	-0.03	1
FBgn0004889|miR263a	-0.501	1
FBgn0004893|miR1	-1.01	1
FBgn0004893|miR994	-0.064	0
FBgn0004903|miR92a	-0.02	0
FBgn0004914|miR92a	-0.721	1
FBgn0004915|miR4	-0.967	0
FBgn0005278|miR4	-0.245	0
FBgn0005630|miR4	-0.25	0
FBgn0005660|miR124	0	0
FBgn0005660|miR4	0	1
FBgn0005671|miR1	-0.607	1
FBgn0005671|miR92a	-0.631	1
FBgn0010041|miR4	-0.912	0
FBgn0010041|miR994	-0.937	0
FBgn0010051|miR1	-0.212	0
FBgn0010100|miR4	-0.816	0
FBgn0010235|miR994	-1.408	1
FBgn0010246|miR4	-0.441	1
FBgn0010280|miR4	-0.082	0
FBgn0010280|miR92a	-0.276	1
FBgn0010300|miR1	-0.02	0
FBgn0010300|miR263a	-0.072	0
FBgn0010303|miR92a	-0.709	1
FBgn0010309|miR1	-0.858	0
FBgn0010316|miR124	-0.192	0
FBgn0010316|miR263a	-0.351	1
FBgn0010316|miR92a	-0.413	0
FBgn0010350|miR92a	-1.312	1
FBgn0010380|miR1	-0.495	1
FBgn0010389|miR124	-0.542	1
FBgn0010417|miR92a	-0.397	0
FBgn0010421|miR994	-1.273	1
FBgn0010441|miR1	-1.352	0
FBgn0010583|miR92a	-0.618	0
FBgn0010638|miR1	-0.611	1
FBgn0010768|miR263a	-0.261	0
FBgn0010812|miR124	-1.005	1
FBgn0010830|miR4	-0.46	0
FBgn0010877|miR994	-0.275	0
FBgn0011204|miR4	-0.732	1
FBgn0011211|miR263a	-0.322	0
FBgn0011211|miR92a	-0.41	0
FBgn0011336|miR4	-0.328	0
FBgn0011584|miR4	-0.09	0
FBgn0011584|miR92a	-0.467	0
FBgn0011586|miR92a	-1.12	0
FBgn0011638|miR4	-1.171	1
FBgn0011648|miR4	-0.226	0
FBgn0011648|miR92a	-0.498	0
FBgn0011705|miR994	-1.113	1
FBgn0011710|miR4	-0.232	1
FBgn0011737|miR1	-1.201	1
FBgn0011740|miR92a	-0.411	0
FBgn0011747|miR92a	-0.091	0
FBgn0011826|miR92a	-0.484	1
FBgn0011826|miR994	-0.249	1
FBgn0013263|miR4	-0.655	0
FBgn0013272|miR263a	-0.258	1
FBgn0013279|miR263a	-0.565	0
FBgn0013279|miR92a	-0.405	0
FBgn0013334|miR1	-0.193	0
FBgn0013334|miR263a	-0.192	0
FBgn0013334|miR994	-0.149	0
FBgn0013720|miR1	-0.797	0
FBgn0013720|miR124	-0.703	1
FBgn0013759|miR1	-0.27	1
FBgn0013759|miR92a	-0.242	0
FBgn0013983|miR4	-0.554	0
FBgn0013983|miR92a	-1.065	1
FBgn0013997|miR1	-0.396	1
FBgn0014006|miR124	-1.362	1
FBgn0014028|miR994	-0.534	0
FBgn0014075|miR1	-0.42	1
FBgn0014127|miR994	-0.616	0
FBgn0014133|miR4	-0.02	1
FBgn0014133|miR92a	-0.15	0
FBgn0014870|miR124	-0.098	1
FBgn0014870|miR92a	-0.47	0
FBgn0014906|miR124	-0.179	0
FBgn0015240|miR92a	-0.616	0
FBgn0015245|miR994	-1.09	1
FBgn0015278|miR1	-0.701	1
FBgn0015278|miR92a	-0.378	0
FBgn0015295|miR124	-0.687	1
FBgn0015295|miR92a	-0.8	1
FBgn0015324|miR1	-0.451	1
FBgn0015359|miR4	-0.439	1
FBgn0015359|miR994	-0.382	0
FBgn0015360|miR994	-0.408	1
FBgn0015509|miR92a	-0.035	0
FBgn0015513|miR92a	-0.364	0
FBgn0015569|miR4	-1.047	1
FBgn0015569|miR92a	-0.388	0
FBgn0015577|miR4	-1.592	1
FBgn0015589|miR994	-0.1	1
FBgn0015615|miR994	-0.612	1
FBgn0015623|miR92a	-0.596	1
FBgn0015737|miR1	-0.941	1
FBgn0015766|miR1	-1.104	1
FBgn0015793|miR4	-0.408	0
FBgn0015797|miR1	-0.924	1
FBgn0015801|miR4	-1.08	1
FBgn0015803|miR4	-0.249	1
FBgn0015905|miR92a	-0.637	0
FBgn0015925|miR92a	-0.545	0
FBgn0015926|miR4	-1.572	1
FBgn0015926|miR92a	-0.631	1
FBgn0016034|miR994	-0.8	0
FBgn0016038|miR263a	-0.34	0
FBgn0016075|miR263a	-0.359	1
FBgn0016078|miR124	-0.298	0
FBgn0016119|miR4	-0.718	0
FBgn0016126|miR92a	-0.219	0
FBgn0016701|miR1	-0.573	1
FBgn0016794|miR4	-0.237	1
FBgn0016794|miR92a	-1.007	1
FBgn0016917|miR4	-0.204	0
FBgn0017414|miR92a	-1.253	0
FBgn0017429|miR4	-0.899	1
FBgn0017558|miR1	-0.627	1
FBgn0019952|miR1	-0.571	0
FBgn0019968|miR92a	-0.612	1
FBgn0019990|miR263a	-0.295	0
FBgn0020224|miR263a	-0.164	0
FBgn0020224|miR92a	-0.312	1
FBgn0020249|miR124	-1.183	1
FBgn0020278|miR4	-0.97	0
FBgn0020304|miR124	-0.225	0
FBgn0020306|miR4	-0.328	0
FBgn0020309|miR4	-0.315	1
FBgn0020309|miR92a	-0.121	1
FBgn0020309|miR994	-0.038	0
FBgn0020312|miR1	-0.081	0
FBgn0020389|miR92a	-0.522	1
FBgn0020407|miR994	-0.938	1
FBgn0020443|miR4	-0.221	1
FBgn0020618|miR994	-0.577	0
FBgn0020620|miR4	-0.749	1
FBgn0020620|miR994	-0.233	0
FBgn0020762|miR4	-0.22	0
FBgn0020762|miR92a	-0.239	0
FBgn0020764|miR92a	-1.23	0
FBgn0020767|miR124	-0.07	0
FBgn0020767|miR263a	-0.334	1
FBgn0021818|miR124	-0.079	0
FBgn0021847|miR994	-0.906	0
FBgn0021895|miR92a	-1.283	1
FBgn0021944|miR124	-0.96	1
FBgn0021995|miR4	-0.333	0
FBgn0022069|miR994	-0.296	0
FBgn0022349|miR4	-0.194	0
FBgn0022349|miR994	-0.267	0
FBgn0022935|miR92a	-0.418	0
FBgn0022959|miR92a	-0.666	0
FBgn0022985|miR4	-0.208	0
FBgn0023169|miR92a	-0.02	0
FBgn0023212|miR4	-0.409	0
FBgn0023212|miR92a	-0.341	0
FBgn0023407|miR92a	-0.403	1
FBgn0023458|miR4	-0.373	1
FBgn0023508|miR1	-0.575	1
FBgn0023509|miR92a	-0.543	1
FBgn0023518|miR124	-0.286	1
FBgn0023540|miR4	-0.694	1
FBgn0024177|miR263a	-0.53	0
FBgn0024182|miR124	-0.379	1
FBgn0024182|miR263a	-0.04	0
FBgn0024182|miR92a	-0.295	0
FBgn0024222|miR4	-0.87	0
FBgn0024230|miR4	-0.716	0
FBgn0024238|miR92a	-0.319	1
FBgn0024238|miR994	-0.248	0
FBgn0024251|miR92a	-0.069	0
FBgn0024277|miR4	-0.435	1
FBgn0024326|miR4	-0.814	1
FBgn0024362|miR92a	-0.5	1
FBgn0024365|miR4	-0.239	0
FBgn0024814|miR92a	-0.513	1
FBgn0024833|miR1	-0.707	1
FBgn0024947|miR124	-0.972	1
FBgn0024985|miR92a	-0.02	0
FBgn0024986|miR92a	-0.823	1
FBgn0024987|miR92a	-0.02	0
FBgn0025186|miR92a	-0.404	1
FBgn0025336|miR4	-1.497	1
FBgn0025394|miR4	-0.345	1
FBgn0025456|miR1	-0.496	0
FBgn0025629|miR994	-0.918	0
FBgn0025631|miR1	-1.464	1
FBgn0025631|miR263a	-0.195	1
FBgn0025631|miR994	-0.362	0
FBgn0025633|miR4	-0.516	1
FBgn0025639|miR4	-0.02	0
FBgn0025681|miR92a	-0.296	0
FBgn0025682|miR1	-0.936	1
FBgn0025687|miR994	-0.278	0
FBgn0025724|miR92a	-0.548	1
FBgn0025743|miR1	-0.984	0
FBgn0025743|miR124	-0.02	0
FBgn0026056|miR92a	-0.277	0
FBgn0026060|miR124	-0.534	1
FBgn0026083|miR4	-0.197	0
FBgn0026083|miR92a	-0.432	0
FBgn0026084|miR92a	-0.421	0
FBgn0026176|miR4	-0.55	0
FBgn0026192|miR1	-1.585	1
FBgn0026192|miR994	-0.558	1
FBgn0026238|miR92a	-0.319	0
FBgn0026259|miR92a	-0.441	0
FBgn0026313|miR92a	-0.829	0
FBgn0026369|miR92a	-0.432	1
FBgn0026371|miR124	-0.232	0
FBgn0026371|miR92a	-0.316	0
FBgn0026378|miR1	-0.422	0
FBgn0026409|miR1	-1.26	1
FBgn0026409|miR263a	-0.104	0
FBgn0026432|miR4	-0.03	0
FBgn0026433|miR1	-0.813	0
FBgn0026562|miR92a	-0.402	0
FBgn0026562|miR994	-1.709	1
FBgn0026573|miR263a	-0.02	0
FBgn0026597|miR92a	-0.412	1
FBgn0026718|miR4	-0.92	1
FBgn0026876|miR4	-1.572	0
FBgn0027287|miR92a	-0.508	1
FBgn0027338|miR92a	-0.407	0
FBgn0027342|miR263a	-0.352	1
FBgn0027342|miR4	-0.235	1
FBgn0027378|miR92a	-0.64	0
FBgn0027495|miR263a	-0.545	1
FBgn0027512|miR1	-0.356	0
FBgn0027529|miR1	-0.651	0
FBgn0027532|miR1	-0.632	1
FBgn0027532|miR263a	-0.355	0
FBgn0027535|miR92a	-0.5	1
FBgn0027539|miR994	-0.746	1
FBgn0027554|miR92a	-0.483	0
FBgn0027569|miR4	-0.425	1
FBgn0027569|miR994	-0.37	0
FBgn0027574|miR263a	-0.256	0
FBgn0027574|miR92a	-0.121	0
FBgn0027579|miR4	-1.007	1
FBgn0027583|miR994	-0.553	0
FBgn0027594|miR92a	-0.365	1
FBgn0027596|miR1	-0.455	1
FBgn0027597|miR92a	-0.947	0
FBgn0027598|miR1	-0.167	0
FBgn0027601|miR1	-0.02	0
FBgn0027609|miR263a	-0.857	1
FBgn0027609|miR4	-0.683	0
FBgn0027610|miR1	-1.166	1
FBgn0027610|miR4	-0.614	0
FBgn0027657|miR4	-1.072	1
FBgn0027779|miR1	-0.421	1
FBgn0027835|miR92a	-0.399	1
FBgn0027885|miR92a	-0.11	0
FBgn0027949|miR124	-0.631	0
FBgn0028375|miR4	-1.022	1
FBgn0028375|miR92a	-0.08	0
FBgn0028421|miR92a	-0.92	1
FBgn0028427|miR124	-0.648	1
FBgn0028474|miR92a	-0.433	0
FBgn0028476|miR92a	-0.02	0
FBgn0028487|miR92a	-0.509	0
FBgn0028490|miR994	-1.005	0
FBgn0028497|miR92a	-0.24	0
FBgn0028499|miR4	-0.331	0
FBgn0028500|miR92a	-0.474	1
FBgn0028507|miR994	-0.56	1
FBgn0028515|miR994	-0.741	0
FBgn0028538|miR4	-0.215	1
FBgn0028541|miR92a	-0.564	1
FBgn0028546|miR124	-1.097	1
FBgn0028563|miR124	-0.439	1
FBgn0028579|miR4	-0.342	1
FBgn0028579|miR92a	-0.384	0
FBgn0028582|miR4	-0.548	1
FBgn0028582|miR92a	-0.272	1
FBgn0028582|miR994	-0.02	0
FBgn0028662|miR4	-0.38	0
FBgn0028665|miR1	-0.549	1
FBgn0028717|miR263a	-0.58	1
FBgn0028916|miR4	-0.766	1
FBgn0028916|miR92a	-0.151	0
FBgn0028926|miR263a	-0.603	0
FBgn0028953|miR263a	-0.135	0
FBgn0028953|miR4	-0.209	1
FBgn0028974|miR92a	-0.234	0
FBgn0028978|miR4	-0.178	0
FBgn0028997|miR92a	-1.02	1
FBgn0029088|miR92a	-0.152	0
FBgn0029092|miR1	-0.36	0
FBgn0029092|miR92a	-0.462	1
FBgn0029121|miR263a	-0.61	1
FBgn0029133|miR994	-0.345	0
FBgn0029158|miR4	-1.341	0
FBgn0029158|miR92a	-0.675	1
FBgn0029175|miR1	-0.437	0
FBgn0029508|miR92a	-0.696	1
FBgn0029594|miR92a	-0.381	0
FBgn0029665|miR994	-0.517	0
FBgn0029676|miR124	-0.366	1
FBgn0029676|miR4	-0.766	0
FBgn0029685|miR263a	-0.287	0
FBgn0029689|miR92a	-0.418	0
FBgn0029689|miR994	-0.78	0
FBgn0029713|miR1	-1.045	1
FBgn0029715|miR92a	-0.986	0
FBgn0029755|miR124	-0.243	0
FBgn0029756|miR994	-0.234	0
FBgn0029763|miR4	-0.449	1
FBgn0029771|miR124	-0.035	0
FBgn0029778|miR994	-0.477	0
FBgn0029789|miR263a	-0.299	0
FBgn0029813|miR994	-0.437	0
FBgn0029822|miR1	-0.34	0
FBgn0029840|miR124	-0.219	1
FBgn0029861|miR124	-0.032	0
FBgn0029861|miR92a	-0.419	0
FBgn0029870|miR263a	-0.14	1
FBgn0029881|miR92a	-0.098	0
FBgn0029893|miR92a	-0.661	1
FBgn0029896|miR4	-0.071	0
FBgn0029903|miR92a	-0.514	1
FBgn0029914|miR4	-0.556	1
FBgn0029957|miR4	-0.65	1
FBgn0029980|miR92a	-0.316	0
FBgn0030038|miR4	-0.722	0
FBgn0030054|miR92a	-0.612	1
FBgn0030088|miR4	-0.316	1
FBgn0030109|miR4	-1.297	1
FBgn0030136|miR994	-0.501	0
FBgn0030189|miR4	-0.7	0
FBgn0030189|miR994	-0.302	0
FBgn0030228|miR994	-0.059	0
FBgn0030243|miR4	-0.939	0
FBgn0030245|miR1	-0.775	0
FBgn0030245|miR994	-0.373	0
FBgn0030286|miR994	-0.126	1
FBgn0030294|miR994	-0.089	0
FBgn0030320|miR263a	-0.512	1
FBgn0030323|miR92a	-0.826	1
FBgn0030327|miR1	-0.375	0
FBgn0030329|miR994	-0.579	0
FBgn0030330|miR92a	-0.165	0
FBgn0030340|miR92a	-0.559	1
FBgn0030351|miR92a	-0.638	0
FBgn0030357|miR1	-0.364	0
FBgn0030362|miR92a	-1.165	1
FBgn0030411|miR1	-0.636	1
FBgn0030447|miR92a	-0.543	0
FBgn0030451|miR263a	-0.118	0
FBgn0030456|miR1	-0.565	1
FBgn0030457|miR124	-0.221	0
FBgn0030465|miR4	-0.964	0
FBgn0030468|miR994	-0.241	0
FBgn0030479|miR1	-0.463	0
FBgn0030499|miR92a	-0.826	1
FBgn0030502|miR263a	-0.068	0
FBgn0030502|miR92a	-0.028	0
FBgn0030506|miR4	-1.132	0
FBgn0030514|miR1	-0.283	0
FBgn0030519|miR1	-0.384	0
FBgn0030522|miR4	-1.447	0
FBgn0030554|miR124	-0.234	0
FBgn0030554|miR4	-0.267	0
FBgn0030573|miR4	-0.638	0
FBgn0030581|miR92a	-0.869	1
FBgn0030612|miR263a	-0.208	0
FBgn0030640|miR994	-0.02	0
FBgn0030654|miR4	-0.966	1
FBgn0030668|miR92a	-0.821	1
FBgn0030675|miR1	-0.359	0
FBgn0030685|miR263a	-0.329	0
FBgn0030731|miR124	-0.327	0
FBgn0030740|miR1	-0.269	0
FBgn0030745|miR263a	-0.422	1
FBgn0030745|miR4	-0.1	0
FBgn0030745|miR92a	-0.458	1
FBgn0030752|miR4	-1.225	0
FBgn0030753|miR92a	-0.489	0
FBgn0030787|miR1	-0.444	0
FBgn0030788|miR92a	-0.452	1
FBgn0030789|miR4	-0.666	1
FBgn0030791|miR1	-0.872	1
FBgn0030800|miR124	-0.189	0
FBgn0030838|miR4	-0.307	0
FBgn0030838|miR994	-0.287	0
FBgn0030839|miR92a	-0.571	0
FBgn0030854|miR4	-0.245	0
FBgn0030854|miR92a	-0.214	0
FBgn0030872|miR124	-0.512	1
FBgn0030876|miR4	-0.806	0
FBgn0030883|miR4	-1.037	1
FBgn0030890|miR1	-1.007	1
FBgn0030890|miR124	-0.232	0
FBgn0030894|miR124	-0.551	1
FBgn0030929|miR4	-1.048	0
FBgn0030991|miR124	-1.114	1
FBgn0031030|miR92a	-0.398	1
FBgn0031050|miR4	-1.505	0
FBgn0031070|miR1	-0.22	0
FBgn0031070|miR92a	-0.378	0
FBgn0031091|miR1	-1.198	0
FBgn0031098|miR994	-0.595	1
FBgn0031119|miR124	-0.265	0
FBgn0031145|miR1	0	1
FBgn0031145|miR92a	0	0
FBgn0031188|miR1	-0.02	0
FBgn0031191|miR124	-0.376	0
FBgn0031217|miR1	-0.668	0
FBgn0031250|miR124	-0.722	1
FBgn0031260|miR92a	-0.209	0
FBgn0031268|miR124	-1.714	1
FBgn0031268|miR4	-0.465	1
FBgn0031284|miR4	-0.319	0
FBgn0031285|miR1	-0.556	1
FBgn0031298|miR92a	-0.376	1
FBgn0031304|miR4	-0.38	0
FBgn0031304|miR92a	-0.731	1
FBgn0031310|miR92a	-0.565	0
FBgn0031357|miR4	-1.615	1
FBgn0031378|miR92a	-0.722	0
FBgn0031395|miR92a	-0.646	1
FBgn0031398|miR1	-0.537	0
FBgn0031398|miR124	-0.492	0
FBgn0031403|miR124	-0.714	0
FBgn0031449|miR92a	-0.264	0
FBgn0031457|miR92a	-1.763	1
FBgn0031474|miR994	-0.165	0
FBgn0031478|miR1	-0.734	1
FBgn0031478|miR92a	-0.517	1
FBgn0031483|miR92a	-0.288	0
FBgn0031489|miR1	-0.608	0
FBgn0031489|miR263a	-0.747	0
FBgn0031490|miR1	-0.386	0
FBgn0031490|miR4	-0.448	0
FBgn0031491|miR1	-0.375	0
FBgn0031491|miR4	-0.295	0
FBgn0031505|miR4	-1.952	1
FBgn0031516|miR1	-0.534	1
FBgn0031575|miR1	-0.652	0
FBgn0031575|miR4	-0.309	0
FBgn0031589|miR124	-0.795	1
FBgn0031598|miR1	-0.609	1
FBgn0031598|miR4	-0.615	0
FBgn0031652|miR4	-0.443	0
FBgn0031659|miR4	-1.152	0
FBgn0031670|miR4	-0.41	0
FBgn0031676|miR92a	-0.88	0
FBgn0031681|miR1	-0.535	0
FBgn0031681|miR92a	-0.221	1
FBgn0031716|miR1	-0.352	0
FBgn0031716|miR4	-1.221	1
FBgn0031736|miR4	-0.524	0
FBgn0031752|miR92a	-0.454	0
FBgn0031779|miR124	-0.617	1
FBgn0031779|miR92a	-0.31	0
FBgn0031834|miR4	-0.253	0
FBgn0031904|miR994	-0.255	0
FBgn0031909|miR4	-0.397	0
FBgn0031912|miR92a	-0.222	0
FBgn0031950|miR4	-1.443	1
FBgn0031969|miR124	-0.44	1
FBgn0031969|miR994	-1.472	1
FBgn0031971|miR994	-1.494	0
FBgn0031998|miR4	-0.422	0
FBgn0032001|miR92a	-2.052	1
FBgn0032002|miR92a	-0.789	0
FBgn0032003|miR92a	-0.573	0
FBgn0032004|miR92a	-0.534	0
FBgn0032006|miR4	-0.617	1
FBgn0032026|miR124	-0.312	0
FBgn0032036|miR1	-0.216	0
FBgn0032051|miR124	-0.405	0
FBgn0032120|miR124	-0.145	0
FBgn0032130|miR994	-0.125	1
FBgn0032140|miR92a	-0.645	1
FBgn0032166|miR4	-1.019	1
FBgn0032178|miR92a	-1.338	0
FBgn0032191|miR1	-0.273	0
FBgn0032204|miR994	-0.254	0
FBgn0032210|miR92a	-0.512	0
FBgn0032236|miR92a	-0.719	0
FBgn0032259|miR994	-0.099	0
FBgn0032340|miR92a	-0.495	1
FBgn0032341|miR1	-0.423	1
FBgn0032341|miR92a	-0.422	1
FBgn0032341|miR994	-0.127	0
FBgn0032348|miR994	-0.22	0
FBgn0032363|miR4	-0.153	0
FBgn0032388|miR92a	-0.456	1
FBgn0032391|miR994	-0.966	0
FBgn0032395|miR1	-0.509	1
FBgn0032397|miR4	-0.442	0
FBgn0032409|miR92a	-0.494	1
FBgn0032420|miR1	-0.997	1
FBgn0032420|miR124	-0.795	1
FBgn0032420|miR263a	-0.44	0
FBgn0032421|miR1	-1.328	1
FBgn0032421|miR124	-0.737	1
FBgn0032456|miR4	-0.03	1
FBgn0032482|miR4	-0.164	0
FBgn0032485|miR994	-0.02	0
FBgn0032513|miR4	-0.27	0
FBgn0032513|miR92a	-0.775	1
FBgn0032600|miR263a	-0.19	0
FBgn0032600|miR4	-0.747	1
FBgn0032600|miR92a	-0.02	0
FBgn0032600|miR994	-0.446	0
FBgn0032633|miR92a	-0.02	0
FBgn0032634|miR994	-1.198	0
FBgn0032635|miR1	-0.797	1
FBgn0032689|miR4	-0.02	0
FBgn0032700|miR124	-0.494	1
FBgn0032700|miR92a	-0.503	1
FBgn0032731|miR263a	-0.86	1
FBgn0032782|miR1	-0.579	1
FBgn0032782|miR124	-0.738	1
FBgn0032782|miR4	-1.104	0
FBgn0032782|miR994	-0.656	0
FBgn0032796|miR1	-0.282	0
FBgn0032805|miR124	-0.755	0
FBgn0032811|miR92a	-0.398	0
FBgn0032812|miR4	-0.529	0
FBgn0032817|miR263a	-0.347	0
FBgn0032817|miR994	-0.252	1
FBgn0032860|miR92a	-0.925	0
FBgn0032876|miR263a	-0.519	0
FBgn0032883|miR92a	-0.559	0
FBgn0032884|miR1	-0.425	0
FBgn0032943|miR263a	-0.034	0
FBgn0032955|miR92a	-0.411	0
FBgn0032988|miR92a	-0.541	0
FBgn0033019|miR994	-0.651	0
FBgn0033029|miR4	-0.601	0
FBgn0033032|miR1	-0.427	0
FBgn0033052|miR4	-0.059	0
FBgn0033075|miR994	-0.493	0
FBgn0033087|miR1	-0.485	1
FBgn0033101|miR1	-0.31	0
FBgn0033153|miR4	-0.214	0
FBgn0033159|miR4	-0.524	1
FBgn0033174|miR1	-0.396	0
FBgn0033174|miR124	-0.702	1
FBgn0033178|miR263a	-0.714	1
FBgn0033191|miR994	-0.765	0
FBgn0033196|miR1	-0.728	0
FBgn0033196|miR4	-0.218	1
FBgn0033199|miR1	-0.478	1
FBgn0033212|miR1	-0.406	1
FBgn0033212|miR92a	-0.02	1
FBgn0033229|miR4	-1.19	1
FBgn0033244|miR4	-0.177	1
FBgn0033246|miR1	-0.339	0
FBgn0033261|miR994	-0.422	0
FBgn0033266|miR263a	-0.23	0
FBgn0033266|miR4	-1.074	1
FBgn0033266|miR994	-0.196	0
FBgn0033349|miR994	-0.402	0
FBgn0033379|miR4	-0.597	0
FBgn0033381|miR92a	-0.488	0
FBgn0033382|miR92a	-0.446	0
FBgn0033421|miR124	0	1
FBgn0033428|miR92a	-0.594	0
FBgn0033460|miR92a	-0.171	0
FBgn0033463|miR4	-0.171	1
FBgn0033463|miR92a	-0.063	0
FBgn0033465|miR92a	-0.647	1
FBgn0033475|miR4	-1.017	0
FBgn0033486|miR92a	-0.159	0
FBgn0033549|miR4	-0.802	0
FBgn0033584|miR263a	-0.186	0
FBgn0033584|miR4	-0.213	0
FBgn0033607|miR92a	-0.308	0
FBgn0033608|miR92a	-0.635	1
FBgn0033609|miR92a	-1.063	1
FBgn0033616|miR994	-0.415	0
FBgn0033624|miR1	-0.555	1
FBgn0033653|miR4	-0.661	0
FBgn0033665|miR92a	-0.333	0
FBgn0033672|miR124	-0.57	0
FBgn0033677|miR92a	-0.669	1
FBgn0033677|miR994	-0.593	0
FBgn0033692|miR124	-0.734	1
FBgn0033713|miR1	-0.404	1
FBgn0033713|miR4	-0.343	1
FBgn0033734|miR92a	-0.428	0
FBgn0033749|miR263a	-0.222	0
FBgn0033783|miR994	-0.628	0
FBgn0033853|miR92a	-0.369	1
FBgn0033884|miR4	-0.734	1
FBgn0033903|miR124	-0.96	1
FBgn0033903|miR92a	-1.06	1
FBgn0033906|miR92a	-0.63	0
FBgn0033913|miR124	-0.511	1
FBgn0033913|miR4	-0.02	1
FBgn0033915|miR92a	-0.421	0
FBgn0033916|miR4	-0.219	0
FBgn0033928|miR4	-1.477	0
FBgn0033934|miR92a	-0.548	0
FBgn0033973|miR1	-0.467	0
FBgn0033980|miR4	-0.73	0
FBgn0033982|miR4	-0.98	0
FBgn0033990|miR263a	-0.825	0
FBgn0033995|miR4	-1.124	1
FBgn0034009|miR1	-0.27	1
FBgn0034013|miR263a	-0.038	1
FBgn0034013|miR4	-0.075	0
FBgn0034025|miR1	-0.242	1
FBgn0034057|miR92a	-0.745	1
FBgn0034063|miR1	-0.637	0
FBgn0034063|miR263a	-0.495	0
FBgn0034071|miR4	0	0
FBgn0034083|miR124	-0.32	1
FBgn0034094|miR4	-0.979	0
FBgn0034113|miR92a	-0.26	0
FBgn0034158|miR4	-1.005	0
FBgn0034180|miR263a	-0.3	1
FBgn0034230|miR92a	-1.05	0
FBgn0034232|miR92a	-0.601	0
FBgn0034246|miR4	-0.238	0
FBgn0034266|miR92a	-0.096	0
FBgn0034269|miR92a	-0.383	0
FBgn0034271|miR1	-0.779	1
FBgn0034271|miR92a	-0.18	0
FBgn0034271|miR994	-0.248	0
FBgn0034299|miR92a	-0.551	0
FBgn0034304|miR92a	-0.825	1
FBgn0034312|miR124	-0.681	0
FBgn0034362|miR92a	-0.302	0
FBgn0034366|miR4	-0.349	0
FBgn0034379|miR994	-0.242	0
FBgn0034380|miR1	-1.606	1
FBgn0034399|miR92a	-0.776	0
FBgn0034405|miR124	-0.428	0
FBgn0034418|miR994	-0.265	1
FBgn0034425|miR92a	-0.836	1
FBgn0034433|miR92a	-0.725	1
FBgn0034455|miR263a	-0.667	0
FBgn0034491|miR994	-0.115	0
FBgn0034495|miR4	-1.836	0
FBgn0034498|miR1	-0.073	0
FBgn0034500|miR1	-1.125	1
FBgn0034521|miR92a	-0.448	0
FBgn0034573|miR994	-1.092	1
FBgn0034598|miR994	-0.02	1
FBgn0034646|miR4	-1.006	0
FBgn0034709|miR4	-1.012	1
FBgn0034729|miR1	-0.508	0
FBgn0034736|miR4	-1.232	0
FBgn0034795|miR4	-0.455	0
FBgn0034854|miR92a	-0.296	1
FBgn0034876|miR92a	-0.629	1
FBgn0034909|miR4	-0.531	1
FBgn0034946|miR994	-0.632	0
FBgn0034951|miR1	-0.312	0
FBgn0035024|miR4	-0.564	1
FBgn0035032|miR263a	-0.486	0
FBgn0035033|miR4	-1.177	0
FBgn0035033|miR92a	-0.02	0
FBgn0035049|miR1	-0.494	1
FBgn0035049|miR124	-0.783	1
FBgn0035084|miR4	-1.145	0
FBgn0035087|miR92a	-0.071	0
FBgn0035111|miR4	-0.48	0
FBgn0035112|miR4	-0.532	0
FBgn0035137|miR92a	-0.245	0
FBgn0035142|miR4	-0.418	1
FBgn0035142|miR92a	-0.453	1
FBgn0035142|miR994	-0.294	0
FBgn0035144|miR4	-0.04	0
FBgn0035144|miR92a	-0.799	1
FBgn0035145|miR994	-0.112	0
FBgn0035146|miR92a	-1.104	1
FBgn0035148|miR1	-0.535	1
FBgn0035158|miR124	-0.88	1
FBgn0035169|miR124	-0.337	0
FBgn0035173|miR263a	-0.242	1
FBgn0035207|miR4	-0.526	0
FBgn0035210|miR4	-1.552	0
FBgn0035228|miR4	-0.513	0
FBgn0035229|miR4	-0.587	1
FBgn0035229|miR92a	-0.193	1
FBgn0035231|miR1	-0.897	0
FBgn0035236|miR4	-0.255	0
FBgn0035270|miR92a	-0.433	1
FBgn0035283|miR92a	-1.395	1
FBgn0035298|miR92a	-0.525	0
FBgn0035321|miR92a	-0.438	0
FBgn0035334|miR4	-1.098	1
FBgn0035337|miR124	-0.583	0
FBgn0035346|miR263a	-0.535	1
FBgn0035357|miR4	-0.055	0
FBgn0035383|miR4	-0.682	0
FBgn0035383|miR92a	-0.582	1
FBgn0035388|miR92a	-0.313	0
FBgn0035390|miR124	-1.039	1
FBgn0035411|miR124	-0.444	1
FBgn0035424|miR263a	0	0
FBgn0035436|miR4	-0.734	0
FBgn0035438|miR4	-0.746	0
FBgn0035449|miR1	-0.172	1
FBgn0035449|miR994	-1.134	1
FBgn0035452|miR4	-1.022	1
FBgn0035475|miR124	-0.549	0
FBgn0035475|miR4	-0.246	0
FBgn0035482|miR263a	-0.523	1
FBgn0035482|miR994	-0.212	0
FBgn0035488|miR4	-0.474	1
FBgn0035499|miR1	-1.491	1
FBgn0035499|miR263a	-0.718	1
FBgn0035515|miR1	-0.541	0
FBgn0035529|miR92a	-0.391	0
FBgn0035533|miR92a	-0.228	0
FBgn0035540|miR4	-1.663	1
FBgn0035540|miR92a	-1.306	1
FBgn0035586|miR4	-1.122	1
FBgn0035593|miR92a	-0.577	0
FBgn0035690|miR994	-0.312	0
FBgn0035767|miR4	-1.113	1
FBgn0035767|miR92a	-0.596	0
FBgn0035827|miR263a	-0.324	0
FBgn0035833|miR92a	-0.396	0
FBgn0035871|miR4	-0.549	1
FBgn0035906|miR1	-0.709	1
FBgn0035911|miR124	-1.198	1
FBgn0035942|miR92a	-0.539	0
FBgn0035944|miR1	-0.773	1
FBgn0035965|miR4	-1.184	0
FBgn0035976|miR92a	-0.522	0
FBgn0035977|miR263a	-1.378	0
FBgn0035978|miR92a	-0.388	0
FBgn0035981|miR4	-0.424	1
FBgn0035989|miR92a	-0.354	0
FBgn0035996|miR4	-0.628	0
FBgn0036004|miR92a	-0.404	0
FBgn0036008|miR92a	-0.479	1
FBgn0036028|miR263a	-0.531	0
FBgn0036039|miR4	-0.349	0
FBgn0036052|miR4	-0.283	1
FBgn0036053|miR1	-0.578	1
FBgn0036053|miR994	-0.242	0
FBgn0036059|miR124	-0.423	1
FBgn0036090|miR4	-1.043	0
FBgn0036116|miR1	-0.36	1
FBgn0036116|miR263a	-0.553	1
FBgn0036126|miR92a	-0.63	0
FBgn0036147|miR263a	-0.526	1
FBgn0036147|miR4	-0.67	0
FBgn0036155|miR92a	-0.337	0
FBgn0036191|miR263a	-0.351	0
FBgn0036239|miR994	-0.241	0
FBgn0036240|miR4	-0.85	0
FBgn0036257|miR1	-0.587	1
FBgn0036257|miR994	-0.286	1
FBgn0036263|miR1	-0.186	0
FBgn0036263|miR263a	-0.061	0
FBgn0036263|miR4	-0.625	0
FBgn0036271|miR92a	-0.329	0
FBgn0036299|miR1	-1.159	1
FBgn0036299|miR124	-0.796	1
FBgn0036333|miR263a	-0.659	1
FBgn0036334|miR92a	-0.633	1
FBgn0036365|miR1	-0.979	1
FBgn0036365|miR994	-0.84	0
FBgn0036373|miR994	-0.273	1
FBgn0036389|miR124	-0.582	1
FBgn0036397|miR4	-0.579	0
FBgn0036423|miR4	-1.236	0
FBgn0036463|miR124	-0.341	1
FBgn0036463|miR4	-0.491	0
FBgn0036486|miR263a	-0.346	0
FBgn0036488|miR92a	-0.678	0
FBgn0036489|miR4	-1.234	1
FBgn0036493|miR263a	-0.02	0
FBgn0036493|miR92a	-0.19	0
FBgn0036518|miR4	-0.604	0
FBgn0036546|miR994	-0.837	1
FBgn0036579|miR4	-0.403	0
FBgn0036623|miR92a	-0.549	1
FBgn0036624|miR994	-0.291	0
FBgn0036688|miR92a	-0.345	0
FBgn0036741|miR4	-0.383	0
FBgn0036741|miR92a	-0.69	1
FBgn0036760|miR92a	-0.583	0
FBgn0036770|miR92a	-0.375	1
FBgn0036771|miR994	-0.375	0
FBgn0036772|miR92a	-0.276	0
FBgn0036804|miR263a	-0.736	0
FBgn0036816|miR124	-0.044	0
FBgn0036819|miR124	-1.099	1
FBgn0036819|miR92a	-1.286	1
FBgn0036820|miR994	-0.652	0
FBgn0036821|miR4	-1.226	1
FBgn0036826|miR124	-0.612	0
FBgn0036842|miR1	-0.216	0
FBgn0036847|miR994	-0.279	0
FBgn0036857|miR1	-0.179	0
FBgn0036857|miR124	-0.362	0
FBgn0036886|miR994	-0.852	0
FBgn0036887|miR263a	-0.302	0
FBgn0036913|miR92a	-0.295	0
FBgn0036958|miR92a	-0.752	1
FBgn0036973|miR263a	-0.455	0
FBgn0036980|miR124	-0.573	1
FBgn0036999|miR4	-0.278	0
FBgn0037000|miR263a	-0.503	1
FBgn0037021|miR4	-0.836	0
FBgn0037022|miR1	-1.674	1
FBgn0037027|miR92a	-0.226	0
FBgn0037057|miR263a	-0.507	1
FBgn0037074|miR92a	-0.37	1
FBgn0037109|miR4	-0.01	0
FBgn0037116|miR1	-0.485	0
FBgn0037120|miR263a	-0.888	1
FBgn0037120|miR92a	-0.589	1
FBgn0037137|miR124	-0.092	0
FBgn0037182|miR1	-0.064	0
FBgn0037188|miR92a	-0.01	0
FBgn0037188|miR994	-0.041	0
FBgn0037207|miR263a	-0.872	1
FBgn0037207|miR4	-1.854	0
FBgn0037218|miR1	-0.728	1
FBgn0037218|miR4	-0.784	1
FBgn0037235|miR124	-1.7	1
FBgn0037240|miR1	-0.554	0
FBgn0037241|miR124	-0.294	0
FBgn0037241|miR92a	-0.65	0
FBgn0037252|miR4	-0.191	0
FBgn0037270|miR1	-0.879	0
FBgn0037279|miR124	-0.679	0
FBgn0037279|miR92a	-0.651	0
FBgn0037293|miR92a	-0.513	0
FBgn0037315|miR1	-0.968	1
FBgn0037327|miR124	-0.13	0
FBgn0037327|miR994	-0.182	0
FBgn0037467|miR92a	-0.45	0
FBgn0037472|miR1	-1.021	1
FBgn0037472|miR92a	-0.355	0
FBgn0037491|miR1	-1.566	0
FBgn0037530|miR4	-0.467	0
FBgn0037549|miR124	-0.758	1
FBgn0037552|miR994	-1.309	0
FBgn0037556|miR263a	-0.326	1
FBgn0037556|miR92a	-0.02	0
FBgn0037556|miR994	-0.04	1
FBgn0037574|miR92a	-0.273	0
FBgn0037613|miR4	-0.703	1
FBgn0037622|miR92a	-0.349	0
FBgn0037647|miR263a	-0.443	0
FBgn0037648|miR4	-0.66	1
FBgn0037659|miR92a	-0.225	0
FBgn0037680|miR1	-1.291	1
FBgn0037680|miR124	-1.237	1
FBgn0037702|miR1	-0.238	0
FBgn0037710|miR4	-0.871	0
FBgn0037739|miR1	-1.535	1
FBgn0037744|miR92a	-1.196	1
FBgn0037757|miR4	-0.104	0
FBgn0037758|miR124	-0.117	0
FBgn0037773|miR1	-0.561	0
FBgn0037807|miR92a	-0.464	0
FBgn0037810|miR263a	-0.316	0
FBgn0037831|miR92a	-0.383	0
FBgn0037843|miR4	-0.56	1
FBgn0037848|miR92a	-0.472	1
FBgn0037856|miR4	-0.349	0
FBgn0037875|miR1	-0.518	0
FBgn0037875|miR92a	-0.295	0
FBgn0037878|miR994	-0.414	0
FBgn0037884|miR92a	-0.294	0
FBgn0037900|miR4	-1.052	1
FBgn0037912|miR92a	-0.405	0
FBgn0037913|miR92a	-0.19	0
FBgn0037917|miR1	-0.461	1
FBgn0037917|miR92a	-0.489	1
FBgn0037926|miR4	-0.464	0
FBgn0037930|miR1	-0.45	0
FBgn0037978|miR994	-0.16	0
FBgn0037989|miR124	-0.14	1
FBgn0037989|miR92a	-0.02	0
FBgn0038053|miR1	-0.287	0
FBgn0038053|miR4	-0.292	0
FBgn0038080|miR994	-1.85	0
FBgn0038206|miR994	-1.202	1
FBgn0038220|miR4	-1.081	1
FBgn0038304|miR92a	-0.148	0
FBgn0038316|miR994	-0.376	1
FBgn0038318|miR994	-0.542	0
FBgn0038320|miR4	-0.235	0
FBgn0038324|miR92a	-0.5	0
FBgn0038326|miR1	-0.477	1
FBgn0038326|miR92a	-0.38	0
FBgn0038332|miR994	-1.244	0
FBgn0038360|miR1	-0.819	0
FBgn0038388|miR92a	-0.742	0
FBgn0038389|miR4	-1.159	1
FBgn0038407|miR1	-0.655	0
FBgn0038420|miR92a	-0.579	1
FBgn0038432|miR124	-0.221	0
FBgn0038432|miR4	-1.12	1
FBgn0038438|miR92a	-1.018	1
FBgn0038460|miR92a	-0.896	1
FBgn0038461|miR92a	-1.083	1
FBgn0038462|miR92a	-1.362	1
FBgn0038463|miR1	-1.262	0
FBgn0038463|miR92a	-0.657	1
FBgn0038467|miR124	-0.573	1
FBgn0038467|miR4	-0.165	0
FBgn0038475|miR1	-0.409	1
FBgn0038504|miR4	-1.185	1
FBgn0038535|miR4	-0.566	1
FBgn0038535|miR92a	-0.374	1
FBgn0038545|miR124	-0.344	0
FBgn0038564|miR1	-0.991	1
FBgn0038564|miR263a	-0.357	0
FBgn0038603|miR4	-0.387	1
FBgn0038608|miR92a	-0.604	1
FBgn0038609|miR994	-1.029	0
FBgn0038662|miR92a	-0.326	1
FBgn0038672|miR1	-0.54	0
FBgn0038682|miR263a	-0.567	1
FBgn0038704|miR92a	-0.287	0
FBgn0038721|miR4	-0.767	1
FBgn0038735|miR4	-0.798	0
FBgn0038741|miR92a	-0.432	0
FBgn0038747|miR994	-1.021	1
FBgn0038763|miR4	-0.477	0
FBgn0038769|miR994	-0.378	0
FBgn0038787|miR92a	-0.404	1
FBgn0038788|miR92a	-0.844	1
FBgn0038829|miR1	-0.447	1
FBgn0038829|miR92a	-0.528	1
FBgn0038830|miR1	-2.037	1
FBgn0038842|miR994	-0.744	0
FBgn0038865|miR4	-0.814	0
FBgn0038877|miR124	-1.433	1
FBgn0038877|miR4	-1.555	1
FBgn0038912|miR4	-1.055	1
FBgn0038928|miR124	-0.553	0
FBgn0038928|miR994	-0.417	0
FBgn0039013|miR4	-0.687	0
FBgn0039013|miR92a	-0.409	0
FBgn0039049|miR124	-0.02	0
FBgn0039113|miR124	-0.82	0
FBgn0039118|miR263a	-2.17	1
FBgn0039118|miR92a	-0.591	0
FBgn0039129|miR124	-0.8	0
FBgn0039130|miR1	-1.552	1
FBgn0039158|miR994	-1.056	0
FBgn0039160|miR994	-1.276	1
FBgn0039186|miR994	-0.225	0
FBgn0039187|miR92a	-0.627	1
FBgn0039207|miR124	-0.085	1
FBgn0039207|miR994	-0.02	0
FBgn0039210|miR92a	-0.524	1
FBgn0039219|miR4	-1.381	1
FBgn0039229|miR4	-0.677	0
FBgn0039240|miR92a	-0.427	0
FBgn0039241|miR1	-0.611	1
FBgn0039241|miR124	-0.54	0
FBgn0039250|miR4	-0.483	0
FBgn0039260|miR4	-0.32	0
FBgn0039269|miR263a	-1.16	0
FBgn0039296|miR994	-0.446	0
FBgn0039360|miR994	-0.431	0
FBgn0039402|miR4	-0.861	0
FBgn0039427|miR4	-0.399	1
FBgn0039427|miR92a	-0.111	0
FBgn0039464|miR1	-0.566	0
FBgn0039464|miR4	-0.517	0
FBgn0039494|miR994	-1.042	0
FBgn0039507|miR1	-0.51	1
FBgn0039507|miR994	-0.864	1
FBgn0039531|miR92a	-0.616	0
FBgn0039537|miR994	-0.979	0
FBgn0039538|miR124	-1.088	1
FBgn0039580|miR92a	-0.664	1
FBgn0039623|miR1	-0.237	1
FBgn0039634|miR92a	-0.106	0
FBgn0039665|miR1	-1.116	0
FBgn0039697|miR4	-1.205	1
FBgn0039730|miR92a	-0.678	1
FBgn0039743|miR994	-1.045	0
FBgn0039751|miR124	-0.378	0
FBgn0039756|miR124	-0.458	0
FBgn0039774|miR4	-0.775	1
FBgn0039776|miR92a	-0.491	1
FBgn0039831|miR4	-0.713	0
FBgn0039831|miR92a	-0.733	1
FBgn0039846|miR994	-0.923	0
FBgn0039859|miR124	-0.68	0
FBgn0039861|miR1	-0.423	1
FBgn0039881|miR4	-1.514	0
FBgn0039904|miR4	-0.365	0
FBgn0039904|miR994	-0.248	0
FBgn0039958|miR92a	-0.219	0
FBgn0040005|miR994	-0.65	0
FBgn0040011|miR4	-1.387	0
FBgn0040099|miR92a	-1.167	0
FBgn0040208|miR4	-0.267	0
FBgn0040208|miR92a	-0.504	0
FBgn0040212|miR1	-0.248	0
FBgn0040236|miR4	-0.121	1
FBgn0040239|miR4	-0.537	1
FBgn0040305|miR124	-0.025	0
FBgn0040305|miR263a	-0.248	0
FBgn0040308|miR1	-0.881	1
FBgn0040319|miR263a	-0.13	0
FBgn0040336|miR1	-0.341	0
FBgn0040344|miR4	-0.01	0
FBgn0040373|miR263a	-0.353	0
FBgn0040375|miR1	-1.151	1
FBgn0040375|miR4	-0.695	0
FBgn0040388|miR4	-0.393	0
FBgn0040395|miR4	-0.248	0
FBgn0040395|miR92a	-0.734	0
FBgn0040477|miR4	-1.397	0
FBgn0040513|miR4	-0.868	0
FBgn0040532|miR92a	-1.591	1
FBgn0040551|miR124	-1.747	0
FBgn0040600|miR1	-1.111	1
FBgn0040602|miR263a	-0.402	0
FBgn0040660|miR4	-0.662	0
FBgn0041171|miR4	-0.058	1
FBgn0041210|miR92a	-0.875	1
FBgn0041582|miR4	-0.331	1
FBgn0042083|miR92a	-0.712	0
FBgn0042111|miR4	-0.483	1
FBgn0042132|miR124	-0.16	0
FBgn0042180|miR1	-0.322	1
FBgn0043010|miR1	-0.683	1
FBgn0043070|miR92a	-0.889	0
FBgn0043362|miR1	-0.095	0
FBgn0043362|miR4	-0.03	0
FBgn0043362|miR92a	-0.947	1
FBgn0043458|miR4	-0.273	0
FBgn0043458|miR994	-0.32	1
FBgn0043796|miR124	-0.469	0
FBgn0043841|miR92a	-0.713	0
FBgn0044826|miR263a	-0.418	1
FBgn0044826|miR92a	-0.524	1
FBgn0045064|miR263a	-0.516	0
FBgn0046247|miR92a	-0.552	1
FBgn0046685|miR4	-0.537	1
FBgn0046704|miR92a	-0.435	1
FBgn0047038|miR4	-2.05	0
FBgn0047135|miR92a	-0.856	1
FBgn0050000|miR124	-1.255	0
FBgn0050051|miR4	-0.835	0
FBgn0050108|miR124	-0.982	0
FBgn0050115|miR263a	-0.565	1
FBgn0050147|miR92a	-0.538	1
FBgn0050345|miR4	-0.747	0
FBgn0050389|miR1	-0.599	1
FBgn0050389|miR994	-0.273	0
FBgn0050394|miR4	-0.93	1
FBgn0050403|miR1	-0.482	0
FBgn0050404|miR263a	-0.616	1
FBgn0050404|miR4	-1.465	1
FBgn0050410|miR994	-1.444	0
FBgn0050421|miR92a	-0.661	0
FBgn0050493|miR994	-0.519	0
FBgn0051122|miR92a	-0.915	1
FBgn0051195|miR1	-0.02	0
FBgn0051195|miR124	-0.367	1
FBgn0051249|miR92a	-0.372	0
FBgn0051342|miR1	-0.362	1
FBgn0051342|miR92a	-0.354	1
FBgn0051360|miR4	-0.692	0
FBgn0051363|miR92a	-0.197	0
FBgn0051363|miR994	-0.055	0
FBgn0051523|miR92a	-0.388	1
FBgn0051619|miR263a	-0.02	0
FBgn0051637|miR92a	-1.271	1
FBgn0051637|miR994	-0.156	0
FBgn0051694|miR4	-0.315	0
FBgn0051717|miR4	-0.643	0
FBgn0051915|miR124	-0.797	1
FBgn0051915|miR92a	-0.544	0
FBgn0051955|miR263a	-1.205	0
FBgn0051975|miR92a	0	0
FBgn0052056|miR4	-0.636	0
FBgn0052076|miR994	-1.769	0
FBgn0052100|miR994	-0.978	1
FBgn0052103|miR994	-0.659	1
FBgn0052221|miR4	-0.83	0
FBgn0052243|miR124	-0.49	0
FBgn0052278|miR92a	-0.384	0
FBgn0052280|miR994	-0.336	0
FBgn0052343|miR4	-0.782	0
FBgn0052368|miR124	-0.613	0
FBgn0052369|miR1	-0.638	1
FBgn0052369|miR263a	-0.178	0
FBgn0052380|miR124	-0.402	1
FBgn0052380|miR994	-0.254	0
FBgn0052452|miR92a	-0.571	0
FBgn0052479|miR4	-0.226	1
FBgn0052479|miR994	-0.122	0
FBgn0052484|miR263a	-0.217	0
FBgn0052521|miR1	-0.26	0
FBgn0052528|miR124	-0.712	1
FBgn0052536|miR1	-0.808	0
FBgn0052576|miR92a	-0.659	0
FBgn0052579|miR92a	-0.716	0
FBgn0052638|miR92a	-0.892	0
FBgn0052676|miR124	-0.357	1
FBgn0052676|miR4	-0.705	1
FBgn0052676|miR92a	-0.097	0
FBgn0052699|miR92a	-0.157	0
FBgn0052702|miR92a	-0.513	0
FBgn0052758|miR263a	-0.238	0
FBgn0052850|miR92a	-0.48	0
FBgn0053062|miR1	-1.158	0
FBgn0053062|miR994	-0.528	0
FBgn0053111|miR1	-0.5	1
FBgn0053111|miR124	-0.715	1
FBgn0053169|miR92a	-0.976	1
FBgn0053172|miR124	-0.307	0
FBgn0053193|miR124	-1.308	1
FBgn0053208|miR92a	-0.192	0
FBgn0053229|miR4	-0.144	0
FBgn0053307|miR4	0	0
FBgn0053307|miR92a	0	0
FBgn0053494|miR124	-0.345	0
FBgn0060296|miR4	-0.669	0
FBgn0061362|miR4	-0.183	0
FBgn0061362|miR994	-1.653	1
FBgn0063498|miR263a	-0.545	0
FBgn0064116|miR4	-0.459	0
FBgn0066114|miR4	-0.255	0
FBgn0067622|miR263a	-0.345	0
FBgn0067628|miR4	-1.168	0
FBgn0067628|miR92a	-0.572	1
FBgn0067864|miR1	-1.16	1
FBgn0067864|miR92a	-0.458	1
FBgn0082582|miR994	-0.796	1
FBgn0083968|miR92a	-0.641	0
FBgn0085227|miR92a	-1.295	1
FBgn0085261|miR994	-0.55	0
FBgn0085290|miR1	-1.826	0
FBgn0085290|miR4	-0.913	0
FBgn0085386|miR92a	-0.264	0
FBgn0085433|miR263a	-0.9	1
FBgn0085442|miR1	0	0
FBgn0085442|miR124	0	0
FBgn0085442|miR4	0	1
FBgn0086253|miR1	-0.559	0
FBgn0086347|miR124	-0.545	1
FBgn0086347|miR263a	-0.232	1
FBgn0086359|miR1	-0.786	1
FBgn0086359|miR92a	-0.02	0
FBgn0086372|miR92a	-0.635	1
FBgn0086384|miR124	-1.128	1
FBgn0086472|miR92a	-1.062	0
FBgn0086613|miR1	-0.377	0
FBgn0086757|miR1	-0.936	1
FBgn0243512|miR92a	-0.121	0
FBgn0243516|miR1	-0.331	0
FBgn0243516|miR92a	-1.103	0
FBgn0250785|miR994	-0.626	0
FBgn0250786|miR4	-0.344	1
FBgn0250837|miR994	-0.509	0
FBgn0250848|miR92a	-0.525	1
FBgn0250851|miR1	-0.747	0
FBgn0250851|miR124	-0.457	0
FBgn0250851|miR92a	-0.597	0
FBgn0250911|miR1	-1.053	1
FBgn0250911|miR4	-0.239	0
FBgn0259152|miR4	-0.452	0
FBgn0259173|miR1	-0.198	0
FBgn0259200|miR92a	-0.324	0
FBgn0259203|miR1	-0.989	0
FBgn0259203|miR994	-0.838	0
FBgn0259224|miR1	-0.411	0
FBgn0259224|miR4	-0.375	1
FBgn0259224|miR92a	-0.328	1
FBgn0259483|miR92a	-0.554	1
FBgn0259704|miR994	-1.081	0
FBgn0259725|miR4	-0.903	0
FBgn0259749|miR92a	-0.578	1
FBgn0259791|miR263a	-0.528	1
FBgn0259791|miR92a	-0.61	1
FBgn0259824|miR92a	-0.785	1
FBgn0259937|miR124	0	0
FBgn0259937|miR4	0	0
FBgn0259937|miR92a	0	0
FBgn0259937|miR994	0	0
FBgn0259978|miR124	-0.456	1
FBgn0260027|miR263a	-0.734	0
FBgn0260462|miR4	-0.447	0
FBgn0260486|miR994	-0.01	0
FBgn0260639|miR263a	-0.818	1
FBgn0260639|miR994	-0.211	0
FBgn0260659|miR124	-0.511	1
FBgn0260659|miR4	-0.459	0
FBgn0260744|miR92a	-0.501	0
FBgn0260759|miR4	-0.192	0
FBgn0260794|miR994	-0.08	0
FBgn0260859|miR1	-0.599	0
FBgn0260862|miR1	-0.468	1
FBgn0260862|miR92a	-0.597	0
FBgn0260935|miR92a	-0.745	0
FBgn0260944|miR4	-1.371	0
FBgn0260960|miR92a	-0.071	0
FBgn0260970|miR994	-0.01	0
FBgn0261004|miR1	-1.145	1
FBgn0261015|miR1	-0.283	1
FBgn0261015|miR124	-0.369	1
FBgn0261015|miR4	-0.314	0
FBgn0261108|miR124	-0.527	1
FBgn0261243|miR4	-0.427	0
FBgn0261244|miR92a	-0.423	1
FBgn0261258|miR4	-0.034	0
FBgn0261258|miR994	-0.532	1
FBgn0261261|miR263a	-0.19	1
FBgn0261266|miR124	-0.574	0
FBgn0261270|miR92a	-0.414	0
FBgn0261274|miR92a	-0.984	1
FBgn0261279|miR994	-0.356	0
FBgn0261286|miR4	-0.663	0
FBgn0261387|miR92a	-0.416	0
FBgn0261445|miR92a	-0.526	1
FBgn0261456|miR4	-0.726	1
FBgn0261461|miR4	-0.415	1
FBgn0261524|miR92a	-0.345	0
FBgn0261556|miR1	-0.497	1
FBgn0261556|miR263a	-0.168	1
FBgn0261556|miR4	-0.589	1
FBgn0261556|miR994	-0.096	0
FBgn0261560|miR92a	-0.519	0
FBgn0261618|miR994	-0.01	0
FBgn0261647|miR263a	-0.063	0
FBgn0261647|miR4	-0.125	0
FBgn0261647|miR994	-0.054	0
FBgn0261671|miR4	-0.231	0
FBgn0261674|miR4	-0.677	0
FBgn0261722|miR1	-0.534	1
FBgn0261722|miR92a	-0.408	1
FBgn0261786|miR92a	-0.51	1
FBgn0261789|miR263a	-0.614	0
FBgn0261800|miR263a	-0.412	1
FBgn0261802|miR92a	-0.114	0
FBgn0261811|miR124	-0.01	0
FBgn0261811|miR92a	-0.214	0
FBgn0261836|miR92a	-0.913	0
FBgn0261859|miR263a	-0.192	0
FBgn0261859|miR4	-0.63	1
FBgn0261983|miR1	-0.5	1
FBgn0261984|miR4	-0.188	0
FBgn0261984|miR92a	-0.286	1
FBgn0261995|miR124	-0.609	0
FBgn0262081|miR4	-0.102	1
FBgn0262081|miR994	-0.086	0
FBgn0262127|miR124	-0.7	1
FBgn0262166|miR1	-0.356	0
FBgn0262614|miR124	-0.125	1
FBgn0262734|miR994	-0.499	0
FBgn0262736|miR1	-0.322	0
FBgn0262736|miR92a	-0.419	0
FBgn0262743|miR1	-0.307	1
FBgn0262743|miR4	-0.01	0
FBgn0262801|miR994	-0.814	0
FBgn0262871|miR92a	-0.199	1
FBgn0262937|miR4	-0.851	1
FBgn0262954|miR4	-0.529	0
FBgn0263102|miR92a	-0.249	1
FBgn0263106|miR1	-0.514	1
FBgn0263110|miR1	-0.01	0
FBgn0263241|miR994	-0.497	0
FBgn0263260|miR92a	-0.745	1
FBgn0263396|miR1	-0.24	1
FBgn0263396|miR92a	-0.483	0
FBgn0263598|miR1	-0.424	1
FBgn0263601|miR1	-0.871	0
FBgn0263667|miR92a	-0.629	0
FBgn0263930|miR263a	-0.461	1
FBgn0263930|miR4	-0.415	1
FBgn0263933|miR4	-0.4	1
FBgn0263998|miR124	-0.301	1
FBgn0263998|miR263a	-0.03	1
FBgn0264075|miR92a	-0.579	1
FBgn0264078|miR92a	-0.255	0
FBgn0264089|miR1	-0.123	1
FBgn0264089|miR263a	-0.094	0
FBgn0264089|miR4	-0.094	1
FBgn0264089|miR994	-0.17	0
FBgn0264302|miR124	-0.863	1
FBgn0264324|miR92a	-0.481	1
FBgn0264560|miR1	-0.299	0
FBgn0264560|miR4	-0.458	1
FBgn0264691|miR994	-0.242	0
FBgn0265003|miR124	-0.234	1
FBgn0265003|miR4	-0.329	0
FBgn0265003|miR994	-0.247	0
FBgn0265042|miR4	-0.897	1
FBgn0265140|miR92a	-0.026	0
FBgn0265192|miR92a	-0.547	1
FBgn0265193|miR263a	-1.161	1
FBgn0265297|miR4	-0.212	0
FBgn0265297|miR994	-0.079	0
FBgn0265778|miR92a	-0.357	0
FBgn0265974|miR92a	-0.468	0
FBgn0265974|miR994	-0.01	0
FBgn0266000|miR994	-0.334	0
FBgn0266084|miR994	-0.093	0
FBgn0266268|miR4	-0.315	0
FBgn0266464|miR1	-1.671	1
FBgn0266465|miR92a	-0.554	1
FBgn0266539|miR92a	-0.282	0
FBgn0266557|miR92a	-0.01	0
FBgn0266572|miR263a	-0.457	1
FBgn0266667|miR4	-1.104	0
FBgn0266669|miR92a	-0.689	1
FBgn0266673|miR1	-0.968	0
FBgn0266674|miR4	-0.441	0
FBgn0266696|miR4	-0.291	0
FBgn0267330|miR92a	-0.477	0
FBgn0267348|miR124	-0.063	1
FBgn0267348|miR263a	-0.296	1
FBgn0267348|miR4	-0.222	1
FBgn0267398|miR4	0	0
FBgn0267488|miR124	-0.065	1
FBgn0267727|miR1	-0.954	0
FBgn0267790|miR994	-0.52	0
FBgn0267792|miR92a	-0.17	0
FBgn0267795|miR1	-0.91	1
FBgn0267795|miR92a	-0.543	1
FBgn0267849|miR4	-0.75	1
FBgn0267849|miR994	-0.427	0
FBgn0267911|miR994	-0.148	0
FBgn0270924|miR994	-0.518	0
FBgn0270927|miR4	-0.739	0
FBgn0283427|miR1	-0.734	1
FBgn0283450|miR994	-1.949	1
FBgn0283461|miR92a	-0.618	0
FBgn0283468|miR92a	-0.321	1
FBgn0283469|miR994	-0.44	1
