FBgn0000024|miR277_medianThresh	-0.122	1
FBgn0000032|miR14_medianThresh	-0.778	1
FBgn0000032|miR277_medianThresh	-1.242	0
FBgn0000043|miR277_medianThresh	-0.872	0
FBgn0000052|miR277_medianThresh	-0.451	0
FBgn0000083|miR277_medianThresh	-1.411	1
FBgn0000108|miR277_medianThresh	-0.025	0
FBgn0000109|miR277_medianThresh	-1.941	1
FBgn0000119|miR277_medianThresh	-0.448	0
FBgn0000163|miR277_medianThresh	-0.286	0
FBgn0000180|miR14_medianThresh	-0.706	1
FBgn0000253|miR14_medianThresh	-1.155	1
FBgn0000257|miR277_medianThresh	-0.231	1
FBgn0000286|miR277_medianThresh	-0.02	1
FBgn0000307|miR14_medianThresh	-0.231	1
FBgn0000384|miR14_medianThresh	-0.248	0
FBgn0000384|miR277_medianThresh	-0.445	0
FBgn0000448|miR14_medianThresh	-0.325	1
FBgn0000464|miR14_medianThresh	-0.208	1
FBgn0000541|miR277_medianThresh	-0.44	0
FBgn0000547|miR34_Day20_medianThresh	-0.157	0
FBgn0000556|miR277_medianThresh	-1.328	1
FBgn0000557|miR277_medianThresh	-0.279	1
FBgn0000567|miR34_Day20_medianThresh	-0.397	1
FBgn0000578|miR277_medianThresh	-0.033	0
FBgn0000633|miR34_Day20_medianThresh	-0.02	0
FBgn0000635|miR277_medianThresh	-0.334	0
FBgn0000659|miR277_medianThresh	-0.417	1
FBgn0000709|miR277_medianThresh	-0.58	1
FBgn0000711|miR277_medianThresh	-0.415	1
FBgn0001084|miR14_medianThresh	-1.39	1
FBgn0001085|miR34_Day20_medianThresh	-0.374	1
FBgn0001092|miR277_medianThresh	-0.479	1
FBgn0001098|miR277_medianThresh	-0.345	0
FBgn0001122|miR277_medianThresh	-0.569	1
FBgn0001123|miR277_medianThresh	-1.363	1
FBgn0001124|miR277_medianThresh	-0.632	1
FBgn0001125|miR277_medianThresh	-1.301	1
FBgn0001138|miR34_Day20_medianThresh	-0.464	1
FBgn0001168|miR14_medianThresh	-1.005	1
FBgn0001169|miR14_medianThresh	-0.533	1
FBgn0001197|miR14_medianThresh	-0.389	0
FBgn0001197|miR277_medianThresh	-0.351	0
FBgn0001218|miR14_medianThresh	-0.535	1
FBgn0001220|miR277_medianThresh	-0.598	1
FBgn0001226|miR277_medianThresh	-0.751	1
FBgn0001250|miR277_medianThresh	-0.736	1
FBgn0001250|miR34_Day20_medianThresh	-0.324	1
FBgn0001280|miR277_medianThresh	-0.509	0
FBgn0001301|miR34_Day20_medianThresh	-0.049	1
FBgn0001316|miR277_medianThresh	-0.01	0
FBgn0001491|miR277_medianThresh	-0.328	0
FBgn0001970|miR14_medianThresh	-0.633	1
FBgn0002031|miR277_medianThresh	-0.667	1
FBgn0002069|miR14_medianThresh	-0.938	1
FBgn0002283|miR277_medianThresh	-0.39	0
FBgn0002413|miR277_medianThresh	-0.543	0
FBgn0002524|miR277_medianThresh	-0.671	1
FBgn0002526|miR277_medianThresh	-0.596	0
FBgn0002526|miR34_Day20_medianThresh	-0.323	0
FBgn0002930|miR277_medianThresh	-1.189	1
FBgn0002932|miR277_medianThresh	-0.424	1
FBgn0002937|miR277_medianThresh	-0.467	0
FBgn0002945|miR14_medianThresh	-0.108	1
FBgn0002973|miR14_medianThresh	-0.249	0
FBgn0003028|miR277_medianThresh	-0.171	1
FBgn0003044|miR34_Day20_medianThresh	-1.455	1
FBgn0003048|miR14_medianThresh	-0.368	1
FBgn0003093|miR277_medianThresh	-0.213	1
FBgn0003124|miR277_medianThresh	-0.582	0
FBgn0003134|miR277_medianThresh	-0.354	0
FBgn0003137|miR277_medianThresh	-0.3	0
FBgn0003206|miR277_medianThresh	-0.427	1
FBgn0003257|miR277_medianThresh	-0.781	1
FBgn0003285|miR14_medianThresh	-0.326	1
FBgn0003285|miR34_Day20_medianThresh	-0.148	0
FBgn0003302|miR14_medianThresh	-1.345	1
FBgn0003308|miR277_medianThresh	-0.332	0
FBgn0003317|miR277_medianThresh	-0.32	0
FBgn0003328|miR277_medianThresh	-0.383	1
FBgn0003416|miR277_medianThresh	-0.383	0
FBgn0003429|miR34_Day20_medianThresh	-0.173	0
FBgn0003444|miR14_medianThresh	-0.264	0
FBgn0003444|miR277_medianThresh	-0.873	1
FBgn0003475|miR277_medianThresh	-0.388	1
FBgn0003514|miR277_medianThresh	-0.494	1
FBgn0003676|miR277_medianThresh	-0.676	1
FBgn0003710|miR34_Day20_medianThresh	-0.138	0
FBgn0003716|miR277_medianThresh	-0.48	1
FBgn0003742|miR277_medianThresh	-0.613	0
FBgn0003867|miR277_medianThresh	-0.672	1
FBgn0003941|miR277_medianThresh	-0.752	0
FBgn0003964|miR277_medianThresh	-0.245	1
FBgn0003984|miR14_medianThresh	-0.372	1
FBgn0003997|miR277_medianThresh	-0.413	0
FBgn0004049|miR277_medianThresh	-0.635	1
FBgn0004107|miR34_Day20_medianThresh	-0.44	0
FBgn0004177|miR277_medianThresh	-1.064	1
FBgn0004198|miR14_medianThresh	-0.02	1
FBgn0004237|miR14_medianThresh	-0.096	1
FBgn0004364|miR34_Day20_medianThresh	-0.03	0
FBgn0004387|miR34_Day20_medianThresh	-0.151	1
FBgn0004397|miR277_medianThresh	-0.491	1
FBgn0004432|miR277_medianThresh	-0.893	1
FBgn0004509|miR277_medianThresh	-1.43	1
FBgn0004552|miR277_medianThresh	-0.665	1
FBgn0004575|miR277_medianThresh	-0.262	0
FBgn0004583|miR277_medianThresh	-0.32	1
FBgn0004606|miR277_medianThresh	-0.327	1
FBgn0004611|miR14_medianThresh	-0.01	0
FBgn0004635|miR14_medianThresh	-0.895	1
FBgn0004656|miR277_medianThresh	-0.196	1
FBgn0004657|miR34_Day20_medianThresh	-0.499	1
FBgn0004797|miR277_medianThresh	-0.735	1
FBgn0004852|miR277_medianThresh	-0.326	1
FBgn0004864|miR277_medianThresh	-0.162	0
FBgn0004868|miR277_medianThresh	-0.689	0
FBgn0004885|miR277_medianThresh	-0.447	0
FBgn0004893|miR277_medianThresh	-0.582	1
FBgn0004901|miR277_medianThresh	-1.002	1
FBgn0005533|miR277_medianThresh	-1.439	0
FBgn0005586|miR277_medianThresh	-0.905	1
FBgn0005617|miR14_medianThresh	-0.307	0
FBgn0005631|miR277_medianThresh	-1.112	1
FBgn0005636|miR277_medianThresh	-0.625	1
FBgn0005666|miR277_medianThresh	-0.297	1
FBgn0005775|miR14_medianThresh	-0.331	1
FBgn0005777|miR277_medianThresh	-0.318	1
FBgn0010105|miR14_medianThresh	-1.063	1
FBgn0010114|miR277_medianThresh	-0.02	0
FBgn0010238|miR277_medianThresh	-0.162	0
FBgn0010300|miR34_Day20_medianThresh	-0.269	0
FBgn0010315|miR14_medianThresh	-0.56	1
FBgn0010350|miR277_medianThresh	-0.217	0
FBgn0010397|miR277_medianThresh	-0.618	1
FBgn0010438|miR277_medianThresh	-0.529	0
FBgn0010516|miR277_medianThresh	-1.66	1
FBgn0010575|miR277_medianThresh	-1.168	1
FBgn0010591|miR277_medianThresh	-0.61	0
FBgn0010622|miR14_medianThresh	-0.753	0
FBgn0010768|miR34_Day20_medianThresh	-0.564	1
FBgn0010772|miR34_Day20_medianThresh	-0.304	0
FBgn0010894|miR14_medianThresh	-1.131	1
FBgn0011259|miR34_Day20_medianThresh	-0.086	0
FBgn0011260|miR277_medianThresh	-0.718	1
FBgn0011300|miR14_medianThresh	-0.718	1
FBgn0011300|miR34_Day20_medianThresh	-0.559	1
FBgn0011481|miR34_Day20_medianThresh	-0.366	1
FBgn0011693|miR277_medianThresh	-0.995	0
FBgn0011705|miR277_medianThresh	-1.3	1
FBgn0011726|miR277_medianThresh	-1.254	1
FBgn0011746|miR277_medianThresh	-0.459	0
FBgn0011747|miR14_medianThresh	-0.01	0
FBgn0011747|miR34_Day20_medianThresh	-0.01	0
FBgn0011770|miR277_medianThresh	-1.309	0
FBgn0011771|miR277_medianThresh	-0.938	1
FBgn0011826|miR277_medianThresh	-0.305	0
FBgn0012051|miR277_medianThresh	-0.437	0
FBgn0013334|miR277_medianThresh	-0.199	1
FBgn0013726|miR277_medianThresh	-0.483	1
FBgn0013756|miR277_medianThresh	-0.422	1
FBgn0013759|miR277_medianThresh	-0.147	0
FBgn0013765|miR14_medianThresh	-0.163	1
FBgn0013765|miR277_medianThresh	-0.536	1
FBgn0013984|miR14_medianThresh	-0.563	1
FBgn0013997|miR277_medianThresh	-0.02	0
FBgn0013997|miR34_Day20_medianThresh	-0.347	1
FBgn0014092|miR277_medianThresh	-1.115	0
FBgn0014133|miR34_Day20_medianThresh	-0.02	0
FBgn0014417|miR34_Day20_medianThresh	-0.722	0
FBgn0014906|miR277_medianThresh	-1.392	1
FBgn0015019|miR277_medianThresh	-0.894	1
FBgn0015239|miR14_medianThresh	-1.323	1
FBgn0015240|miR277_medianThresh	-0.193	0
FBgn0015245|miR277_medianThresh	-0.494	1
FBgn0015324|miR34_Day20_medianThresh	-0.574	1
FBgn0015371|miR277_medianThresh	-0.992	1
FBgn0015400|miR34_Day20_medianThresh	-0.03	0
FBgn0015621|miR34_Day20_medianThresh	-0.669	0
FBgn0015772|miR14_medianThresh	-0.423	1
FBgn0015774|miR277_medianThresh	-1.503	1
FBgn0015774|miR34_Day20_medianThresh	-0.611	0
FBgn0015777|miR34_Day20_medianThresh	-0.337	0
FBgn0015797|miR277_medianThresh	-0.995	1
FBgn0015818|miR277_medianThresh	-1.435	1
FBgn0015838|miR14_medianThresh	-0.02	0
FBgn0015838|miR277_medianThresh	-0.808	1
FBgn0015838|miR34_Day20_medianThresh	-0.053	0
FBgn0016041|miR277_medianThresh	-0.531	1
FBgn0016059|miR14_medianThresh	-0.331	1
FBgn0016070|miR14_medianThresh	-0.389	1
FBgn0016075|miR34_Day20_medianThresh	-0.671	1
FBgn0016917|miR277_medianThresh	-0.055	0
FBgn0016930|miR34_Day20_medianThresh	-0.554	1
FBgn0019968|miR277_medianThresh	-0.225	1
FBgn0019972|miR277_medianThresh	-0.253	0
FBgn0019972|miR34_Day20_medianThresh	-0.186	0
FBgn0020261|miR14_medianThresh	-0.477	1
FBgn0020309|miR277_medianThresh	-0.02	1
FBgn0020392|miR277_medianThresh	-0.55	1
FBgn0020493|miR277_medianThresh	-0.02	1
FBgn0020510|miR14_medianThresh	-0.216	0
FBgn0020510|miR277_medianThresh	-1.269	1
FBgn0020622|miR277_medianThresh	-0.04	1
FBgn0020622|miR34_Day20_medianThresh	-0.304	0
FBgn0020655|miR277_medianThresh	-0.503	1
FBgn0021765|miR277_medianThresh	-1.732	1
FBgn0022349|miR277_medianThresh	-0.182	0
FBgn0022361|miR277_medianThresh	-0.589	1
FBgn0022710|miR277_medianThresh	-0.152	1
FBgn0023076|miR14_medianThresh	-0.427	1
FBgn0023143|miR277_medianThresh	-0.361	0
FBgn0023177|miR34_Day20_medianThresh	-0.379	0
FBgn0023179|miR277_medianThresh	-0.409	1
FBgn0023212|miR277_medianThresh	-0.731	1
FBgn0023441|miR14_medianThresh	-0.02	0
FBgn0023441|miR277_medianThresh	-0.448	0
FBgn0023508|miR277_medianThresh	-0.436	1
FBgn0023520|miR277_medianThresh	-0.253	0
FBgn0023528|miR34_Day20_medianThresh	-0.116	0
FBgn0023534|miR277_medianThresh	-0.552	0
FBgn0023537|miR277_medianThresh	-1.363	1
FBgn0024236|miR277_medianThresh	-0.432	0
FBgn0024273|miR277_medianThresh	-0.316	0
FBgn0024277|miR277_medianThresh	-0.14	1
FBgn0024326|miR277_medianThresh	-0.385	1
FBgn0024330|miR277_medianThresh	-0.573	0
FBgn0024330|miR34_Day20_medianThresh	-0.399	0
FBgn0024365|miR277_medianThresh	-1.474	1
FBgn0024732|miR14_medianThresh	-0.374	1
FBgn0024754|miR277_medianThresh	-0.509	0
FBgn0024836|miR14_medianThresh	-0.431	1
FBgn0024836|miR34_Day20_medianThresh	-0.203	0
FBgn0024889|miR277_medianThresh	-0.403	1
FBgn0024921|miR14_medianThresh	-0.695	1
FBgn0024944|miR14_medianThresh	-0.02	0
FBgn0024957|miR277_medianThresh	-0.835	1
FBgn0024958|miR277_medianThresh	-0.751	0
FBgn0025335|miR277_medianThresh	-0.985	0
FBgn0025373|miR277_medianThresh	-0.48	0
FBgn0025525|miR277_medianThresh	-0.156	1
FBgn0025595|miR277_medianThresh	-1.603	1
FBgn0025624|miR14_medianThresh	-0.224	0
FBgn0025626|miR277_medianThresh	-0.048	0
FBgn0025639|miR14_medianThresh	-0.278	0
FBgn0025678|miR14_medianThresh	-0.909	1
FBgn0025724|miR277_medianThresh	-0.761	0
FBgn0025743|miR277_medianThresh	-0.435	0
FBgn0025802|miR277_medianThresh	-0.069	1
FBgn0025833|miR34_Day20_medianThresh	-0.02	0
FBgn0025865|miR277_medianThresh	-0.927	0
FBgn0025936|miR277_medianThresh	-0.11	0
FBgn0026149|miR34_Day20_medianThresh	-0.241	0
FBgn0026179|miR277_medianThresh	-0.101	0
FBgn0026239|miR277_medianThresh	-0.324	1
FBgn0026263|miR14_medianThresh	-1.161	1
FBgn0026313|miR14_medianThresh	-0.57	1
FBgn0026313|miR277_medianThresh	-0.686	1
FBgn0026404|miR34_Day20_medianThresh	-0.607	0
FBgn0026438|miR14_medianThresh	-0.37	1
FBgn0026439|miR277_medianThresh	-0.309	0
FBgn0026597|miR277_medianThresh	-0.294	1
FBgn0026616|miR14_medianThresh	-0.286	1
FBgn0026873|miR277_medianThresh	-0.42	0
FBgn0027079|miR14_medianThresh	-0.563	0
FBgn0027080|miR277_medianThresh	-0.89	0
FBgn0027085|miR277_medianThresh	-0.367	0
FBgn0027088|miR277_medianThresh	-0.566	0
FBgn0027091|miR277_medianThresh	-0.52	0
FBgn0027094|miR277_medianThresh	-0.447	0
FBgn0027101|miR277_medianThresh	-0.764	0
FBgn0027101|miR34_Day20_medianThresh	-0.764	1
FBgn0027111|miR277_medianThresh	-0.334	0
FBgn0027296|miR277_medianThresh	-0.566	1
FBgn0027335|miR277_medianThresh	-0.138	1
FBgn0027339|miR277_medianThresh	-0.349	1
FBgn0027453|miR277_medianThresh	-0.594	1
FBgn0027497|miR277_medianThresh	-0.197	0
FBgn0027506|miR277_medianThresh	-0.504	1
FBgn0027526|miR277_medianThresh	-1.066	0
FBgn0027532|miR34_Day20_medianThresh	-0.443	0
FBgn0027535|miR277_medianThresh	-0.233	0
FBgn0027556|miR277_medianThresh	-0.372	0
FBgn0027582|miR277_medianThresh	-0.433	1
FBgn0027601|miR277_medianThresh	-0.787	1
FBgn0027786|miR277_medianThresh	-0.67	1
FBgn0027835|miR277_medianThresh	-0.682	1
FBgn0027865|miR277_medianThresh	-0.306	1
FBgn0028372|miR277_medianThresh	-0.374	0
FBgn0028380|miR277_medianThresh	-0.795	0
FBgn0028397|miR277_medianThresh	-0.02	0
FBgn0028406|miR277_medianThresh	-0.887	1
FBgn0028425|miR277_medianThresh	-0.811	0
FBgn0028429|miR277_medianThresh	-0.96	1
FBgn0028476|miR277_medianThresh	-0.234	0
FBgn0028479|miR277_medianThresh	-0.763	1
FBgn0028497|miR277_medianThresh	-0.376	1
FBgn0028550|miR277_medianThresh	-0.367	0
FBgn0028560|miR277_medianThresh	-0.758	0
FBgn0028717|miR277_medianThresh	-0.101	0
FBgn0028894|miR277_medianThresh	-1.347	1
FBgn0028968|miR277_medianThresh	-0.956	1
FBgn0028970|miR277_medianThresh	-1.469	1
FBgn0029082|miR14_medianThresh	-0.336	1
FBgn0029121|miR277_medianThresh	-0.658	0
FBgn0029147|miR277_medianThresh	-0.796	0
FBgn0029152|miR14_medianThresh	-0.477	1
FBgn0029176|miR277_medianThresh	-0.854	1
FBgn0029504|miR277_medianThresh	-0.441	1
FBgn0029506|miR277_medianThresh	-0.569	1
FBgn0029663|miR14_medianThresh	-0.02	1
FBgn0029666|miR277_medianThresh	-0.589	1
FBgn0029687|miR277_medianThresh	-0.923	1
FBgn0029720|miR14_medianThresh	-0.238	1
FBgn0029725|miR277_medianThresh	-1.27	0
FBgn0029746|miR14_medianThresh	-0.512	1
FBgn0029746|miR34_Day20_medianThresh	-0.317	0
FBgn0029763|miR277_medianThresh	-0.417	1
FBgn0029771|miR277_medianThresh	-0.176	0
FBgn0029818|miR277_medianThresh	-0.95	1
FBgn0029819|miR277_medianThresh	-1.233	1
FBgn0029873|miR34_Day20_medianThresh	-0.42	0
FBgn0029881|miR277_medianThresh	-0.287	0
FBgn0029903|miR277_medianThresh	-0.606	1
FBgn0029929|miR277_medianThresh	-0.68	1
FBgn0029941|miR277_medianThresh	-0.812	1
FBgn0029944|miR34_Day20_medianThresh	-0.673	1
FBgn0029969|miR277_medianThresh	-2.168	1
FBgn0029975|miR277_medianThresh	-0.608	0
FBgn0029979|miR277_medianThresh	-1.061	1
FBgn0029990|miR277_medianThresh	-1.051	0
FBgn0030007|miR277_medianThresh	-0.919	0
FBgn0030026|miR277_medianThresh	-0.891	0
FBgn0030037|miR277_medianThresh	-1.001	1
FBgn0030053|miR34_Day20_medianThresh	-0.581	1
FBgn0030099|miR277_medianThresh	-0.941	0
FBgn0030136|miR277_medianThresh	-0.803	0
FBgn0030141|miR277_medianThresh	-0.635	1
FBgn0030151|miR277_medianThresh	-1.126	1
FBgn0030183|miR34_Day20_medianThresh	-1.141	1
FBgn0030245|miR277_medianThresh	-0.908	1
FBgn0030269|miR34_Day20_medianThresh	-0.269	1
FBgn0030294|miR277_medianThresh	-0.742	0
FBgn0030320|miR14_medianThresh	-0.859	1
FBgn0030327|miR277_medianThresh	-0.338	0
FBgn0030329|miR277_medianThresh	-0.545	1
FBgn0030330|miR14_medianThresh	-0.324	1
FBgn0030344|miR277_medianThresh	-0.693	1
FBgn0030345|miR277_medianThresh	-0.464	1
FBgn0030349|miR277_medianThresh	-0.506	1
FBgn0030354|miR14_medianThresh	-0.201	0
FBgn0030354|miR277_medianThresh	-0.095	1
FBgn0030425|miR277_medianThresh	-0.334	0
FBgn0030456|miR277_medianThresh	-0.572	0
FBgn0030480|miR277_medianThresh	-2.262	1
FBgn0030482|miR277_medianThresh	-1.254	1
FBgn0030484|miR277_medianThresh	-0.529	0
FBgn0030505|miR34_Day20_medianThresh	-0.471	1
FBgn0030518|miR277_medianThresh	-1.685	1
FBgn0030520|miR34_Day20_medianThresh	-0.807	0
FBgn0030605|miR34_Day20_medianThresh	-3.367	1
FBgn0030612|miR277_medianThresh	-3.9	1
FBgn0030685|miR277_medianThresh	-0.722	0
FBgn0030688|miR277_medianThresh	-0.666	0
FBgn0030748|miR277_medianThresh	-0.284	0
FBgn0030768|miR14_medianThresh	-0.429	0
FBgn0030788|miR14_medianThresh	-0.431	1
FBgn0030788|miR277_medianThresh	-0.587	1
FBgn0030788|miR34_Day20_medianThresh	-0.608	1
FBgn0030797|miR277_medianThresh	-0.473	0
FBgn0030808|miR277_medianThresh	-1.038	1
FBgn0030846|miR277_medianThresh	-0.485	0
FBgn0030876|miR277_medianThresh	-0.827	0
FBgn0030892|miR14_medianThresh	-0.957	1
FBgn0030892|miR34_Day20_medianThresh	-0.398	0
FBgn0030930|miR277_medianThresh	-0.624	0
FBgn0030943|miR34_Day20_medianThresh	-0.998	0
FBgn0030946|miR277_medianThresh	-1.059	1
FBgn0030991|miR277_medianThresh	-0.504	1
FBgn0031006|miR34_Day20_medianThresh	-0.02	0
FBgn0031048|miR277_medianThresh	-0.484	1
FBgn0031092|miR277_medianThresh	-1.339	0
FBgn0031119|miR34_Day20_medianThresh	-0.337	0
FBgn0031148|miR277_medianThresh	-1.137	1
FBgn0031149|miR277_medianThresh	-1.11	1
FBgn0031150|miR277_medianThresh	-0.318	0
FBgn0031260|miR277_medianThresh	-0.235	0
FBgn0031261|miR277_medianThresh	-0.986	0
FBgn0031265|miR277_medianThresh	-0.419	0
FBgn0031319|miR277_medianThresh	-0.314	0
FBgn0031320|miR277_medianThresh	-0.462	0
FBgn0031374|miR277_medianThresh	-0.152	1
FBgn0031399|miR277_medianThresh	-0.812	1
FBgn0031437|miR277_medianThresh	-0.738	1
FBgn0031461|miR277_medianThresh	-0.483	0
FBgn0031497|miR277_medianThresh	-0.547	0
FBgn0031516|miR277_medianThresh	-0.395	1
FBgn0031530|miR14_medianThresh	-0.41	1
FBgn0031534|miR277_medianThresh	-0.962	1
FBgn0031566|miR277_medianThresh	-0.662	1
FBgn0031629|miR34_Day20_medianThresh	-0.46	0
FBgn0031659|miR277_medianThresh	-1.019	1
FBgn0031681|miR277_medianThresh	-1.313	1
FBgn0031702|miR277_medianThresh	-0.759	0
FBgn0031746|miR277_medianThresh	-1.289	0
FBgn0031776|miR277_medianThresh	-0.777	0
FBgn0031817|miR277_medianThresh	-1.41	1
FBgn0031824|miR277_medianThresh	-1.558	1
FBgn0031909|miR277_medianThresh	-0.994	0
FBgn0031910|miR277_medianThresh	-0.615	0
FBgn0031941|miR277_medianThresh	-1.644	0
FBgn0031992|miR277_medianThresh	-1.193	0
FBgn0032005|miR277_medianThresh	-0.416	0
FBgn0032021|miR34_Day20_medianThresh	-0.496	1
FBgn0032036|miR277_medianThresh	-0.24	0
FBgn0032059|miR277_medianThresh	-0.687	0
FBgn0032078|miR277_medianThresh	-0.253	0
FBgn0032101|miR277_medianThresh	-0.622	0
FBgn0032123|miR34_Day20_medianThresh	-0.02	0
FBgn0032147|miR14_medianThresh	-1.066	1
FBgn0032156|miR277_medianThresh	-0.943	1
FBgn0032162|miR277_medianThresh	-1.557	1
FBgn0032191|miR277_medianThresh	-0.366	1
FBgn0032242|miR277_medianThresh	-0.881	0
FBgn0032248|miR14_medianThresh	-0.778	0
FBgn0032248|miR34_Day20_medianThresh	-0.63	0
FBgn0032341|miR14_medianThresh	-0.02	0
FBgn0032341|miR34_Day20_medianThresh	-0.291	1
FBgn0032350|miR277_medianThresh	-0.593	0
FBgn0032382|miR277_medianThresh	-0.835	1
FBgn0032397|miR277_medianThresh	-0.403	0
FBgn0032398|miR277_medianThresh	-0.529	0
FBgn0032400|miR277_medianThresh	-0.593	0
FBgn0032478|miR277_medianThresh	-0.883	0
FBgn0032520|miR277_medianThresh	-1.49	0
FBgn0032596|miR277_medianThresh	-0.649	0
FBgn0032600|miR277_medianThresh	-1.029	1
FBgn0032632|miR277_medianThresh	-0.945	0
FBgn0032643|miR277_medianThresh	-1.356	1
FBgn0032677|miR277_medianThresh	-0.931	0
FBgn0032702|miR277_medianThresh	-0.44	1
FBgn0032721|miR277_medianThresh	-1.294	1
FBgn0032727|miR277_medianThresh	-0.436	1
FBgn0032746|miR277_medianThresh	-1.392	0
FBgn0032859|miR277_medianThresh	-0.424	0
FBgn0032870|miR14_medianThresh	-0.511	1
FBgn0032870|miR34_Day20_medianThresh	-0.511	1
FBgn0032910|miR277_medianThresh	-0.714	1
FBgn0032916|miR34_Day20_medianThresh	-0.587	0
FBgn0032943|miR14_medianThresh	-0.148	0
FBgn0032943|miR277_medianThresh	-0.444	0
FBgn0032957|miR14_medianThresh	-0.3	1
FBgn0032968|miR277_medianThresh	-0.421	1
FBgn0033021|miR277_medianThresh	-0.788	0
FBgn0033108|miR277_medianThresh	-0.178	1
FBgn0033127|miR14_medianThresh	-0.363	0
FBgn0033128|miR277_medianThresh	-0.779	1
FBgn0033145|miR277_medianThresh	-0.471	0
FBgn0033177|miR277_medianThresh	-0.473	0
FBgn0033178|miR34_Day20_medianThresh	-0.724	1
FBgn0033209|miR277_medianThresh	-0.667	1
FBgn0033214|miR277_medianThresh	-0.384	0
FBgn0033233|miR14_medianThresh	-0.208	0
FBgn0033246|miR277_medianThresh	-0.349	1
FBgn0033266|miR277_medianThresh	-0.384	0
FBgn0033304|miR14_medianThresh	-0.702	0
FBgn0033317|miR277_medianThresh	-0.876	1
FBgn0033387|miR277_medianThresh	-0.111	0
FBgn0033413|miR277_medianThresh	-0.681	1
FBgn0033434|miR277_medianThresh	-0.539	0
FBgn0033465|miR277_medianThresh	-1.016	1
FBgn0033474|miR34_Day20_medianThresh	-0.359	1
FBgn0033476|miR14_medianThresh	-0.389	1
FBgn0033482|miR277_medianThresh	-0.539	0
FBgn0033529|miR277_medianThresh	-0.69	1
FBgn0033569|miR14_medianThresh	-0.914	1
FBgn0033610|miR277_medianThresh	-0.312	0
FBgn0033624|miR277_medianThresh	-0.858	0
FBgn0033679|miR277_medianThresh	-0.623	1
FBgn0033713|miR277_medianThresh	-0.383	1
FBgn0033717|miR277_medianThresh	-1.129	1
FBgn0033735|miR277_medianThresh	-1.181	0
FBgn0033761|miR277_medianThresh	-1.667	1
FBgn0033782|miR14_medianThresh	-1.163	1
FBgn0033784|miR34_Day20_medianThresh	-0.364	0
FBgn0033872|miR34_Day20_medianThresh	-0.685	1
FBgn0033879|miR277_medianThresh	-2.048	1
FBgn0033906|miR277_medianThresh	-0.971	0
FBgn0033913|miR34_Day20_medianThresh	-0.288	1
FBgn0033919|miR277_medianThresh	-0.385	1
FBgn0033925|miR277_medianThresh	-1.035	1
FBgn0033926|miR14_medianThresh	-1.03	1
FBgn0033926|miR34_Day20_medianThresh	-0.02	0
FBgn0033932|miR14_medianThresh	-0.534	1
FBgn0033935|miR34_Day20_medianThresh	-0.781	0
FBgn0033984|miR34_Day20_medianThresh	-0.418	1
FBgn0033987|miR277_medianThresh	-0.123	0
FBgn0033989|miR277_medianThresh	-0.823	1
FBgn0034025|miR277_medianThresh	-0.489	1
FBgn0034032|miR277_medianThresh	-0.457	1
FBgn0034059|miR277_medianThresh	-0.851	0
FBgn0034063|miR34_Day20_medianThresh	-0.631	1
FBgn0034083|miR14_medianThresh	-0.393	1
FBgn0034162|miR277_medianThresh	-1	0
FBgn0034165|miR277_medianThresh	-0.576	0
FBgn0034180|miR277_medianThresh	-0.444	1
FBgn0034181|miR34_Day20_medianThresh	-0.969	1
FBgn0034225|miR277_medianThresh	-0.593	0
FBgn0034230|miR277_medianThresh	-1.249	1
FBgn0034261|miR277_medianThresh	-0.343	0
FBgn0034262|miR277_medianThresh	-0.906	1
FBgn0034269|miR277_medianThresh	-1.166	1
FBgn0034368|miR277_medianThresh	-0.75	0
FBgn0034390|miR277_medianThresh	-1.804	1
FBgn0034401|miR277_medianThresh	-0.855	1
FBgn0034417|miR277_medianThresh	-1.155	0
FBgn0034443|miR277_medianThresh	-0.901	0
FBgn0034455|miR277_medianThresh	-0.994	1
FBgn0034479|miR277_medianThresh	-0.63	0
FBgn0034491|miR277_medianThresh	-0.357	0
FBgn0034521|miR277_medianThresh	-0.26	0
FBgn0034537|miR277_medianThresh	-0.839	0
FBgn0034577|miR34_Day20_medianThresh	-0.109	0
FBgn0034583|miR277_medianThresh	-0.76	0
FBgn0034590|miR14_medianThresh	-0.664	1
FBgn0034606|miR277_medianThresh	-0.085	0
FBgn0034720|miR277_medianThresh	-0.431	0
FBgn0034724|miR34_Day20_medianThresh	-1.027	0
FBgn0034739|miR277_medianThresh	-0.679	0
FBgn0034753|miR277_medianThresh	-1.97	1
FBgn0034763|miR14_medianThresh	-0.739	1
FBgn0034808|miR277_medianThresh	-0.665	1
FBgn0034854|miR277_medianThresh	-0.57	1
FBgn0034894|miR277_medianThresh	-0.403	1
FBgn0034925|miR277_medianThresh	-0.657	1
FBgn0035044|miR277_medianThresh	-1.751	1
FBgn0035049|miR277_medianThresh	-0.456	0
FBgn0035083|miR277_medianThresh	-1.024	1
FBgn0035088|miR277_medianThresh	-0.489	0
FBgn0035103|miR277_medianThresh	-0.661	0
FBgn0035107|miR34_Day20_medianThresh	-1.622	1
FBgn0035137|miR14_medianThresh	-0.32	0
FBgn0035142|miR277_medianThresh	-0.307	1
FBgn0035143|miR277_medianThresh	-0.676	0
FBgn0035155|miR277_medianThresh	-0.718	1
FBgn0035206|miR34_Day20_medianThresh	-0.525	0
FBgn0035246|miR277_medianThresh	-1.02	1
FBgn0035247|miR277_medianThresh	-1.031	0
FBgn0035253|miR277_medianThresh	-0.35	0
FBgn0035265|miR277_medianThresh	-0.586	0
FBgn0035267|miR34_Day20_medianThresh	-0.02	0
FBgn0035298|miR277_medianThresh	-1.41	1
FBgn0035388|miR277_medianThresh	-0.522	1
FBgn0035390|miR277_medianThresh	-0.666	1
FBgn0035400|miR34_Day20_medianThresh	-0.627	1
FBgn0035411|miR277_medianThresh	-0.069	1
FBgn0035421|miR277_medianThresh	-0.72	1
FBgn0035449|miR277_medianThresh	-0.879	0
FBgn0035473|miR277_medianThresh	-0.539	0
FBgn0035483|miR277_medianThresh	-0.539	0
FBgn0035498|miR277_medianThresh	-0.457	1
FBgn0035499|miR277_medianThresh	-0.751	1
FBgn0035622|miR277_medianThresh	-0.389	1
FBgn0035632|miR277_medianThresh	-0.764	1
FBgn0035638|miR277_medianThresh	-0.875	1
FBgn0035720|miR277_medianThresh	-0.517	1
FBgn0035770|miR277_medianThresh	-0.338	0
FBgn0035827|miR277_medianThresh	-0.799	0
FBgn0035879|miR277_medianThresh	-0.381	0
FBgn0035896|miR277_medianThresh	-0.476	0
FBgn0035896|miR34_Day20_medianThresh	-0.315	0
FBgn0035906|miR277_medianThresh	-1.304	0
FBgn0035907|miR277_medianThresh	-0.881	0
FBgn0035909|miR277_medianThresh	-0.16	0
FBgn0035911|miR277_medianThresh	-1.579	1
FBgn0035936|miR277_medianThresh	-0.633	1
FBgn0035987|miR277_medianThresh	-0.585	0
FBgn0036007|miR277_medianThresh	-0.858	1
FBgn0036008|miR34_Day20_medianThresh	-0.464	0
FBgn0036099|miR277_medianThresh	-0.652	1
FBgn0036147|miR34_Day20_medianThresh	-0.555	1
FBgn0036196|miR34_Day20_medianThresh	-0.6	1
FBgn0036199|miR277_medianThresh	-2.396	1
FBgn0036237|miR277_medianThresh	-0.697	1
FBgn0036240|miR277_medianThresh	-0.3	0
FBgn0036288|miR277_medianThresh	-0.702	0
FBgn0036316|miR14_medianThresh	-0.849	1
FBgn0036316|miR277_medianThresh	-0.543	0
FBgn0036369|miR277_medianThresh	-0.779	1
FBgn0036376|miR34_Day20_medianThresh	-0.424	0
FBgn0036402|miR14_medianThresh	-0.866	1
FBgn0036446|miR277_medianThresh	-0.145	0
FBgn0036499|miR277_medianThresh	-0.954	0
FBgn0036512|miR277_medianThresh	-0.564	1
FBgn0036518|miR277_medianThresh	-0.527	1
FBgn0036518|miR34_Day20_medianThresh	-0.194	1
FBgn0036520|miR277_medianThresh	-1.271	0
FBgn0036549|miR277_medianThresh	-1.375	1
FBgn0036553|miR34_Day20_medianThresh	-0.688	0
FBgn0036566|miR277_medianThresh	-0.338	1
FBgn0036579|miR277_medianThresh	-0.38	0
FBgn0036589|miR277_medianThresh	-0.64	1
FBgn0036597|miR277_medianThresh	-0.915	1
FBgn0036697|miR277_medianThresh	-0.274	0
FBgn0036725|miR14_medianThresh	-0.343	1
FBgn0036735|miR277_medianThresh	-0.257	0
FBgn0036752|miR277_medianThresh	-0.956	0
FBgn0036790|miR34_Day20_medianThresh	-0.248	0
FBgn0036801|miR277_medianThresh	-0.04	0
FBgn0036816|miR14_medianThresh	-0.544	1
FBgn0036816|miR277_medianThresh	-0.788	1
FBgn0036824|miR277_medianThresh	-1.717	1
FBgn0036826|miR34_Day20_medianThresh	-1.374	0
FBgn0036843|miR277_medianThresh	-0.607	1
FBgn0036848|miR277_medianThresh	-1.406	0
FBgn0036890|miR277_medianThresh	-1.503	1
FBgn0036909|miR34_Day20_medianThresh	-0.444	0
FBgn0036920|miR277_medianThresh	-0.398	0
FBgn0036921|miR277_medianThresh	-0.898	1
FBgn0036934|miR34_Day20_medianThresh	-0.156	0
FBgn0036967|miR14_medianThresh	-0.362	0
FBgn0036990|miR277_medianThresh	-1.002	0
FBgn0037007|miR277_medianThresh	-0.358	0
FBgn0037012|miR14_medianThresh	-0.539	1
FBgn0037018|miR277_medianThresh	-0.9	0
FBgn0037020|miR277_medianThresh	-0.487	0
FBgn0037057|miR277_medianThresh	-0.574	1
FBgn0037064|miR277_medianThresh	-0.841	0
FBgn0037082|miR277_medianThresh	-0.688	0
FBgn0037087|miR14_medianThresh	-0.762	0
FBgn0037094|miR34_Day20_medianThresh	-0.433	1
FBgn0037110|miR277_medianThresh	-0.63	0
FBgn0037120|miR277_medianThresh	-0.757	1
FBgn0037146|miR277_medianThresh	-0.659	1
FBgn0037182|miR277_medianThresh	-0.301	0
FBgn0037185|miR14_medianThresh	-0.701	1
FBgn0037203|miR277_medianThresh	-0.208	0
FBgn0037218|miR277_medianThresh	-0.451	1
FBgn0037235|miR34_Day20_medianThresh	-0.925	0
FBgn0037239|miR277_medianThresh	-1.608	1
FBgn0037282|miR14_medianThresh	-0.745	1
FBgn0037299|miR34_Day20_medianThresh	-0.543	0
FBgn0037301|miR277_medianThresh	-0.596	0
FBgn0037332|miR34_Day20_medianThresh	-0.543	1
FBgn0037336|miR34_Day20_medianThresh	-0.274	0
FBgn0037354|miR277_medianThresh	-1.485	0
FBgn0037465|miR277_medianThresh	-1.192	1
FBgn0037467|miR277_medianThresh	-0.995	0
FBgn0037468|miR277_medianThresh	-0.691	1
FBgn0037472|miR277_medianThresh	-1.362	1
FBgn0037482|miR277_medianThresh	-1.272	1
FBgn0037513|miR277_medianThresh	-0.897	0
FBgn0037529|miR277_medianThresh	-1.084	0
FBgn0037555|miR277_medianThresh	-0.837	0
FBgn0037556|miR277_medianThresh	-0.233	0
FBgn0037632|miR277_medianThresh	-0.888	0
FBgn0037646|miR277_medianThresh	-0.494	0
FBgn0037647|miR34_Day20_medianThresh	-0.338	0
FBgn0037652|miR277_medianThresh	-0.759	0
FBgn0037687|miR277_medianThresh	-1.526	1
FBgn0037696|miR277_medianThresh	-1.512	0
FBgn0037697|miR277_medianThresh	-0.524	1
FBgn0037705|miR277_medianThresh	-0.02	0
FBgn0037705|miR34_Day20_medianThresh	-0.348	1
FBgn0037709|miR277_medianThresh	-1.637	1
FBgn0037758|miR277_medianThresh	-0.489	1
FBgn0037758|miR34_Day20_medianThresh	-0.053	0
FBgn0037765|miR277_medianThresh	-0.407	0
FBgn0037842|miR277_medianThresh	-0.607	0
FBgn0037846|miR14_medianThresh	-0.475	0
FBgn0037874|miR277_medianThresh	-0.604	0
FBgn0037875|miR277_medianThresh	-0.305	0
FBgn0037913|miR277_medianThresh	-0.551	0
FBgn0037913|miR34_Day20_medianThresh	-0.085	0
FBgn0037956|miR277_medianThresh	-0.895	1
FBgn0037994|miR277_medianThresh	-0.373	0
FBgn0038166|miR277_medianThresh	-1.053	0
FBgn0038195|miR34_Day20_medianThresh	-0.565	1
FBgn0038206|miR277_medianThresh	-0.715	1
FBgn0038237|miR14_medianThresh	-0.259	1
FBgn0038257|miR277_medianThresh	-0.688	0
FBgn0038279|miR14_medianThresh	-0.194	0
FBgn0038282|miR34_Day20_medianThresh	-0.503	0
FBgn0038304|miR277_medianThresh	-0.35	0
FBgn0038320|miR277_medianThresh	-0.371	1
FBgn0038326|miR277_medianThresh	-1.054	1
FBgn0038349|miR277_medianThresh	-1.019	0
FBgn0038355|miR277_medianThresh	0	0
FBgn0038369|miR34_Day20_medianThresh	-1.335	1
FBgn0038432|miR277_medianThresh	-0.779	1
FBgn0038491|miR277_medianThresh	-0.102	0
FBgn0038504|miR277_medianThresh	-0.453	1
FBgn0038535|miR277_medianThresh	-0.994	1
FBgn0038565|miR277_medianThresh	-0.831	0
FBgn0038641|miR277_medianThresh	-0.588	1
FBgn0038659|miR277_medianThresh	-0.378	1
FBgn0038659|miR34_Day20_medianThresh	-0.01	0
FBgn0038662|miR34_Day20_medianThresh	-1.139	1
FBgn0038747|miR277_medianThresh	-0.522	1
FBgn0038755|miR277_medianThresh	-0.538	1
FBgn0038809|miR14_medianThresh	-0.34	1
FBgn0038810|miR277_medianThresh	-0.915	0
FBgn0038829|miR14_medianThresh	-0.514	1
FBgn0038845|miR277_medianThresh	-1.109	0
FBgn0038853|miR277_medianThresh	-0.112	1
FBgn0038870|miR34_Day20_medianThresh	-0.594	1
FBgn0038872|miR277_medianThresh	-0.141	0
FBgn0038924|miR277_medianThresh	-0.634	1
FBgn0038944|miR277_medianThresh	-0.689	1
FBgn0038946|miR277_medianThresh	-0.832	0
FBgn0038957|miR277_medianThresh	-0.886	0
FBgn0038984|miR277_medianThresh	-0.499	0
FBgn0039010|miR277_medianThresh	-0.704	0
FBgn0039043|miR277_medianThresh	-0.722	1
FBgn0039049|miR277_medianThresh	-0.655	0
FBgn0039056|miR277_medianThresh	-0.366	0
FBgn0039084|miR277_medianThresh	-0.464	1
FBgn0039094|miR277_medianThresh	-1.094	0
FBgn0039114|miR277_medianThresh	-0.763	0
FBgn0039137|miR34_Day20_medianThresh	-0.685	1
FBgn0039140|miR277_medianThresh	-0.173	1
FBgn0039151|miR14_medianThresh	-0.737	1
FBgn0039152|miR277_medianThresh	-2.129	1
FBgn0039186|miR277_medianThresh	-0.199	0
FBgn0039189|miR34_Day20_medianThresh	-0.845	0
FBgn0039207|miR277_medianThresh	-0.382	1
FBgn0039223|miR277_medianThresh	-1.218	1
FBgn0039249|miR277_medianThresh	-0.491	1
FBgn0039282|miR34_Day20_medianThresh	-0.095	0
FBgn0039304|miR277_medianThresh	-0.382	0
FBgn0039341|miR14_medianThresh	-0.658	0
FBgn0039371|miR277_medianThresh	-0.784	0
FBgn0039402|miR277_medianThresh	-0.308	0
FBgn0039402|miR34_Day20_medianThresh	-0.557	0
FBgn0039427|miR277_medianThresh	-0.524	1
FBgn0039508|miR277_medianThresh	-0.65	1
FBgn0039532|miR34_Day20_medianThresh	-0.371	0
FBgn0039561|miR34_Day20_medianThresh	-0.02	0
FBgn0039562|miR14_medianThresh	-0.542	1
FBgn0039589|miR277_medianThresh	-0.367	0
FBgn0039590|miR277_medianThresh	-0.034	0
FBgn0039634|miR277_medianThresh	-0.217	0
FBgn0039674|miR277_medianThresh	-0.601	1
FBgn0039697|miR277_medianThresh	-1.884	1
FBgn0039712|miR277_medianThresh	-0.455	1
FBgn0039734|miR34_Day20_medianThresh	-0.577	1
FBgn0039741|miR277_medianThresh	-0.596	1
FBgn0039789|miR277_medianThresh	-0.48	1
FBgn0039827|miR34_Day20_medianThresh	-0.857	1
FBgn0039844|miR14_medianThresh	-0.185	1
FBgn0039844|miR277_medianThresh	-1.037	1
FBgn0039869|miR34_Day20_medianThresh	-0.783	0
FBgn0039877|miR277_medianThresh	-2.497	1
FBgn0039881|miR277_medianThresh	-0.92	0
FBgn0039883|miR277_medianThresh	-0.611	1
FBgn0039908|miR277_medianThresh	-0.072	0
FBgn0039911|miR277_medianThresh	-1.033	0
FBgn0039914|miR277_medianThresh	-0.343	0
FBgn0039928|miR277_medianThresh	-0.216	0
FBgn0039942|miR14_medianThresh	-0.405	1
FBgn0039942|miR277_medianThresh	-0.764	1
FBgn0039993|miR277_medianThresh	-1.047	0
FBgn0040011|miR277_medianThresh	-0.374	0
FBgn0040020|miR277_medianThresh	-0.419	0
FBgn0040064|miR277_medianThresh	-1.561	1
FBgn0040080|miR277_medianThresh	-0.732	1
FBgn0040089|miR277_medianThresh	-0.436	1
FBgn0040230|miR277_medianThresh	-0.47	1
FBgn0040232|miR277_medianThresh	-0.516	0
FBgn0040237|miR277_medianThresh	-1.357	1
FBgn0040271|miR14_medianThresh	-0.285	1
FBgn0040305|miR277_medianThresh	-0.557	1
FBgn0040324|miR34_Day20_medianThresh	-0.02	0
FBgn0040336|miR277_medianThresh	-0.104	0
FBgn0040337|miR34_Day20_medianThresh	-0.531	0
FBgn0040340|miR277_medianThresh	-1.362	1
FBgn0040372|miR34_Day20_medianThresh	-0.427	1
FBgn0040505|miR277_medianThresh	-0.281	0
FBgn0040529|miR277_medianThresh	-0.602	1
FBgn0040660|miR277_medianThresh	-1.12	1
FBgn0040752|miR277_medianThresh	-0.35	1
FBgn0040929|miR34_Day20_medianThresh	-0.616	0
FBgn0041004|miR34_Day20_medianThresh	-0.245	0
FBgn0041100|miR14_medianThresh	-1.189	1
FBgn0041171|miR14_medianThresh	-0.321	1
FBgn0041184|miR14_medianThresh	-0.02	0
FBgn0041605|miR277_medianThresh	-0.329	0
FBgn0041605|miR34_Day20_medianThresh	-0.28	0
FBgn0041702|miR14_medianThresh	-0.374	0
FBgn0041713|miR277_medianThresh	-0.671	0
FBgn0042083|miR277_medianThresh	-2.702	1
FBgn0042092|miR34_Day20_medianThresh	-1.008	0
FBgn0042180|miR14_medianThresh	-0.142	0
FBgn0042206|miR14_medianThresh	-1.016	0
FBgn0042693|miR277_medianThresh	-1.795	1
FBgn0043010|miR277_medianThresh	-0.474	0
FBgn0044823|miR277_medianThresh	-0.432	1
FBgn0044826|miR277_medianThresh	-0.582	1
FBgn0045823|miR277_medianThresh	-0.562	1
FBgn0046685|miR277_medianThresh	-0.299	0
FBgn0047135|miR277_medianThresh	-1.165	1
FBgn0050000|miR277_medianThresh	-1.437	1
FBgn0050011|miR277_medianThresh	-0.483	1
FBgn0050065|miR277_medianThresh	-0.648	0
FBgn0050159|miR277_medianThresh	-0.984	0
FBgn0050376|miR277_medianThresh	-0.776	0
FBgn0050410|miR277_medianThresh	-1.272	1
FBgn0050466|miR14_medianThresh	-0.339	0
FBgn0050497|miR14_medianThresh	-0.095	0
FBgn0051004|miR277_medianThresh	-0.37	0
FBgn0051025|miR277_medianThresh	-0.677	0
FBgn0051075|miR277_medianThresh	-0.957	1
FBgn0051155|miR277_medianThresh	-1.492	1
FBgn0051176|miR14_medianThresh	-0.421	1
FBgn0051184|miR277_medianThresh	-1.808	0
FBgn0051235|miR34_Day20_medianThresh	-0.487	1
FBgn0051347|miR277_medianThresh	-0.416	0
FBgn0051415|miR277_medianThresh	-0.559	0
FBgn0051548|miR277_medianThresh	-1.493	1
FBgn0051549|miR277_medianThresh	-0.586	0
FBgn0051665|miR277_medianThresh	-0.418	0
FBgn0051665|miR34_Day20_medianThresh	-0.133	0
FBgn0051694|miR277_medianThresh	-0.148	0
FBgn0051852|miR14_medianThresh	-0.702	0
FBgn0051861|miR277_medianThresh	-1.009	0
FBgn0051870|miR277_medianThresh	-0.378	0
FBgn0051915|miR34_Day20_medianThresh	-0.417	0
FBgn0052066|miR277_medianThresh	-1.891	1
FBgn0052072|miR277_medianThresh	-1.057	0
FBgn0052076|miR277_medianThresh	-0.648	1
FBgn0052137|miR277_medianThresh	-0.367	1
FBgn0052181|miR277_medianThresh	-0.853	0
FBgn0052190|miR277_medianThresh	-0.702	0
FBgn0052206|miR34_Day20_medianThresh	-0.41	1
FBgn0052243|miR34_Day20_medianThresh	-0.884	0
FBgn0052267|miR277_medianThresh	-1.778	1
FBgn0052350|miR34_Day20_medianThresh	-0.489	0
FBgn0052445|miR277_medianThresh	-0.994	0
FBgn0052479|miR277_medianThresh	-0.744	1
FBgn0052484|miR277_medianThresh	-0.773	1
FBgn0052676|miR277_medianThresh	-0.305	1
FBgn0052683|miR14_medianThresh	-0.02	0
FBgn0052685|miR277_medianThresh	-1.026	1
FBgn0052756|miR277_medianThresh	-0.431	0
FBgn0052843|miR34_Day20_medianThresh	-0.041	0
FBgn0053095|miR277_medianThresh	-0.818	1
FBgn0053120|miR14_medianThresh	-0.59	0
FBgn0053147|miR14_medianThresh	-0.31	1
FBgn0053147|miR277_medianThresh	-0.378	0
FBgn0053147|miR34_Day20_medianThresh	-0.035	1
FBgn0053526|miR14_medianThresh	-0.379	1
FBgn0062440|miR277_medianThresh	-0.595	0
FBgn0066084|miR277_medianThresh	-0.808	1
FBgn0066101|miR14_medianThresh	-0.724	1
FBgn0083068|miR14_medianThresh	-1.322	1
FBgn0083068|miR34_Day20_medianThresh	-0.596	0
FBgn0083962|miR14_medianThresh	-0.384	1
FBgn0085188|miR277_medianThresh	-1.392	1
FBgn0085188|miR34_Day20_medianThresh	-1.656	1
FBgn0085194|miR14_medianThresh	-0.766	0
FBgn0085321|miR277_medianThresh	-1.585	0
FBgn0085405|miR34_Day20_medianThresh	-0.476	0
FBgn0085447|miR277_medianThresh	-1.335	1
FBgn0086346|miR277_medianThresh	-0.474	1
FBgn0086347|miR14_medianThresh	-0.02	0
FBgn0086347|miR277_medianThresh	-0.163	1
FBgn0086358|miR277_medianThresh	-0.64	1
FBgn0086370|miR277_medianThresh	-0.261	0
FBgn0086443|miR277_medianThresh	-0.756	1
FBgn0086532|miR277_medianThresh	-0.489	0
FBgn0086676|miR14_medianThresh	-0.289	1
FBgn0086679|miR277_medianThresh	-0.711	1
FBgn0086683|miR277_medianThresh	-1.487	0
FBgn0086906|miR277_medianThresh	-0.02	0
FBgn0087007|miR277_medianThresh	-0.383	1
FBgn0243486|miR34_Day20_medianThresh	-0.423	1
FBgn0243513|miR14_medianThresh	-0.689	1
FBgn0243516|miR14_medianThresh	-0.38	1
FBgn0250788|miR277_medianThresh	-0.311	1
FBgn0250838|miR277_medianThresh	-0.497	0
FBgn0250843|miR277_medianThresh	-0.915	1
FBgn0250869|miR34_Day20_medianThresh	-0.391	1
FBgn0250876|miR14_medianThresh	-0.365	1
FBgn0250876|miR34_Day20_medianThresh	-0.101	0
FBgn0259176|miR277_medianThresh	-0.206	0
FBgn0259219|miR14_medianThresh	-0.184	0
FBgn0259749|miR14_medianThresh	-0.394	0
FBgn0259823|miR34_Day20_medianThresh	-0.365	0
FBgn0259937|miR277_medianThresh	-0.464	1
FBgn0259937|miR34_Day20_medianThresh	0	0
FBgn0259984|miR277_medianThresh	-0.787	1
FBgn0259984|miR34_Day20_medianThresh	-0.082	0
FBgn0260243|miR277_medianThresh	-0.693	0
FBgn0260400|miR277_medianThresh	-0.359	1
FBgn0260474|miR277_medianThresh	-0.245	0
FBgn0260632|miR14_medianThresh	-0.112	1
FBgn0260795|miR277_medianThresh	-0.051	0
FBgn0260936|miR277_medianThresh	-0.772	1
FBgn0260941|miR277_medianThresh	-0.66	1
FBgn0260941|miR34_Day20_medianThresh	-0.337	1
FBgn0260960|miR277_medianThresh	-0.606	1
FBgn0261243|miR277_medianThresh	-1.144	1
FBgn0261258|miR277_medianThresh	-0.057	0
FBgn0261285|miR277_medianThresh	-0.363	0
FBgn0261445|miR277_medianThresh	-1.292	1
FBgn0261524|miR277_medianThresh	-0.457	1
FBgn0261552|miR277_medianThresh	-0.144	1
FBgn0261560|miR34_Day20_medianThresh	-0.781	1
FBgn0261564|miR34_Day20_medianThresh	-0.365	0
FBgn0261647|miR277_medianThresh	-0.543	1
FBgn0261648|miR14_medianThresh	-0.111	1
FBgn0261686|miR277_medianThresh	-1.676	0
FBgn0261792|miR277_medianThresh	-0.594	0
FBgn0261793|miR14_medianThresh	-0.134	1
FBgn0261793|miR277_medianThresh	-0.224	1
FBgn0261822|miR34_Day20_medianThresh	-0.59	1
FBgn0261885|miR277_medianThresh	-0.02	1
FBgn0261933|miR277_medianThresh	-1.218	0
FBgn0261983|miR277_medianThresh	-0.374	0
FBgn0261989|miR277_medianThresh	-0.583	0
FBgn0262103|miR14_medianThresh	-0.039	1
FBgn0262473|miR34_Day20_medianThresh	-0.03	1
FBgn0262476|miR277_medianThresh	-0.373	1
FBgn0262508|miR277_medianThresh	-0.278	1
FBgn0262699|miR14_medianThresh	-0.525	1
FBgn0262730|miR277_medianThresh	-0.208	0
FBgn0262736|miR34_Day20_medianThresh	-0.02	0
FBgn0262738|miR277_medianThresh	-0.223	1
FBgn0262782|miR277_medianThresh	-1.683	1
FBgn0262801|miR277_medianThresh	-1.618	1
FBgn0262975|miR277_medianThresh	-0.313	1
FBgn0262976|miR14_medianThresh	0	0
FBgn0263102|miR14_medianThresh	-0.354	1
FBgn0263106|miR14_medianThresh	-0.487	1
FBgn0263594|miR277_medianThresh	-0.277	1
FBgn0263993|miR277_medianThresh	-0.025	1
FBgn0263993|miR34_Day20_medianThresh	-0.057	0
FBgn0264006|miR34_Day20_medianThresh	-0.393	1
FBgn0264078|miR277_medianThresh	-0.527	0
FBgn0264389|miR277_medianThresh	-0.964	1
FBgn0264490|miR277_medianThresh	-1.293	0
FBgn0264574|miR34_Day20_medianThresh	-1.193	1
FBgn0264672|miR277_medianThresh	-1.422	1
FBgn0264691|miR34_Day20_medianThresh	-0.46	1
FBgn0264694|miR277_medianThresh	-0.433	0
FBgn0264712|miR277_medianThresh	-0.473	1
FBgn0264750|miR277_medianThresh	-0.866	0
FBgn0264848|miR34_Day20_medianThresh	-0.444	0
FBgn0264894|miR277_medianThresh	-0.883	1
FBgn0264975|miR34_Day20_medianThresh	-0.486	1
FBgn0265003|miR14_medianThresh	-0.091	0
FBgn0265082|miR14_medianThresh	-0.294	1
FBgn0265274|miR14_medianThresh	-0.524	0
FBgn0265297|miR277_medianThresh	-0.381	1
FBgn0265464|miR277_medianThresh	-0.02	0
FBgn0265575|miR277_medianThresh	-1.456	1
FBgn0265605|miR277_medianThresh	-0.954	1
FBgn0265623|miR34_Day20_medianThresh	-0.091	0
FBgn0265959|miR277_medianThresh	-0.045	0
FBgn0266019|miR34_Day20_medianThresh	-0.5	0
FBgn0266084|miR14_medianThresh	-0.416	1
FBgn0266375|miR14_medianThresh	-1.065	1
FBgn0266377|miR34_Day20_medianThresh	-0.463	0
FBgn0266411|miR277_medianThresh	-0.393	1
FBgn0266418|miR14_medianThresh	-0.523	1
FBgn0266449|miR277_medianThresh	-0.396	0
FBgn0266450|miR14_medianThresh	-0.25	1
FBgn0266450|miR277_medianThresh	-0.165	1
FBgn0266580|miR14_medianThresh	-0.208	0
FBgn0266696|miR277_medianThresh	-0.072	1
FBgn0266801|miR34_Day20_medianThresh	-0.35	1
FBgn0267002|miR277_medianThresh	-0.096	1
FBgn0267253|miR277_medianThresh	0	0
FBgn0267348|miR34_Day20_medianThresh	-0.374	1
