FBgn0000032	0.82	320	440	GTTGTTATTCAGTGAAAGATATGGAATACA	AAGACTGT	GAATAGCGATCTTGAAGTTGCATACATATT	7m8
FBgn0000044	-0.38	213	497	TCATCCTTGGTTCGAGAATACTCTTTTGTA	CTGACTGA	ACACAACACCATCAATCAAAATGAATTGTC	6A1
FBgn0000053	-0.28	62	225	TAACAAGCAGGGATGAGTTTATCTTACTCG	AAGACTTT	TTGTCAAATTAGTTATAATTATAATCTTGA	o6
FBgn0000057	0.53	180	214	AAAGTACGAAGCTTATGAAGGATGTTATGA	AAGACTAT	TAAAATAAATGCAGACATGCAAATCG	o6
FBgn0000119	0.19	290	796	ACAATGCTTTGCAGCTACCATACGCAACAA	TAGACTGC	AGATTATTAGCAATTACCTTAGGTATAAAT	6m
FBgn0000139	0.74	85	174	GCACTATACTTTGGAAAGCAGAAATTTGAA	AAGACTAT	CATCATACTATCATACCTAAAACATTTAAA	o6
FBgn0000163	0.06	978	6311	GTTTGTGACCGAACGACTGCTGCTGAGAAC	TCGACTGA	CTGCAACGCTGACTTCCACTCGACTCCACT	6A1
FBgn0000163	0.06	1039	6311	CTCCACTGCTGCCTTGCGATCGTTCCTTCG	ATGACTGA	TTGTCGATAACTTCGATTTCCGACAATCAT	6A1
FBgn0000163	0.06	2699	6311	TCGGCTTTTGTAGTTTTTCTGCTCCAAAAG	CAGACTGG	GTGAAAACTGCCTTCGAACTTCTGCAATAA	6m
FBgn0000163	0.06	5378	6311	AGTAGACGTAGCCATAACTTTACAACTTTA	AAGACTAA	ATCCACGCACACGACAATTTCAACTTTATC	o6
FBgn0000163	0.06	5530	6311	ATAGATATAGCCACAACTTTACAACTTTTA	AAGACTAT	ACCCACGCACACAACAATGTCTTTTTTCTT	o6
FBgn0000163	0.06	5731	6311	GTTTGTGACCGAACGACTGCTGCTGAGAAC	TCGACTGA	CTGCAACGCTGACTTCCACTCGACTCCACT	6A1
FBgn0000163	0.06	5792	6311	CTCCACTGCTGCCTTGCGATCGTTCCTTCG	ATGACTGA	TTGTCGATAACTTCGATTTCCGACAATCAT	6A1
FBgn0000180	1.42	260	757	GGCTAGACTAAACGAGTGATCTAGATGATC	TAGACTGA	AAGACAGGTGCATTTAACTAAGCTACTTCC	7A1
FBgn0000180	1.42	433	757	GGTTATTCATGTTTCTTGTAAATGCAAAAC	TAGACTGA	ACTTACCTAAAGCATTTTGTACGTTATATT	7A1
FBgn0000253	-0.13	51	116	AAGCCTTTCTATTTTTTTAAGATGTTGACG	AAGACTGT	AGCTGTGCGCAATAACATCGCGCCACGCTG	7m8
FBgn0000273	-0.00	1938	3202	CCTCCCTGTTATTATTTATTTCTAAAAGTG	AAGACTTT	TAAATTATGTTGTTGTGAGATGAGAGAAGA	o6
FBgn0000307	0.19	68	767	CCGTGTCCATCTGCCAAGGAGAAGGAGTGC	AAGACTGA	CAAGGATGACGATCTTAAGGAGCGCTCCGA	8m
FBgn0000320	-0.11	173	563	ATTTTGTTTAAACATTTATCATTTAACGCC	AAGACTTT	TTGTATTATATAGTTTTTAAACACCTAATC	o6
FBgn0000352	0.43	449	674	AAGTAACTATCCTCATGAGATTCAACCGTA	AAGACTTG	ACCTGCTACTTAAGATACTCGCAAGACAAA	o6
FBgn0000376	-0.12	588	755	TACATTAAATCAAATCGAAAGGATCGTCAG	AAGACTCG	AAATGTTTGTTGACCATATATAATATATAT	o6
FBgn0000384	0.69	83	400	AACGACCCATGAACAGAATTTTACAATCGT	GAGACTGA	CCCTTGCTGAAGCTATTTGCAATTCAAAGG	7A1
FBgn0000448	0.80	118	2554	CCCCTGCCGGGCAGCAACCAGCGCTGCTCG	AGGACTGA	GGGCCGCAGGATGTGGCAACAATAATTATT	6A1
FBgn0000448	0.80	353	2554	AAATATTTCAAAAATATTGTTAACTCAGTT	AAGACTTT	TGCTTCGTAGAGAACCGAAACCGAAACCGA	o6
FBgn0000448	0.80	1220	2554	TACGCATAATTAACAACTTTTATTGTTTCT	AAGACTTA	AACTTAATTAAAATGGAAACCAAAACAGAC	o6
FBgn0000448	0.80	1253	2554	ACTTAAACTTAATTAAAATGGAAACCAAAA	CAGACTGA	CGGACCGACCCCGACAGCATGCCACGCCCT	7A1
FBgn0000448	0.80	1442	2554	TACATTTGAAAAGAATATACAATTAAATAT	CTGACTGA	CTATACAAAGACGTTACACACACGCATACA	6A1
FBgn0000464	-0.12	299	1399	GTTCTATTTTATTGATAATGTAAACTAAAG	AAGACTGT	TACACGTTTAATTATCAAAACCTTATATAT	7m8
FBgn0000464	-0.12	814	1399	TGATCTCCCCGCAAAAGATGACGAACCTTA	TGGACTGA	TCGATGTCTTGGTAGCTAACAGACAGTTCA	6A1
FBgn0000473	0.33	62	94	TAGGATCCAAAGCTAAAGTGATGTACATTT	TAGACTGT	TCAATTATTAAATAACCTTAACCT	6m
FBgn0000477	1.76	14	89	AATCTGAACTAACT	AAGACTAT	TTGTAAAGTTGCGTCAACAATTAAATAAAC	o6
FBgn0000490	0.31	132	1263	GTCAATGCTTTAAACACAACGCAAACAAAA	TGGACTGA	ATATTTGAATTTTAAGTGTAAATCGTTAGA	6A1
FBgn0000497	-0.20	335	653	GCAATCGCAGTAACGACAACAAAGCCAACA	AAGACTCT	CTGAAATGCGAGGAGCAGCAGGAGCCGGAA	o6
FBgn0000557	-0.04	671	1037	TCCGCGCTCCCAAAAATCCCCCGAACCGAA	AAGACTAC	ATTCGCGATGAATTCAAAATTTCTCTTGAA	o6
FBgn0000568	-0.44	46	283	GTGGTTTTACGCGGAGAAGTGGGAGAGACA	GAGACTGG	GAGTGGCAGTTCAGCGAAGCAGGAAGCAGG	6m
FBgn0000578	0.96	90	409	TAATGGGACGAAGATCAGGATCAGAATCAT	GAGACTGG	AGAGGACAAGGAGCCGGGCGTGTAATTTAA	6m
FBgn0000633	-0.50	52	2656	GTGAAAGTTGAATGAATGATTTCTTAGGGA	GTGACTGA	CGCGTTTACAACACCGAATGTTCTATGTAA	6A1
FBgn0000633	-0.50	574	2656	CCTTTTCGACGAAGAAGAGATCTCGAGAAA	GCGACTGA	TTTTGTTAAATATTTTGAAGATGTTTAGAA	6A1
FBgn0000723	-0.25	220	638	ATTTCGATGTGTACTGTAGTGTGTGTTTGC	CTGACTGA	GCGTATGTTATAAATCCTTAATGTGCCAAA	6A1
FBgn0000810	0.36	256	1489	GAGGCGCCGCCTTTGTCACACGTTGCTTTT	GCGACTGA	GAACTGAGCTTAGAACGATAATGTAGCAAC	6A1
FBgn0000810	0.36	1343	1489	AAAGTAATTTAATTGCAAATAGAGAGTCCT	AAGACTAA	ATAATATATTTAAAAATCTGGCCCTTTGAC	o6
FBgn0001084	1.41	23	238	TACGATATTTCTTTCTAAGCCTA	AAGACTGA	TTTTTGTTACTACTTTTCCATGAAATAATG	8m
FBgn0001089	0.28	154	188	TACGCCTTAATAAATGCTGTTGATCTGTGC	TTGACTGA	CTCTTATCGATCTCCAGCTTATTTTC	6A1
FBgn0001108	-0.17	136	463	TTAGTCCAAAATCCAATAACACAGCTCCTC	AAGACTCC	CTGCTCCTGTGATGTGACCTAAACAAGTTA	o6
FBgn0001168	0.06	59	830	ATAGCCACCCCTATCGAATCTCCCGCTTTT	AAGACTGA	CCCCCCACAACTCATCCAACTCGCACACAT	8m
FBgn0001169	0.45	439	463	CGTTTTTTTCATCAAAACATTTCCTTGAAA	CAGACTGA	ACCTGAATTTTTTTAG	7A1
FBgn0001189	-0.05	44	354	GTAAGATGGCCAGTTGGTCAAACAGACGGC	CAGACTGT	GACACAATCACATGACAGAGCGTATTCTCA	6m
FBgn0001197	-0.03	559	579	GTAGCTTTTCATCCGAAAGATAATAATGAA	TAGACTGA	CCTGACGTTTTT	7A1
FBgn0001218	0.26	73	917	GCATCCATTCGAGATCATAGTGTTGGAATT	CAGACTGA	AAAAAAAAACAATTATAACTTAATTGCAAA	7A1
FBgn0001222	0.16	222	452	ATATATAGACTAACCAGTTCTTGTTGTAGA	AAGACTCG	AAGAATCAGTAAAGATTTAGATTTATTTTG	o6
FBgn0001225	1.03	85	144	AATTTATTGCATTGTATTTGTAATGAGCTA	AAGACTAG	AATACTCATATTAATTTAATAAATCCTTTT	o6
FBgn0001226	-0.11	14	455	AAGACGAAAAGAGG	AAGACTAG	GAGATGAAGAAGACGAGAAGAGGAAGAAGA	o6
FBgn0001226	-0.11	48	455	CTAGGAGATGAAGAAGACGAGAAGAGGAAG	AAGACTAG	AAGAGGAAGAAGTCGTGAAGGAGGAAGAAG	o6
FBgn0001226	-0.11	170	455	GGGAGTGTTGCCGCGCTGCTCGGAGAGAGC	AAGACTAA	AAAGGACACACCACAACACACCCAATGTAT	o6
FBgn0001229	-0.46	47	207	ATTGCAGCCTAAGCAGCCAAGTGATTTCCC	AAGACTCT	CGTTTATCGTTGCACCAAAAAAAAAGTCAA	o6
FBgn0001229	-0.46	159	207	GCTACATTTTAAACAGTCCAATCAAATTTT	AAGACTAA	TCGAAATCCAGTATTAATAAAGGAATATGA	o6
FBgn0001233	0.12	276	407	TAGAATCCAAGTAATTTATGTAAAAAACTA	AAGACTAC	ATACGCGCCCTAGTTGGTAGAGCTATATAA	o6
FBgn0001250	-0.26	523	1276	CTAGGCTAAGTGAGTGAATGAGTCAGTTGA	ATGACTGA	ATGAATGAACACTGATTGAATGTGAGTGAT	6A1
FBgn0001280	0.58	16	241	CTGCAATCAACGAGAG	AAGACTCC	ACATAAGCACACTGACATGAATTTATACCA	o6
FBgn0001970	2.23	37	133	GCTCGGATCGAATAATTCCGATTGCAATAT	TAGACTGA	TAACTGTTTAGGGCAAAGTGTATTATGTTT	7A1
FBgn0001977	0.50	1387	1525	TAAAAAGTACCATTCACCTGCGCAATTATT	ATGACTGA	TTGGATATAGTCTAATATAAGCTATAGTTT	6A1
FBgn0001978	0.04	105	414	TAGATAATGCAAATGGAAGCCTGGATGTGG	AAGACTTA	TTGATTGAACCTAAATGAGGAAAATTTTGT	o6
FBgn0001994	0.12	318	1100	ATCAGCAGCAGCAGCCACAGAAATGTTAAA	GAGACTGT	TACCAAACAGAGGCAGAGGCAAAAGAATGT	6m
FBgn0002031	0.50	104	379	GAAATATGCACTACTCTAAAGCGTTCGCGC	CCGACTGA	CTGGAGAATACTAAGCGAAACAACCAAAAT	6A1
FBgn0002069	0.41	144	263	CCCAATCGTGAGTGTTTTATCCTTCTTCTC	AAGACTAA	CATGCTGCAAAGTTGTTAAACAACGAGAAA	o6
FBgn0002069	0.41	192	263	AGTTGTTAAACAACGAGAAAAATGTACGGG	AAGACTGC	CTAGAGTCAAATTTATTTGGAAACTCGTAA	7m8
FBgn0002567	-0.11	150	570	ATGCTTAGGGTTTTAACGTAACATTTGTCT	AAGACTTA	GTGTCATCCGTATCATCCCGTCCGTCTTTA	o6
FBgn0002576	-0.28	738	765	GACAGTAAAAAACTGAACGATGAAGAAGAG	AAGACTAT	AAATAAAGTTATCGTATTT	o6
FBgn0002772	0.01	767	881	CCACAAAGAAATATCTAGATATTTTCGCCG	CAGACTGC	AATACTTCAGCTGAGACACAAACCACCAAC	6m
FBgn0002772	0.01	818	881	AGACACAAACCACCAACGAGAAGCAGGCGA	AAGACTAA	AATACCGTGTACTAAAATGTCGTTTTCGCT	o6
FBgn0002791	0.18	28	68	GTTTCGGAGATCCAAAACCAAGTTGCAA	ACGACTGA	AGGAATCATGAAATAAATAATGAATTAACG	6A1
FBgn0002932	0.35	993	1070	TAAATATATTTAACTATAAACATAGAACAA	AAGACTTG	TATGTTGTACCAACAGCTTGAATGAAATAT	o6
FBgn0002936	0.32	33	97	CTTTGGAGTATAAGCTTTATTACTGCACAT	AAGACTAA	GAAGCCCCCATACACTCCGAATGGAATGAA	o6
FBgn0002937	-0.25	21	165	ATACGGAACTCCTTATATGGG	AAGACTAC	TTAGCTTAGGAGATAGGGTAAAGCATCTGC	o6
FBgn0002945	0.07	1072	1182	AAAATGCATTTAACTCTTATTTACATAAAA	AAGACTGA	TTTCCAATTAAACAATATATTAATTAATTG	8m
FBgn0002973	-0.19	400	845	AATTAAAGTTCTACGACATGTAATTTTTAA	AAGACTTG	AGTCATACTTCGATCATTCTTCCCATACTA	o6
FBgn0002973	-0.19	457	845	TTCCCATACTAAAAGACCGTTTCCATTGAC	TAGACTGA	TACTGGGGAAGATCCCTTAGTCACTCAACA	7A1
FBgn0003042	0.15	697	1179	TGTAATTGTTTAATATTATATTTCCTCGCG	CCGACTGA	TTTTACAAAAGAAAACCCCAAAAACATATA	6A1
FBgn0003042	0.15	826	1179	TATTTTAACATGTTCTCTTAGCAGTCATTC	AAGACTCA	AGTGCTGCCTTTATGGGTTCAGAGCGGTGC	o6
FBgn0003048	0.18	50	1366	TTTGTTTGCCAAGCAAACACCCCAATGGCA	GGGACTGA	CACCAAGGCGGACATGGACACAACCTTGTA	6A1
FBgn0003048	0.18	865	1366	ATGTAAAGCTCTCACGTTGCCTTAATATAT	TAGACTGA	TTTTTTCTACACACATTTGTAGACGTATGG	7A1
FBgn0003067	0.35	166	271	TATTTAGTCGTTTCTCTAGTTCTTAAGCCG	AAGACTTC	CAAACTATTTATTATATAAGCAGCCATAAG	o6
FBgn0003079	-0.17	318	439	TAACTGCATCATAACTTATATACGTTAGGC	AAGACTAC	TGAAACTAAACTAAACTAAACTAAACTAGC	o6
FBgn0003116	0.65	30	331	GAAGAGATCAGGCCAAACGGAAGCTTAGAC	AAGACTTA	GCTATAATTTTAGCGCAACCGTTATGTTAC	o6
FBgn0003139	0.26	150	664	GCTTGTGGAGAGCAGAGCGGAGTGCAGCCT	TCGACTGA	CTGATCCGTTTCATTTGACCACCCATGAAC	6A1
FBgn0003141	-0.49	57	197	CGAATTTTTTGATTGGACCAATGATCAGCG	AAGACTCA	GCCAACCTCTTAAGCACGCGCGTAGAAAAG	o6
FBgn0003169	0.34	387	692	GTGGTAGTTGCTAATCCGACATTGACTTCA	TTGACTGA	TAACCATATATAGTTCTATATAAATCATAC	6A1
FBgn0003206	0.08	95	938	TATAACACCAAATTTTTTGAAAAACACGCG	TCGACTGA	GCTTTGAATTCCGTTGAGAAGACGATAAAC	6A1
FBgn0003256	0.02	625	839	CAGTTATATCATAATTTAATGTGATTTATC	AAGACTAG	CAGGGTAAACCTTCCTTGGATGTTTAAGTG	o6
FBgn0003277	0.48	386	712	ACCCACTGTATGAAATTGTTTACTAACTGG	AAGACTCT	TGTCACTCTTCTGCAAAGTACTTTCACATT	o6
FBgn0003285	-0.55	78	1983	AACAACAACGATGACCCACTGAGCCACGCT	AAGACTGA	TCTCACAAGGAACCGAGGCCCCGGCGGCTG	8m
FBgn0003301	-0.48	729	2192	CGATATTACTTTAAGGCTATAAATTGCCCA	TAGACTGC	TCCACCACCATTAATTCGAATTTGAAATTG	6m
FBgn0003302	0.73	114	240	TACCCGACAAATTTCCGTAATTATTTGAAC	AAGACTGA	TTGCACCCGCTTTGGTTCCGCTTCCTGGGA	8m
FBgn0003317	0.21	193	648	CAAGACCCTTGGGAGCTTATAGTTATATAG	AAGACTTT	AACATATTTACTTTATGTTTGGATTGACTT	o6
FBgn0003328	1.37	81	783	CCAGTTACCAAATCCTATTTTCACAACGCG	AAGACTAT	CCACTAAATGTGTTCTCGTGCATTTAAGAA	o6
FBgn0003328	1.37	640	783	TTGTAAAGGTAGCTTTACAGGGCGACGTGA	AAGACTTT	ATTAATGTATAAATTGTAAAAACGAAACTA	o6
FBgn0003391	0.20	40	1152	CAGCCGCGGTATGATGACGTAGAAATTGAA	AAGACTTT	TTATATACTAAGAGTTGTACGGATGTTGAT	o6
FBgn0003391	0.20	971	1152	TATTTTTGTAAGTCTTTTCCCGTAGACACT	AAGACTCG	ATTAAGCCGTAAGGGGACATTTTTTACATG	o6
FBgn0003416	-0.47	677	1696	TTTCATAAGTATTATATTACAATCTTCTTA	AAGACTTT	TAACTGAAGAAAATAGACCACTTTCATATG	o6
FBgn0003444	0.04	296	653	ATTTAGATTCTTCTTAATCGATTACTGGAA	CAGACTGA	GCGAAACTAGAACTACGAATTACGAATACT	7A1
FBgn0003464	-0.24	457	478	AATATTAATATGTGTATTGTTTTAAAAATA	AAGACTAC	AAGTTATAAAAGC	o6
FBgn0003475	0.47	74	1217	AGACCGTAGGATGGTTGCAATGGAGTTCTA	ACGACTGA	CTTGGCTCTACATCGCTATACATACTACCA	6A1
FBgn0003651	-0.12	211	695	TGAACTTTTGCCAAAAAATTTGATGAAACA	AAGACTCT	AAGATGAGGGAGGAGAAAAAAAGAATCTTA	o6
FBgn0003656	-0.00	257	598	AATTGTTAACCTATAGGTTTTATAGCAACC	AAGACTTA	GGCTTAGCTTAGCGTATGAAACGATTAACC	o6
FBgn0003742	0.69	85	416	GATTGTGTCAAACGGGCTGTAAAGGAGCAT	ACGACTGA	AATATTGTTTTGGTGAATCCTATCCCATCT	6A1
FBgn0003870	-0.11	793	896	ACAGTTTACTTAACGCAACAAATACGACTT	AAGACTTG	TGCGCTCAATGACTAGAAATTATAGTTGCG	o6
FBgn0003891	0.30	644	787	ACCTAAACAAACAAGAAACATTGCAAATCG	AAGACTTA	AGGAAACTAAAAGGAAACTAATGGAATATG	o6
FBgn0003963	0.29	138	541	GTCGCTGCCCTCCACTTCCAACTCCATTTG	GGGACTGA	CTCCTTCGACTTACCGATCGATAGAAGTAG	6A1
FBgn0003984	-0.60	290	1124	TCCTTCTTCCCGAGCGAAAAGTTCCAGATC	CAGACTGA	CTTTAGCTACGTTTGTTCTTGTGCACGGTG	7A1
FBgn0003997	0.15	324	438	ATCTTAACTGCTCAAAGTAATGAAAACTCT	TAGACTGG	CAAGAGACTCAAATCACACTTATTTTTTTG	6m
FBgn0004049	-0.11	323	738	TAAAGTATTCAACCGCTAACTGTAAGTGTA	TAGACTGG	ATTTTTAACAGAAAATAAAAACGTGATGTT	6m
FBgn0004049	-0.11	490	738	ACAACGAAATTTTAAACTGCAGCCACAAAA	TTGACTGA	AAGTATACAAATCGAAATGAGCTGAATTGA	6A1
FBgn0004102	-0.28	541	2511	ATAGGAAATTCAAGTTCTCATTGATTTCGA	AAGACTCT	TCTTGACTCGTATAAATTCAGAGTGATAGA	o6
FBgn0004168	-0.60	263	1458	TAGATATAGCTAAATTTATAGAGCCAAGTG	GAGACTGT	TTTTAGAAGCAAACAAAAAAAGTTGAATTG	6m
FBgn0004198	-0.44	463	3642	GATTTCGATTTTTCGATTTGTTTCTACTTG	AAGACTGT	AAGCAAAGGCGGTAGGATTGATAACTACAA	7m8
FBgn0004237	0.12	1174	1457	CGCATACTAATGCACTGACTATTTCTTTGC	AAGACTGG	CCGGGCTACGGACGGAAGCTCCCTCCCGGG	7m8
FBgn0004364	0.48	158	890	ACACACCAACACACTCACATCCAAAACAAA	AAGACTTT	TCGTAGGCATTTCTTGAAACACAATATATT	o6
FBgn0004373	0.70	75	133	TAGAAATTGCCAAGCTGGTAACCAACATAA	TGGACTGA	CTCTTTTGTAAAGGAATTATTGTATATTAT	6A1
FBgn0004436	0.42	406	500	CAGCCGCTAGTTGCGCCGGCAGCCAGAAAT	AAGACTCT	TATAAGCTAAAAACTCAAATGTTCTAATTT	o6
FBgn0004567	-0.03	87	632	CATAAGTATTCACTGTACATAGATATAGCC	GCGACTGA	GGCGCTAGACGCTTGTAAATAGTTGAGAAC	6A1
FBgn0004569	0.06	100	913	AGCGGAGGAGCAACAGCTACTATATAGATA	TCGACTGA	GCCAATTGAGTCTCGCCAAGTTACCAACTA	6A1
FBgn0004607	0.10	1096	1184	AGTTACAACATTTTTAAAAGAAAATAATAT	TTGACTGA	AAATTAAAATATAAAAAAATTAAATATACA	6A1
FBgn0004611	-0.14	517	807	AATAAGTATAATTTATTTGTCTATACGAAG	GAGACTGA	GTGCTCCATTTGTCTAATGCTAATTGTGGT	7A1
FBgn0004635	1.40	336	1122	AACGTGTAAACAAATGTTGTGATAGAACCA	AAGACTGA	ATTTATTTCGCGTGTAAAAACCAAGTAAAA	8m
FBgn0004643	0.07	259	295	CTTCCCGCAACGCAACACAATATTTAACTT	AAGACTTA	TTTAAATGAATAAAAACAACTAAATCCC	o6
FBgn0004647	-0.05	565	701	TTGTAAGTGACCATTATATCACTAGGCCAT	AAGACTAC	GCTAAGTTTTTTTTATCGAATTCTACATTA	o6
FBgn0004854	0.07	319	875	AAACATTTTTCCCTCATTCAAAATGCCAGC	AAGACTAC	AAATAAATTAACACTATAAATAAATACAAC	o6
FBgn0004876	0.43	740	923	AATTACATAGACTTACCGACTTGAGGTTTT	AAGACTTA	AAGCCCCCTTTCCCTCGAAAATTGTACAGA	o6
FBgn0004880	-0.27	269	511	TCCAAGAGCAAAGTGTAGTAGAGTAACACA	GAGACTGT	AGAAATTCGCATTAGGCAGCCAAGCAACAA	6m
FBgn0004957	0.39	34	49	CGCAGGATCTTGCCGTCGCCAATACTCACT	ATGACTGA	TCTACAC	6A1
FBgn0005585	0.49	101	123	AAGCAAACGGAAACCACAATTACAATTTGT	AAGACTTA	TAATTTATAAACAT	o6
FBgn0005586	0.08	1222	2475	CCACTTCATCCACACTTTGCTTTCCCCTAC	GAGACTGT	TGCGAACTGAATCCGGATTGCGAGTTACTT	6m
FBgn0005616	-0.38	903	1048	AATAGGCTAAGACATTTTTTTGAATAGGCT	AAGACTTT	TTTTGAGCATGAATTTTTTTGAGCACGTGA	o6
FBgn0005617	0.09	40	262	CCTGGGGGATCTGATACTGGAGCTAAGCAG	AAGACTGT	CGGTTGGGGGAAGTCGTTGCGTTTGACATA	7m8
FBgn0005619	0.04	402	498	AAATTTCCTATTTTAAGCTAACAATCGGTC	AAGACTCA	AAACTCAAAAACTTACCGGCTTACATATGT	o6
FBgn0005640	1.54	730	935	TCAACTTAAAATTATGCACATTTTCAAATT	AAGACTTG	TTTAGTTCTGCTCACAGCTCCTTTTAATTG	o6
FBgn0005648	-0.06	483	788	GAAAATATAAAAAAAAAATCAAAAGAACAC	AAGACTCT	TGGGAAAGAAGTAAATCAACAAAATATATA	o6
FBgn0005658	-0.01	366	1087	CTCAAATTCAAAGCAGACATTTTCCAGGCT	AAGACTTG	AAATAGCTCTAGAATTTTTCAATTGTTGTT	o6
FBgn0005677	-0.29	283	1109	TAGTGACGTTGTATATAGCAGCCGATACGA	AAGACTTT	TTAATGAATTGAAAAAACGATAAGCTGAAT	o6
FBgn0005775	-0.45	722	1211	CCTTAGAGTTTAAGTCTGCTTTTTAGTTGT	AAGACTGT	TTGCTACCCTAAAATTCTCGCCTGAAAAAA	7m8
FBgn0005775	-0.45	980	1211	CAGAAATATGCATAACGATTTTTGTAGCTT	AAGACTGA	ATATATAAAGGTAAATTATGCTAATATATA	8m
FBgn0010039	-0.23	76	84	TTAGTTGCCACAGATATTGAATAAAGTGAG	AAGACTTT		o6
FBgn0010105	-0.41	222	339	AGTTATCTGTTATATATTATTGTATTACGC	AAGACTGA	GTATTATTTATTGTACTATGTATAAAACCG	8m
FBgn0010300	0.45	957	2235	AAAGCAAATGACAAGAAAATGTGGAAAATA	TGGACTGA	CAAGCAAATAATGTATATCATTGAGAGGGT	6A1
FBgn0010309	-0.19	192	353	TATTAATTTTCTGTTCCTATTATTTGTGTA	ACGACTGA	TACACATTCCAAGTCTGTAATTATAAATTA	6A1
FBgn0010315	0.20	254	452	GAAACTTTGAAATGGATGAAACATAAAAAC	GAGACTGA	TTGTAAGCAGCAAAGCAACATTTTTTTTTT	7A1
FBgn0010329	0.12	676	1545	CTTGTTGTTTTGGCCAGCCTTTGAAATTTG	CCGACTGA	CAGCGCCGCCAGGCTAGAACGTTTAATACG	6A1
FBgn0010329	0.12	867	1545	TCAGCGCCAGCTGAAAAATTAAATGGCCAA	CTGACTGA	ATGAAACGGAACGTACTTAAACGGACAAAC	6A1
FBgn0010389	-0.19	344	515	CTAGTATATGCGTAGTTCTAAGTTGAACTT	AAGACTCG	GTTGTATTTGCTGTTGTATTTCATATTGTA	o6
FBgn0010435	0.41	202	475	TCTATGTAGTTTAAAAGAAATGGAGCTGGG	AAGACTTG	TATGTATTTGTATGTGTATCTGTATCTATT	o6
FBgn0010622	0.41	15	249	GCGGATATAGATCCA	AAGACTGC	TGAAAGTATTTTATACGACCCCGTTTCCAA	7m8
FBgn0010894	0.55	531	1218	CCATCCAATCGACCAGATCAGTTCCAAGAG	AAGACTGA	ATGTTTTTCCGAATGAAAACCAGAACCAAG	8m
FBgn0010894	0.55	839	1218	AAAACAAATTATTGTTATAAACATACCTGA	ACGACTGA	CCTGCGACTAACCATAGAGATCATTGAATT	6A1
FBgn0011204	0.45	446	601	ATACGTCATGTTGAAATGAATGCAAGTCGC	GCGACTGA	CATTAGCTTTAAAAACGGATTACGCGGCCG	6A1
FBgn0011300	0.12	512	2337	ACGATAAATACATAACGAAAACAAAACAGT	AAGACTAT	GTCAAGACTGAGCAGCAGTGGAAAGCAGTG	o6
FBgn0011300	0.12	523	2337	ATAACGAAAACAAAACAGTAAGACTATGTC	AAGACTGA	GCAGCAGTGGAAAGCAGTGAGAAAACAACA	8m
FBgn0011300	0.12	1805	2337	CAAGCTAAGTTTAAGCCGAAAGTTGTTCTT	AAGACTAA	CCCCCAATACAACCTCCGAAGTGGGGCACT	o6
FBgn0011300	0.12	1945	2337	AATTTAAACCGAAGAACATAAAATCAACAA	AAGACTTG	AACATGCGCAAAAAACATATAAAAATTAAT	o6
FBgn0011474	-0.85	52	934	CGAAAGGGGTTGCGGTACAGCCTTAAAACG	AAGACTAT	TTACCATGTTCAGGGCAGAGAATCTTTAAA	o6
FBgn0011474	-0.85	732	934	TAAATTGTACGATTACGATTCAATCCCTAT	AAGACTCA	TTATCGATCCACCCGTGATCCAAGCAACCC	o6
FBgn0011476	0.49	42	95	CAAAATCATTAAGAAAACAACCCATAAAAA	CAGACTGT	TTGATGTACATAGTCATAAATAAATCAATA	6m
FBgn0011571	0.02	185	325	ATCCCAACACACACACGGTTATCGCTCGTT	TTGACTGA	ATTATATTATATAATTATGTAATCTAATTT	6A1
FBgn0011589	-0.39	976	1120	TATGTGTATATTTGCTCCCGAAAACCTATA	AAGACTTG	AGCTTCATTCTATCCTTGATGTAAGCATCC	o6
FBgn0011604	-0.19	253	291	ATTCTATTCCAAATAATTGTATTGTGTTCT	AAGACTAT	AATCATTATATTTATATAAATCAACACAGC	o6
FBgn0011638	-0.27	222	288	ACGAGGTGGGCTCTAATTTATTTTACATAG	AAGACTAT	GAATCCAATTGTTTCCCTCAGCAGAAAGCT	o6
FBgn0011701	-0.32	139	852	GGCGTGTGCAGCATTTCCAACTGTGTTTCT	CCGACTGA	AAGTGGGGCTCCAGAAAAGCGGATTCCCAA	6A1
FBgn0011710	0.17	787	850	AAATGTGAAATCTCTTTTATTATGTATATG	AAGACTTT	TTTAACTCAATATAATCCTCTATGAATATA	o6
FBgn0011747	-0.31	684	1059	GCACTGCTACCTAGGAGTTCATCTAGATCG	GAGACTGA	CCTGGAGGGCCCACATCACGTCGGTCAAAT	7A1
FBgn0011818	-0.20	1540	1684	GATTAGTATTACTAAGCATTTAAAACTGGT	AAGACTCG	ATGATCTGAATTGTGTGAATAGCATTTGCC	o6
FBgn0013272	0.04	695	892	GAGAGAAATAATTAATGCATAAACTATGTT	AAGACTTT	TTTATTATCTTTTTTCCAATCGAAGGCAAG	o6
FBgn0013432	0.61	102	303	GAGGCGTCTCCAGATGAAGACACAACTCGA	AAGACTCG	ACCCACACACAACACAACACACCAAACCAC	o6
FBgn0013746	0.04	629	870	CACAATGTCCGGGAGCTGAAAGTGTTATTA	TAGACTGC	CCGATTTAATACTTTTCTTGCATACACAAC	6m
FBgn0013762	0.09	411	604	AAATATTTGAAATCCTAGTTTCTGTTTTCA	AAGACTAA	AAACTAGGCAATACATCTGGTTTCCAAATT	o6
FBgn0013765	0.55	222	758	TATTAGTACGAAATACCCATGCATTTTCTA	AAGACTGT	TGAGGGAATCGAACCCATTGAATGAACTAT	7m8
FBgn0013771	1.17	230	403	AAAGGCTTCTTATTATTGCATAATTATTAC	AAGACTCT	TTTGCAGAAAAAATACTTTCGGCATTTCTT	o6
FBgn0013984	0.28	2596	3143	TTTACATATATTACACACATACACACTAAA	AAGACTGA	AAGATATAGTTCCTTTTGTTTTTATGTACA	8m
FBgn0014133	-0.08	2347	3327	CGGGAATGGCAGCATTATGGGCATCGGCGA	GGGACTGA	TCAAGGAGGGCGACTTGGCGGCAACGGAAG	6A1
FBgn0014189	-0.03	27	134	AGCTCGAAGGTGCATGTTAATCGGAAC	AAGACTAT	GCACTTCGAATAGATACAAACCTAAAACCT	o6
FBgn0014396	-0.22	271	533	CATTATTTGGTTAATGAATGTGAGGCTCTG	CAGACTGT	TTGCCTATGCTAGCCCACTAGATACTCTTA	6m
FBgn0014859	0.05	851	3348	CCTAGACTAAGGTCCTAATAGTTATAGGCT	AAGACTAT	TCTGTTCGATTTATCAATGCACCAAACAGT	o6
FBgn0014859	0.05	1479	3348	CGAAAGACAGATTTTCTATGTGTTAAATTG	AAGACTTC	TATAACTATAACTAAATGCAAGCTAAGAGC	o6
FBgn0015229	0.02	167	1016	TGTGTATGGATTGTACGTTTGTTTTAAACC	AAGACTTG	ACGGTCCAAAAATGTTGTTGCATAACAAAT	o6
FBgn0015239	0.90	36	238	TTGAGAAGAACAGGGCGCAAGCAGATTCGC	TAGACTGC	CCAAAAGCAAGACTGAAGATGGACCAAGTG	6m
FBgn0015239	0.90	52	238	GCAAGCAGATTCGCTAGACTGCCCAAAAGC	AAGACTGA	AGATGGACCAAGTGCGGGCAATACATGTAG	8m
FBgn0015245	-0.03	329	483	CCAACACAACCGGCTGGGTGTGAGCTCGTC	GAGACTGC	AGCGTTCGCTCCGCCACACGCCGTCGCCTC	6m
FBgn0015372	-0.17	59	519	GTGAAAGAACCAATGTGATTTTAACAGAAC	CAGACTGC	AGTTCGAATATGGGCTCAAGGGCCAGCCAG	6m
FBgn0015380	-0.60	557	779	GTGTTTATGTCTAAGAACCGTAGTGCTAGT	AAGACTCG	AAATATTTATCTAATGTTAGTGCACATACG	o6
FBgn0015520	0.26	383	553	TTTGTCTATCATTCAAATTAAATATTGAAT	GCGACTGA	AATTACTGATTATTTGGAGTCGAATATAGA	6A1
FBgn0015772	-0.19	34	400	GACAGTGGGGCGAGACCATCAAGGAGACCT	GAGACTGA	GTGTTTCAAATTATGTTGACATTTCGTTTA	7A1
FBgn0015777	0.63	243	869	CGCGTTATAAAGCATACAAAATATATATTC	AAGACTTG	CAACGCCTATAAACATACAAATTTTGAATT	o6
FBgn0015838	-0.79	872	1327	GCAACTGATGACAAATACATAATATAAGCG	AAGACTGC	CTGAATATGCATTTTATACACACAAATTGC	7m8
FBgn0015919	-0.17	586	1097	GTGTTATAAATCAAGCGAACTTTTTGTCTT	AAGACTAA	CATTTCCTACCTTAAGTGCTTAATCCATGC	o6
FBgn0015949	-0.04	418	681	ATGGATGGATGAATGGATGATTGACAGCAG	CGGACTGA	CAAGATCCTGGAGAAGATTCGCTTTGAAAA	6A1
FBgn0016059	0.41	544	1023	ATTCAATCGAATATTCAACAAGTATTTTGT	TAGACTGA	ATGATTAATTATTCTATATGAGTTTGTTTT	7A1
FBgn0016070	0.27	214	1258	ATTATAAAATGAACTCTGCATCGTGACCAT	GAGACTGA	CTAAGATTACTTTTCGCAACTATAAAAACT	7A1
FBgn0016685	0.12	241	372	CCGCACCCGGAAGCGGGAGCGGATCGGACT	GTGACTGA	TCCGGACACTAATCGAACACACAGATTTGT	6A1
FBgn0016917	-0.01	1030	1068	AGCTTTGTACGTGAACCTTAAGAATTTTAT	AAGACTTA	AGTACACCCCAAATAAATATACAATTCAAT	o6
FBgn0016926	-0.12	33	1080	GCGGAATCCCCGCCCAGTTCCTTCGACAGC	CAGACTGC	AAACACGCCTCCACATCAGCCACACCCCCG	6m
FBgn0016926	-0.12	405	1080	TTTGCGCACATTACCTGTTCTATCCAGGAG	AAGACTTC	TTTCTGCCTAGACTTAAGCCGAGTTTAGGC	o6
FBgn0017429	0.25	29	104	GCGGGGTCCTCTGGTCGTTAGCTATTTGG	TAGACTGT	GCTTTAAAGATTGGACTGTTAAGATCATTT	6m
FBgn0017590	-0.62	352	1630	CCGGAAAATCGTTAATGGAAATTGCAATTG	GAGACTGC	AAATCCGAATTCAAATCCACCATCCACCAT	6m
FBgn0019940	-0.08	58	180	CGTAGGGAACTGACAGCTCTAGATCTACAA	AAGACTCA	ACTATTTTGCAAATGGCACCTCAAGGAAAA	o6
FBgn0020224	0.32	727	1910	ATATCAAATATAGCTATGTACACTTAAATT	AAGACTAT	CTAACTTCTTCCTATTAAGAGCAAACAAAT	o6
FBgn0020251	1.00	886	1315	TCAGACACCGATTCAGCTCTCCTCATCGTA	AAGACTCG	ATCAAATAACTTTTGACAACTCCAAAATAC	o6
FBgn0020257	-0.15	227	1508	GCATGGCGAGCGGGCGGAGTTGGGGCAAAA	GGGACTGA	GACTGACGACGTCGGGGGATAGAGCTGCCA	6A1
FBgn0020261	0.22	175	223	TAGAGTTGCGGATTATGTGAATACTAAAAT	GAGACTGA	CTCGTCTTTATATTTTTTCAATAAACTGGA	7A1
FBgn0020269	-0.51	224	414	AAATGGATTAAATTAGAGGCGACGATGGGG	AAGACTAC	TGACAATATTAAAAAACACAAGAAAGATTT	o6
FBgn0020300	0.50	126	310	TTACCTTGTAAATTAGATCTAAGTACCGAC	TTGACTGA	AGTGACTGTAGAACTGTAACCTCTTGTATC	6A1
FBgn0020510	0.13	119	803	CAAAAAATTTCAATTCAGTTATCGGAGAGT	TAGACTGA	GGACCGCAACAGACTCAGCTGACAATGACG	7A1
FBgn0020620	0.12	329	615	AACTTAATATTCCAAATACTTATAACTCCT	AAGACTCC	AACTATTCCGTTTGAAACTACGTACAACGA	o6
FBgn0020626	-0.05	132	530	CACAACTAACACACCACAGCGGGACACGCT	CCGACTGA	TTTCGGAGCAGCACATACGCATATTGTAGT	6A1
FBgn0020887	-0.34	242	759	TTAACTGATTGATCATGTTGGACATTTGTT	AAGACTTG	TGTCGAATTTGAAATTGACCTCAAAATCGT	o6
FBgn0021764	-0.07	1419	1865	CGATGTATACATGTATATCTAAAAACTTAA	ACGACTGA	TTATATATTTTCCCCTGATTAGTTGTATAC	6A1
FBgn0021764	-0.07	1589	1865	TCCCCAAATCGCAAGCTAATTTCAACTTCA	AAGACTCA	AAGCACAAGTTCATCTAGTTAAGTAAATGT	o6
FBgn0021796	0.32	40	265	CCGGCATAGATCCCGTGCGACAACCGGCAA	TTGACTGA	GCGAGATTACGAACTTACGATTACTACTAC	6A1
FBgn0021800	0.12	95	654	AGGATGGTCAACGGAACGGGGGGCAAATCA	AAGACTTT	TTATACGAACCAACAACCACAGCAGGACGC	o6
FBgn0022153	-0.17	308	372	TGAGAAAAACCTTTGTGTACTAACATGTAA	AAGACTTG	CAATTATTGTATGAAATATACGTATGGTTA	o6
FBgn0022787	-0.23	18	126	ACTACTGCTTCCCACTCT	AAGACTTC	CAGTTTTAGGCTACGTTGATCATTTATATT	o6
FBgn0022943	0.43	21	67	TTATTAGATAAAATGACTGTA	AAGACTAT	AAGCCCCCCAATTAGATATTAAAGCATACC	o6
FBgn0022985	0.25	342	1439	GGTTCGAAGGATCACGAGGGTCTGCGATCT	AAGACTTT	GGAATCCGTGTGTTGGGCCCTGCGAGCATT	o6
FBgn0022987	0.19	503	1982	AGACAAAGCTATGTATAGGGAAAGAAGGAC	CCGACTGA	CGGTCGGTAGAGACAGAATCTATGAGATTA	6A1
FBgn0023076	-0.18	164	243	CGGAAGCCCAGAGCTAGTTGTAGATCTCAA	CAGACTGA	GTATTGTCCCACCCCGCTCCCATTATGCGT	7A1
FBgn0023143	0.10	225	479	GGCAAAATAATACGCATCATACGAAATACA	AAGACTCG	ACTAAAAGCAACACTTAAAATGCATCTGAT	o6
FBgn0023179	-0.21	510	1590	AGGTATAGCAGGTATATTTGAATGCGTAGC	AAGACTAG	GAGGCGGGGAATAGAGATATATAATAAAAC	o6
FBgn0023407	-0.13	163	1848	ACTCGAAAGAAATTGAAGTATTCTCCAATG	AAGACTAA	TTTGTTAATTAACTCATTGAAAACATACCT	o6
FBgn0023441	0.17	1386	2006	TTACAATCCTGCAAATTGCTCGTTAGCTTT	AAGACTGT	CTTAACTCTTGAGAAGTAACTATTTTGAAA	7m8
FBgn0023509	0.12	144	384	GAAATTTAACAAAATAATCCGCATAGCTTT	CTGACTGA	CTATCGTTTTTTTTTTTAAATACCAGGAAA	6A1
FBgn0023512	0.67	227	236	GCATCGTTGAGCTTGTAATTAAAATCCAAA	TCGACTGA	C	6A1
FBgn0023517	0.31	87	195	ACTTTAACTGAGACCTTGAGCACAGATCGC	GAGACTGT	GTAAACCACCATGTACATTTTGCCGCACCG	6m
FBgn0023517	0.31	161	195	ATATCTCTTAAGGAGGAATCATTGAATCTT	CCGACTGA	AATAATAAAGATTTTATAGAATGCCT	6A1
FBgn0023520	-0.87	241	791	AAGTTAACATATGAATCAGAAGTTGAGATA	GTGACTGA	TATACATATTGTTTTACAGACATATCCCTA	6A1
FBgn0023520	-0.87	287	791	TTGTTTTACAGACATATCCCTAATTAATAA	AAGACTTC	AAAAATAATTGTATAGCATTTACAAAGAAT	o6
FBgn0023524	-0.26	299	1337	TATTGACCTCTGTCCACGAGCCTAGAGGAT	AAGACTAG	TTAATAGGTTTGATCTACACTCATGGGGGG	o6
FBgn0024179	0.32	83	1062	AACACATATTCAACGATAGCCATAGAGCAG	AAGACTTG	AATCGCTTCCTGGAAAAGTCTTCTCACAAA	o6
FBgn0024230	0.06	157	471	GTAACTCATCCGTACACTTAAGCGCTACCT	AAGACTTT	AGCATTGAATATCGTTGACATATTACTAAC	o6
FBgn0024732	0.43	572	980	ATTGTGAATGTCATTCGTTAAAGGCCAATT	GAGACTGA	CTGAATTTATGTGTAATAGGTTTTTTCGTG	7A1
FBgn0024836	-0.29	311	1098	CACTATATAATTATGTATTAAAACAAGAGT	CAGACTGA	TTTTATGCATTTTACGTTCTGCTATTATAT	7A1
FBgn0024921	-0.27	719	1875	GGTGCACACAAAATTGTTACAAATCAAACA	AAGACTGA	TGTTCAACTCCGTTCAAAAACCATAGAAAG	8m
FBgn0024921	-0.27	1171	1875	TTTTCCATTAACTGAATACAAAAGCAACCA	TTGACTGA	TCACTTTTTAAAGTATTATTATATAATTTT	6A1
FBgn0024944	-0.29	156	957	ATAGCTACACTGAGGAAGCAATAGAAGGTA	AAGACTGC	TTTTTCCAAAACTAGTTTTGTATTCAAAGT	7m8
FBgn0024985	0.14	115	1652	TTATTCTAACTTGATTAACGACTACCACAT	AAGACTCC	AAACATACCACAGCCCCCACATGTGCACGT	o6
FBgn0024985	0.14	1042	1652	TCCATCGCTATCGTCGATGCGAACGTGCCA	AAGACTAA	TGGTCAGACCCTATGCCCCCATTATTCGCA	o6
FBgn0024986	0.45	70	191	AGGGATGCTATGATTTTACACACGAAACGG	GAGACTGG	AACTGCGATATGAAGCCCAATGCCGAGGCA	6m
FBgn0025109	0.25	355	564	CAGTATTTCACAAAAAAGTAAACTATTTTC	TGGACTGA	CTCCTACATTGCCAGATTAGTTTATAGAAG	6A1
FBgn0025186	0.36	832	872	TCTAGGATTACGCTATGTATGTATGCTTAT	GCGACTGA	ATTTGAATTAAATTTACACTAGATATACAA	6A1
FBgn0025394	-0.13	1015	1747	GAAGATCAACTTTAGGAAATCAATTGAATC	ACGACTGA	ATTTATGTGAACTTGCACTCAAAGAAAATA	6A1
FBgn0025525	0.09	273	1539	GTGTAGGAAGCCGCACAGCTCATATAAAAT	GTGACTGA	TAACGTAAAACACACGTTATATCTTATCAA	6A1
FBgn0025571	-0.47	67	216	AGCTGCTCCAACGATAGTGCTCGACCCTGT	GAGACTGT	CCCTGCAATCAATTATGAACGTAATTTTAA	6m
FBgn0025582	-0.00	28	104	TTGCTGACTTTTTATCCACAATTAAGTT	AAGACTCT	TTGTACCCTTTAAAAACCGATGATTGCGCG	o6
FBgn0025624	0.31	228	382	ATTGCTGTGATATGTGCAAAGTGTTTCCCA	AAGACTGG	GATCGGGTAGTTCGAAGTGACAGAATGCTT	7m8
FBgn0025639	-0.06	137	1159	GGTGCAGAGAAGCAGGAATAACAAGGGATG	GAGACTGA	GAATGGCTGCGCTGCTGGCGTCGTTGCCTT	7A1
FBgn0025678	0.19	20	238	GGCTGTGAGGATCGGAAATC	AAGACTGT	GCGGCCCAAGCTCAAATTTCCACTTATTAA	7m8
FBgn0025741	-0.43	184	406	TATGCAAGACAAGTAATCTAACTAAAAAAA	TCGACTGA	CTTTTATTTAAACTAAAAATGAACTAATTG	6A1
FBgn0025885	-0.00	129	151	ACTGAATCGTTTAAATATAAAAAGGCGTAA	TAGACTGT	TGTCTGTATACCAC	6m
FBgn0026090	0.33	290	348	AACCAGTCTAGCGTCATCAACATGTACATA	AAGACTTT	GTACGATTAAGCCCCAGAAAGTAAACACAA	o6
FBgn0026149	0.61	114	913	CGGACGACGAGAGAGTATCTGCCTCAGCCC	AAGACTTA	AGCACTTCCCTTACACTAGCAGTTTCTTTA	o6
FBgn0026149	0.61	159	913	CCCTTACACTAGCAGTTTCTTTACGGCTGT	CAGACTGT	CCCGCCATAAGCCTCATTTATTTGTCATCA	6m
FBgn0026150	0.60	73	87	CTTTCCCATGCATACACTTACTCTTTTCTC	AAGACTAA	AATATT	o6
FBgn0026179	0.17	725	768	AAACAAAACAATATGTATATGAAAAAGCAA	AAGACTTA	AAAATTTCAATAAATGAAAAGAAATAATAC	o6
FBgn0026189	-0.07	99	172	CCCCCTTTTTCCATATATGTACCCCCTACT	GAGACTGT	ACTTTTAGTTAAAGGCCTATACAAAAAAAT	6m
FBgn0026259	-0.12	79	311	GCTGGAAGGAAGCAGAACCCTATCAAACTA	CAGACTGT	GTGCGCTTGTGGTGAATCCTCTATAGTCCC	6m
FBgn0026263	-0.10	108	312	ATACATCAAAGGCATTTCATAACTTTGTGT	AAGACTGA	AGCAGAACCAATTTAATTTCTAAGCCAATT	8m
FBgn0026313	0.04	350	791	GGTTCATTTTGTCCATCTGTGTACATGAAA	AAGACTGA	ATTTAAAGCCAGTGCGAGTGTATGTGAGCA	8m
FBgn0026438	0.09	179	862	TTAAACAACAAATGATCGGATATATATCGA	GAGACTGT	CTGACGAACCCACCCGCATTGAATTTACTC	6m
FBgn0026438	0.09	729	862	TACTGATACCAAATATCACACATGCATTCG	TAGACTGA	TAGCAGACTTAGTAGCGATAACTAATATGT	7A1
FBgn0026575	-0.49	334	1642	ACTTAAATTACATATATGTACATCATATAT	AAGACTTT	TTTTTTAAATGTTAACCTAGTATGTACCGC	o6
FBgn0026597	0.06	405	605	AGTCCGAAAAGCGTTTCAGTCCCGCAGCCA	GGGACTGA	GATCTTTAGGAACTACTGCACAAAATCACA	6A1
FBgn0026602	0.61	479	627	TCTAATCAAGCCATGCCATGAAATCACCGG	AAGACTCT	TTTTAATGGTTAAATATAGATTCGAGAGCA	o6
FBgn0026616	0.05	667	1181	TTGCGCGATTAGCGTTCGCATCGATTTGTT	TAGACTGA	TTAGCCTAAAACGATTGCAAAATTGGCATG	7A1
FBgn0026869	-0.23	185	395	TTTTAGATCTTATATACAATAAGATAACCA	AAGACTCC	GCCTAATCTAATTATTCTAGCTTTACTTTC	o6
FBgn0027066	0.44	132	802	GAATCCAAGAAGACGTTAAGCAAAAACGAG	AAGACTAA	CAAATGAAGAGTGTTTGATTTCCTAGGCCG	o6
FBgn0027079	0.03	28	115	ACAGGGAACGTGGTAACCGCTAGTCGGG	AAGACTGG	TAATTGATATTTAGTACGCTTGCCTTGCCA	7m8
FBgn0027111	0.22	453	1217	AATAAAGGATAATTCTTAAATACAGCCTCC	TAGACTGC	GTGGCTGTTGGGTCCCCTTCATACACTTAG	6m
FBgn0027339	0.28	382	1581	TCTATTTGTTTTAGCACCCCAACAACTTTT	AAGACTAA	AAATACATCAAATATTTATACACACAAAAA	o6
FBgn0027512	0.16	58	522	TATGAAAATGGTGCCTATCAGAAGAACCAC	AAGACTTT	TGCCGCCTGCGTTTTGGGAGTCTGATCTGG	o6
FBgn0027518	-0.06	62	275	GCCCCCCATTTGAGAGCCTTGTAAATAGAG	AAGACTTA	AGCCCAATAAGTACCTTGCACTAGACACTA	o6
FBgn0027609	0.47	25	200	AAGATCAAAAGCCCTCCAAGGACAA	TGGACTGA	AAGTTGGAAACTACCCCTCTTTACGTTGTA	6A1
FBgn0027660	0.42	46	523	GGAGTAGGAAACGAAGCATTCACATTCAAA	AAGACTTG	TTGCATCCAAAACAAACGTATCTGTATCTG	o6
FBgn0027790	-0.17	62	129	CAAGCAAACATTTAAGCGAACATTACCTTT	AAGACTTG	CCCACAATGTTGTAAATAACTATTAATAAA	o6
FBgn0027865	0.64	573	1508	ACATTTCTCTTACGATTTGTTTCCTCCCAT	AAGACTTT	TGAATCGATTACTTTTTTTTTTTGATGTTG	o6
FBgn0027948	0.18	391	856	ATTGGCTGAGTTGAGATTAAAGTGGCGACT	GTGACTGA	GACCGGGTTCCATTAGACAGCTTGTTAGTT	6A1
FBgn0027950	-0.04	88	121	CGTATTGACCCCTATTCGAAATCTACATTT	AAGACTAG	TGTGTAATAAACCAAATCCAACTCC	o6
FBgn0027951	-0.13	14	1184	GAGCACTCTCTGGT	TTGACTGA	CGGGCTTGCCATGTACATACACCCGCAGCA	6A1
FBgn0028327	-0.05	14	165	GTTCAAATCCGCTC	AAGACTGC	ACATATCCCAAACACCATCGAAAGCGGTAG	7m8
FBgn0028343	-0.09	33	197	GGAATCGGCCCGGAAACAGAAACAGAAACA	GCGACTGA	TTGATGAAAGGCCGACTGCATACTTACCCC	6A1
FBgn0028387	-0.39	421	429	GATAAGAGAAATATACTCGGTTTACGATCA	AAGACTTG		o6
FBgn0028476	0.21	206	1199	TGCATAACTATTCATGAACCGACCAGTGGT	TTGACTGA	GTCCTCCCTTTTCCCATATCCAAAAATCAT	6A1
FBgn0028506	0.29	61	986	TTAGTAGTACTTCAATTTAGTAACGCGAAA	AAGACTTA	AATGCCAGCCAGAAACGAAAACCCATTAGT	o6
FBgn0028509	0.07	407	507	TAACTTTCGACAACCATCAGCAGATTGCAA	AAGACTTC	ACGTAACAAAAAACATACTTATACAACCTA	o6
FBgn0028523	1.77	226	326	GTAAAAGTTTTGAAATAGTTGCTATCATTA	AAGACTAT	AATTTTATGTTTGCTGATTGTAAGACTATA	o6
FBgn0028523	1.77	255	326	AAAGACTATAATTTTATGTTTGCTGATTGT	AAGACTAT	AAAATCGAAAAGTTGGAAATATTACTGTAT	o6
FBgn0028953	0.26	238	1347	AAGGAGCTGACAGGACTGCTTGGAGACCGA	CGGACTGA	AAGCGAGAAAGACAGACGATTGGCCGGACG	6A1
FBgn0028991	-0.15	60	392	AAAGTACCAAAAATTCTATTTAACGAATAC	AAGACTCA	ACACCGAGTTCGCAATGAATACGATAGCTA	o6
FBgn0028992	0.68	24	111	ATGGAACCACTGTAAACCCCTTGA	AAGACTAA	TCCACGGCGTTGCGCCACTACATTTATATC	o6
FBgn0028996	0.06	1530	2549	TACTTAAAACTTTTATATCCTTCTTAACGT	TTGACTGA	GTACGCGGAATATTTATAAGTGATTGTAGT	6A1
FBgn0029067	0.19	1036	1531	AGGATCGGATCAGATCAGGTTAATGAGCCG	CAGACTGG	GACAGATATATATAGGGAGTTTAGAGAGCC	6m
FBgn0029082	-1.89	54	619	CAGAAACTACCCAACCCAGCCAAATCCAGC	TAGACTGA	TTGACATACATCATTCATAATCACCATCGG	7A1
FBgn0029088	-0.01	253	824	CTTGGTAGGATTAGGCAAAGCTATTTTCAA	AAGACTCC	AGGCTATTGCAATATGCTTTTATGCTTTTT	o6
FBgn0029095	0.40	174	317	CGCAGGAGTGTGCAAACCAGAACTAACCTT	AAGACTAA	CCTAAGTGGAGCTCCAGACGGGAGCTGTTG	o6
FBgn0029114	0.44	2117	2671	CACACTCTCTTTAGAAGGATTCACTTGGTT	TAGACTGT	AAAGAGTTAAATGTATATAAGTTAAATGTT	6m
FBgn0029114	0.44	2468	2671	AACACGAATCAAACAAATTGAGAACATAAA	TCGACTGA	TTACATGTGTACTATATATAAATATTCATA	6A1
FBgn0029121	0.43	129	275	CCCATTCGAGCCAATTCCGCGCACAAAAAA	AAGACTTC	CGATGAAAAAGAAAAAAGAAAGTACAGATA	o6
FBgn0029152	0.41	386	863	TCAAAACTGGTGACTGTAAATTATGGCTTT	CAGACTGA	ATTGTAAAGATAAAAATGCATACATTCTTT	7A1
FBgn0029663	-0.25	197	1662	ATATCAAAACACTCCTATATGGTCGTCCCA	AAGACTGT	TTGAAGATAAAACAAAAAAAAAAAAAAACA	7m8
FBgn0029720	-0.32	24	749	TTGCGGTATCACGAATGCCCCCGG	AAGACTGT	TCTGAGCGATTGGGTGGAGTCCACTGGTCA	7m8
FBgn0029746	-0.87	5031	14896	GTCCCCAGCCCCGTATTAGCAACCAATCAA	AAGACTGA	AGATGCAGCCAACAAGCTGAACAACAACGA	8m
FBgn0029746	-0.87	10222	14896	GCATGGCACGTTCCGAGTGCAACATCACAT	CAGACTGC	TACATCGCCTCCGGATCGGCGGACTGCACG	6m
FBgn0029746	-0.87	13688	14896	TGGCTGACAATTTTAAATTTATACAAAACG	AAGACTTT	ACAAAAAGTCTAGTTATGAAATGAAGGAGA	o6
FBgn0029755	0.09	80	281	TTTGTACACTTGAAACACCCATTTCATCCA	AAGACTCA	CCGGGGATTAGTCAACTAGCTGTCATATGC	o6
FBgn0029804	0.38	142	236	TTATTTATGTTGGTTTGGATGTCTGATTTG	GTGACTGA	GAGTGAGTGTGTGTTTTGGGTGGGCTGCTG	6A1
FBgn0029820	0.20	561	602	TTTTGATTGTTTCGATTGATTAGCAGTGTT	TCGACTGA	ATCTTCACGAATATATCTATACCTAGTTTA	6A1
FBgn0029826	-0.50	33	93	TAGTCATCGCATAGGTCCGCCAAATAGTCA	AAGACTAG	ATTATAACCTAATTTAAACTGCAATTAATT	o6
FBgn0029838	1.15	116	298	TTTTTTTTTGAGTGCATAGTGAAGTAATTC	TAGACTGG	TGGGTTTTTCACACAAAAAAGAGCGTAACA	6m
FBgn0029838	1.15	200	298	TGAATCTAAACAATGGCCCATAGCAACTTA	AAGACTTT	ATTTGCTATTATTTTTTCACTGTGCCTTAG	o6
FBgn0029873	-0.07	207	616	CCCATCCTTTCCGCTCCTCACTTCCACAGA	GAGACTGC	CAGTTCCACTTCCAGTTCCAGGCCCCAAAA	6m
FBgn0029887	-0.44	1075	3444	GACGTTTCCCTTGCAATTGTGAGTGGGACA	TTGACTGA	AACAGGTATTTACCAAGCCTTACTCTTATC	6A1
FBgn0029887	-0.44	1428	3444	CCTTGTGAGCCGAAGAACGTCAGAAAGAGA	CGGACTGA	GTGTGAGAGAAAGAGCGAGAGAGAGAGAGA	6A1
FBgn0029887	-0.44	2108	3444	TCCCCCCTCCTCTTCACCAACAGGTAAATT	GCGACTGA	ACCCGACCCCATAAAAATTATGATACTGAT	6A1
FBgn0029896	-0.29	736	1077	AGCGCCGGCGCCGGCTGAAGCAGCAGCAGA	GGGACTGA	GTAACGGTAACGGTAAAGATAAGGGGCTAA	6A1
FBgn0029903	0.56	893	1948	ACCAACAACTAGACAGGAAACAAAAACATA	TAGACTGT	AGCCAAACGAAAAATTTAATATATTGCTGA	6m
FBgn0029903	0.56	1049	1948	AAACAACACAATTCCAAAATGTATAACGAA	AAGACTTG	ATCAGCGGATGGGTCAGTTGCCCAGCTGCC	o6
FBgn0029903	0.56	1390	1948	CAAGAACAAGAACTCGAACTTTTGGCTCGA	ACGACTGA	ACCATAGCGCGTGGCAAATCGAAATTCAAA	6A1
FBgn0029903	0.56	1629	1948	ACTGCATTTAATTAATACAAACGCCATGGA	ACGACTGA	CAGACAAGTATTCGCTAAACATTCTGATCC	6A1
FBgn0029911	0.22	1251	2044	TACACATATATTCGGTGTCGGCAGACATTG	CAGACTGG	TTGTAAACGATGCAGCGGCTATGGAAAACT	6m
FBgn0029935	0.17	370	796	AACGACCCGTTTTGGCCATGTGTTTCTCAA	AAGACTTT	GAACCGTACTCAAAAGGCAAAGGACACGAA	o6
FBgn0029944	0.16	378	1243	TCATACATTTTGAGTATAAGTGAAAAAGAA	GAGACTGC	CGAGTGCCTTACAGTTCTACAAAAAGAAAG	6m
FBgn0029944	0.16	1011	1243	ACTCTTATTTTTTTTTTTTTTGCTCAATCT	TAGACTGT	AAATATACAATAGGTTTCTTAAGTGTTGTT	6m
FBgn0029979	-0.44	2391	5005	CAAGGATCTCTTTTTAAAGCAAACGAACGG	AAGACTCG	AATTCTTCTATATAGACCTATAATTCATAG	o6
FBgn0029979	-0.44	3425	5005	TTGAAAAAATGCAACCAAAAATAAAGACGA	AAGACTAA	AGCCAAAAACAAAATGAATTCAATTGTTTG	o6
FBgn0030034	-0.27	57	1378	CCACCTGGCTGTCTCCACAACAAGTAATTC	TCGACTGA	GATTCGCTGGTTGAAGGTGGAGAGGAGATT	6A1
FBgn0030034	-0.27	360	1378	ATTACGGATAGAAGACGGACGAGTAAGCAT	AAGACTTA	AAGTAGGCGAAAAGAACGACGAATGAGAAA	o6
FBgn0030063	0.01	42	60	CTAGTTAATAAAGCAATTAAGTGTTAGTTG	AAGACTTT	TGACAAAACT	o6
FBgn0030089	0.21	248	1477	TCCAAATCGGCGCACAGCGTTGTTCAGACT	CAGACTGT	TTGTTTTTTTTTTTTTTAGCCGGGTTAGTC	6m
FBgn0030163	1.59	26	70	ACGAAGCTATCACATATTCAATCACA	AAGACTCC	TCAGGCATAGAATACAATAAATGTCGATTA	o6
FBgn0030294	0.10	673	1166	CTTGATAGTATTGTCCGAAACCGACGTTTG	AAGACTAG	AATATAGAATATAGGATAGAACGGATGTAA	o6
FBgn0030317	-0.58	105	237	GGACAACGTCTCGCTGAGATCGCATTGATG	CGGACTGA	TGCAGGCCAGAAAGGTCAGATACGACTGCG	6A1
FBgn0030320	0.58	77	289	ATATAAGCCCTCCCAGTAGCAGAGAATGCC	AAGACTGA	GTCTTCTCGAGAAGCATCACCTCCGAACAC	8m
FBgn0030330	0.71	921	1066	CTGTGGTCTATTATTATTATGCGTTTTCAT	TAGACTGA	ACTAAAGAGTGTAGAATTACTGTCATTTAA	7A1
FBgn0030345	0.17	550	670	TGACCGCTGTCTAATTGTTAATTGTAGTTG	AAGACTTT	ATTGTTTGTATACATATATGCGGCAAGCAT	o6
FBgn0030350	0.13	18	381	TAGCGACATCCGGTTCCC	AAGACTCT	TGGGAGGATGTCGCGCCGACAGAAGGCTGG	o6
FBgn0030354	0.07	274	793	GGCAAGATGTGGAGTTACAAAGTAATAAAG	AAGACTGA	GACGGGAGAGAGATGTCGAAAGATCGAAAT	8m
FBgn0030358	-0.02	87	325	TCGCGTGAACTCGTACATAATCTTAAGTAG	TAGACTGG	AAATGTGTTAGTGAACTAATGGGCATTTTT	6m
FBgn0030425	0.25	75	111	TAAACTAAACTAATCGACGCAGAAATAAAT	TAGACTGT	AGCCAGAAAGTAAATAGAAACAGAACAG	6m
FBgn0030451	0.20	185	2486	CAGTGGCGCAGCAAAAGGGGCAACTAAACA	ATGACTGA	AATTCCCAAAGAACTACGCCATCATTCTAT	6A1
FBgn0030505	-0.12	773	898	CGAATATAATGAATATGCGAGAAATTCCAA	AAGACTTT	TGATTTAAAGAAAATGCAATTATTATTTTG	o6
FBgn0030512	0.53	343	1256	CTGTTTAAAATGCAATCTATAACTGCTATT	AAGACTAC	TATTACAAATTTGTCATATCTAGCAATTGG	o6
FBgn0030680	0.41	1071	1872	CCTGATGGCCACGAAACGCACTGTCCGCGA	ACGACTGA	ATCTGTAATACTACACTTCGAGGCGAGTTA	6A1
FBgn0030706	0.36	626	689	CTTATTTTATACATGTATGTATGTATGTGC	TAGACTGT	TGATTTAAGTCTGTATGCAAAATTGTACAA	6m
FBgn0030723	0.14	179	610	CATATTTTTGTTATAGTGCCTACGGTGTAT	AAGACTTT	AAATTTGTTTGGACAAATATTCTTAAAAAT	o6
FBgn0030753	0.61	82	459	CCAGAAACCGGATTGCAATAGGATGATGAA	CAGACTGG	ACCCCATTAACTGGAAGCCGTTCCAACGAA	6m
FBgn0030766	0.04	1736	2543	TAAGCAACGAATCGAATATGAAATTATCGA	ATGACTGA	GACAAAGGCAGCGAATACTTTATACCAACA	6A1
FBgn0030768	2.33	135	216	TACCCTTTCTAATATTTGTATAATCACTTG	CAGACTGA	ACGGAAACACACATATTAATACAAATTATA	7A1
FBgn0030788	0.53	898	949	ATTACGCATTAAACGATTTATGTTAAAGCC	TAGACTGA	TTTTAGCCATACATATAAGCCTAAATAAAA	7A1
FBgn0030791	-0.19	68	1117	GCGCTCCTATCACCCAGAACTTTATGTTTT	AAGACTCC	AGATGTTTTTTTTTTTATTCACCATTTGCA	o6
FBgn0030890	0.14	566	637	GTCTGTCCACCTGTTGATTGATATACGACA	TAGACTGT	GACCAAATCGAAACTTAAACTAAATTAAAC	6m
FBgn0030891	0.23	40	740	CCTCCTTACTCGCCACTCCTTTCATTTCGC	CAGACTGT	AAATTAGCCACGCTATTCGACACGTACACG	6m
FBgn0030891	0.23	253	740	CTTCCAAACCCGTATTCTTATCTTCGTCAC	CAGACTGT	ACATTAACAAAGATACATTAGCTCATAGAA	6m
FBgn0030892	-0.41	41	283	CCGAGCTCCCACCTTACATTTAGTATACGA	AAGACTGT	GACTGCGTTTGTGATACGGGATCGGGTGGC	7m8
FBgn0030892	-0.41	204	283	AGAGGAAGGCCACTGACGACGTGTTCACCC	AAGACTAA	AAACTTGCACATATTAGAAGATCAGATTTG	o6
FBgn0030894	0.05	675	834	TATCTATTACATATTAGCTCTAGTGACGAT	TAGACTGT	ATTGCAAAATCATAGATTCTTCCCAGCTGC	6m
FBgn0030961	0.20	54	1061	ACGAATGCCAACTTCTTGTGATAATTTTAG	AAGACTTC	GCTATCCAGATCAGATGGATTAAATAGTCA	o6
FBgn0030964	0.14	480	591	AGTCATCCAAAAATAGTTGTCCACAATTTA	AAGACTTT	CAATTATCCGCCGTACTTCATTTGTATGTA	o6
FBgn0030970	0.50	256	674	AATTAACAGTACGCGGAATTGATAACGCCA	AAGACTAT	TTATTGTTTTGTGAAGAAAATTTTGATTTT	o6
FBgn0030990	-0.02	94	285	TGTAATTGAATTTTTTTATACTTTGCATTA	AAGACTCT	CTGGCATAGCATTTTGGACCTTGCCAATCC	o6
FBgn0031011	0.20	135	207	ACTTAAGAGGTTCCTGCACAATGGAAGGAT	AAGACTAC	GTTTGATCCTCGAGTGTGGAGGCCTAATAC	o6
FBgn0031051	-0.07	177	986	ACCACGGCCACCTCAGCTGCCAAACTAGCG	ACGACTGA	ACTGAATGTAACTGTAAATTAGCTTAGACG	6A1
FBgn0031065	-0.44	1627	2073	CCGTCCGCAATTGTTGATTTATTACTATCG	AAGACTAT	AGACTTTATATTTCCGAATTTTGTTCTCAA	o6
FBgn0031081	0.16	121	1019	GGGACACTGATGCAGATACAGATGCAGATG	CAGACTGG	GAGATACAGACTCAAAGTGCTGATCCTGTA	6m
FBgn0031098	0.34	508	560	AGCAACAAGCAAATATTTTAAGATTTACAC	AAGACTAA	ATTGGTATATTTCAATTTAATAAAACATAT	o6
FBgn0031233	0.23	294	648	AAACATTGGAGCAGTGTTAGCTTAGACTAT	AAGACTTA	AAGTTTACTCTCGCATCGAAGCTAAGCGAG	o6
FBgn0031247	0.07	38	220	ATGCCCCTAAATATGCACCTATTAAAATCT	AAGACTAA	GTCGGGGAAAACAAGAATTTCGTTGTTCAA	o6
FBgn0031250	0.40	140	353	GTTAATGTTTTTACTTTTGTTACAAGTCTA	CTGACTGA	AATTATTTACACAGCGAAATTTTATTTAAA	6A1
FBgn0031275	-0.43	1081	1229	GGCGAGAGCCAGAACACTTGAGAACTGCTC	AAGACTAA	GTCGTAAGTTTTAGCATTGTAATCCCAATC	o6
FBgn0031298	0.37	361	507	TTAAACATTTTTATGCAACGTTGTACATTG	AAGACTCG	ATGAGATCGAGGCAATCGCCTTAGCCCGGT	o6
FBgn0031320	1.36	57	198	GCATTTACAATTTAAATTTAAACCTAATTT	GAGACTGT	ATTTACGAACTATTTACAATTTGAACTTCG	6m
FBgn0031395	0.34	104	509	CCAAAGTGGAGCTGGATTGGGATTTCACAC	AAGACTAG	CGACTTTTCGACGGTGCGGACAGTTGGGAT	o6
FBgn0031530	0.07	334	1117	AACACATAAAGGGCATACAAAAAACGTACT	TAGACTGA	TTAATTTTTTGTATATGTATAAAACTATAT	7A1
FBgn0031534	0.54	368	539	ATGGATCTAGTTAGTTAGTTGAAAGTGAAG	AAGACTCA	TTGGCAATTTCCAAATTGAAGTTTATACCA	o6
FBgn0031575	-0.04	186	236	TGTTACATTCCTGAGATGCAGCGATGGTGG	AAGACTTA	ACAATAGTATGAACAAATCGTAAATACAAA	o6
FBgn0031676	0.12	27	197	TGCTGTAGCTTGTCCTAGACGTAATCT	TAGACTGT	AAATAGTTGTGGAAAAGTGCCTGCAAATGT	6m
FBgn0031683	0.41	94	721	TCATTGATCCGCTGGGCATATATATTATGT	GAGACTGG	CGCACCACCCGGCGGCGCCGCACTTTCAGT	6m
FBgn0031708	0.21	62	93	AATTCTCTGTACATTTGTTATATTTATTAT	TTGACTGA	CAATGAAATTGCATTGGGTAACC	6A1
FBgn0031738	1.59	62	1063	CCGATTGAACGGGAAGGAGGAAAAGGCGAA	AAGACTAC	AACCAACTTCACTATTACTATTTGCAATGC	o6
FBgn0031813	1.13	24	49	ACTCACTGTAAAATCCCAAATAAG	AAGACTTT	ACTCGTTGAGTTTTTGT	o6
FBgn0031883	-0.37	78	163	TTTTTGGTCAAAACATTTTCAATTTTTTTA	AAGACTCG	ACGCAAGCTGAAAATTAGGGGCACATATTA	o6
FBgn0031971	-0.06	31	126	GCCCAAATGAAGAGTTCCTTAACTAGTACT	TAGACTGT	TATTTAAATGCTAGCCATTAAGACTTAAAA	6m
FBgn0031971	-0.06	58	126	ACTTAGACTGTTATTTAAATGCTAGCCATT	AAGACTTA	AAAACAAATCAAAATGTATACTTGTTTAGT	o6
FBgn0031981	0.09	378	1278	TTCACGTAGTTTAAAAACAGAACAAATTTT	CGGACTGA	TTTAGATGAATTTTCATTTGGCTAAATATG	6A1
FBgn0031985	-0.14	38	228	CTAGACACAGACAGAGACCAAGTCCACATC	CAGACTGG	TGACAGCTGTGCGATGTTTTTCTTAGTTGT	6m
FBgn0031998	0.17	338	420	ATTTTTTTGGCATTTTCGATTTGTAGTCAG	CAGACTGT	GTCTCATTATGTATTCCGTTTGACTTTACA	6m
FBgn0032021	-0.26	573	1141	CGCCTTAGTTTGTCTATTTTTATTTAACAC	AAGACTCG	AACTAAATTTCGGCAATAGCTAACATTAAA	o6
FBgn0032032	0.49	81	195	CGAATTTTTTATTTAAAATAGTTACTTAAA	AAGACTTT	ACTGATATAGGTAAGGCTTAGATATAATTA	o6
FBgn0032059	0.53	311	525	CAACATGCATGCTTATGTACAAATCTTTTG	TAGACTGT	CACATATGGACTAAAAATAGCTGCCGAACA	6m
FBgn0032123	-0.19	487	1391	TTATGCAATCTCGGTTTCGAAGTTTAACGA	TTGACTGA	GAATCAGTTGGCGAAAGAAAAGAGAAACGA	6A1
FBgn0032129	0.17	319	565	AGATGGGAAAAAGAAATCGAATTACAAGTC	TAGACTGC	AGCCAAATAATGGATAATTAAATTAACTAA	6m
FBgn0032147	0.40	45	328	CGATTGCACCGGCAGCTGGATCTGCACCAA	AAGACTGA	TCACCCAAGCTCCATTTGTACAGATAGAAA	8m
FBgn0032170	0.40	131	448	TTATGCACTCGCAGCACGAGAAGTAATCAC	TGGACTGA	ATTTGTTTTTAATTGATGTTGATTGATATT	6A1
FBgn0032191	0.27	167	612	AGATTTTATATATATGTGTGTGTAATAGAA	AAGACTTT	AATCTATCTGCTACTTGCAAGTGTTACGAA	o6
FBgn0032230	0.47	222	261	TGTGATTTTTAAAACAGCTGCTACACAAAT	AAGACTAA	ATCCAATAAAATAAATATAATATTTTAACT	o6
FBgn0032248	0.57	74	139	AGTCGACGATTAAAACGGCACAAAATGCAC	AAGACTGC	CATCCAGCACTCATTCAACACTTTATGGGA	7m8
FBgn0032249	0.61	45	468	ACTGTTTAAACTCAGCAATAACTATTGTTG	GCGACTGA	TATAATTCGTCATTAACTATTAACTATTAG	6A1
FBgn0032336	-0.17	155	570	GCAAATGTTTAGAGCAATTAAACTAAAGCT	AAGACTCA	ACTATATCCATATACATATATATACAACTT	o6
FBgn0032338	0.90	56	261	TCGGGGATGGGGAGGATGTGTTTGACGTCA	AAGACTTG	AAACCCATTAACGTAGCCTTAGCCATAAAA	o6
FBgn0032341	0.10	476	1664	ATTTACGATTCGAGGTGCTTACACAACGAT	AAGACTGG	GCAAATCTTTGAGTAGGCTCGTAAAATTTC	7m8
FBgn0032343	0.55	117	285	GATCCTACTCTCAATCTGTCTCTCTTGGAA	TGGACTGA	CTTCACCGGCACAATCTTCTGGACTTGCGC	6A1
FBgn0032388	0.25	14	180	AGAAGGGCGCAGGA	AAGACTAG	CAATTTAATTAACAAGATATACACAACCAA	o6
FBgn0032481	0.15	364	454	ATATGAATTCAACTGTTTGATTTGCTACTA	TCGACTGA	AGTAGTAAATTTGTCATATTTTTAAGATTA	6A1
FBgn0032600	-0.05	2162	4097	ATATTCTCTTTCTCTGGTAATTGTATGGCG	AAGACTTG	TAAATATTTGATCGACGCATTTCATTTTGT	o6
FBgn0032652	-0.04	209	250	ATGTATATTTATATGTTAAATATTTTTGCC	AAGACTTG	AAACGGATCTAAGATTATATTATTTTAAAT	o6
FBgn0032689	-0.08	830	855	TGTAATCGGTTCTTTCCAATATTTTAAATA	AAGACTTA	GCGATATGTATTTATGT	o6
FBgn0032699	-0.69	56	213	GTACCCTAATAGTATCCCGACTAGTCTTTA	AAGACTTG	TAAAGTATTTTCTACACGAACCCTCACCAT	o6
FBgn0032741	-0.55	191	317	AAATTGCATTTCCAACCTGTGCCAACGCCC	AAGACTCT	CTACAAGATGGGTTCCAGAGCCAAGGAGAG	o6
FBgn0032870	-0.12	43	519	CAATTAGTATACAGATAGCTCACTTAATGC	AAGACTGT	CGCAACCAAAAAAAAGGATTATACTTCTTA	7m8
FBgn0032873	0.14	74	140	ATAAATGTTAATTGTATTTAGTTATAAATA	AAGACTAA	ACTATTAACTAATTGTATGTAGAAATTGCT	o6
FBgn0032916	0.27	72	395	TCCTGCTTTGTGATTTTGTGATTTTGATAA	AAGACTTA	ATTATATACTTATCGTTTAGTTCGTACGTT	o6
FBgn0032938	0.01	40	523	GACTCACAACTCCTTTTTAAAATTAATTAG	AAGACTTA	TTGATCAATTAAAATGGAGTATTGAACTAA	o6
FBgn0032943	0.34	668	1466	TTTAAGTTTTAAAACATTTCTTTAGAATTC	GAGACTGA	ATGACATATTTAGTGTTATTCGAAATGTAT	7A1
FBgn0032955	0.47	168	212	AAAACATTAAATAACATCGAACTACTTTAA	AAGACTAT	TAAAATTTGTAATAAATAATTTATTTTACA	o6
FBgn0032957	0.26	263	1656	AATTCAAATGCACAAAAGCCGTGAATCGTA	AAGACTGA	CAATGAAAAAAACGCTAAGAAAGATAAAAT	8m
FBgn0033000	-0.06	207	225	AATAAAGTAAATTCTTCAGCAGCTATGGTG	AAGACTTA	TTGTACTTGT	o6
FBgn0033095	0.12	187	452	AACTAAGCCTATTCCTAAGCTCTAGCCTGT	AAGACTAT	ACTTGACTTGACTAATCGTAGCTAAGTATC	o6
FBgn0033108	-0.39	717	1667	TGGGATCAGTTTGATTACTTAGATTATTTC	CCGACTGA	GAGGAAACCGTGTAGAGTTTTCAGTGTATT	6A1
FBgn0033127	0.96	107	309	AATTGGCTTGGCAGGTCTTGAGCGTTATTC	AAGACTGG	GGTATTGCTGTTATATTTTCGAAATTGAAA	7m8
FBgn0033196	-0.35	408	805	CAGTACAGACAAGACAAGACAAGTCCTGAC	AAGACTAG	TCAAGACAAGACATGTTACGTATATGGAAA	o6
FBgn0033204	-0.24	61	145	AATTTATTATTTTAATAGCTTATCATAATG	AAGACTAA	CGCAAAATGTAATAATTTATGTTTGAATTG	o6
FBgn0033233	0.08	217	462	TATGTAAATCTTTAAGCTGTAGCTGTAGGG	CAGACTGA	ATTTGTCCGTTCACATTTTAATTTAACAAG	7A1
FBgn0033244	0.22	376	1130	CAACTAAAGCTTTACCTATGTGTCCACTAC	ACGACTGA	TACTAACTTTGGTACGAATATCTTAAATGA	6A1
FBgn0033273	0.40	216	427	CTCAATACATTTAACAACCGTTTTCTCGTT	AAGACTAT	ATATGTTAGAACGCAATAGAAATATATCAA	o6
FBgn0033304	0.99	69	135	AAATATGTATAGGAAAACTCTTATCTACAA	AAGACTGC	GTTCCAAGATTGCATTAATCCCTACATTAT	7m8
FBgn0033358	0.30	244	377	GATGTGTTTTTAGTAGAGACTCCAAATATA	CTGACTGA	GGCATTCAATGTTAATAGCAGAAAGAAGAG	6A1
FBgn0033382	0.88	112	400	TGTTTGTATTCCGATAGATTGCCGTCGGCG	AAGACTCT	TGTACACATGTGATATGAAACGTTGATCAA	o6
FBgn0033391	-0.22	145	305	CTTTTAGTTTAAGTTTAGTTAGTTGTTGCG	AAGACTTA	TTTGGTCTTTTCGTAGTAAGTAAAGTGATT	o6
FBgn0033421	0.29	147	2230	ATAGGGTATTTTGCGGGTCGACGCGATCCG	CCGACTGA	CGAAACTAAATCGAAACTCAATTTTGGTTC	6A1
FBgn0033453	0.14	125	322	ATAAAATTGTTTGTGATTAAACACAAACAA	AAGACTAT	AAAGCCCTAACCATTTTATCGCGAAACACA	o6
FBgn0033463	-0.44	549	1185	AGGATAATAGAGATTCTATTTTTGAAATAA	AAGACTCT	GCTATAGACGAAATACAATACCGACACGCT	o6
FBgn0033474	0.12	375	542	AACTATCCTTGTAGATATCGAAAGATCTTC	AAGACTTA	AACCTAATGATAAGCAATGAGATTTCAGTA	o6
FBgn0033476	0.57	838	1171	CCTAAACAAAAGTCAACCAAATCCTAACTT	TAGACTGA	AGCTATTGACATTTACTAAGCAAACAAAAA	7A1
FBgn0033527	0.02	127	197	GAAACATCAAATATTGTGCAAAAGTATCTA	AAGACTAA	ATCTTAAAACCAGCCAAGTCACAATTGTTT	o6
FBgn0033538	0.35	285	402	TTTCGGCTAAGTTTCGTTGTGAACGTTTGT	AAGACTTC	CCCAGAGATATTGATATTGATATTGTATAT	o6
FBgn0033558	0.25	14	1226	GATTTGGGGAGCTC	CAGACTGC	ATATGTCTGGACTCCGTTAAAAAGTCGAAC	6m
FBgn0033569	0.41	76	276	ACGGCACACATATTAGCTGACGAGAGCAAG	AAGACTGT	CTGCACTTTACAAATCGCCCTAACAAAAAA	7m8
FBgn0033608	0.32	21	139	ATGATCTGATCGATACGATAT	AGGACTGA	GGTATTCGAACCCAAAAGTGGGTTCGTACT	6A1
FBgn0033639	0.11	46	921	TCGCCAGAAAGATAATGCGAAAGACAGCCA	CGGACTGA	TGCTGGCCCGTGTGCATCGTCATGTTCGCC	6A1
FBgn0033656	0.33	56	206	TCCTGGGAGTTCAACTCCCTGCAAAGACGC	TAGACTGC	TATTTCACCTTCACGAAACACACAAAAACA	6m
FBgn0033728	2.20	210	675	ACTCAGGAGGTCAAAGGTCGGCCAAATCCA	CTGACTGA	AGAACACACACACACACACTCAAACGGATG	6A1
FBgn0033739	-0.16	283	876	AAGCAAAAGATATGAATATAGCTGATAAAA	AAGACTTG	CAGTTGCACTGCTCTTCGAAGTCGCAAAAC	o6
FBgn0033782	2.48	100	116	CCACACCTAGATTACTATTTAACGTGATTA	AAGACTGT	TGTAATTG	7m8
FBgn0033784	-0.01	284	518	CAACAACGGACGCATTTGTTTATGTAATTA	AAGACTTA	TCGACAAGAATTTTGGAAAAGCTCAATCAT	o6
FBgn0033889	0.05	561	669	ACTTGCTGACTCCTTGTGTCATCGGTTCTG	AAGACTTG	AAACAATTTGACAATGTAGAAAACAATATG	o6
FBgn0033913	-1.25	200	1053	CGTGTTCCGAGTACTTAATACAATTAAGAT	AAGACTAA	TCGTAATGTTGTGCCTTCAGCGATATCGAG	o6
FBgn0033924	-0.05	173	406	GACTCCAGCTTATTTCACTGTTAAGTCTGA	GAGACTGC	ATTGCTCCCTAAGTGTCTAGAGTTGGTTAA	6m
FBgn0033926	3.67	1469	1509	AACTGCTAAAAATATAAAACTGTAAAACTA	AAGACTGA	AACTAGAAAACAACCATTAAACTCAGAAAC	8m
FBgn0033932	-0.38	26	358	ACAAATCCCTAGCAAGTGCATCTTAA	GAGACTGA	ACTTTCATTGAACTTTCCACTTCCGTGTCG	7A1
FBgn0033942	3.20	35	133	AATGAACTGAGGATTTCTAACATTTAGAAA	CGGACTGA	ATACTTTGTAGACCCCCAAAATAGAGTAAA	6A1
FBgn0033984	0.27	46	878	CGACCTAAGCCGATTCCCATCCCGAGACCG	AAGACTTT	TTGTGCATTTTTCTAACGCATTTTTCCAAT	o6
FBgn0034021	0.46	64	122	AAACGTAGATCTTAAGGTCCCAACATCTCT	CTGACTGA	CTCTGATGCAATTAGCTTTTAACCAATTTA	6A1
FBgn0034025	-0.20	63	579	ACCAAAGCAACTGAGAGATACTGACTAACG	CCGACTGA	ACGGAACTCGAATTCAAATTAGAACAACCC	6A1
FBgn0034070	-0.15	19	650	AACGCTGCACGCACGCCTC	AAGACTTT	TGATATCGACTAGTTTAAATTTATATGTTA	o6
FBgn0034083	0.52	100	664	CAACCGCAGTCCGCCCCCAAAACGAACACA	AAGACTGT	TTAACTCGTAATTATAATTCGTAGATGGTG	7m8
FBgn0034087	-0.25	103	1210	ATTGCATTGCCGTATCGTTAATCGTATTTT	GGGACTGA	GCAAAATGAATGCATTCAGGTTTTAAACTA	6A1
FBgn0034091	0.36	817	968	TGCTAGCGTATAGTCGTTTTTTAAATGCTT	AAGACTAT	TCTCACATAACCTGCAGAGCGAAAAGAAAA	o6
FBgn0034179	0.14	135	386	ATATGCGTAGACGAGTTGTAGAGTAATTAA	AAGACTTC	CTTTCAGAAGGAACAAGAGAAACGAAAATA	o6
FBgn0034181	0.04	493	620	CTGATACAGACACACACGCAGCTGCACTCA	AAGACTCG	TACTCATATGCGCACCCACACACTTGCATG	o6
FBgn0034187	-1.25	61	827	GCGTTTTGTAACTGAAACTGCAGAAATTGT	AAGACTTA	TGTATAAGCTGTAGACTAAGTGGAAAATTA	o6
FBgn0034230	0.12	330	341	TTATATACCCCGAAAAATACATAAAAATAA	AAGACTTC	GAT	o6
FBgn0034313	-0.11	112	825	TATGTTTCCTAATGGATGTGTATATCCACG	TAGACTGT	TTTCACATTATTTTGTCTTCAACTGAGCTC	6m
FBgn0034451	1.01	63	309	ATCTCGCATCGCACATGCCACCTTAAACAG	AAGACTTA	CGAACCGCTAAAACTATTTGTACGCATGAA	o6
FBgn0034498	-0.25	435	521	TGTCGTATATCGTTTTTTGTAATAGCCCCT	AAGACTAC	AGAGTTACTAACTACTGATTTTAGTAATAC	o6
FBgn0034567	0.37	182	530	ATGTTGTTTTAAAATCAATATACTAAACAT	CCGACTGA	ACGAACAATCCCTACAAATTTCATTTATAT	6A1
FBgn0034577	0.25	710	822	TGCCAGCTCTCCATTGACAAACAATAACTA	AAGACTTT	GATTTTATAAAAACAATAAATTTGTAATTA	o6
FBgn0034590	0.96	99	412	TGTACTTTCGTTAGCAAAGTACTCACCCCA	AAGACTGA	ATTTAGTAGCATATGTAAGCCAAACCCTTT	8m
FBgn0034643	0.12	308	428	ACTATTATTATTTTGTTTTCCCGGGGAATA	CAGACTGG	CATTTTAGGCTAAACGTATTTTGGCGTTGG	6m
FBgn0034763	0.56	656	1269	CAATTTGCTAATTTTAATTTGTTTGTATAC	AAGACTGA	TTAAGCGTTACCAACCAGATATAGAGAGGT	8m
FBgn0034789	0.06	53	950	AAGACACACCAACCCAGATATATCACGATG	TGGACTGA	GAAAGAGTCCGAGCGAAATATGCCTCATAC	6A1
FBgn0034914	0.43	57	435	GCCTTAGCGATCATCAGAAGCGGCAACAAA	AAGACTAA	CACACTGAATCGAGAGGAACACAACCTCTT	o6
FBgn0034999	0.38	100	120	CTGTCCCAATGTATTTTTAACGCTTAAACA	ACGACTGA	TTCCGAAAGACC	6A1
FBgn0035020	0.13	264	280	TATCAACTAACATATTTGGACACTTTTTAA	AAGACTTT	GGAAAACT	o6
FBgn0035086	-0.15	922	1208	TACTGTTTTGTTTCCTTGGTTAAGTAGATA	AAGACTAT	TGAGTTTCTATGCCAGAAATTGAAATAATC	o6
FBgn0035101	-0.14	586	609	AAATTAGTATGTAATATGAACAATAAACTA	AAGACTTC	GAATAAAATAACAAT	o6
FBgn0035102	0.07	67	81	TTTACAAATACAACAAATTAACCAAATATA	AAGACTTT	CATTCG	o6
FBgn0035122	0.52	68	152	AGCAAGCAGTTTGTCGCTTAGAATTCACGT	AAGACTTA	AAAGCATCTTTATTATAAATGTATGTATAC	o6
FBgn0035137	0.33	210	435	TAATGTTGATGGATTGGATCTTTTCAACTG	AAGACTGT	GCAATCCAAGACTTCGGAATTCTCCGAAGA	7m8
FBgn0035137	0.33	225	435	GGATCTTTTCAACTGAAGACTGTGCAATCC	AAGACTTC	GGAATTCTCCGAAGATAATTCTTTTGACTT	o6
FBgn0035142	-0.19	4565	6801	ATAACCGAAATGTTGATGTGTGAAATTTAT	AAGACTAG	CATATTTCCTACCTACAGAAAACCAAATAA	o6
FBgn0035165	0.68	36	315	TGGAGCCAAGTCCAACATTTAAATAACGAT	AAGACTTA	TAAGCATGGCGGTGGGGCAGCGAAAGCAGG	o6
FBgn0035211	0.74	100	178	CTCCCTATTAAGATCTCGTTAAAACCACTG	AAGACTTG	AAATACGTGTAGTGCACTCTAAAAATTGTG	o6
FBgn0035213	0.34	235	362	AATTCAAAAGATAAGTTTAATTTGTATATT	AAGACTTT	ATTATAACCGCATTGGTTACACCACTTGTA	o6
FBgn0035228	0.15	467	584	CCCGGAATGGAGCGAGTCGAGTGCAGCTAT	CTGACTGA	GGACGGAGGATTACCCATTTACGCGGGCGA	6A1
FBgn0035251	0.45	133	205	TTTGAGGACGAAAGTAAAACGAAATTCAGA	TTGACTGA	CGTTGGATTATTAATTTTAAATATGTATGA	6A1
FBgn0035270	-0.20	192	793	GCCCATCGTAGCTTAACGATCAGTTCTGAA	ATGACTGA	ATTTACTTTGATATCGAAAGCGAATAGTTA	6A1
FBgn0035283	0.68	370	863	ATTGCTAGAAAGCCACACTCACTCACACGT	TCGACTGA	TTATAAAAAGCGTTAATTAACAAGCATCAC	6A1
FBgn0035346	0.75	198	543	AATCGACGGAAACTTAAGCAAATCAAAGTA	AAGACTTT	CCAACCTAAATCGCAATTGGCAATCGAAGC	o6
FBgn0035371	0.27	405	918	TTATTTTAAATACTTCGAACGCCTGTCAAT	CAGACTGC	AGTAGCTCAAAAGACGCGATTAGTTCTCTA	6m
FBgn0035411	-0.41	256	621	GTACCTATTTATGCAATCTAAAAACTCCAC	AAGACTAC	GCGACAACTATGCGAACATATAACTATCCA	o6
FBgn0035432	0.12	43	176	TTAACGTTAATTGTGCAAACCGCTGCAATG	GAGACTGG	TCTGCCATGGTGCAGCTTTCGTGTTTTTTT	6m
FBgn0035484	1.40	20	93	TTTTTTTTCATTCCGATGTC	AAGACTTT	CAATAATTTTAAATAAATGCCGTACATGAG	o6
FBgn0035488	0.34	104	936	CTCGAGCCTCTGCATTCCCCATCTTCAATA	AGGACTGA	GGCTAATCCTCCAAACCGATCGTTTGCGCT	6A1
FBgn0035526	-0.23	207	696	ATGAACCAGAACCACGGGGACTGGAGAACG	CAGACTGG	AAACGGAAACTGCGAACGAAGACCATACCC	6m
FBgn0035617	0.08	428	474	TGAAATTTTTATAGTGTGGTGAGCATCTAT	AAGACTTT	GCGTGTTTGGTATCGTACAAAATATAGACA	o6
FBgn0035622	0.19	265	693	TATCACCTAAAAGGTTTACTTCGGAATTAT	AAGACTAG	ACGTTTCAAATGAGAAAATTTGGGAAAACA	o6
FBgn0035696	-0.43	28	705	CATTATTATCAGTCGGATTAGATTAGTT	AAGACTTG	ATCGGAATTCGAGCCACGTAATTAGGTTTA	o6
FBgn0035713	-0.18	186	213	AAAAACTACACTAAACTAAAACTATAAATA	AAGACTAA	ATTACTATGTATGAAATAC	o6
FBgn0035725	-1.58	88	179	GTTTTAACCCTGGAGTCATTTATAATCACT	AAGACTCT	TCTATATTCCACTTTACCTATTATTATGTC	o6
FBgn0035755	0.24	123	381	ATATAAACCACTTATATCTTAACTAATTGT	AAGACTAT	CTACTAGTTCTAAACGGTTATTAACAAGGC	o6
FBgn0035772	0.05	215	554	ACCACAACAACAACAGCAGCATCAGCTAAG	AAGACTTC	AGATTCCCAATCGGATCTCTTATTGGACAG	o6
FBgn0035817	0.08	90	174	AATTAAGACAAAAGTAATGCACATATTTCT	AAGACTAG	AATTGGACTCTTTTTGTTATTAACAAAGCA	o6
FBgn0035829	0.08	156	212	CCTGAATATATATGTATAAGATCCTTATCT	AAGACTTT	ATGCAAATCAAGCTCGATTTCTTAATACAA	o6
FBgn0035880	-0.31	163	174	TCTTAATAAATAATTAACTTCAACTTCATC	AAGACTTA	TCC	o6
FBgn0035909	-0.04	128	463	GCAACTAAATTTAGTTAAAATGAAAGATTT	AAGACTTC	AGCGTAGCATGCTCTACCATTATGTGTAAC	o6
FBgn0035959	0.24	344	867	AGAGCGACAGGAATGTTAGGAGCAAAGCAA	AAGACTTG	AGCACTTCACAAATTTATGTAATTATGTAA	o6
FBgn0035983	2.16	249	276	TCTTTATATAGCAAAGCCCATAAACAATTT	GAGACTGC	AATGATTAACACAAAACAC	6m
FBgn0035993	0.26	612	637	TTTCAAACAAATTTTTTGGCAAATCGATAG	AAGACTAA	TAAAATTATGAAAAAAT	o6
FBgn0036004	-0.30	738	938	CGAACTAAATGAAAGCCAGAGTTACTATCG	CTGACTGA	AGTTGTGAGGCGGGACAACCCAAGACGTAC	6A1
FBgn0036133	-0.02	163	253	CCTAACTCATTGTTTATAAAGTGTGTTTTA	AAGACTTT	TAACCAGGCTGCCCGGAGAGTAACCAAAGT	o6
FBgn0036144	0.21	803	1464	AATGTAAGGGGTTTTGGGCCCTGCTCTAAT	GGGACTGA	ATGGCTTGAAAGTTTGGCATAATCAATTTC	6A1
FBgn0036165	-1.04	362	3960	CTGCAGTTGCAGGCAACTCAAAACTCTTAT	TGGACTGA	CTTTTTGGCTTAAACAAAAAAGGTACTTTT	6A1
FBgn0036202	-0.28	206	3385	AATTTATGGATATTTGCAGAGCATTAAATG	AAGACTAT	AAGACTATAATTAACAACAATTAGTGTGGA	o6
FBgn0036202	-0.28	214	3385	GATATTTGCAGAGCATTAAATGAAGACTAT	AAGACTAT	AATTAACAACAATTAGTGTGGACATCACCG	o6
FBgn0036202	-0.28	2627	3385	TTCTACCTTCTATTGTCTCTCAAACTCGAA	AAGACTTT	GCCGCAATTAGTCTAACTCTAATTATTACG	o6
FBgn0036262	0.04	284	579	TTCTGATGAAACCATACCTTCCTGGCGTGG	AAGACTCA	GGGGTGTTCACTTCTATCGCTCCAATGCTC	o6
FBgn0036278	1.43	487	768	CAATCAGAGTCAGTTACAATTTACAATTAT	ATGACTGA	ATAATTGGACTATGAATATATACGACTTCA	6A1
FBgn0036316	0.47	254	859	GAAAATTGCAGGAAACTATAACTAAGAGCG	AAGACTGA	AGGTCAACTGCAGAAAAGCCGCGATAATAT	8m
FBgn0036319	0.54	18	429	GCGATATTTGAATTTATT	AAGACTTG	GAAAGAGTCCATGCGACACATTGTACACAG	o6
FBgn0036402	0.87	26	644	GATCGGCTATCACAATGGGACAGGCA	AAGACTGC	ATAGTATTTCACTAGAAACCTGCAATGAAA	7m8
FBgn0036402	0.87	62	644	GCATAGTATTTCACTAGAAACCTGCAATGA	AAGACTCG	AATAGAAGGCCAGGACGAAACCCCGATGCA	o6
FBgn0036446	0.09	1560	2000	ATGCCACTATATATAGAGTAACAGATATTG	TAGACTGC	TTTCGATAAACTGAACAATTGAAACGAATG	6m
FBgn0036476	0.06	470	531	TGGATACTGATATATTCACCGAGTTTTCTT	AAGACTAA	CTACCGACAAGCAATAACAAATAGATAAAA	o6
FBgn0036544	-0.07	1422	3214	TTTATAACGCATACGATGATTTGAAACTAA	AAGACTTA	AGATATCGACATAAAGCTAATGAAATCCAA	o6
FBgn0036545	0.30	163	199	TGTATACCAAATAGTGGCATGCCAACGGTC	CAGACTGT	TAAATACATTGATATTTTTACCTATTAT	6m
FBgn0036549	-1.33	100	134	AGAAATGCTGAAGCTAATTTTAATTACTGT	AAGACTTC	CTAAAATACAACTTATTAATTAAACG	o6
FBgn0036566	0.30	119	753	AAGTGAAAAGTTGAACGAGTGGATGCAAAG	TGGACTGA	AATGGATTAGAGTGGAATCGCGTGATTAGG	6A1
FBgn0036621	-0.65	607	1305	CTGTGCACTAATTAACTGAATCATGATCAC	AAGACTTC	AAGATCTAGGCAGAACTTATATTCTTATCC	o6
FBgn0036621	-0.65	1227	1305	TAATGTCAGTTGAGCCTGCGTTTTGCTTTC	AAGACTTT	GTACATCAGTTTGATTCGAAGCAAAAGTGA	o6
FBgn0036641	1.57	37	104	TTATCTCATCATCACATCACATCTTTTCGA	AAGACTTG	TAGATATTAAGAAAACAGAACGATTAAATT	o6
FBgn0036659	0.78	128	165	TATAGATGTTATAATTTGTACTAAGGTTAA	AAGACTCG	AAACTGAATAAAACCCTTTTGTGATATTT	o6
FBgn0036663	0.12	133	161	TTTCGCGATTTTAGTTTAGTTTACACTAAA	AAGACTTG	AGTTTTTTACACACCAAACC	o6
FBgn0036725	-0.74	281	1908	CTTGAACAAGACAAAATAGTGGAACTACAA	AAGACTGA	GTGCGCATATTAGTTGAGCTCATTATTAAT	8m
FBgn0036725	-0.74	974	1908	CTCAAAATCAAAATCAAAATCTATATAGCG	AAGACTAC	ACTTTTAGGATGTTTTTAAACGACGGCCCT	o6
FBgn0036733	0.19	212	265	AGATGCAGCGATGTTGCATTTCGTAAATTT	AAGACTTT	TTTATTGAAATTGTTAATAAAAAATACATT	o6
FBgn0036816	0.15	383	591	CAGCCCTGGCCTGCTAATATTTTAAATAAC	TAGACTGA	GAGAACTTACATATTCATACATGTTTTTCA	7A1
FBgn0036819	0.12	25	141	CTCACATTGTTTGCTCATCTCGCAA	AAGACTAC	AATTTGTGCCTTTAAGTGCAATAAGCAGTG	o6
FBgn0036821	0.10	104	434	TGCCTATACCATTTTAAACTGATGATAACA	AAGACTAC	AGATACAGATACGAAAGCGAACTGTCTAAT	o6
FBgn0036847	0.62	298	587	TCTCTCAAGCTAATCTGTATAACTTCCACA	ACGACTGA	GCCACAGAATGCTACTGAAAGTTTCGCCTG	6A1
FBgn0036934	-1.21	798	2217	ACCGGGTTGTTGAATTTACGAGTTTTAAAC	TTGACTGA	CAGTTGGCATCGGCCGAAATTGAAACGGAA	6A1
FBgn0036967	0.20	67	368	TTGGGAGCTCAGTGCGGAGAGGAGTTCGCG	GAGACTGA	GTCGGAGATGGGATGCGATGCGATGGGATG	7A1
FBgn0036967	0.20	269	368	CACCCACACGGAAACACAAGGCATTTTGGA	GAGACTGC	GTACACTGGCAAAGCAACCAACTATGAAAC	6m
FBgn0037012	-0.10	86	477	TTTTTTCTCTGTGTGAATTCCATCCTCCTG	CAGACTGA	TTTTTGATCTTAAAAATTATACCAAAACAG	7A1
FBgn0037020	0.55	80	272	GTAAATTGAGTTTCCCCGTTAAATGCCTTC	AAGACTTT	TGGTTTTTTTTCTTTGCGTTTATAGCATTT	o6
FBgn0037021	0.00	697	1308	CCAACAAACAAGGGCCAAGCTACCCAACAA	AAGACTCT	AATAATGCATACATAGTATGGGTAGGGGTA	o6
FBgn0037057	0.81	329	498	TTTAGGGAATTAGCAATATTTAGTAGAGTA	AAGACTTG	CAGTTTGCAAAATAATATACATAAGTAGAA	o6
FBgn0037087	0.50	29	125	TCCCTCGCTCTAGCTTAGATTAAGTTGTA	AAGACTGG	ATGCATATTTAGCTGCAGTTCGTCTATCTA	7m8
FBgn0037185	0.22	68	407	AGCCAAAGAGAATCTCCTGGACTTTAACAG	AAGACTGC	GTTTTTGCATTACCTAGTTCAAACTAAGGC	7m8
FBgn0037185	0.22	316	407	TCAAAGCCTCGCTCAAAGACCGCTAGCTCG	AAGACTCG	ATTGTTGGTCATAATGCTGCTCTATAATGT	o6
FBgn0037203	2.27	84	573	TCACCTTTGCATCTTCTTCTGAATAGTAAC	AAGACTCC	TCTGCCTTCTTAGCTAGCACGTTTATGTGA	o6
FBgn0037225	-1.71	30	128	GTACAACTCCAAGGCCACTGTCGTAATTTT	AAGACTTG	AACTCTTGTAATTTACACATTTAGTTAAAT	o6
FBgn0037229	0.09	195	344	TGTAAATTAAATTTTTACTAAAGGTATCAA	AAGACTAA	GGTCGCTATGAATCGTTGAAAATATCCAAA	o6
FBgn0037238	0.28	871	896	TATGTGACTTATTGTAAAATCCCAAATAAG	AAGACTTT	ACTCGTTGAGTTTTTGT	o6
FBgn0037270	0.15	276	361	TGGCGTTTGTAGGAGCATTCGAATCTACTG	AAGACTCT	TAAACACAACAGTATTCATCACCAGGAACA	o6
FBgn0037282	-0.07	326	566	CACATATTACAGAATTCTGGCTTGGTCTTC	AAGACTGA	TATAACAAAAAGCATCCGCTACGAATAAAA	8m
FBgn0037327	-0.42	255	829	AAATTACCAACAAAATGTCCTTTTGTTTTT	AAGACTTA	ACCTTAGGAATTATACATACACATAAAGAT	o6
FBgn0037344	0.10	332	774	CAAAGCACTGCAAAACTTTTTATTTATATC	AAGACTAG	TTCATTAGATTGTTAATTTATACGACACCT	o6
FBgn0037363	0.51	585	1129	AGAAATCATATTTTTTATAGGCATTTTAAA	AAGACTAG	AACACAAAGAGTTTGCACACACACACACAC	o6
FBgn0037384	0.08	187	338	AAAAATATTTGAATACAACTATAAAAACTA	AAGACTTC	ACTTTTGATGTATGAAACCATCTCAGGCTA	o6
FBgn0037470	-0.31	105	157	TTGTGAGCGCGACACCAATGTAGGTTTGTT	CAGACTGT	TAATTAAAGGCGATTGTCACGTTTCGGCAA	6m
FBgn0037556	0.60	471	1481	CATCGCGCCAATGCCCATGACAAAGACACA	AAGACTTT	ACATACCAAATTAGTTGATAGTTATGCTTT	o6
FBgn0037623	0.66	14	834	ATTGGAGGAAACGC	TAGACTGC	CGACTAAGCTTTTTATACATTTTTCTCACG	6m
FBgn0037715	0.34	269	283	CGAAACGAGAATGATAAATCAATACATTTT	AAGACTTT	AGTCAC	o6
FBgn0037718	-0.67	283	299	AAAGAAACAATATGCGAGAACAAGCAATTA	AAGACTTG	GCAAATTG	o6
FBgn0037719	0.34	97	262	GAAGGAATATTTATGACGACTTTGCACCTT	AAGACTAC	TACTTCAATTCCAAACATGTTCAAAACTAA	o6
FBgn0037739	1.24	169	285	CGAGCCCACTTCTGGGCTAGGCCGACTAAA	AAGACTTT	GTTCGCACTCTGTAGCCCTTAGCCACGTTC	o6
FBgn0037754	-0.04	691	2466	AACAAAATATTTACATGGATCCATCAACGT	AAGACTTC	TCCGTGATCGCCACATAGAGAGCATCGCGA	o6
FBgn0037758	0.92	375	691	AATTAGTTAAAACCATGTAAACCAGAGTAT	AAGACTTC	TGCAACCGATCATCTATAATTAGCACAACT	o6
FBgn0037798	0.92	115	475	AACTAATCTGATTTCCAAGCTGAACCATTT	GAGACTGT	AATACCGCAAGCAAAAGAAAACCAAGCACT	6m
FBgn0037814	0.31	315	681	CTTTTCAAAAACATGAAACGCGTCCTTATT	TCGACTGA	AGTCATTTAAGTAATCTACAACTTAGTTTT	6A1
FBgn0037819	2.51	38	150	TGGAGATCGTTATTCGGTATTTTCGCATAT	AAGACTCT	AGTGACTCTTTAAGTTTTGTTGTACACGCC	o6
FBgn0037846	0.51	55	252	AAGGTGAAAACACAACACGTTACTTAAAGA	AAGACTGG	TTCCTGTGCGTGAACTACCATAATATGGTA	7m8
FBgn0037852	-0.15	112	434	ATATATTTACCGCAGCGCGTAAATAATATT	AAGACTTA	GGCTAACTCTGTTGATTAGTTTTCGGTTGT	o6
FBgn0037856	0.52	652	1184	TTCTGAGAATTGAATCTTGCGAATTACTCA	AAGACTCA	TGAGTATTTATGTCACCACTCACTATACTC	o6
FBgn0037875	0.41	424	560	ATGAACAAAACCAGAAAATAGCAACTAATT	CTGACTGA	CATTTCCATGGACATTCCGCCGTGCGGTGG	6A1
FBgn0037897	-0.00	329	430	GCCAGCAAGTATTCCACCCTCCAGCTCAAA	AAGACTCT	CCCAGCATGTAACCAAATTATATTATTGAT	o6
FBgn0037913	0.00	1108	1119	TCTATTTGAAGTTCCCATATAAATCATAGC	TAGACTGG	ATG	6m
FBgn0037963	-0.16	499	736	ATCGTCTACAGCTTAAGTTGTACCACTAAA	AAGACTAA	ATTATTTGCTCTTCCAATTCCGTAACACGT	o6
FBgn0037993	-0.21	722	987	AATTTAATGTAAACATTAGTTAGTATATAA	AAGACTTA	CTTAAATTTTAGACGCAGCCAAGCCACAAA	o6
FBgn0038055	0.26	61	237	TAGAGTCATTCGCTGTAGCCGCTACGATTG	CAGACTGG	TGCAACGAATTTTAAACGCAAACTGCAGAG	6m
FBgn0038100	0.18	106	337	AAACCTTAGATAAACTGAAGACCCATTGCT	AAGACTAG	ACTAACAGATTCCGCTAATGAGATTGATAT	o6
FBgn0038129	2.02	18	183	TCGTAAGGTCCACTCCTA	ACGACTGA	AACTGAATTTAGACTTAAACAGAGCAGCCA	6A1
FBgn0038147	-0.26	415	614	TTTATTTATGTTTATTTACGAAGAAAGCGA	AAGACTAT	ATGTAGTTGTAATTTTATTTAACATACAAA	o6
FBgn0038166	-0.05	161	411	TTCAGGGCAATTTCAGCTGGAGTCATCTCG	CTGACTGA	CAGCCGGGTCAGTGGGCCAAGGAGCAGCAG	6A1
FBgn0038181	-0.12	783	991	TTCTGTCCCTGGCGAATTTTCGTAGCTTAT	AAGACTTT	TTGATAAAAGCAAACAGTGAAGACGATAAT	o6
FBgn0038196	0.38	113	162	ACTCTAGCGAAGAAAACAATACAAAACAAA	AAGACTTT	TAAGCCCACAAATGAGTGAGAGTGCTTACA	o6
FBgn0038202	0.16	380	954	TTTCAAAGAATCGAGCAATACCAACAAGTA	AAGACTTT	ATCCTAAACTTTACTTATACGTAATCTAAG	o6
FBgn0038202	0.16	742	954	GAAATCGTTGGATTTAGGTATAAGGGAAGC	AAGACTCT	CCCGATAAGAAAGAACGGAACTTTTGGAAT	o6
FBgn0038237	-0.14	33	1712	ATGGCGACTCCCTCCAGCACCACGGGCAGT	GAGACTGA	CCACAAGTGCGGAGGGGGGATGACCGAGTT	7A1
FBgn0038251	0.13	41	342	AGAGTATGTCACTCCGCCGTGTGTAAATAA	AAGACTCA	ATTGTGGTAGAATGTGGCGATAAATGGACA	o6
FBgn0038279	1.05	269	436	TATTTTTCGGTTTTTAACTTTGATTATAAT	TAGACTGA	ACAGCTTTAATGCTTTTTACTTGAATCAAT	7A1
FBgn0038300	0.11	65	91	TATTTTTATCTACGACCTAGCGACTAAGTT	AAGACTAA	AGATGTTCTAAAGTTGTG	o6
FBgn0038325	-0.12	137	550	AAAACCCAACAGACCCGTATCTCAAACACA	AAGACTTT	GTTGTACCTTTACGCCTACGCATATAGTAC	o6
FBgn0038343	-0.06	23	164	GGATATCCCCAGATGAACCAACT	TGGACTGA	CACCAAAACTGGCAACGACTTCGATTAACG	6A1
FBgn0038491	0.04	646	1259	AGTGAAGGCTGTGCCTGTTTCCACTATAGG	AAGACTAC	TCAAAACCTTTTGTTTCCTTTTCAAATGCG	o6
FBgn0038519	0.38	48	169	CTTAAACACCCTAAACATTCACTACACCAA	AAGACTCG	CAAAATAAAGAGGATAAAGATTGGAATTTT	o6
FBgn0038638	0.50	94	268	TGTCCACGACAGTGACGCGATCCCAACCGA	AAGACTTC	CTGTGCGTGCTATCCTGTACATATGTAGGT	o6
FBgn0038659	-0.12	1652	2324	CGAAGATGAAACATTTGCCTCGTGGACGGA	CAGACTGC	CAGTGCGAACATTTCCAGAGGATACCCCAT	6m
FBgn0038675	0.62	14	134	GTGATCCAAGGACC	AAGACTGT	TTGCTGCCTAGCAGCAAAGAAATAATCAAA	7m8
FBgn0038683	0.29	263	728	GAACGATTCCCCCACGAATTCCGGGCACAG	CAGACTGC	CGGCTCCGGCGCGGCTCATATCCCAAATGA	6m
FBgn0038747	0.34	70	646	AGAGTCATTAGGTGTTACTGTTTACTCGTT	AAGACTTG	AACGCACAGTAATATATATATATATTTCGA	o6
FBgn0038771	0.32	79	93	AACGTAAATTTGGCAGTAAATAAACCAATT	TCGACTGA	GCTTCT	6A1
FBgn0038809	0.22	452	730	CGCAACTGCAGATCCCTTTGGATATTGATA	AAGACTGT	CTTTGTTCTAAAAGCAAAAGTAAATCTGGT	7m8
FBgn0038815	-0.17	184	914	CTTTTAGCAATTACGTGCCATGTTCAACAC	AAGACTTG	ATTTCACATTTTCCACATTTGACTGACCTT	o6
FBgn0038815	-0.17	210	914	ACACAAGACTTGATTTCACATTTTCCACAT	TTGACTGA	CCTTTAGGCATACATATGTATCGAATCCCG	6A1
FBgn0038815	-0.17	571	914	CCTACTGATAATCGGACATGATAGACGCGT	AAGACTTA	CATTATATTTTGCATTAGGACTTCAGAGTA	o6
FBgn0038829	0.45	401	567	TTAAGCGCGACTTTAGAGCAGCAAAAAAAA	CAGACTGA	TTGTGTAAACGTTTGTTTTGTACAAAAAGA	7A1
FBgn0038881	-0.28	140	294	TGATCATCGACATGTATACAAGACACATCT	AAGACTTA	TTGTATATTTCGTGTAGTATGTGTAAGGCG	o6
FBgn0039055	0.03	298	659	CAGGCATTTCCATTCGTTTAGAAAGCGTTT	AAGACTTG	TAACTAACCAAAAAATAATTATTAATCCAC	o6
FBgn0039064	-0.18	1804	2725	ATAGGTTGATTTGCTTGGCTAAGACACACT	AAGACTTA	ACTTAATGATACTCGAAGTCAATCGCTCAG	o6
FBgn0039066	0.06	127	623	CGGTGGGATTACCTTCCAACTTTATTGGCA	AAGACTTT	CAGGTCTGAATAAAGTGACATTGTGATACT	o6
FBgn0039066	0.06	196	623	GACCTTCTACTTCCCAGTGCGCTGTGGAAT	CAGACTGC	TGCTGTCGGCATGCGTAGCATATGCATGCT	6m
FBgn0039151	2.35	106	393	TCAGGCGTTTCTTTAGCGAGAGAGATTACA	CAGACTGA	TCAATAATGGAATATATAGAAATCTATATA	7A1
FBgn0039161	0.80	57	146	ATCCCGAGTCATGTTCAGTGGTCAGTGGAG	TGGACTGA	CTGCCGCCGGAGAGGAGAACTAGGAGCAAG	6A1
FBgn0039182	-0.23	210	234	CTTTGGCCATGCCCCCTACACATAGAATGT	AGGACTGA	TGCCAATATTCAACTT	6A1
FBgn0039186	-0.29	391	919	TTTAATGTTCTCTAAATAGACAAACGGAGC	TAGACTGC	ACTGAGCTCCAGCCTAAGAAAATTAAATGT	6m
FBgn0039214	-0.43	390	1134	TCAATATATAGATATAAATGTAACTAACTT	AAGACTAC	CCAGCACGCAATGTTTCCCACACAGAGAAG	o6
FBgn0039282	0.02	240	1053	AATTTTAATGAATGGTACAATAAGTTACTT	AAGACTTA	CACTAAGTTACAGAATATATCGCTGAAGGC	o6
FBgn0039282	0.02	514	1053	GTATGCGTTCAGAATTAGTTTAATAAGCCT	TCGACTGA	AACAAATTATGTATATAATAACAATAAAGT	6A1
FBgn0039326	0.17	136	230	CAACGAGTATAAATAAACCTTTAACAATAA	AAGACTTC	AAACATTTCACCAAACTTGTCATGAATTTC	o6
FBgn0039341	0.57	62	133	GTTAGAGAACATAGGGTGTGGGTAACGCTG	AAGACTGT	CGCTTTTATTTATTACTTTTATTACAGGAT	7m8
FBgn0039385	0.82	29	92	TCCCTAATTCCCAAAAATGTAGACCATAA	ACGACTGA	TCCTCTTGTAAACTACTAACATTACATGTC	6A1
FBgn0039507	0.16	160	341	ATTCCTAGAGCCAGACCCGCGCATTGTTAA	AAGACTTG	ATTATATTTAAGCATTAATACATAAATGAA	o6
FBgn0039562	0.16	53	326	CAAATAGATTGTACATAAGAGTGTGAAGTT	CAGACTGA	GTTTTAAACCGCCACCGGGTGGCCGGGCGG	7A1
FBgn0039751	0.03	79	286	TACAGCCGATTCCCAATGACGTCCGACCTC	ACGACTGA	GCACCTCCAAGTTCGCTCATGTATCAGGTG	6A1
FBgn0039816	-0.23	33	655	CCGGACACCGGGCCGAGCCGAAGGATGGCA	GTGACTGA	AGGGAAGACGAGGGTGCAGGACTGGATTTG	6A1
FBgn0039831	0.23	173	649	TCACCAAAACACACATTTGGAAACATTTCG	TAGACTGC	TTACTTGTTCTTAGTTTAGACTTCGAGTCC	6m
FBgn0039844	-0.01	303	1234	CAACAGAGGTCTGGATCCAAATTTAATATA	AAGACTGT	GGAAAACTACAAGGAATCAAGGAATCAAGG	7m8
FBgn0039863	0.07	48	518	AAAATTCGCGATAATTTTTCACCTGGAAAG	AAGACTAC	CTGTAATTCAGATAATAATTTCTTTGATAT	o6
FBgn0039863	0.07	342	518	GTTTTACTGTAACTTAACCGCGTAGTAAGT	AAGACTCA	TTGTGAAGCCATCAGATGGACTTGGCCTAA	o6
FBgn0039904	0.53	168	392	AATATTATTGCTATTAATGCAGTTTTCTAA	GAGACTGC	TAATTGTGTATGATGCATGTAACATTAATC	6m
FBgn0039942	0.26	188	761	CATGTTTGGAATTTCTGAATTGTAATTGCT	CAGACTGA	TTTGTTTATGGAACGTAGAAGGGTTGAGGA	7A1
FBgn0039942	0.26	299	761	GCAGCCTCCAAGAAGCCCCTGGAAGTTTCA	AAGACTTC	CTTGATTTCTCTATATGTTGTATGCATTTG	o6
FBgn0039946	0.33	217	1001	TGTCTCTTCCATGATTTCTCTGCCTTTTCT	AAGACTCA	ATAAAGTTATAGACTTTATATTTATATTTA	o6
FBgn0040153	0.47	535	1325	CACACACACACACACACTGTGAAATTCGAA	AAGACTTA	TTAAATATTTGTTTGTTTTTTTTTTTTCGT	o6
FBgn0040208	-0.23	213	703	ACATTGAACCGGAGGCCGTTGGAATTAGAA	AAGACTAA	CCGCTCTCAAAGAGGAAACACAAATGGAAA	o6
FBgn0040236	0.20	279	477	TTGGAAGTTATAGGAACTCGTATTCGACCG	AAGACTTT	GTTACGGACAATAATTACTTCATATTATAC	o6
FBgn0040237	-0.38	340	479	GTTGCATTTCGTATGTTAAAGCTTTGGACG	TAGACTGT	AAATTGAATTCGGTCGCGCCAGCACTGTGA	6m
FBgn0040271	0.70	108	639	TTGCCCCATTTAATGTTTTCATACATAAAT	AAGACTGT	GTTTTAATCTATATTCGTATGTTTAGATTT	7m8
FBgn0040294	-0.05	209	320	CAATGCTTGATCAAAATAGGCTAGCCATGT	AAGACTTA	GGGAACAGTTACTTAAGCCTTAGCGATTAG	o6
FBgn0040308	-0.30	58	219	TAGCCTAGCCCAGTTACATTCCTAATGTTC	ACGACTGA	ATCACGATGCAAACGAACAATCGCTAGAGT	6A1
FBgn0040324	0.73	752	821	CAAAACTAGTTATCCTGTACGAAGGATATT	TCGACTGA	AATTAATTAGCATCGCTGACTAAAAAACAC	6A1
FBgn0040505	0.16	192	2971	TGAACTTTCGAGTAAGATTACTGATTTTAG	AAGACTTC	GCGGCCCCTAAAAATTCGTCTTGTGTTGGA	o6
FBgn0040505	0.16	640	2971	TACCATACCCTTCGTTAACGTTTTAAGCTG	ATGACTGA	AATGCCAAACAATATTCCTAAAGTAAAAAA	6A1
FBgn0040571	-0.36	1210	3169	CTTATAGTTTTTAATAACTCCAATTTATGG	CAGACTGT	GTGCTCTGTGTGGTCTTACACACATTCCAA	6m
FBgn0040777	0.11	507	677	TACGATGTTCTTTGTTTTAAGTTATCTCGT	AAGACTAT	GCATATTGAATACCGTGTACTGAATTCAGA	o6
FBgn0040942	1.81	529	608	TTGTACGTATTTAATTTGTATTTAGAGCTA	AAGACTAC	AGTTTATACATTTTATGAATTTTTTTTATA	o6
FBgn0040985	0.26	66	337	CAGCGATGCGGAAATCGCTGCAAAAACTCA	AGGACTGA	TGCTGTGGATCGGGGGGAGCACGAAGAAGG	6A1
FBgn0041100	0.13	76	93	TTGACTACTTTTAAATTGTATACCATAGTA	AAGACTGC	TCGAACAAC	7m8
FBgn0041171	0.71	1016	1133	AAATCATTAAGCGAACATATATTTTAATTA	TAGACTGA	TTTATTAGTAATTGAAATTAATCTACAAAT	7A1
FBgn0041174	1.29	45	256	TGTTAGTTAAGAGGGCGGGTAATCATCTTA	GGGACTGA	GAGACAGGCTTGATTTCCAAATAATTTAAT	6A1
FBgn0041184	0.11	142	858	CACATAACAAAATCGCTAGCTCGCTACTAC	AAGACTGT	CATGGATCAAAAACCAAATGTTCACCATAT	7m8
FBgn0041188	0.06	454	576	AAAGGAAACTAGTAAATTTTTTGAAATTGC	AAGACTTC	TACAGCGCACGGAAGCCAAACACAACAACC	o6
FBgn0041342	-0.33	309	610	TGTGTGGGACAAGCAACCACCAACGCGGAA	AAGACTCA	TTTTTGTATTAGGCACTCGACGGACTGTGC	o6
FBgn0041702	0.30	178	282	GTGTGTACCATATACCAATTAGTCGTTTTT	AAGACTGT	TGTTATGCATATCGTTCGACGAAATACTTT	7m8
FBgn0042180	-0.05	130	831	GAACCGTTCAGCAATCCATGTAAATATGTT	AGGACTGA	TTTTATGTTTTGAGATTAGCATTAGCGATC	6A1
FBgn0042180	-0.05	491	831	TAGCTAGCGTAAATATTCCAAGGGCCAGCC	AAGACTGG	GCCGAGCATTCCACATAGTTGTACCTGTTT	7m8
FBgn0042206	0.49	72	137	TATCAAGAAAAAACTATATATTTAAAGATT	AAGACTGG	GCTGGATTTCGATAGACATTTCAATAGTTA	7m8
FBgn0042696	0.23	573	2136	CACAAGCGATTTCGGTATCTCAGCAATCTA	AAGACTTT	TTTTTAGATTTGATAAGTTTACACAATTTT	o6
FBgn0043001	1.87	61	174	TTGAGTGGATGATCTCCATTCACCAAAACA	TCGACTGA	TTTTTTACGCCACCTTGCTATCTTTAATTT	6A1
FBgn0043456	0.99	84	95	GTACACCGAACAGAACGACAGAACCGACAA	ACGACTGA	CTT	6A1
FBgn0043900	0.09	135	1057	ATATCCAAGCATTAACTCTATCTTAATTGT	AAGACTTA	AGCTGCTCAATAGTCAAGACCGCGACCGAT	o6
FBgn0044324	-0.30	44	900	TATCCGTACATATAATTAGGCTTAGTTCTT	AAGACTAT	TATATTGAAAGAACCTGACGTTGGTGGGTT	o6
FBgn0044324	-0.30	148	900	CATTCTCTTGGCCATAAGTATGCACCAGCA	CTGACTGA	GAGCCGTGTTTGGCGAGTAGTGAATATTAT	6A1
FBgn0044324	-0.30	738	900	AGCTATGGGAGAGCAAAGCCTAAATGTTAT	CAGACTGC	ATTTTTCAAATGCTTTTCTAAGCGTAGGGT	6m
FBgn0044823	0.62	220	997	GCTTAGATTAGGTTCCACATAAGAAAAAAC	CAGACTGC	GCGACAACGGAATGCATTCCGGCTTTTAAC	6m
FBgn0044826	-0.20	856	2320	TCGATATTCCATTTTAATTAGTACAAACGT	AAGACTAA	CCAAACGCCACAAAAGAACAGATTAAAGTA	o6
FBgn0044826	-0.20	1042	2320	AAAGTGAAATATTGAAATATTGTCCCTAGA	AAGACTAT	ATAGATCATATAGAAGTGGTATACGTACAC	o6
FBgn0045823	-0.07	472	1254	AGGAGTAAGAACAAATAACAGCAAATATGT	GAGACTGC	TTGATAGCGAGAAAGTGAAGAGATCAGAAA	6m
FBgn0050015	0.04	39	801	TATTTGGGATAACCTAAATACTCCGCCGAC	CAGACTGT	ACCTAGCCTAGCTGCAATCCAAGTGCTTTT	6m
FBgn0050122	0.05	240	494	ACCTTACCTTCGGATGGATTGTACAAAACT	AAGACTAC	ATATATCATTTGAAATTGAACGTGAATGTT	o6
FBgn0050158	-0.59	700	2270	TAGATGTCTCCCACGGGAGAAGGCATTTTG	AAGACTCG	TAGTGCCGTTCTCCTCGAAAGGAGTTCCTT	o6
FBgn0050158	-0.59	762	2270	TTCCTTTTGATGGCAAAATAATGGCTCAAC	GCGACTGA	GTACGAGGTTTTTCGAGGCAGGACTAGGTT	6A1
FBgn0050158	-0.59	1456	2270	GGAATGTGCTTAGCAATAAGATTTATTTAA	AAGACTAC	ATTTAGGCGGTACCGAGTACGGCGGAGATA	o6
FBgn0050296	-0.06	115	601	CGTTGCTAATTTCGTTGAACGACGAACATT	ATGACTGA	TTGCCACGAAACAGATTTGCCAATAATTTG	6A1
FBgn0050418	-0.55	152	667	CACTATCCTACAAAAAACTATGCTGGTTAA	AAGACTAT	ACACCTAGCTCCATATACTATATATATATA	o6
FBgn0050466	0.77	25	244	GTTTGATTGCCAAGGAACGAAGCTG	TAGACTGA	TGACTAGTTTGATATGCCAGCTGAGATAGA	7A1
FBgn0050467	0.76	31	77	CAACATGCCTCCATGATGGATAAAGCAAAA	ATGACTGA	GATTGTAGCTTGCAGCACAATATATTCTTA	6A1
FBgn0050497	0.41	273	1163	AGCAGCAACAGGAAGAAGAAGAACAAGGCC	AAGACTCA	GAGTAAGCAACAGACGCAGACAGCAACAGA	o6
FBgn0050497	0.41	954	1163	ATAATGTAACTATCCCGAGAGTTTGAACCG	CAGACTGA	ACTTCAGCCGCTGTTAGATGTTGAACAGGG	7A1
FBgn0051038	-0.83	144	640	GGCCGGGACGCGCAGAGCTGTTTGGGCAAC	CAGACTGG	CCAGGTCCTCCAAGCATAGTTTTAGTTGAT	6m
FBgn0051102	0.74	54	200	AACCGAAATTAAGTATATGAATTTGTATTA	AAGACTAA	AAATGTATACAAGTAGATCGATATATATAT	o6
FBgn0051176	0.54	369	808	TTATTTTATCTGCTTTGCTGTACATTCTGG	TAGACTGA	CATTTTAATATCCTTTCTATAGTTCCTCTC	7A1
FBgn0051708	-1.12	232	1271	TATACATATTATATATATGAGAGACCAGGT	CCGACTGA	GCTCGTTAAGCATATGTATAGCCATCAGCC	6A1
FBgn0051710	1.17	46	118	GAAGAATACTTATGGGGGAAGCAACCTAAG	CGGACTGA	CTAAAAGTGCTAAAATAAAACACCTTTTGC	6A1
FBgn0051852	0.63	52	85	TTTTAAAACCCAATAAAATGGTATAACCGC	AAGACTGG	TTTTAAGTCAGTATATTCAAAAAAT	7m8
FBgn0051855	0.39	529	599	TGGCAATGAATTATTTTGGCAGAAGGAAGA	TCGACTGA	ATTCCAGTACAACACATTTATAATAGCACA	6A1
FBgn0051992	-0.05	144	286	AGACCATGTTGTGAGGAATACAAAAGTGGA	TCGACTGA	TAGACGAATGGACTTAGAATTTTGTATGCC	6A1
FBgn0052183	-0.55	540	815	TTGTATTCCGATCTACACGTATGTATGCCT	AAGACTCT	GCTTGAACAAAGAATTTAGATGGATGTAAA	o6
FBgn0052190	0.75	80	348	ACACTTCTGGTAACGAGAACACAATGTGAT	TGGACTGA	AATAGCTCACTAAAGTCAATATCTCACTAT	6A1
FBgn0052191	0.63	301	325	TTCGAATTTTAGTGATTCAATAAAAAATAC	AAGACTAT	AAACCTTGAAAACAAC	o6
FBgn0052206	-0.18	685	2896	CGATTATGAGAGTTAACAATTTTTCACTTT	AAGACTAC	ATACACAAACGAAAAGAGGACATAAAACTA	o6
FBgn0052230	-0.01	98	172	AGTGGATTTGTTGTGGAAGCTACAGAAAGG	AAGACTAA	TTTGGAATTCGCTGTCATTAAAAATGAATA	o6
FBgn0052267	0.42	18	267	AAGAAAAAATGATCGAAG	AAGACTAA	AAGCTGTCTACTTATTTAAAAACGTTATCA	o6
FBgn0052380	0.22	84	544	CGAAAAGCAAACATGCAGAAACTAACCATA	CCGACTGA	TATTTTTATTTCGAAATTTCCATCGATCCC	6A1
FBgn0052380	0.22	392	544	TGAGTTTTGAACTAAATGTATTTATTATTG	AAGACTTT	TTAATGCATTATTATGTAATTGTAAGCATG	o6
FBgn0052638	-0.24	99	597	ATGGAACAGCAAAGACAACCCATGTGTAGA	AAGACTTG	ACTAGTCAGTGTCGCTGCCGAAAGTAATCA	o6
FBgn0052654	-0.15	391	459	ACTTATGAATAATTCGTTTGCATCACGCAG	AAGACTAA	TTCGTTGCCATTTCTTAACTCCAACCTCAA	o6
FBgn0052666	-0.12	376	2091	GGAAGTGGAAGTGGAGAGGGGATCATCCGC	CAGACTGG	CACGAAGACGATGATGCATTGATTTTGATT	6m
FBgn0052676	-0.09	980	1284	ACCTACACCTATACTATTGAATTAGTTAGT	AAGACTAT	GTTTTCTATTCATTTTGCAATTATCATTAC	o6
FBgn0052683	-0.53	221	2403	CATTTCTAGAGCAGTTTCCTGTTCTTATTT	AAGACTGT	TAAACAGTTTTGTGCTCTAGCAATACCATT	7m8
FBgn0052683	-0.53	2098	2403	TATACACTGTATCGATGGCTATTTAGTATT	AAGACTCT	CGATCCGCAACCGCATTCCCTTTACTTTAA	o6
FBgn0052756	0.56	303	436	AGCAACTAACTCCTATCTCTATGGAACATA	TCGACTGA	TATTAAAATGCGTCCGATTAGTCACGGCTT	6A1
FBgn0053120	1.08	18	78	CTTCCTTTCCTCTCTTTT	AAGACTGG	AGGGCAATCTCTATATACATAATGTATGCG	7m8
FBgn0053143	0.03	303	1574	CCAGGCAAGGAAAGCTTTGTATATTCAACA	ACGACTGA	CGTATACACATATGTGTAGTACATTATAAA	6A1
FBgn0053147	-0.04	1799	2345	GAAACAAACCAAGCAATATAAATTCAAAGC	AAGACTGA	AGGTCCTCCGCAGAATATTTTATTCTCCTA	8m
FBgn0053170	0.20	410	490	ACATCAAAAAGGAGGCCAAGAAGATACTAG	ACGACTGA	CTGGCGGAATAAGACCACAATTTTAGTTTA	6A1
FBgn0053180	-0.40	306	350	GGATTATATATATATAGAATCGCTAGACGT	AAGACTAT	CTATAAGCGACTCGGAGTAGTAAACAGTAG	o6
FBgn0053193	0.08	15	287	CCCGGTGACCAGGTG	ACGACTGA	CTCAGACCACATACTCGCCAGCAGCTATAT	6A1
FBgn0053198	0.11	41	55	TTAATTCGTTAGCAACTAATGATATTAAAA	AAGACTTC	ATTCCT	o6
FBgn0053202	-0.17	1225	1367	TGATAACGAAAGTAAATTTATTGAATTCAG	CGGACTGA	ATCGCGAACTGTATATAACTCTATTGCGAA	6A1
FBgn0053307	1.85	176	1274	TGAGTTAATTTAAAAAACGCCAAAGCTCTT	CCGACTGA	GCGCACTTTATTTGTTGCACTTTCCGCTGT	6A1
FBgn0053503	5.04	66	213	ATAGTTGCGATTTTTGATTACAGTAAATGT	TTGACTGA	TGAAATGCAGATAAGAATTTTGCCTCCTCC	6A1
FBgn0053526	-0.19	90	301	CCAAGATTTCCGAAATCGAGTCCCCACATG	AAGACTGT	ATCCAGGTTAGCCGCCGCAAGTTAATCTAA	7m8
FBgn0053527	0.30	91	230	GACAGGTGGGCAGATGCTGTGCCTGCTCGT	GCGACTGA	ATGTGGAAATGCCGGACGTTAAAAAAGTCA	6A1
FBgn0053547	-0.56	819	1165	ATCTGTTGTTTTTCTATTCTACGGCGGCGA	AAGACTTT	GGAGTAATACAAAATATAAAACAAAGAGAA	o6
FBgn0061469	0.07	74	375	TACCACCACCTCTCTGGGAAGAAGATTTCG	AAGACTTT	GATCGGTTTGAGTTCGTTTTGGGTTCTGCC	o6
FBgn0061492	0.69	19	255	GGCGCAAAGATACTTTTCA	AAGACTTC	GCAACATGTTTCTAAAATTCCATCCGCATT	o6
FBgn0066101	0.45	115	304	CGAGACCCGCGGCAGAAACACACACGCCTG	AAGACTGA	GCAACTCTGTGTATTGTGTAAATTAATTAT	8m
FBgn0069969	-0.05	397	422	AAAGTTTTTTTCAAATCGATAGAAATTTAC	AAGACTAA	TAAAAATGTTAAAGAAT	o6
FBgn0083068	0.81	318	415	TTTCTCAACTGTTTATACATTTTATTTGTA	AAGACTGA	TTGCTTGTACGTAGATGTAGTTTAATGCAA	8m
FBgn0083962	-0.13	108	1040	ATCATCGCCATTTGATTTTGAGTTTAGCAG	AAGACTGA	GCCGTTACGAAAGCGGACACTTTTCACGTT	8m
FBgn0083972	0.22	36	205	GCCCACAGACAATCGTCCACAATACTCAAA	ACGACTGA	ACCAGAAGATCAATTAAAAGAACATTTTTT	6A1
FBgn0085194	-1.27	26	136	AGCTCCTTAGTGAGGGAAACTAGACA	TAGACTGA	CCACTATCTATAGAACTCAAAAGCAAGCCA	7A1
FBgn0085433	0.14	23	511	GAAACGCATGACGACCTTCCAGG	AGGACTGA	GCAACTGGGCGTGGAGCGGGCGCGCTTGTC	6A1
FBgn0085442	-0.24	908	2368	TCCCTCATATTTAGCCATGCGAATTGTGCG	TAGACTGG	TGCCAATTCTCGAAGAGATTGAACGCGTTT	6m
FBgn0085442	-0.24	1852	2368	CGGGAATGCCACTGGTGAGAATGTATTCGC	TGGACTGA	ACGGAGCCAGCGCCAGCCCACCGCAGGCTC	6A1
FBgn0086347	0.90	49	517	ACTGTATTGTAAATTATGGAACCTAGTTTT	AAGACTGG	GCTCATCACCCTCTTTTCTACTTGTGACCC	7m8
FBgn0086676	0.46	187	1105	AGCTCCGATGGCATGCCGGGTGAACTGATA	CTGACTGA	AAACCATCTTTAATTTAATTTACGGTCACT	6A1
FBgn0086676	0.46	1003	1105	CTAATTGGAACGCAAATTGAAAGCGACATA	AAGACTGC	GAGCAATCAAATATTGGTCCATCGATATTT	7m8
FBgn0086677	-0.17	1013	1979	GAGAATGAAGCAAACATTTACATAAAGAAA	AAGACTTG	ACTTCATTGAAAACCCAATTAAGTTTCTAT	o6
FBgn0086680	0.06	271	1531	ACAGTGTTCTTAAAATCTGTTACTAAATTG	GCGACTGA	AAAAAATCATTTTAAACATATATACTTAAA	6A1
FBgn0086778	-1.04	905	1215	TTGCTATGATATAAAAATTATAAAAGACAA	AAGACTAG	CAATACGCAAATCAATCACAAGCAAATCAA	o6
FBgn0243512	0.39	119	959	ACTAAAATTGATAAAGCTGTACGTTTTTCG	AAGACTAG	TAGAAAATGATCAAGTTTTGATGTATTTTA	o6
FBgn0243513	1.01	258	305	ATTTATTATTTTATTTTTAAATCTTTAAAA	AAGACTGT	AACACCGCAGTGTGCTCAATTGCGTTAACA	7m8
FBgn0243516	0.18	412	788	GGAGCGCGCCTCTTTGCATAAATATCTTAC	TAGACTGA	ACATGTTAAAACCCAACAGCAACAAATAAT	7A1
FBgn0250869	-0.10	53	653	TCGGAGCGACAGAGAACGAGAGAGAGAGGA	CAGACTGG	AAGTGAAGTGCAGAAGAAGAGAAAGAGAGT	6m
FBgn0250876	0.20	356	565	CGCGTAAGCTTATGATATGGCCCAACCAGC	GAGACTGA	CCGTTTATGATTGTCTAAACAAATTTGTTA	7A1
FBgn0259110	-0.65	1065	1431	AAAAAACCCCCTTATTGGGGCAATCTTACA	CCGACTGA	TAGAAAATTTTGGGCTATATTGCCAGTTCT	6A1
FBgn0259176	0.09	431	618	CCATACGAAATACACACACAAACACACAGA	TAGACTGC	ACGCTAACAGCGGCTGCGGCTGGCGCTGTT	6m
FBgn0259214	0.12	55	167	AATATGGTTAAGCCTATAACAATTCCAAAT	TAGACTGG	TTATGCTTCTCAAAGCGCAATCCCAAATCA	6m
FBgn0259219	-0.22	316	796	CAAAAAAATCACTGCCAAGTCAAACGCAAG	CAGACTGA	AAATCAAGACAAAACCACAGCCAAATCCAA	7A1
FBgn0259749	0.70	25	254	GATGTAGGGGATCTGCATGGACGCA	TAGACTGA	TGGACGGATAGTAGTCGTTTCGATTATTTG	7A1
FBgn0259824	-0.07	705	729	TCGACTACTTCGCTTCGGGAACGGCACGCA	AAGACTTT	TCAAATATCACTAATT	o6
FBgn0259878	0.70	436	582	TTTGTTTATAAGCGAAGCTAAATTAATTAA	TTGACTGA	TAGCTTAACCTTATAGCAAGATTTTTGAAT	6A1
FBgn0259938	-0.04	1122	1414	TTATTATTATTATTATTATCACTACTGTCT	AAGACTTA	AGTTGATTGTTTCTTTGTGTGTTTTTGTTA	o6
FBgn0259984	-0.42	1690	2318	AGAACTAATCGTGCAACTACTCACGGAGTC	CCGACTGA	TGTACTACTCCAAGAAAAGACATTTATAGC	6A1
FBgn0260397	-0.50	115	573	TAAAACGAAGCTAGGCCGCTGTAAATACCT	AAGACTAT	TCAACTAAGCATAGACCACTTTCATTCAAC	o6
FBgn0260446	-0.49	1304	1327	CATAGACAACATCAAATTCCTACGAAATGA	AAGACTTT	AAAATCTAAGCCGTT	o6
FBgn0260499	-0.05	221	3854	ACTTCGAGTAGCTTCGATCAGCACTAAGCG	AAGACTCG	AAAACCCAATCTACGGAATGTGAATGCATA	o6
FBgn0260632	0.19	520	1143	GATCCAGCGCACTTGAGGCGGAAACGTCAG	AAGACTGG	CGGTGATCCCATGCACCTGCTGCTCCAGCA	7m8
FBgn0260632	0.19	807	1143	TATATATTTGATGTTTTCTTCGGTATACCA	AAGACTAC	TTAACAAATCATCGCCCCCGATGACGTATT	o6
FBgn0260653	2.22	149	374	TCGATTATCGCCCATTTGAATTTGAATTGC	AAGACTTT	TACGAGTGCACTCGTACTCTCTATTTGACT	o6
FBgn0260653	2.22	181	374	GACTTTTACGAGTGCACTCGTACTCTCTAT	TTGACTGA	TTTCGAGGATCAAGTCTTTGCTGTGTTACG	6A1
FBgn0260741	0.10	80	160	CCCATGTATATTAGATACTAATTGTATCGT	AAGACTTT	CAAAAGTCTACAAAACATTAAATGACAAGT	o6
FBgn0260860	0.07	322	489	TTTAGTCAACTCCACAAGCTGAGAAAATTA	CTGACTGA	CTGTCTGCTGCAGGCGAGCAGGGACTACAC	6A1
FBgn0260866	-0.82	364	908	ACTTCGAGAAAGTGCTATTTAAACTCGTCT	AAGACTTC	ACTGCATAGCCTATGCCTAGAATCTATAAC	o6
FBgn0260938	-0.12	360	552	TGGCAAACAAAAATCAAATTAAAAGAGGTT	AAGACTTC	CTTATACTTCAGACCTAGCATTCAACCTAA	o6
FBgn0260941	-0.41	2704	2771	CAATTGAGCGAAAGTTGTCGAGGGCCGCTT	AAGACTAG	AGTAAAAATGCATTTTAAGCCTTAATTGGG	o6
FBgn0260942	0.24	226	371	CCCTAAGTGCGTGAATGTGGCCATGTTTGT	GTGACTGA	GTATGTGTTAATGTTTTTCTAGCTGAGCGT	6A1
FBgn0260960	-0.20	983	1234	ACAGTCGAAAAGACGTCTGATAAAATGTTG	CTGACTGA	CTGGATTAAGTCGAAGCATTGTCATAGTCA	6A1
FBgn0260970	-0.02	1072	1587	TATTTTGAACGATCAAATTGAGCCACTGCA	AAGACTAG	CTAATATTTCAATATCTAGAAGTATATACA	o6
FBgn0261108	-0.15	858	1112	GATCTATGCAAATGCATATCCACTAATCGA	AAGACTTG	AAGCATAACGAAATATATCTATCCTAACTT	o6
FBgn0261239	-0.10	351	367	GTGTAAACTAAAGCACACATGGAAAATGAA	AAGACTAA	ACAAATTT	o6
FBgn0261285	-0.16	785	2362	GCACTGAGTTATTTCTTGGCCAGGCTGAGA	TAGACTGG	CGCTGGGCATGGGTTTCCACATCCGTAACT	6m
FBgn0261565	-0.13	142	342	TCCAGTCTCCAGAATCCAGCATCCGCTCCT	CTGACTGA	GGGTAAACACCCGTCCACGGGATCCCAGAG	6A1
FBgn0261647	0.17	407	1156	AATAGTTTTTATAGCAATTTTACACAGCAA	AAGACTTC	ATTACGTTTAAGGCGGCGGCGGGCTTGGCT	o6
FBgn0261648	-0.48	519	1584	GATCTGGAACCAAAGGCTGCTTGGTATGGA	GAGACTGA	TGGCGTTTCATGTTCCACAAAACTGAGAAC	7A1
FBgn0261722	0.57	61	623	ATCGAAGAGCTGGGTGTGCCGTGAGAAAAC	AAGACTCA	AAACGCAACATTTGAAGGGCAAACCTAACC	o6
FBgn0261786	-0.03	332	622	ATCTTATAGATCGCCTCTTCTTCGACTCGC	AAGACTCC	CGACTTTTCCTTGAGCTCAAATGTAGTTCA	o6
FBgn0261793	0.02	2816	3836	ATAGCATAATTCTGTTTTTGTTTTGCCGTA	AAGACTGC	ATTATACCAACAATTAATTATATACAAACA	7m8
FBgn0261793	0.02	3031	3836	AAGAAACATTTATTTATTAGATCCTAAGTG	AAGACTAC	GATTTGCTAGCGGAGATCAAGTCAGGCCAG	o6
FBgn0261822	-0.20	2776	6023	GGAGTTAAATCACAAGCCGAAACGAAAGCT	AAGACTAA	ACCTAAGCCAGAAAAGCGGTTCGCATCGGT	o6
FBgn0261823	-0.16	790	1142	TAAGTTTAGTATTATCCACCCAAACGATCT	AAGACTCT	TCATGCCCACATTTCTTTAGCATGTAGCGT	o6
FBgn0261854	0.12	732	1343	CAAAAGATAAACCATTTCAAAACTCAATGC	AAGACTTT	TCACCAAGAAACTTAGGGGTTTGACGATCC	o6
FBgn0261933	-0.04	213	259	AAATGTGTTTACTTGGCAACAAATTGAAAG	AAGACTCC	CGCCATTAAATTATGATTAAAAATGTTTGA	o6
FBgn0261988	0.26	274	310	CACACAATATATATTTATAAATGTTTCAAA	AAGACTCC	TAACCGAAACAACACACACATTGAGCAC	o6
FBgn0262103	0.06	846	1010	CACAACATTGATAAATCTATTTTTTAATGA	AAGACTGC	TGTGATTTTACATGTAATTAATTTAGAGCG	7m8
FBgn0262139	0.07	16	866	AGGGGCCATGTCTTAG	GGGACTGA	AGGATGTTTTGAAAACCACTAAAAGATTTT	6A1
FBgn0262139	0.07	348	866	GCTAATCTTAATTAAAGTTAATGATAAAGT	AAGACTTG	CATAGAGTGCCAAGGAATAGGAAACCGAAC	o6
FBgn0262476	-0.43	920	1994	TCTAAATAATATCCTCAATGTTTAGATGTT	AAGACTCT	TCATCCACAGCCCCAAAGTCGTCCACTCAA	o6
FBgn0262527	-0.25	27	199	GACCAAAATCCAAAGTTTTCGTTATTT	AAGACTTT	TAAACGATTTGTCAATTTTTAAAGCCACAA	o6
FBgn0262617	-0.24	240	990	TACCACCACCCAAATGAACAGCACAAGTTC	TAGACTGG	AGCCCCGAGGTTCCCTGCGATCCGATCCCA	6m
FBgn0262636	-0.21	25	323	AGTTCGGCGATTCATTCCTCTAGGG	ATGACTGA	GGACTGAGGATTGATACAGATACAGAATCA	6A1
FBgn0262636	-0.21	32	323	TTCGGCGATTCATTCCTCTAGGGATGACTG	AGGACTGA	GGATTGATACAGATACAGAATCAAGTACAA	6A1
FBgn0262699	0.21	22	703	GGACAATAACTCCAAGCGAGCG	AAGACTGA	GCGAGCGCCAAAGGCAAACACAACACAACA	8m
FBgn0262732	0.23	290	410	AAACGGAAGCGAGACGGACGTGAAACGCAA	AAGACTAA	TCTGATATTAACGCGCTCATAGCTTGGAGT	o6
FBgn0262743	0.08	1104	3863	AAACTAAACTAAATGTAAGACACTGAAAAG	ACGACTGA	AAACGAAACCCAAACTAGAAACTAAAACGA	6A1
FBgn0262743	0.08	2577	3863	TGTGATGCTTGTCGATGGTTGTTTATGGGA	GTGACTGA	TGGTGGGAGGAGTATGTCTAGCAGAAATCG	6A1
FBgn0262743	0.08	2728	3863	TTAAAGAGTAAGAGTAGTGTGTTTGGAACT	GTGACTGA	GTAAATTTGTATGTAACCATTCCAAAAGCA	6A1
FBgn0262743	0.08	3093	3863	TCATCTGTGTGTGGAGTGTACGCTGTGTGA	AAGACTTG	TGTGGATATATGTATGTATTATAATGATAT	o6
FBgn0262743	0.08	3774	3863	GTGCGGCCTAACTGTTCCGAAACAAATTGT	ATGACTGA	TAGTTTGTACGCGAAATCTTAGCAAATGTA	6A1
FBgn0262976	0.63	75	726	ATATATATATATATACATATATCTGCATAT	ATGACTGA	CCAAAAGATTCTCCACCGCTCTGGATATGC	6A1
FBgn0262976	0.63	635	726	TTCCTTGTTACTTTTAGTTTTTTCATTTGA	AAGACTGC	CGTTGACTTTTTCATTTTATTCGCGTGCAT	7m8
FBgn0263102	-0.09	647	2199	ATGTGCTTTGTTATAATTTTCGCTTAGTGT	GAGACTGA	AAGTGCGCCTAAAACTGTTGAAAAACCCCA	7A1
FBgn0263106	0.40	259	560	AAAGCAGCCCGTGTAGCCCGTTTCGTGTTG	GAGACTGA	TCGATTATTAGCTATTTAGCATTACACAAA	7A1
FBgn0263112	0.49	286	659	GTTACGTTAGTTTTAGTAAATGGAAACTGT	TAGACTGT	GACGAAACAAATATATGTGTCAACACTTAC	6m
FBgn0263120	-0.14	317	734	TACTCGTTTCTCATTTTAATAAAGTTCGCA	AAGACTTG	CTTGGCAGATATGTAGCTGAAGCTGAGTTT	o6
FBgn0263240	-0.14	68	213	TATAAGCCTAGCTTACAGTATTATAAGAAC	GCGACTGA	CTAACTCTGTGAATCTGCCTACATACGTAG	6A1
FBgn0263241	-0.01	90	191	TACTTGATTTAGCCACAAATATTAAATTAA	AAGACTTA	TGAAGCAAGAATACATAAGTGTAAAAATGT	o6
FBgn0263354	-0.15	348	1372	CAATTGGCTAAACTTTAATCATCAATCAAT	AAGACTCT	ATAATTACCAATCAGAACATGTCGCTATTA	o6
FBgn0263354	-0.15	1003	1372	AAGAATTCTCAAATTCTGCGAAACTCTGTA	AAGACTTT	AATTCGATTCCAAAGCAAAACTGAAACTAT	o6
FBgn0263395	-0.02	731	1054	ACGGTTTGTTGGGAAACAAAACTAGTTAGT	AAGACTTT	TCTAACCTAGTAACACGAATTCAAAACAAA	o6
FBgn0263396	-0.21	203	695	ATGAAAGAAATGAGGAAAAAAGGAAATGAA	TAGACTGG	CTGGCTGGGAGCAATAATATCAACATCAGC	6m
FBgn0263490	-0.14	203	727	AACAATATGAAAAGAAAACAAAAGAACCAG	CAGACTGC	ATTGAATGCAATCCCATATTGCACTAAAAA	6m
FBgn0263706	0.04	269	1664	ATCGGGGGGCATGTTGGGTGCCAGTCTGAA	GCGACTGA	CCAAGCTAAAGCGCGGCGGCAGCCTCAAGG	6A1
FBgn0263830	0.02	56	70	ATGATAAAAAGACCGTGCGCAGCCAATAAA	GTGACTGA	AATTGG	6A1
FBgn0263916	0.10	207	323	TTAATAATATGGTGTCTAATATTTCATAGT	TAGACTGC	ACACACATAAATTTAGTTTTGCGCTCAATT	6m
FBgn0263929	-0.16	225	806	TGAAATTATCGATTGTAACTGAAATGAATT	GTGACTGA	ATTGTATTGAACGTAATGTTTGTTTTCTCC	6A1
FBgn0263930	0.49	810	835	TTTAGTTGAGTAAACGCACGGAAAAACTAG	AAGACTTA	CAGCTTTATACGCAAAC	o6
FBgn0263977	0.18	247	271	TGTAAGTAAGGCAAATCGTTTGAAATTTAC	AAGACTAA	TAAATATATAAAAAAG	o6
FBgn0263987	-0.23	301	1146	AAATGAAACGTTTGTTACGTTGTTTAGATT	GCGACTGA	GCCCAGAGAGAGCCCCTTAATCATTACATA	6A1
FBgn0263995	-0.01	1530	5698	TGAACGTTGCACGTGCGCTGTAGTGAAGCA	AAGACTCG	AGAAAAAAACCGATTTTTAAGAAACAAGAA	o6
FBgn0263995	-0.01	1676	5698	TGGTTGAGACTTTTCTGCGTTTCCCCTACA	AAGACTTG	AACTTTTACTAGAGGCCCCCAAATCTGCAG	o6
FBgn0264006	1.13	1480	4523	GCAGTGTTGTTAGGTTAATCGACATTTTCG	TCGACTGA	AATTCTATCATATTTCTACAAATTTAATTA	6A1
FBgn0264490	-0.40	920	7966	AACAACCAGCAAAACAAGCAATAATAATAC	AAGACTCT	ACAATACAAAGAAATGAAACAATGAAATAG	o6
FBgn0264490	-0.40	1563	7966	CCACCAAAAGTAAGAAAGCATAAATATATA	AAGACTTT	ATATTACTATATACCATATGATATATATTT	o6
FBgn0264494	0.01	322	526	ATACTTCATCCACTGAGCTGGATCTCCGCG	AAGACTCC	AGCTATGCCAAGTCTTGAATATTCATCTAC	o6
FBgn0264695	-0.55	515	662	TCCCAATATTGTTTGTCATGCAGACCAGAC	AAGACTTA	CGGACGACACGAGCTACACACTGCGCTTAT	o6
FBgn0265003	-0.08	436	1194	CGGCGTCAAAAAAATGATCTTGTCCTGAAT	CAGACTGA	TCTTCTAACTTTATCCTAATCCAATCTTCC	7A1
FBgn0265082	-0.31	171	2143	CAAGTACTTATAACCAACTTATTTGTAACT	GAGACTGA	TTTACGACTAACAAAGAAAAAAATACAAAA	7A1
FBgn0265082	-0.31	1253	2143	GAAAACTCATGTGTATACCTATAGGTATAG	AAGACTAT	ATATGTTTTCTCTTTGTGTTTACAAAAGAT	o6
FBgn0265192	0.42	204	444	ATTTTATATTTTATTGTAACGGCAATTGAT	AAGACTTG	AACAATTCGAAGCATCGCAGCGATCATACA	o6
FBgn0265274	0.61	118	324	ATGAGGTTAGGCATTTCCATTTCTACCACT	AAGACTGC	AAGAGAACGAATCAGCAATTGCACTTTCGG	7m8
FBgn0265487	-0.23	1195	1400	CACTCACACACCAGATACCCAAACACTTTT	CAGACTGT	TAAGCCAGCAAAATTAATTTATGTTAATGT	6m
FBgn0265487	-0.23	1295	1400	CCAGAACTATGTAAACCCTTTTGATTTTCA	AAGACTAT	CTCCATATCCTGATTTCATTTTTCACCTGT	o6
FBgn0265523	-0.50	856	1299	TATGGATTGTAAATTTGGCACGTCCAAAAA	AAGACTTT	TTAAAGCGTGATTCAAAACATTTTCTTAGT	o6
FBgn0265597	-0.67	32	3272	GGATGGATGTGTTCCCGTATGACTGGTCCT	AAGACTTA	TGGCTAACACACATAGAAATTCGCCATTAA	o6
FBgn0265597	-0.67	1188	3272	ATAAAAACAAACGCTTACTGATGTAAAACA	AAGACTTA	AAACTAAAACAAAAAAAACAAACATGAAAC	o6
FBgn0265598	-0.48	75	457	CCAGAATCGATATTCAAATCTTCGTTTGCT	TTGACTGA	GTTCAAGTTTTATAGTTTTAAAGGCCTAGT	6A1
FBgn0265605	-0.31	1071	1080	CGAATCCTGCAACCGTTCGAACCAAACAGA	TCGACTGA	C	6A1
FBgn0265935	0.42	16	802	GTCTAGCAATGAAACG	AGGACTGA	ACTGATAAAAATGGGCGGAATGGATTGGAG	6A1
FBgn0266084	-0.04	89	525	AGTGACGTCACAAGTCGGGCACTACGCGCA	CAGACTGA	AATTGGCGATCTCAGGCGAGCAAGCGAACC	7A1
FBgn0266369	1.13	69	145	ACTATATTTCTATGTGAAAACTCAGAGATT	AAGACTCG	ATATAGTTGTAAACTTAAACGAACAAAGAC	o6
FBgn0266375	0.18	167	304	CGTACATTTAACCCCTTAAGTTTAAAATCA	AAGACTGA	AATCACAATATGCATACACATATTTTTTAA	8m
FBgn0266418	0.26	320	597	AGGGCAATGATCGTTGACCAATTCCAGAAT	TAGACTGA	ATTACTTATGTATGCTGCAATGGCAAACTG	7A1
FBgn0266450	0.21	29	942	GGGTCCAAGGCCGATCCCCAATCAGCATT	AAGACTGT	CCAAACAAATTCTAACTGAAATTAGCCTAA	7m8
FBgn0266521	0.17	543	835	AGTTTTTTTTTTTTTTTAATTACTGTGGCA	TCGACTGA	GGTATTCTCAAAATAATAAGCACGCTGTAT	6A1
FBgn0266580	0.12	16	292	TTGGATACGTAAATTA	AAGACTGT	CAGCAAACTGACTCGGGTTTTTTGTAAAAT	7m8
FBgn0266711	0.48	57	153	TACATTATTTACAAGTGAACGAAGAAGGGC	CAGACTGC	GTAAAGCTTAATTTGCCCATGTTAATTTGG	6m
FBgn0266717	0.22	157	605	ATGGCTTTACTTGATTTAATTTTTGTAAGA	GAGACTGC	AACAGAACTTGGTGTGCTTTACTTAATGGA	6m
FBgn0266801	-0.10	2195	2320	GAGCTTGTCAATTTAGAAAGATTTTATTTA	CCGACTGA	TGACCGAACCAAACAATTACTGCTACAAAT	6A1
FBgn0266918	0.02	385	817	TGGCGAAATGGATACGATACGATGGACAAG	ACGACTGA	TGTGTGTTTGACTAGCGTTTAATGATCTCA	6A1
