FBgn0000032	0.14	83	440	CCTTGCCCGCTCTCTAGTTGCCAAAGTGAT	TTGCCTTT	CTTGGTGTTTTCTATATTGATTTTGGAAGT	6m
FBgn0000064	-0.21	19	396	TCAAAGGATTGAAGAATTG	CTGCCTTA	AGATGGCGATGAACAAGCTTTCATGGGGCC	7A1
FBgn0000071	-2.68	189	420	TCGGACACACTTGAGATCGAGCCACCGCTT	GTGCCTTA	TGAATTTTGCTCTGCATCCGTCGGCTTGTG	8m
FBgn0000084	-2.15	63	147	TTTATTCGTGTTAATAGCTTTGATCGTAGT	GTGCCTTT	TAGGAAAATCGCTTTTAATGTCGTCTGCGC	7m8
FBgn0000097	-0.23	149	738	AGACAGACACTCTGCTGGATAAAATTCTGG	ATGCCTTT	CGGTTAGGATGGGTCGCTTAGAATGCAATC	6m
FBgn0000119	-1.01	571	796	TGTCTTCTTAATTGTTATAAACACCAAAAA	GTGCCTCA	TTAATACGTGTGTTTTTTGTTTAATCTTTA	o6
FBgn0000152	-0.57	134	179	CCGCGAATGTTCGAGACCAACGGAAGTAAG	GTGCCTTA	AACCTAAAACTCATATAAATATGTCCACAG	8m
FBgn0000221	0.37	71	328	ATATATACGAACGAGACAGCACCTAGACAA	CAGCCTTA	TAAAGTATATTAGGAGCAGTGGATGATACC	6A1
FBgn0000239	0.21	157	491	ATAAAGATCCAACGGCGGACGGATCGACCC	TTGCCTTC	GAGCACTTCACAGCTGCTCCTGCCTTTTAG	6m
FBgn0000239	0.21	184	491	CCCTTGCCTTCGAGCACTTCACAGCTGCTC	CTGCCTTT	TAGAGAGACACGTTAAACGAGCAATTCATG	6m
FBgn0000261	-0.68	37	290	GAGCGGATTCGACGGATCAGACTTGGTTTT	TGGCCTTA	ATTACGATTAATCCAATGGAACTAATTATT	6A1
FBgn0000289	0.09	222	1460	AAGCGATTCCCTTAAATGTAATATTTTAGT	TAGCCTTA	CGTTAGCGGTTAAGTGATCGGATTGTACAC	6A1
FBgn0000289	0.09	357	1460	GTTTACGTAGAGTATCTGTTAATTTTTGCG	ATGCCTTG	GTCGCATCTAAAACAACAACCTGTATGAGT	6m
FBgn0000289	0.09	828	1460	GTCGTCTGGGGTCTGAGGAATGTGGAGTAG	GTGCCTGG	CACAAAAACTAGCTAACACAGATAACCAAC	o6
FBgn0000289	0.09	1192	1460	CCTACACACTAAGCATATATTTTAATATGT	AAGCCTTA	AAGAAATACAAAAGGAAAATATGAATTATA	6A1
FBgn0000299	0.31	60	193	AGCACAGAGCATAAGTTTAATCTAAATGTA	AAGCCTTA	AAATTACCAACGAATCGTGTGCACACCCAC	6A1
FBgn0000376	-0.01	106	755	CAAGCTGGACGATGGAAAGGAAAGCCACGT	GTGCCTCC	AAGCCTCATGTCCCACTGATATTACTCATT	o6
FBgn0000395	-1.13	394	991	GTTTTATCCGGAGATCCTGTTGTTGCTTGT	GTGCCTGT	TTTGTATTTGTATTTGTATTTGTACTACTA	o6
FBgn0000536	-0.11	175	515	AACAAACTTAAATTAGTGTCGTGTTCGTGC	CAGCCTTA	GTGTATGTACAGTGCTCACTCGAAACAGTG	6A1
FBgn0000562	0.28	158	671	TTTCATACCAATTGAGAAGCAATATATTTT	GTGCCTAG	ATGTTGAACATTGCAATAACAATTATATAT	o6
FBgn0000581	0.08	93	2187	GAGGCGGAAACCCAGGCGGTGGCCATATCC	ATGCCTTT	GGCGGACGCCCACGTGGCCTTGGGCCAGCT	6m
FBgn0000588	-0.42	219	256	TGTAAGAACGAATAGTTGTTGCTTACTCTG	CTGCCTTT	ATTTATTGTAAATAAAGTGAGTACATTGT	6m
FBgn0000719	0.31	279	885	CACTACTTAACAACCACTTTTGATTTTTTT	TTGCCTTG	GCGTTATATCATACCATATTTTTTGTGTTA	6m
FBgn0000719	0.31	415	885	TTTATATGTGAGCGCTGCTGTCGCTGTTGC	GAGCCTTA	GCAATATTTCATTGTGATTACTTAGGCATA	6A1
FBgn0001125	-0.48	158	194	ATCCATATCTCTGTATATAAGCTAAATGAT	CTGCCTTT	TAAAAAATAAAGCATTTAAAATGTTAGT	6m
FBgn0001189	-1.58	128	354	ATATGTATCCGACTGTATCTGCGGAACCGT	GTGCCTTC	TATATTCATACATATGTGAACGATTTTTGT	7m8
FBgn0001189	-1.58	172	354	CATACATATGTGAACGATTTTTGTGGTGTG	TAGCCTTA	AGAACAGTGTGCATGCACTTGACGATTTGT	6A1
FBgn0001222	-0.39	169	452	AACCACTATAATCATATGAATGATCTGTAT	ATGCCTTA	TGCACTATATATATGATATATAGACTAACC	7A1
FBgn0001248	-0.29	56	251	GGCCTCGCATCTCTAGAAAACTACTCAGCG	ATGCCTTG	TCCTCGTCACCATATTCACAATATTTCCAT	6m
FBgn0001257	-0.22	77	127	GAAATTCATCTAGTTAGTTAGATAGATCAA	ATGCCTTC	GAAGATGCGTGAAAAGAAATGAAATATGCT	6m
FBgn0001297	0.07	611	1089	AATATATATTCAGCATACAAACTAAATACA	ATGCCTTG	AGAGAGAATTAAGAAATGCAAACCTTTATA	6m
FBgn0001308	-0.10	89	304	TACGTTATACATACTTAACATAACTGATAA	TTGCCTTC	GCTTAGATGAGATGTGTCGCGATCATGTGC	6m
FBgn0001316	0.01	504	819	TGTATACTTTTTTGTTTGAAAAACACTAAA	GTGCCTAC	AAATGCGAACTGTGAACGAGGAGCTACCAG	o6
FBgn0001977	-0.16	270	1525	GTCGGCATCTTGTCGGACAGCACCCAAATA	GTGCCTTC	ATTGTCGATTTTCATGTCATTTGGAAAGAC	7m8
FBgn0001987	-0.57	230	1028	AGTTGTAGTTTAGGCAAACCTGTATTTCTA	ATGCCTTA	CTTTAAGTTAAATTGTTCGTAAGTTTGATA	7A1
FBgn0001987	-0.57	304	1028	CGAATACAAATCCATATCAATGACATTCCA	TAGCCTTA	TCATCGGCCTTTACGTGTATATATAGAATT	6A1
FBgn0001987	-0.57	381	1028	AATAAGAATTATTTAAATCTAGGAAATTGC	CTGCCTTA	ACTGAAGGAAATTAGCTATATAATACAAGT	7A1
FBgn0001987	-0.57	693	1028	CCACACATCATCAAGAGCAATACACCTACA	GTGCCTTA	ATAATATTTGGTAATTGTCCTCGATGGACC	8m
FBgn0001987	-0.57	763	1028	CCCACCCCATCCATGATGTACCAACTAAGT	GTGCCTTT	CATACATACATAAATGTACTCCTAGTTATA	7m8
FBgn0002524	-0.34	171	676	GCTTCTATTTATGACTAATTCTCTGGTTAT	ATGCCTTA	AAAGGGAAGATCACTACAGCAACAGAAACA	7A1
FBgn0002641	-0.62	250	284	TACCTCTTGCCAGTGTCTTAAGCCTTTAAA	AGGCCTTA	ATTGCAAAATAAACACATTGAAATCG	6A1
FBgn0002707	0.10	261	533	ACCGCTGGGGATGCGCACACACTGCAGCCA	GTGCCTGG	GCCACTGCCATCGGGGATGAGCGCTTAAAA	o6
FBgn0002775	-0.20	281	320	AGTTGAGTAGTACATGCTAGTATTTTTGTC	ATGCCTTG	TTTTTTGTGCTCAAATATATTTAAGAGTTG	6m
FBgn0002922	-0.70	75	132	AGGATACACGAGATACCCAGTGACCCGAAT	AGGCCTTA	AATTATTTGTATAGCATTAGAACTTAATTA	6A1
FBgn0003048	-0.41	851	1366	AGTGGAATGACGACATGTAAAGCTCTCACG	TTGCCTTA	ATATATTAGACTGATTTTTTCTACACACAT	7A1
FBgn0003137	-0.25	341	464	ATCGAGGAAAGAAAAGCGGCTAAAACGAAT	TTGCCTTC	TACTTTTTAGTTTCTACGACATTTCTGTGC	6m
FBgn0003139	0.02	191	664	ATCCGTTTCATTTGACCACCCATGAACTCA	ACGCCTTA	AACTCAAAACGTGCGCAACGAGCACCCCAA	6A1
FBgn0003204	-0.06	39	603	ATGGCTGCGACGGAAACGGGCAGTGGAGGA	GTGCCTGC	CCCTGTCCAGCAGCAGCAGCAGCAGCAGCA	o6
FBgn0003205	-0.21	383	947	TCTACATAAAAACTATGAATACTGTTGTAA	CTGCCTTG	GTTCAGCTGCTATATCCGTTTGTTTTCAAC	6m
FBgn0003205	-0.21	761	947	GAAATTATAATCCGTATGAGTTCTTGAGAT	TTGCCTTT	CTTTCTACTTACCATACTGACAGATCAATC	6m
FBgn0003206	-0.44	624	938	TTACAAACCGATTTTGTTGTAACAAATTGA	GTGCCTCG	TTCTCGCGCGTAGAAATCTAAAACATCAAA	o6
FBgn0003257	0.09	173	456	ATCTTCCGCAAAACAGTTGGCAAACGATGC	TTGCCTTA	AAGTAAGAGTTACAACAAATAGAATGGTTA	7A1
FBgn0003301	-0.13	1796	2192	ATATCTACACGAAATAATGGCGGGAAAACA	ATGCCTTA	TAAGCAGGAATGAATTCTGAATCCAAAGGC	7A1
FBgn0003317	-0.85	269	648	CCGTTCCACCGTGAGCCTAGCCTGAAAAGG	GTGCCTTT	GAAATTGCCTTAAGTTAAAGTTAGCATCGA	7m8
FBgn0003317	-0.85	281	648	GAGCCTAGCCTGAAAAGGGTGCCTTTGAAA	TTGCCTTA	AGTTAAAGTTAGCATCGACTCTAATGTATG	7A1
FBgn0003317	-0.85	408	648	TCAAGTGCCATTTGCAATTGAGAATTGTAA	ACGCCTTA	ACTTTAAGCTCACTCTTTGAACTTTACACT	6A1
FBgn0003321	-0.25	524	757	CTATATTCCCCGCTTTCCCAGATCCTCGAC	TCGCCTTA	CATTTTGTATACAAATACCATAGAATAAAA	6A1
FBgn0003328	-1.66	202	783	TTTGGTTTGATCTGTAGTGGCAGCAGAAAA	GTGCCTTT	TAGTTTTTAGGTTACCTCTAATTTACACGA	7m8
FBgn0003345	0.06	397	1047	TCACCTCACCGCAACATCATACGGATATCG	ATGCCTTG	ACAGCACTTCAAGTGGAGGAGGTTATTTAT	6m
FBgn0003444	-1.67	587	653	CTCTTGGGCACACAAATCGTACCTCAGAAA	GTGCCTTC	AAGTTTACAAAATTATACATAATAATTTGT	7m8
FBgn0003656	-0.36	93	598	AACAAGAAGCATTAACAAGCCGAGGACGAG	GTGCCTTT	CGCTTGCCAGACGCCCAACGGCACAAGGTA	7m8
FBgn0003716	-0.59	171	1093	GAGCGGAGTAAAGCAGAGGATCCTTCAGAG	GTGCCTAT	ACTACGGTTACTTAAACCGTCGCACTGATT	o6
FBgn0003716	-0.59	565	1093	TAAACTTTGCAGACTTTGTGCAAGTAAATG	CTGCCTTT	TGTAAAATCCACGGAATTAGTTGCCTTAAG	6m
FBgn0003716	-0.59	593	1093	TGCTGCCTTTTGTAAAATCCACGGAATTAG	TTGCCTTA	AGACAAAGTGTAAAGACAGGAGCCAACAGA	7A1
FBgn0003892	-0.04	365	887	TAATTTCCCGAAGTCCGGTATTTATAGCAG	CTGCCTTC	CCCGCCCCCCTTCCCTTGAAATGAACACCC	6m
FBgn0004103	0.10	633	1065	ATACAGATGTGGGGGCCCTGTAGTGCTCGT	TGGCCTTA	AGAGTATAGAGCAAGTGAAAACAAAACAAG	6A1
FBgn0004378	0.02	276	400	AAGAAGTGAATTTGGTTTTTTAATGATGTC	ATGCCTTC	CAAGGAAGCGCTTTATAATTAATATAATCT	6m
FBgn0004379	0.18	36	292	TGAACTCATTCAGTTAGTTTCAACTTGTGT	TTGCCTTG	AAGTAACAACTATTCCGCCAGGACCGAGAC	6m
FBgn0004381	-0.88	225	459	TTTTATTAATTCCACTTTAGTTAATGCCAT	ATGCCTTG	AGTGACTTGGCCAGTCGACCCCAACACGCT	6m
FBgn0004397	-1.72	91	668	CAACCCACCTGACCGAATGCCGCCAGCCGC	GTGCCTTG	TGTAACATACAAAGCTAAACACTAATCTTA	7m8
FBgn0004397	-1.72	188	668	ATCGGTTCCATCTGAACGCCAGTTATGTAA	GTGCCTGC	AACTATTTATTATGTGCTCCAAGAACTTGT	o6
FBgn0004583	0.01	953	1452	CTGGACGAAGGGAACTAAAGAATTTCAAGA	GTGCCTAG	ACTTGCCCTCCATCCCCACCATAGTAATAA	o6
FBgn0004597	0.52	139	190	AGCAATCAAAAATGTCATTTACAAATTATT	TTGCCTTT	ATAATAATTATTTCTAAATTAAATTACATA	6m
FBgn0004606	0.05	1126	2543	CTAACTAATATTTAAAAGAAAAACTTAATT	TGGCCTTA	TTACAGATTATTTAACGATTAAAACGTTTC	6A1
FBgn0004606	0.05	2030	2543	ATGTGGTTTGTGATGGATATTTGCACTCTA	GGGCCTTA	TATGAAATACACACTATACTACACAACACA	6A1
FBgn0004657	-1.88	374	1302	CATTGCGTATACTTAACGAGCAAACGATTT	GTGCCTTG	CGACATATTTTAGACTAAATCTATACGTAT	7m8
FBgn0004903	-0.13	642	1555	AAATCAAATCATACGCAGGGCTGGCGGGCG	TGGCCTTA	ACTATTAATGTACACAAGAGATGATATCAA	6A1
FBgn0004914	-0.27	145	525	AAATTGAAATGAAGAACTTACTTAATTGTT	ATGCCTTG	AACCATTTTGATACTTTTTATTAGTCCTAA	6m
FBgn0005322	-0.14	64	79	CAACTTAAATTTGTATAATAAACTTTTTAT	TTGCCTTT	CGAGAGG	6m
FBgn0005648	-0.86	649	788	ACAAATATAATCGAATTAAATAAGCTATCA	ATGCCTTT	CCTTTGGGCGGGACAAGGTTTTTTGGGATT	6m
FBgn0005660	0.24	1658	1953	GCAGTAGTGGCAGTCCAGGACCGGAAACTG	GTGCCTTT	ATCTTGGGAGTCGTCGTCATTGTTCAGCGC	7m8
FBgn0005672	-0.66	52	393	TGAAAAGATATAGAAAGTCGAATTTCGAAT	ATGCCTTG	CCCAACACACAATTCTTAACTGGGCTTTAG	6m
FBgn0005777	-0.14	524	750	TGTATAAAACCCCAGTTTTGTTCAAAAACC	TTGCCTTG	TTTATATTTTATAAAAGTCATTTCAATAAA	6m
FBgn0010225	0.10	49	120	AGCAAAATTTACCAAAAAATATGTTTGTTT	TTGCCTTT	CTAACACCTATGTTTATCTAATATAACTTT	6m
FBgn0010280	-0.23	444	1296	ACATAATAATGTTTGCATCAACTGCATTGA	CGGCCTTA	TCTAAACGATATAAACATAATTATTAATAT	6A1
FBgn0010287	0.36	162	232	TAAATTCATAGAAATTGTAAGATTTTATTT	TGGCCTTA	CTAAGCAAATTAATTTTTATTTAAAAAAAA	6A1
FBgn0010316	0.37	643	1173	ACCAGTGGAAAACAAAAAAAAAAAAGAGGA	ATGCCTTT	GAATTAACTTCGTCAATTTCTGCACGTTTG	6m
FBgn0010316	0.37	682	1173	AATTAACTTCGTCAATTTCTGCACGTTTGG	ATGCCTTA	TTTATATGAATGCCGCCGAATGGACACAAA	7A1
FBgn0010389	-1.30	477	515	GTTCTATCTTAGCGTTAGTTGCATGCCGCA	GTGCCTTA	TGAAACAAATAAATGTTGTACACGAATCCC	8m
FBgn0010406	0.05	41	604	TGTAACCCAAGCTGGGAAGTATTTTGAGGC	GCGCCTTA	GGAGGACTCATCGTTAACTCCAATTTTATT	6A1
FBgn0010414	-0.18	628	857	GGTCATCGATGGTGTTAGCAATGGAACCCT	TAGCCTTA	GTTCGTAAGCGTTAACTAGCTCAGCTGTAA	6A1
FBgn0010488	-0.13	425	677	GATCTTTAAATCGAATAACGTTGATTTCAA	TTGCCTTT	TTTTGGTACTCTCGACGATTTCCCTTTTGT	6m
FBgn0010488	-0.13	641	677	AAACATTAAAAAACTCGCCCACATTAAATA	GAGCCTTA	ATAAATGCAACCAACACTGCGAACGGCG	6A1
FBgn0010501	-0.17	161	367	GAAGCACCCGACTCCCTTTCATTCATTCCC	CTGCCTTT	CCCATGCCCATTTCGGCCTTATCATTGACG	6m
FBgn0010501	-0.17	182	367	TTCATTCCCCTGCCTTTCCCATGCCCATTT	CGGCCTTA	TCATTGACGAAATTCGTTACCCATTTACCC	6A1
FBgn0010504	0.05	133	355	GCTACAATCCCATATACAAACATATGTCGT	CTGCCTTT	GCCAATTGTTTAGTTATTTGTATTCTTCAC	6m
FBgn0010803	0.21	151	277	TCTATGTAAATAGCTATACAGAATTGATCT	ATGCCTTG	GCTCTGAGTCCGTGTGGCGCCCACTTAATG	6m
FBgn0010812	-1.22	16	148	GCGAAATTCGTTTGTA	GTGCCTTT	TGTTTTTCCTCCATTTCATCTTCTTTACTT	7m8
FBgn0011205	-0.08	223	272	AATGCATGAAATTACGTATGTATGGATAAA	GTGCCTGC	TAGAAAGCAACGAATTTTGGCCCGATCAAA	o6
FBgn0011638	0.04	90	288	TACTCGGTAGATCTAGTTGACCTAGCTTTA	AGGCCTTA	CATATATAATACTTGCTTTCTCTTAGTTTT	6A1
FBgn0011648	-0.12	817	967	AAAACTAATATTGTTTAGACCACGAGAAAA	TTGCCTTT	TTATATAAATATACATGTATAACTTTACTC	6m
FBgn0011655	-0.45	114	299	TTTCATTTGCAATTCTGATTACGATTATGT	TTGCCTTT	GATTATTTGATAATAATTTTTATAAAAAAT	6m
FBgn0011672	0.25	32	676	TTGGCGTTCTAATTGGTTCCGTGAATGCCG	CCGCCTTA	ACAAACCACTCGACAACGGACACAATGTGG	6A1
FBgn0011742	0.01	151	457	ATCCGTCTATATATGTTTTTTTTTTTGTGT	GTGCCTGT	GCGAGTGGGCGTGTCTGTTGAGCAGGATTG	o6
FBgn0011754	-0.03	352	751	ATGTATGCATGCCTAGTAACATTACCTCCC	CTGCCTTC	TTCGTCCTTGTGATTTTGTTTAATACTTTT	6m
FBgn0013272	0.29	863	892	CACACTTGCATACGTACTTTAAACAATAAC	ATGCCTTT	CAATAAAATTGAATATATTTT	6m
FBgn0013334	-0.84	198	2572	CAAAACTATTCGAAACCACAGAACTTTGAA	GTGCCTAA	AGCGCACGATGTTGGGCTATCCATGAGACG	o6
FBgn0013334	-0.84	297	2572	GTCCACAATCCCAGACATTTCCCTGGGGGC	TTGCCTTG	GGTTGGCCTATTGGAAAAGTTGGTTGAGAT	6m
FBgn0013720	-0.97	70	381	ATCTTAGCTTAAGTTTTCAGACGCAATCTC	GTGCCTCG	AATCTGCGCAATCGACGCCGTCCATAGTGC	o6
FBgn0013720	-0.97	104	381	CTCGAATCTGCGCAATCGACGCCGTCCATA	GTGCCTTT	AACAATCGACCATATGTATCTATATACACG	7m8
FBgn0013750	-0.29	353	548	AGAGACATAAAGCAAAACATCAACGGAGAT	TAGCCTTA	AGTAAGTTTTTCTTGTAAATTATATTGATG	6A1
FBgn0013763	-0.76	97	113	TTGTCCCATTTATATTTGTAATGTCATAAA	GTGCCTCA	GAACACAT	o6
FBgn0013764	0.08	209	266	AACCGTAGGATACTTCTGTTCTTGTCTTGA	CTGCCTTG	CAAAGTACTTAATGTGTTGTTTTAGTAAAA	6m
FBgn0013997	-0.70	37	749	GCAAGAATATGCACATAAATCGTTTTTAAA	TCGCCTTA	GGCACGCAACAGCGACCACTCAGACACACC	6A1
FBgn0014006	-0.92	24	299	CTGGAGTTGAAAGCTTTCTGAGTT	GTGCCTTT	ACAGATACTACTGATTAATTGTTAATGTTC	7m8
FBgn0014006	-0.92	232	299	TGTTAACTTATAAAAATGGAATTTACATAA	GTGCCTTT	AATTTAAAAAAAAAAGAAAACAAAAACTGA	7m8
FBgn0014133	-0.08	2412	3327	AAGCAGGACCTGGAACTGCAGATGGAGCAG	GTGCCTCC	AAGAAGGGTTCAGCTGTGGACGAGGATGAT	o6
FBgn0014411	0.16	718	821	ATCGGAAGTGGAAACGACGAAACGTGTTAC	ATGCCTTG	CATATGTACATAACAGTTCATATACATAAC	6m
FBgn0014870	0.35	103	724	GGAAGATGCTGCGGGTTGAGGACGATGCAG	GTGCCTTG	AATGGGTGATCTATTGTTCTACTATGTCCC	7m8
FBgn0014906	0.08	526	787	GCACCACAAGCATATAAAATAGCAAGAATA	TTGCCTTA	GTGTAGACCTCGTTTTGTATGTGTGAATAT	7A1
FBgn0015278	-0.17	91	1074	CCTAGGATAATGCAATACTAATATATGTTT	GTGCCTGT	CTTCTTTCGATCGCAATAATACTTACTTAC	o6
FBgn0015278	-0.17	202	1074	TAACAGTAGTAGTATTATTTCGTAAAATGT	GTGCCTCA	AATGTAAATATTTTATAATGACCGCAAACA	o6
FBgn0015295	-1.90	207	299	AACCAATTTGTGTCAAAAGAAAGCGAACAA	GTGCCTTA	AAGATTTAGCATATAAGCTTTGTATTCATT	8m
FBgn0015625	0.27	108	445	TTAGCCCCATCCCGACGAAACAGCGGATCC	CCGCCTTA	ATCTAAAAACCCCTGATTTTACCCCTTACC	6A1
FBgn0015766	-1.47	209	662	AAACCAAAACTAATCAACAAGTTTTAAAAC	ATGCCTTT	CTACCATATTTGGCCTTCTTCAAAAAACGT	6m
FBgn0015838	0.16	644	1327	CCGATATCTGTGAGGCGTGAGCCCGATCGC	TAGCCTTA	AGAAGGAATGGAGTGAGCCAAGGCAAGCCC	6A1
FBgn0016041	-0.11	184	532	TAATCTGTCTGTCGCTTGTGTGTATAAAAA	ATGCCTTG	CATTGCAAAAGAGGCGGCCAGCAGGGATCT	6m
FBgn0016059	-0.25	832	1023	GCGAAAATAAATGAACACTGCAACAACAGC	AAGCCTTA	TAAATAGTATAAAATCGTGTCGAATCTAGG	6A1
FBgn0016059	-0.25	867	1023	TTATAAATAGTATAAAATCGTGTCGAATCT	AGGCCTTA	ACGCTAAACTTGTAAGCTTTGGATGGAAAT	6A1
FBgn0016078	-0.69	189	504	AATGTATGTGTTAGCTGCAAGTGCACTCGA	GTGCCTTC	TTTAATATTTAAACTAGAGCAATTGAGAGA	7m8
FBgn0016794	-0.68	100	544	GGACCATGTTGCTGATCCGAGATTTTCGTA	GTGCCTAT	TGGTGGTCAGCTGAGGAGAGCTGACCCCAT	o6
FBgn0016917	0.02	887	1068	TGCAATGCATTTCAAATGCGCCACATGCGA	TTGCCTTT	TTAGTCAGCTATTAGAGACACGAGGACCAT	6m
FBgn0016926	-0.02	638	1080	TGTTGTTAACAATTAGTTAGTTGTTGCTTT	CTGCCTTG	TGTCAAAGCTTGTTCGAAGCGAGGAGCTCC	6m
FBgn0016970	-0.20	97	145	AGTCTGTTAGCGGAAACATCCTACATCATT	TTGCCTTG	GCACTGGGCCTGTAAATAAATGAAAATCGG	6m
FBgn0019662	-1.10	104	340	GCAGCAGGCCAGCAGCCAGCCGACGCCTGC	GTGCCTCA	GTGCGCCCCTGTTGCGTTTCCTGCAGAAGC	o6
FBgn0019662	-1.10	311	340	ATGAAATGGGATGGATAACAAAACCAACAG	CAGCCTTA	CAGAAAATTGTTAAGCCAAAA	6A1
FBgn0019830	-0.65	17	27	TTTGTCTAATAAAGAAA	GTGCCTCG	CT	o6
FBgn0019925	0.33	458	611	ACTCTTATAAATAAGTTGTAACCTTGGTGT	TTGCCTTT	TGTTGATTGCTAGAAGTTTGAATATGAAAA	6m
FBgn0019968	-0.18	457	871	CGTTTTACTGATATATTTTCTAATGGTTCT	TTGCCTTT	AGTTTAGTTAAATTGTTTTTGATATCAATG	6m
FBgn0020224	0.62	1074	1910	AAAATCGAACGCAGCGCAGCCATTATTGAA	ATGCCTTC	GGTGGCGAATGCCTCCAAAAAAAAAAAAAA	6m
FBgn0020249	-1.97	34	234	TTGGAGCGAGTCTCAGATCCACACCAAACA	GTGCCTTT	GTCGTTGTAGACCCGCTTTCACTACCATTT	7m8
FBgn0020304	-0.76	496	958	GGATAAGAACTTTGTCAGTTATTGATTGTG	TGGCCTTA	ATAAGATTATAAAACTAAATATTATAACGT	6A1
FBgn0020304	-0.76	877	958	ACTCAATTCACTGCTCACATGTCCATGCCC	ATGCCTTA	ACGTGTCAAACATTATCGAAGCCTTAAAGT	7A1
FBgn0020304	-0.76	903	958	GCCCATGCCTTAACGTGTCAAACATTATCG	AAGCCTTA	AAGTTATTTAAAACTACGAAATTTCAATAA	6A1
FBgn0020306	0.01	494	720	CGAGAATAGTTTTAAGGAAGTGTAGGTGGA	GTGCCTAG	TGTGTAGGCTAACTGCTTTAAATTCAATAT	o6
FBgn0020309	0.68	362	1629	ATATTACTTTTAGGACGAAATGGCACAGTA	TTGCCTTT	AAAATGTCCAGTCTTCTAAAGCCCCAAAAT	6m
FBgn0020392	-0.09	31	291	CACCTTGTCACCTAAGCTCACATTCTCGCC	CTGCCTTT	CACAGCTCCCCTCCTCCGCTTTCTTCACCC	6m
FBgn0020414	-0.02	130	193	AGCTGGGAGGGAACAAATGTCACCCTTTCG	GTGCCTAA	AAGGCCTCCTTCTGTGTCTGTCCCTTTTTG	o6
FBgn0020443	-0.27	1005	1038	AACACGAAATCCCATATATGAAAAAATAAA	ATGCCTTT	TGCTACCGAGCAGAAACAAAAACAC	6m
FBgn0020510	-0.01	513	803	TTGCTCACAGTTTTATCAAGCGATTTCTGT	TTGCCTTG	CGCTTTGATATGCCCGGCTATTATACACCA	6m
FBgn0020622	0.12	1156	1275	AATTTTTTGTCATTTTTTTGTTCAAAAACA	AAGCCTTA	ATTTTTAAAGAGATACAAACACACACACAA	6A1
FBgn0020626	-0.41	56	530	GGGAGCAACTGCAGCCACTACCACACATAG	CAGCCTTA	GCGAATATTCTAAAGTTTTCAGATATCCAG	6A1
FBgn0020767	0.17	948	2114	GCTTTAGTTCAGAACTATGTACCCATTCGG	TTGCCTTA	TAAAAAGGATGTTTTTGTCTCTTCTTAGGG	7A1
FBgn0021818	-0.20	233	603	TCGAAACCCACTTAGATGTAAATGTTTAAT	CTGCCTTA	TTTGCATTGTATTTCGGTTCTAGGCAAAAT	7A1
FBgn0021818	-0.20	371	603	GTGCATCGAACAAAGACGGTTCTTTATGAT	TTGCCTTT	GTACGCGATTAACCAAGTTAATCCGAGCTG	6m
FBgn0021944	-1.19	31	121	CTATTTTTAATTGTTCTTAAGAGGGAACCG	GTGCCTTT	TGCATTATATTTAAAACTTAATGTGTACAT	7m8
FBgn0022069	-0.23	314	705	AGAATAGTTGAAATTTACGATAGTTCCGTG	TTGCCTTG	ACTAATTTCTACTCAAATAAAATCCGTATA	6m
FBgn0022984	-0.05	240	383	GTATATCCATAAATATGTTAAACTGTTGGC	ATGCCTTT	TCTGGACCATTTCAACAGATAATAAGTCAA	6m
FBgn0023083	0.04	713	1085	CTGAAATCAGTAGATCCTGATGTAGTAGTC	CTGCCTTT	ATTTATCATTTACCAATCGCTCACCCGCCA	6m
FBgn0023169	-0.13	156	692	GGAGTTTCGGGCTCCGCGGATCCCGGAGTC	TGGCCTTA	ACCACATGACTAAGTTCTTGCATTCGTCCC	6A1
FBgn0023172	-0.39	115	333	CTATGTTTTACGAGTAGCCTTTCTTAGAGC	ATGCCTTT	TACTACTGTTAATGTAGCTTCATTTGTTTT	6m
FBgn0023510	-0.24	484	840	TTCGCCCCTCTGCGTTCTTTTTAATTTTTA	GTGCCTAA	CTTTTACCCATACTCTTAGAACACGTATTT	o6
FBgn0023518	-0.47	565	843	GGCCAACCCAAAACTTGACTTTATGCGTGT	GTGCCTTC	CCCTCTGTTTACCATTATTATTATTATCAT	7m8
FBgn0023529	0.33	48	206	TTACGAGCATCCGTAGCAGCAGGAAGCCAA	GTGCCTGT	CTTAGGATTCGAAGGAGGATTCACATCGGG	o6
FBgn0023537	-0.80	122	309	AGATACAAAGAAATTATTGCATTTATTTGT	GTGCCTGT	TTATTAGATTTAAGACGATTTGAGACGAAA	o6
FBgn0024182	-0.68	249	3328	CAGCAGCAACATCAGCAACAGCAACTACAG	TGGCCTTA	AAACATCGGAGACGAAAATGAGGAACAACA	6A1
FBgn0024182	-0.68	641	3328	CACAAGGATCGCCTGGTAAAGTTGCCAAAA	GTGCCTTA	GGTGACCCCCAGCCGCAGCGCACCGAAGAC	8m
FBgn0024182	-0.68	686	3328	CCCAGCCGCAGCGCACCGAAGACCAAGAAA	ATGCCTTT	CGGCGCATCGAGGATGTGCACAACTATGCC	6m
FBgn0024182	-0.68	1013	3328	GGCCGGAGCATCATGCCCGCCGACCCATGA	ATGCCTTC	CTCATATTCTGCAAGAGACATCGCGGTATC	6m
FBgn0024277	0.03	569	875	TGAACGCAGAGAGTAAGAGTATAACTATTC	TAGCCTTA	GTTTGGTACATAGTTTTAGTTAAACTGCTA	6A1
FBgn0024326	-0.11	932	965	AAACTACAAATAAAACAAAATAAATGTATT	GTGCCTAA	GTATAAACCGAAATGATAAACACTC	o6
FBgn0024846	-0.13	328	514	GGAAATGTTTCCAAAAATCAATCAGAGTCA	CAGCCTTA	ATGTCCAGTTCAACTTTAGATTTGGTGTCG	6A1
FBgn0024889	0.07	159	578	ACATGAAAAATAGACCGCATGAGAAGGCGT	CTGCCTTG	CCCAAGTGCAGTCACTACTAGCATTTAAGG	6m
FBgn0024947	-1.16	69	523	AACGGATTGTTAGCTGAAATTGTTTATAGA	GTGCCTTA	GACGTGCATCGAGTATACTACAATCACAAC	8m
FBgn0024985	-0.01	499	1652	TTTTAGCACTCTCATAGCAGTTGCCCCAAG	CGGCCTTA	TAAATATATTACAAATTTATCAAAATACGC	6A1
FBgn0024994	-0.25	377	714	CAGTATTTACTGGACAACACCACACATACC	GTGCCTAT	CCTTTTGTAAATATCCACTTGCACTCAAGT	o6
FBgn0025335	-1.04	53	208	ACAATAATATTTGTGTAGTGCAAATCAGCG	ATGCCTTT	TTTAATTGTGTATAAATAATAATGTATCAT	6m
FBgn0025469	-0.25	190	281	GGATTTGCCTCGAATATGCCGCTACTTACG	TTGCCTTG	CTGTTCGGTGGCGCCCATTTAATTGTACCC	6m
FBgn0025624	-0.05	160	382	GAGCGGCTGATGTGCACTGCGGCCTCTCGC	CTGCCTTT	CCTCTCTTTCCGGTGCTCTTTCTCTGTCGG	6m
FBgn0025635	-0.14	317	725	TATATTTGTGAACTTATTTGTATTTTTATT	GTGCCTCA	CTTTTTTAATTTCACTAATTAGTATATCAA	o6
FBgn0025635	-0.14	435	725	ACTTTAATAGAGTGTATGAAAACTGAAAAA	CTGCCTTC	ACTTGTTCGCTGGCCATATATTTTAATTCT	6m
FBgn0025639	0.45	168	1159	AGACTGAGAATGGCTGCGCTGCTGGCGTCG	TTGCCTTT	GCTGCTGCTGATTCCAAGCACCTTATAGAA	6m
FBgn0025743	0.17	231	842	GCCCACTAACGTTCCAGAAGAGAACGCAAT	GTGCCTTT	CACAAGCCTCGAAATCGAAATTGAAATCGC	7m8
FBgn0026060	0.42	286	919	AAGTGGCGAGTCGAATTCTGTGTGTTTTGT	ATGCCTTA	TTAATCAATGTGGACCATCCACTCCAGCAC	7A1
FBgn0026181	-0.18	692	1054	CTCCATCATCCACCTTCTCTTTACATATTG	ATGCCTTG	TAAGGACTTTTTTTTTTTACACATATACAT	6m
FBgn0026196	-0.17	22	145	TTTCCCACCTTGACTAGTTAGT	AGGCCTTA	AGTTTTAGCATCATAGGTTACCTTACTGTA	6A1
FBgn0026250	0.29	353	548	AAATCCAAATTGAAACGGTTTGATTTATGG	CCGCCTTA	AACAACAAATTATTAATTACAAATAGTAGA	6A1
FBgn0026313	0.02	706	791	AATACCATTACCGATATTTATTATTAAAAA	TAGCCTTA	GAAAAACGAAGCCATGCCTGCAAAAACCAA	6A1
FBgn0026370	-0.16	97	527	CCGAGCGGGTGAGGCGCATCTGCGCCTGCT	GTGCCTAC	GGCCAGATCCTGCTGCGCGCAGCCCGCGTG	o6
FBgn0026371	0.28	483	925	TTTATACTTAGTAAAATCTTTAGACTAACA	TTGCCTTA	CTAAACTGATGCTACCGCATTTACAAATTA	7A1
FBgn0026593	-0.09	100	228	ATTTCATTATGCCGACGTGATGCTTTCTTC	AAGCCTTA	ACGCTTTAGAGTAATAATATAGACAATTTT	6A1
FBgn0026620	-0.32	365	739	ACAGGCAGATCAATTGAGTTTGAGTTCCTC	TCGCCTTA	CGGGTCTGGTTGCCCGTCATATGTTACTAA	6A1
FBgn0026630	0.07	48	133	AAGTGACTGGCAGTTATCAAAATTTTTGGT	TTGCCTTG	AGAATTGTTTGGAATTGGTTTTTTACACAT	6m
FBgn0027079	-0.15	55	115	GGGAAGACTGGTAATTGATATTTAGTACGC	TTGCCTTG	CCAGCTGCTGGGCTTTACTTAAAAAATACA	6m
FBgn0027335	-1.12	407	962	TGTTGGGTCGAAACGAATCGAAACACCACG	TTGCCTTT	GCCGCGAACAGCAAAATTCAAGTGCTTTCT	6m
FBgn0027335	-1.12	779	962	AGAAGTTTCTGTAAAGTGCTGCCTGGGAAG	TGGCCTTA	GTGAATTAAGTCTTAAATTATTTATGTTTT	6A1
FBgn0027342	-1.42	425	1109	AATGTTGCTCCTAATTAGTTGCCCCTTGCG	TTGCCTTT	TTACCATTTTGGTGTAACCAAATTCAATAA	6m
FBgn0027342	-1.42	469	1109	TTTTGGTGTAACCAAATTCAATAATCGCTC	TTGCCTTT	TAGACATTAGGACTTAATGTGTGTCGCCTT	6m
FBgn0027498	-0.72	121	356	GTCACTTGTTTGCCGATTTTTCTCTCATTG	TTGCCTTT	GCGTTCACCCAGCGAACTGGGACGTTGGAG	6m
FBgn0027500	-0.19	14	197	AATTTGTTTTATTT	GTGCCTGC	TAATTCTGCTTTCCCTATGTTTGTGTAGTT	o6
FBgn0027512	-0.34	38	522	CATCCTGGCCAGCGTATGCCTATGAAAATG	GTGCCTAT	CAGAAGAACCACAAGACTTTTGCCGCCTGC	o6
FBgn0027514	0.35	228	895	CCACATTTCGTCCATGGCAGTTCTCCGGCA	ATGCCTTC	CCCCAAATCCTTCGTTCTTGCCGCCTTCGC	6m
FBgn0027515	0.25	16	467	AAAACGATAGATAAGA	GTGCCTGC	TAAGAAATGCTCTTCAGCTTTTCTCCTAAA	o6
FBgn0027594	0.22	410	590	TACAACACCTCTTCCTGGTAAAATTGCAGA	GTGCCTGT	GAGACAAACTCGGATCGGAGGTTGCAATAA	o6
FBgn0027602	-0.59	145	586	ACTTTATGCGCGCCATTTTGCCTGTCCGCT	GTGCCTGC	TCAAGCATTTAATCGAAAAGAAAATTGCTC	o6
FBgn0027655	0.01	591	735	CGGCCGAAGGACGCTAGTGGGCATTAGTAT	GCGCCTTA	GCCAATTGCCGGCTAATTCCCAATCAAAAT	6A1
FBgn0027657	0.16	271	357	GCATTGCTCTGTAAAGCTTTAACCCATTGT	CAGCCTTA	AGCACTTGATAGCAAACAATACATGGAATC	6A1
FBgn0027780	0.18	67	162	ACTTGTTGCTTAGCAGTAAGATAGAAAAGT	GTGCCTGA	TTAAATACATTAATTTACAGAGGAATACAG	o6
FBgn0027949	-0.87	19	123	CACAGCTTAGTAGCTACTA	TTGCCTTA	TGTCCATCAAAACCCACCAAATCATAGTCT	7A1
FBgn0028427	-1.78	37	296	GGGCAAATTCAATAAATGCCAAGCCAAAAT	GTGCCTTG	AGAAACCTTAGATTTGCCAACTAATTGTAA	7m8
FBgn0028429	-0.16	530	641	AACTTGTTGTAACTAGCGTTGAAATTGATT	TGGCCTTA	CTTTTAGTTATTTATTAATACGATACTATT	6A1
FBgn0028476	-0.20	1026	1199	TACTTACGCAATAATTTTAGTTTAGTCGTT	TAGCCTTA	GTTTCTCTCTCCATGCATTACATGACTCTA	6A1
FBgn0028540	-1.01	340	765	ACACTTAACTTTGTTTATCATCCTTAGTTT	GTGCCTAC	TTAAAGGAAATTGTGCATTGATAGTAGTTA	o6
FBgn0028546	-1.88	128	187	TACTTTTAAACTAATGCGTATTTCTGCAAT	GTGCCTTG	ACCCTTAGTTTCACTAATGAAAATAAAACA	7m8
FBgn0028554	-0.05	409	662	GATCTAGTCAGGATTGCTATGTAAATTGAT	TTGCCTTG	GATTTTATTTTGCTTACCCTGGAATTATAC	6m
FBgn0028563	-0.29	112	571	GTGGGTCGCTTAATGATTCGTCCATGTCGT	GTGCCTTT	TGTATGTGTCGACAATAAGCCGAAATCCAC	7m8
FBgn0028663	-1.28	209	303	CTTTGTACGCGCAAAGATGTAAACTTAACG	TTGCCTTT	TTGGCCAAGCATTCCCAATAATCGAGTGTC	6m
FBgn0028665	-0.38	58	498	CATACAAATAATATTACACGTTTTTTTTTC	CTGCCTTT	CGATATGCGTTTTTTTTTGTTGTCCCTCTA	6m
FBgn0028670	-0.27	194	302	TTTGTAGTCAAAGTATTCCTCTTTTGAGTT	GTGCCTAG	TATTCTCAAAAACCCTTTCGAAAGCAATAA	o6
FBgn0028953	-0.36	489	1347	CCCTTCTCCCACGAAATCCTCGTTATTCGT	AAGCCTTA	GTTTAAGTTGTCGTTTTCCTTTTTACCCCC	6A1
FBgn0028978	-0.45	228	563	AGACTTAAAGCTTAGACACACAAGAACTCA	CTGCCTTC	CAATCGCGCTGCAGCCCCGATTCGATTCGT	6m
FBgn0029003	-0.52	576	625	CGTCGGTCCTAAATTATTTATTCTATGTTT	TTGCCTTC	TTCTTGTGAGTTTAGTCAATAAAACGTAAG	6m
FBgn0029092	-0.17	595	606	TATTATTGTGTACGTAAAGAATAAAATGTA	GTGCCTAA	AAG	o6
FBgn0029503	0.17	40	55	GGCATTTAATGTTATATAAAATACACGAAT	TTGCCTTT	GAGTAGT	6m
FBgn0029676	-0.44	162	809	GGACTACACGAAAAACAAAAGGGAAAGCGG	CTGCCTTA	CACATTTTTGCAGCTGAGAAAAAACAAACA	7A1
FBgn0029685	-0.09	671	800	TGCGCCGATGTATACAGCCTAGGGTTAACT	TAGCCTTA	ATTAAATTTTGCACAAATTACTTAACAACT	6A1
FBgn0029714	-0.59	70	108	TAGTAGTTAGTCTACATATTATTCTTTTGA	TTGCCTTC	CATTAAAATTTGGTGGAATATCCAGACCAG	6m
FBgn0029755	-0.03	244	281	TACAGTGTTCTCCAACCTTGTCTGTTTAGG	TTGCCTTA	AATCTAAAAAAATATATGCTCCAAATCTT	7A1
FBgn0029756	0.40	97	631	TGTCTGCTAGTATCCTGTGATTGTGTGATT	GTGCCTGG	CGGTGCTCTTTATCAGTGTAAATAGATTTT	o6
FBgn0029771	-0.08	387	632	AGAGCAAATTCCAAAGAGATAAGTTGTATT	GTGCCTTC	TGGCTCTGCTTCTTCCCTTCTTCTGATAAC	7m8
FBgn0029822	0.44	60	316	GTACGCCCAACTATCTGCACATGACCACTG	CTGCCTTC	ATGGCTGGCTATCATTTAGAGGAGTTGAAT	6m
FBgn0029823	-0.59	35	130	GCCTGCTTTGTTTGTCCCTTTTTCTTTTGT	TCGCCTTA	CGATTTACATCCTCGAAAAGTCCGCTTGTT	6A1
FBgn0029840	-0.21	1028	1736	AAGTGGCGAGTCGAATTCTGTGTGTTTTGT	ATGCCTTA	TTAATCAATGTGGACCATCCACTCCAGCAC	7A1
FBgn0029861	-0.07	258	478	CCAATCCCATCCAGCATTAAGGGTATATAT	TTGCCTTA	TGACCAGTGCAATAAATACGGAGTACAAAC	7A1
FBgn0029914	-0.21	193	493	CAAAAGTATGGAAACAAGGGAAGCTAGAAG	CTGCCTTC	GTTTTCAATTTACTAGACCCTTAGGCCACC	6m
FBgn0029941	0.03	195	350	GGTTACACAACATTCGCATCGTATTCGATA	TTGCCTTC	GCCTGGGTGCAGCCGCTCGATCGCCATACA	6m
FBgn0029980	-0.21	271	304	ATTGTTTTCACTTTCGGTCGTAAAAAGTGT	TTGCCTTC	CATTTGATAAGTAAATTAAAGAATT	6m
FBgn0030056	-0.44	303	583	CGTGTATGGAATTTTAGTCGGAGCACGCGG	TTGCCTTG	CATTGAATATTTCAGAGAAATATCGGGCAC	6m
FBgn0030136	0.02	370	687	ACAATATGTATTTGCATTTAGCAGAAACCC	TTGCCTTC	TCGGAAATCAACAAAGAAAATACAGACGAA	6m
FBgn0030218	0.35	167	184	TTTTCTAGATAATTAATAGATCGTAGTGTT	GTGCCTGT	ACAATGTTC	o6
FBgn0030228	-0.46	467	627	TCCGATCGCATAGTATAAATCTGTACTGTC	TAGCCTTA	TGTCCGGTCCATGTCCTTGTCCAAATCAAT	6A1
FBgn0030286	-0.20	317	543	GTTAAGCTTAACATTGAACGCTAGAAGGCC	TCGCCTTA	CGGATATCCACGATATATATATATATATAT	6A1
FBgn0030293	0.49	659	765	CGATTCAATAATATAAAACCGGGCGTACAT	GTGCCTAC	GCCCGCGTGGAGGACTAGCCAGTAAGTTAG	o6
FBgn0030318	-0.94	115	554	AGTACTATATATAGGATTTCTTCTGACCAT	GTGCCTAT	GCCAGCTGCAAAAATAATTTATTTTTTTAC	o6
FBgn0030318	-0.94	255	554	ATACATACATACATATATAGTAACGTAATT	ATGCCTTC	CTCATAATTCTCTTATACAAAAGACCGACC	6m
FBgn0030451	0.17	338	2486	TCTTGTGGTTAGAAGCTACGTTTGCTGGCG	CTGCCTTT	TGCTTAGGTTTGTTGTTGCGCTGTCCGTTG	6m
FBgn0030457	0.18	198	240	TAGGATATTCTTTGGACAGTTGTAAGAGGT	TTGCCTTA	AAACGATTGGTAAAATAAATAATATACAAA	7A1
FBgn0030474	-0.43	306	823	GGGTGGGAAAAACCACTGGAGGATGAGGAA	GTGCCTGA	AGGAGCAGAACGCGAAGATATTCCATTTAT	o6
FBgn0030501	0.19	87	186	CTCTCGAGGAACCGATCGTTGAGAACCCCT	TTGCCTTT	GTTGATCGCTCAATTTTGGATCAAAAACTA	6m
FBgn0030502	0.02	114	1245	TTTTTCGCACATAATTTAAATATAGTTTTT	AAGCCTTA	GTTGATCACTGTTTGTTGCCCCCCTCCGAC	6A1
FBgn0030529	-0.10	227	267	ATAACAACAAGTGTTCTTTAAGCAGCCGCG	TTGCCTTT	CTTCAGCTATGCTTAATTTAAACCCCATTT	6m
FBgn0030554	-0.28	109	229	TTTTTTTGATTATTGCAATGGCTGTTGCAA	CTGCCTTA	GGTGCTGGGAGCAGTATCTGGACTACCTCC	7A1
FBgn0030640	-0.74	846	864	TTATTTATGCCCATGTCCAAGTAAAACGCA	GAGCCTTA	CTTATAAACC	6A1
FBgn0030641	1.01	84	97	TTATTTATGCCCATGTCCAAGTAAAACGCA	GAGCCTTA	CTTAT	6A1
FBgn0030654	0.57	59	288	TTCTACTGACCACCGTCCAGTACGATGACT	CTGCCTTG	TGTACAACGTTTTCGGCCGGCACACATAGA	6m
FBgn0030670	-0.13	321	553	GTTCCAGTCAGTAGCTGTTGCATATTTATT	TTGCCTTT	AGTTAGCGTAGTTTACACGCTATATATGTA	6m
FBgn0030671	-0.44	117	280	GTAACCAAGTCTACCAACTAACCTTTGAAC	GTGCCTAC	ACGCATAAAAATTGAATTAAATTAACAAAC	o6
FBgn0030701	0.05	39	119	GTGGCACCCGATCACGGGCATTATTTTAGC	ATGCCTTT	CTGAATAAACAAAATCCGATACAATTAAAA	6m
FBgn0030711	-0.22	50	284	TTCTATAGTATAGCAGCCTAAAAGGATCAT	TTGCCTTT	GTTTCGTCGTTACGCTAGACAATGACAGTT	6m
FBgn0030718	-0.46	142	162	TTTGTTGGATCACGAGGATATTGCAAATAA	ATGCCTTT	CGATATAAATAC	6m
FBgn0030731	-1.54	26	203	GCGCGGATCACCTAGAGACACATAGT	CTGCCTTA	GTCGCAATGGATTATCATTGACTTTATAAT	7A1
FBgn0030752	-0.47	58	93	TTCACTTAGCTTTAGTAGATCCATTTCTTT	AAGCCTTA	TCAGCATAAAATAGTTTCTATTAACCC	6A1
FBgn0030800	0.09	238	343	GCCTGGGCCACACAGGCGTCCTCCGAGGCC	ATGCCTTA	AATAGGAAATGTATGAAATTTTTAATGATA	7A1
FBgn0030872	-0.19	105	288	GCCTTTAAGTCGGTCATAATCCTATTTTCC	GTGCCTGA	ATGCCCAAATGTCAGGAGGATGTTGTGCGG	o6
FBgn0030872	-0.19	240	288	GTTTCTTTCTCTTACCTTTTGTTATTGTTG	TTGCCTTA	AGATTAAAATCAAAACTTACAATAAAGCGA	7A1
FBgn0030873	0.22	415	531	ATACGTAGCTATGTATTTATGTACATATGT	GTGCCTGT	GTGTATGCCTCCTAGGTATTATTACCAATT	o6
FBgn0030890	-0.44	518	637	GTATGTTTATCGTTAGTCCATTAGTTAGAT	CTGCCTTA	TCTGTTATCTGTCTGTCCACCTGTTGATTG	7A1
FBgn0030894	-0.60	218	834	CCCTTAGAGTAAAATGTGTGTAATATTCCT	GTGCCTTC	GATATGTATCTAATTTGGATGCTCGCCCGA	7m8
FBgn0030970	-0.61	162	674	GATAATCAATTCCATCCAAAATACTTTACT	ATGCCTTT	GATTCAAATCCTCACATCCTTTGCTTTTGT	6m
FBgn0030970	-0.61	446	674	TGCGTTCCGTGACTGTAAGTGCCAATGTCT	TGGCCTTA	CAGCTGCGAAACGCACTGCACATGTTTTGA	6A1
FBgn0030991	-2.78	534	831	CACTTGATGCATCCACAATCTAGCCGTAAT	GTGCCTTA	CGAACCAGCTCTATATACACCTTTACACAT	8m
FBgn0031003	-0.92	262	399	TTCTATATTTAATATTCTTAAGTCGTTTAT	ATGCCTTG	ATATATAGACGAAATTTATAGCTTCTTCAA	6m
FBgn0031006	-0.04	380	611	ATAGAAGCAGATCGAAAGCAAATTGGATAA	TTGCCTTG	AAGCAACAAGAAACAACCACAAACCACCGC	6m
FBgn0031023	-0.07	706	1170	GCAGCAGCACACTCACTCAAGCTCATGCCA	GTGCCTCA	TCATACGTAGAGATAGTTGTAGTCGATCGA	o6
FBgn0031049	0.02	124	302	TTATATGTATGGACCATGTGCATTCAGCGA	ATGCCTTT	CTAACAAAATTCTACACAAACGTACGAAAA	6m
FBgn0031092	-0.07	80	100	TTGCCATGTGTGCATTTATAAATACAGCAT	CTGCCTTT	ACTTTAGGACCC	6m
FBgn0031119	-0.73	193	1014	GCACGGAAATGAAACATGTAAAGACCGCAT	ATGCCTTA	ATTTCGCTCTCGAACGAATACACAGACAAT	7A1
FBgn0031119	-0.73	275	1014	TAACTTTTAATTAACTTGTATAAACCGCAT	ATGCCTTC	ATTTCTCACTTGATTGATAAGTCAGAGCTC	6m
FBgn0031174	0.01	104	747	GAGCCAGCAATATGGATTCCACAGTGGGAG	AGGCCTTA	AAACGCAGCAATATCAAACAAGGCTTGAAC	6A1
FBgn0031188	-0.46	42	784	GGCAAACACATTCCGACTTCAGTGGTGTCG	TTGCCTTT	GCCACAGTCACTAGATCCTAAACCGCCGCC	6m
FBgn0031191	-0.12	158	411	TTTAAAGCGAGTAGTCGTGTGTGCGTGTGA	TGGCCTTA	AAAGAAAACAGCAAAGGCAGACAAATAATC	6A1
FBgn0031191	-0.12	302	411	GCTCATCCTGTTATTCACCCAGCTGCCCGC	GTGCCTTG	CCCACCCAATTCCATAATTCCGCCGGCGGC	7m8
FBgn0031233	-0.45	481	648	ACCTCTAATTATATAAAGAAATTAGTTCTC	GTGCCTGT	GAACTCAAAACATTTTAGGTATCACTTTGC	o6
FBgn0031250	-0.79	28	353	ATTAGCCAACAAAATAAGTCTGCCCATA	GTGCCTTC	GGGAGTTTCAGAATCTTAAGCATTATAGTG	7m8
FBgn0031263	-0.63	111	208	GGGCAAAGTTGGATAAAATATCGATAAGCA	GTGCCTCC	AATGGGGCGCTAAATTCAAAGTATCATATG	o6
FBgn0031268	-1.31	109	498	CCACACTCCATTTAAAACTACACCGTCAAA	GTGCCTTG	ACTCAGTTGGGAAGTAATGCCATTTACTAT	7m8
FBgn0031268	-1.31	151	498	AGTTGGGAAGTAATGCCATTTACTATCCTG	ATGCCTTG	CGAAGCGAAGTTTCTTTTCTAATACTTTAC	6m
FBgn0031268	-1.31	416	498	AACATTAAGCTACATATAAGAATCAAAAGA	ATGCCTTA	AAAATAACAATCTGTTTCATATCGAATCTC	7A1
FBgn0031298	-0.50	384	507	TACATTGAAGACTCGATGAGATCGAGGCAA	TCGCCTTA	GCCCGGTGTGTATTTATATGTTTGTAATCG	6A1
FBgn0031374	0.44	429	496	GAGCGAATTGTTACAAAGTGCGCTTAGTCT	ATGCCTTC	TTTCTGTATGATTTATTCTCTCTTTTTGTT	6m
FBgn0031392	-0.30	89	208	CACGCACCGAACAGAACCTATCCAACCCGA	ATGCCTTT	AACTGTGTTTACTGTGTACATTTGCAACTG	6m
FBgn0031398	1.38	186	359	TTGTATTAAGTTGAAAAATTGTTTAATTTA	TTGCCTTA	AACTGACTTCTTCGGCAAGGAGAAGAAACC	7A1
FBgn0031399	-0.34	85	215	CATTAAGTTGTTGATTTGTTCCAAACGCGT	GCGCCTTA	AACAAACTCAGAAGTGTTCATTGTACTTAG	6A1
FBgn0031403	0.35	124	253	CATTTGAAGAAACTATATTCATTTTCAATT	ATGCCTTA	ACGTCATCTAGAAAATCTTATTTTCAAAGA	7A1
FBgn0031478	-0.07	125	433	CTAGAAAGCGCTTCAGTTATTGTACAGAGT	TGGCCTTA	TTTATACCTTACTTACCCCCATGGTTATCC	6A1
FBgn0031492	-0.00	128	323	CAGTTGCTGGACAAGTTCTCTTTTCAGTCC	TTGCCTTC	CACTGCACTCTGCTTCGTTTGGTTTAGATA	6m
FBgn0031534	0.07	120	539	ATCTTAATCTTGCGATTTGGAGCTACAACT	TCGCCTTA	AGCACTTATCTTGCAATTTGCCGCCGAAGC	6A1
FBgn0031589	-1.03	318	416	AAACGCACATCATATTCAGGAATGTGTAAT	GTGCCTTA	AACGAGAAGCGGAAGCGGAATTAGAATCAG	8m
FBgn0031676	-1.86	51	197	TAATCTTAGACTGTAAATAGTTGTGGAAAA	GTGCCTGC	AAATGTTTTAAACGCCAGACGAATGTATTT	o6
FBgn0031779	-0.51	162	470	TAATTAGTTTAAGTGCATAGTTTGTGCCGG	CTGCCTTA	TCTCTTATACTAATTGCAATGTTTGCTTAG	7A1
FBgn0031882	0.19	162	199	TTTTTATAAGCATGATTATGACGTGATCGT	TTGCCTTT	GTCTTTGTAACGATTCCTATTAGATTGTT	6m
FBgn0031969	0.07	111	764	AATAGCTTAGAACAACGTGATGAAACCATT	CTGCCTTA	GCCAGGCTCTAAGAGGCTGGACCAAGTTGC	7A1
FBgn0032017	0.03	101	153	AGCAATAGACTTTAATGTTAATCTTATTCT	TAGCCTTA	AAAACTTTTGATCTTAGACACTAGAATACA	6A1
FBgn0032020	0.10	303	438	TTAGATTTAAGCGAAATAAAACGTTTTAAC	GTGCCTGG	TTAGCAAATGATTGTGCAAGCATTTTTAAA	o6
FBgn0032026	-1.72	215	250	ATTTATTAAACATTCACTAAGAGCAAAGAT	GTGCCTTA	AAAAATAAATGAAATATTTTCTCTGTT	8m
FBgn0032029	-1.06	67	122	TGTAGCTATATTAATATTGTTGTTTCTATG	ACGCCTTA	CACCACATTTTGATTTACGAGAAAAATATA	6A1
FBgn0032051	0.05	31	419	CGTACACGCTAGGACTCCTTCATATTGTAA	TTGCCTTA	AGCCAGCAAAGTTTTCTCGTCTCCAGTCAC	7A1
FBgn0032120	-0.22	261	928	AGTTATCTATCTGAATATTAGTTAAACTGT	TTGCCTTA	ACACTAGAATGAAAGCAATTGCACAATTGC	7A1
FBgn0032170	-1.13	249	448	TTATGTATGTTCGTAACGAGAATTCCGTGA	ATGCCTTT	AAATGTACTTCGGTCTACTTGTGTATCCAT	6m
FBgn0032172	-0.40	147	554	AGCGGCCCATCAAATGGGGCATTTGAATTG	TGGCCTTA	GTTTTCATAGCGAAAGCAACTTATTTTAGA	6A1
FBgn0032296	-0.54	86	97	GTTCCACTGTTAGAACAGTGAATAAATCAA	AAGCCTTA	CCC	6A1
FBgn0032340	-0.01	189	335	TTCATCCCTTAAAAAGTTGAAATTGAATCT	ATGCCTTT	CATTTTATTGTTTATTTGTTTTGTGCGTGA	6m
FBgn0032400	0.54	350	423	ACTAATTCAGACTTGCAAGTTTTAGTTGCT	AAGCCTTA	GAGCGTTTCAAATAATGAAGTTTGACTTAG	6A1
FBgn0032420	-1.07	45	494	TATCCTCACCACAAACGAAACACGCAATAA	GTGCCTTT	TCGCCACTCCACATGATATCTAAGCTAGGA	7m8
FBgn0032421	-2.58	242	488	TCTTGTGGTGAATGAGCGATGTGTAATCAA	GTGCCTTT	TCTGTAACGGACTCGTATTGTAACTTAAGC	7m8
FBgn0032450	0.16	261	461	GTGTTTAGACAGTTCTGAAATTCATATTTA	GTGCCTGC	AGATTAGACTACAAAGATAAGATGGCTATA	o6
FBgn0032456	-0.60	521	635	GAGATACTACTTAAACTCCCTCAAGAATTT	TTGCCTTC	AACTGATAAGATCAGTACGAAAAACGGTCA	6m
FBgn0032482	-0.17	215	600	TTCTAGTACAATTTTAGAATATCTGCACAT	GCGCCTTA	ATGATATAAGGTTATACACATAATTATATA	6A1
FBgn0032600	0.29	3014	4097	TTGGATTATGTTTTGCATGGCGAGAAGAGT	ATGCCTTC	CGACCACAAAGTACAAGTTCGAATCGGACG	6m
FBgn0032689	0.02	327	855	AACTGCATCGCCTCACCCTATAAAAGTAGT	ATGCCTTT	AGTTTGTTAATTTCATGTTGTAGCTAATTT	6m
FBgn0032700	0.31	206	686	CGTTCGCACTTGAACATCTTCCAACTAACT	CTGCCTTA	GCACAAAGTAATGTTTGTAACCGATATTTG	7A1
FBgn0032702	-0.76	534	1021	GTGCTCCTACCTTTATTGTCACATTCTCAC	GTGCCTAC	GTGGTCCTGAATATGGATGACCCCATCCCG	o6
FBgn0032724	0.33	29	49	ACTTACAATCTGCCACTGAGACAAAATAA	ATGCCTTT	TTGATATGTTTT	6m
FBgn0032729	-0.55	55	167	AAAGTCCAAAACTAAGTCCTATTTTCTGTT	CTGCCTTT	ATGTCAGTAATGTCTGTACTGATTCGCCAC	6m
FBgn0032775	-0.62	37	299	TACCACCGAGGATTAGAACCTAGTTACCAA	GTGCCTGA	CTTCGATACTGAAGCGTTCGCTTGGCGCGT	o6
FBgn0032782	-0.48	473	535	TTTTTTCCTTATATATTGCATAATTTCGGA	GTGCCTTA	AGTGTGTTTATCTGATGTGAAAGCTGGGAA	8m
FBgn0032805	-0.70	271	429	TAAAGCAGGCATTTTAAATCATTTTACTTT	GTGCCTTT	ATTGCAATTTCACACATACATATATATACG	7m8
FBgn0032821	0.61	269	685	TAACGATGATAATCATAATGACGACGCTTT	GCGCCTTA	AATCATATGCAAAATTCAATTTTGTTTTGA	6A1
FBgn0032929	-0.13	172	391	TACATTGGTTCGAATACCTAAATATCTAGA	GTGCCTGT	GAGATTGTTTAAGATGTACCAGATGTACTC	o6
FBgn0032940	0.05	165	211	GCAACCAATAAATACGCAAAGCAGCAATTA	GTGCCTAG	ATTCTTGACTTAAGCGTATAATAAACTAAC	o6
FBgn0033166	-0.57	21	170	CTGTTTAAAGTTTGATCTTAT	TTGCCTTC	TTTTGACTAAACCAACGACAACAAGAGCAA	6m
FBgn0033174	0.18	108	249	ATTTGCAAAACACGCGTGTTCCTTTCAACC	ATGCCTTA	CGTTAATAATATATTTTTTAGCTGAGATTT	7A1
FBgn0033196	-0.02	99	805	TTATTTAGTTGTTTACTGTACATTCCGTTG	TAGCCTTA	AGTGTTGAATTTTAAACTGTTCATTAAAGG	6A1
FBgn0033232	-0.92	71	154	ACCGCCATTTCCGACACTTCTCATCAGAAC	TTGCCTTG	TTTCGTAGCTATTTAATGCTTTGTAGATTT	6m
FBgn0033240	-0.83	101	157	CGTTTAATGCTATAAAGTGTAACCACAACA	TTGCCTTT	CGCGTTTACGTGTGTTTATTTTTAAAAAGA	6m
FBgn0033317	-0.15	41	99	GTTTGTTTGAAATGAGTTTGAAATTGATTT	CTGCCTTT	TAGCTACCCTTCAATCAATAAAGTTGTGGC	6m
FBgn0033373	-0.00	19	144	ATCCAGTGATGCGCCCCTA	GTGCCTGG	TCATCTCGCTCTAGCATGTCTGAATTTTTG	o6
FBgn0033388	-0.00	247	301	TGTGCTTTGCCAATATCTCGAGATCTCACT	CTGCCTTC	CCTGGGGAAAAATCGTTTAATTACAGAAGC	6m
FBgn0033392	-0.22	417	496	CACAATGTACACATATTGATATAATGGAGT	ACGCCTTA	AATGATATTTATACATTTTGCTAGTGAATG	6A1
FBgn0033421	0.41	1400	2230	TGTAATGTATACATTACACATAGGAGTCAT	GTGCCTTA	TGTACGTTGTATATATGTATGTATGTGTAT	8m
FBgn0033421	0.41	2123	2230	AAAATATTTAAGTTGCCTAATTATATACGT	ATGCCTTT	CAGCAACTATGCTTTGTGGTCTAATAAATA	6m
FBgn0033504	-1.00	40	426	TCCAATGATCCAGCCCCCGGAGCGGCGATC	GTGCCTAA	TCTTAATGAATTTGTAGTCTAATACGAGGA	o6
FBgn0033672	-0.04	100	154	CTACGCTGTGTCAATAAGAGTGACATCGTT	CTGCCTTA	GAAGTTCATTGAAATCAGTTAAGTTGAATA	7A1
FBgn0033692	-1.18	28	173	TGAATATTTAGCTTTAGTACCGGTTTAA	GTGCCTTG	GCTGGCTTAAAGCACTAGCAACCTAGGTTC	7m8
FBgn0033698	-0.15	47	199	ATTTCAAGGATGTGTGTGTGGCCAAAAAAT	CTGCCTTG	GGTAGATTTTATAAAAGGGGGTAAGCGTTA	6m
FBgn0033712	-0.21	65	419	GCCCAATGTTGCGGCAAGCAAACAAAACTT	CGGCCTTA	GAATATCCACCCGCCATTTCTCGGAGCGGG	6A1
FBgn0033717	-0.34	150	283	GGCGATGAAAGGTATTCCTTGTGTACTCCA	GTGCCTCA	TTGTAATATCAATTTTCGATGTGGATTTAT	o6
FBgn0033897	-0.23	22	174	AATTGGACAATGTTTTAATTGC	GTGCCTGA	TACATTTTCGTACTTAGCCGATATCTGTGT	o6
FBgn0033903	-1.96	237	321	CTTAGATTAGCAAAGCCCCAGAACCAACTT	GTGCCTTC	ATTAAGCTAATTTAAGAGCTCTTCCTGTAG	7m8
FBgn0033913	-1.52	218	1053	TACAATTAAGATAAGACTAATCGTAATGTT	GTGCCTTC	AGCGATATCGAGTGCCTACCACACACACCC	7m8
FBgn0033913	-1.52	237	1053	ATCGTAATGTTGTGCCTTCAGCGATATCGA	GTGCCTAC	CACACACACCCCTAATACCACACAACCAAC	o6
FBgn0033913	-1.52	438	1053	GAACCGAACACATTATTAATATTATTACGA	TAGCCTTA	AGCAGCTGAGCACATGGCTATGGCTGGGCC	6A1
FBgn0033916	-0.15	223	397	TATTTATAAATTAATCGTATTGCTATCCCG	GCGCCTTA	CCAGTAATCTGATACCAACTACTGGCCAAT	6A1
FBgn0033926	0.29	521	1509	ATATGATATTCGAACCAAATGGCGGGTGAA	GTGCCTCG	GCATGGAGCTCCATTTTCTTCGAATCTTAT	o6
FBgn0033990	0.26	37	123	CGCCGTAGTGTAAGGATGGTGCCATTAAAT	GTGCCTCT	GGAGGCGAGGATTTAGCAATATAACTTTAT	o6
FBgn0033994	-1.22	132	568	AAAAGCAACTCCAAGGCACCTAGAAAGCTT	TCGCCTTA	AATGGAAATTTGCATGTCAACGGTCACTTT	6A1
FBgn0034013	-0.27	358	1145	TTGTTGTTAAAAACAAAAAATGTTCATGAG	TTGCCTTT	TATTTACAAAATGTATGAACGACGCGAACG	6m
FBgn0034071	0.38	296	1158	TGAACATTTTTAATTAACTTTCGTTCCGAG	CTGCCTTC	AACCCACGAAGCCCCAGCCGCCTCATCGTT	6m
FBgn0034083	-0.49	175	664	CTTTTGGACTGGCCACGACCATAGAGCAGG	CGGCCTTA	TTGATGCCTTTGCTATGGAAATAGGACAGC	6A1
FBgn0034083	-0.49	186	664	GCCACGACCATAGAGCAGGCGGCCTTATTG	ATGCCTTT	GCTATGGAAATAGGACAGCTAGAGAAACAT	6m
FBgn0034083	-0.49	575	664	ATTAATTTTCTGTTTGAATTTGAAATGAGT	TTGCCTTA	AGTTTGGCCTTGAAAAAAATTTGAAAGAAT	7A1
FBgn0034087	-0.20	499	1210	GTTTTGCCAAACCATTTGCAAACCCGTCAA	ATGCCTTT	TATAGTTTGTAATCGATTGCACGTAATCAC	6m
FBgn0034223	-1.07	159	541	CTAGTGATCAATAGATGCCACAGACTCAAA	GTGCCTAG	AATAGACTTGAATTTGAAAAGAAGCTGAGT	o6
FBgn0034266	0.32	799	1831	GCGAGGATATGGAGTTTCAGACGCTGCGCC	ATGCCTTT	CGCACCCTGGTGATGAACACCGAGGAGAAT	6m
FBgn0034304	-0.31	462	1086	GCGAGGAATCCAGAAGATCACTTTCCCAAA	TTGCCTTT	CGTATCTGCCGATAATCGCGGCGGTACGAA	6m
FBgn0034312	-0.39	24	82	TGCTGCTGATATCTTAAATCTCTT	ATGCCTTA	TTGTATGAATCTGTGTTATAAATACATATG	7A1
FBgn0034346	-0.10	24	52	TCTCAGCCAATTAATTATTTATTT	CGGCCTTA	ATACACAAACACGTAATAAG	6A1
FBgn0034371	-0.85	104	585	ATTGTCGCTGTCCACCGCAAATGCTTCTGC	TTGCCTTT	TGTTTAAGTTTTGATCGTTAAGTTGATTGT	6m
FBgn0034371	-0.85	295	585	GTTCCGACGCTGGAGACGGTTGCTTGGGAC	GAGCCTTA	GAAATGGATCTGAACTGGGAACGTAAAAGC	6A1
FBgn0034389	-0.35	558	714	CATTATATACCTTTACATATATACCTAATT	AAGCCTTA	TCCTAACCAAATTGATTGTAATTATTTCAC	6A1
FBgn0034405	0.07	115	139	AATTAAATCAAATCGACTTGGTGATTGTAT	TTGCCTTA	TCTGCTTTGAAAACCG	7A1
FBgn0034491	0.01	493	767	AAAGCTCTTTGTTGCAAAACTCCCGACTAT	GTGCCTCA	TACGGAACGAGTACTTATACACAGTGAATA	o6
FBgn0034576	-0.11	74	110	TCGATGAGAGAAAGATTCGGCACTAACCGC	TTGCCTTG	CAACCGAATAAAAGCCAAGTCAGAAGTG	6m
FBgn0034577	-0.14	166	822	AATACGAGAAACGAGGGCGGCCAGGTGCAG	GTGCCTGC	CGAAAAAGCAAATGTCTGTAATTGGCTATA	o6
FBgn0034639	-0.31	33	261	ACCGATAAGCCGACGGTGGATCCCTGGATC	CGGCCTTA	CTATTCCGACTCTGTGATATTTGCTGTTTA	6A1
FBgn0034750	0.01	72	231	TTTTTACACATTTTTCTAAGGCAATCATGC	TTGCCTTC	TTATTTATTTGCCAGTATGCGCTCAGATGA	6m
FBgn0034909	-2.22	71	241	GTTTTAGCCATACTCATAGTTCTAGCCGCA	GTGCCTCG	TAGTCGCCCTAGACTCGCTCGATTTTCCAG	o6
FBgn0034914	-0.22	25	435	GTGCAGCGGGGTCCCTGCGGATCTT	CAGCCTTA	GCGATCATCAGAAGCGGCAACAAAAAGACT	6A1
FBgn0034914	-0.22	132	435	CATCATTCGAGCGGACATAATCCGTCTGCT	CTGCCTTC	GCGCACAAAACCGATTGTTTTCCCTCCTTC	6m
FBgn0035049	-0.71	244	849	TGTAAATTGAGCGATCAGCATGTGACACAG	GTGCCTTA	TCAAATACTTTTGTTGTTGTGTAAATAAAA	8m
FBgn0035049	-0.71	283	849	CAAATACTTTTGTTGTTGTGTAAATAAAAT	CAGCCTTA	AATATAATGAAATAGTTTATAACATTCCGC	6A1
FBgn0035142	0.75	969	6801	ATAAGAAAATAAACAACATTGTTATGCAAT	TTGCCTTT	TACACAAAACAAGCAACAAAAGAAATTGAG	6m
FBgn0035142	0.75	3269	6801	TATATTTAAATGAGAAATGTTTTAACTGTG	TAGCCTTA	GTATTTGTACTCGTCGTCCTCTCGATTTCC	6A1
FBgn0035144	0.19	891	1160	CACGATTCGGAGCAATCGGCCTTCTCATTG	TGGCCTTA	CCATCTAGTATCGATCGATAGACAGATACT	6A1
FBgn0035158	-0.08	18	187	GTACCAAACCAAAAACAT	GTGCCTTA	GGTTATAAGTATGTTTAGATCTTTGAGTAC	8m
FBgn0035169	-0.73	135	325	TTCTTAGCGATTAGATTAGGGACATAATGT	GTGCCTTT	TGCACCATAACCATAGGTTAATCTCTTGCA	7m8
FBgn0035203	-0.29	29	153	TCTTAATTCATTGTCATTCAAGCTATTTA	TTGCCTTT	TCCTGTTTCCCACTTAAGTGTAAAGTTTAT	6m
FBgn0035206	0.18	116	211	TTGAACAGCAAACCAATAGCAATTACTCCA	CTGCCTTT	GTGTGGCAATTAGTTCGTTTTTATTAGTAT	6m
FBgn0035252	-0.11	167	250	ACTTTAGATAAGCTAAAACTAACTGGAGGG	GCGCCTTA	TCAACCGACTGTTGTTATACCTTAAACCCT	6A1
FBgn0035337	0.35	23	60	TTTATTATGTTAGTTGTTAATTT	TTGCCTTA	GGAATAAATTACACATGCCTTCCTATTTT	7A1
FBgn0035337	0.35	45	60	GTTAATTTTTGCCTTAGGAATAAATTACAC	ATGCCTTC	CTATTTT	6m
FBgn0035357	-0.67	595	968	GAAAAGGTCCCCGCCCCGCAGATAGATGAC	GTGCCTCG	CTTCGTTCTTCTCTCGAATCTTCTAGCTTA	o6
FBgn0035390	-0.98	343	733	GACTACACACGAAGAATCCGACGAGAACGA	GTGCCTTA	TGACGTCCTAGTTATTGTCGTCGCCCCCGT	8m
FBgn0035411	-0.18	117	621	TTTATTTTTAAACGCATTAGAACATCGATG	TTGCCTTA	AGCAAGTTACATATGTAAGTGTGAAGTGCT	7A1
FBgn0035411	-0.18	172	621	AGTGTGAAGTGCTGCTTAAACCGCTATGAT	TTGCCTTA	AGAAATATTTTACAATTAGACTAGTACATA	7A1
FBgn0035424	-0.39	649	4448	GAATCACACGTCGATTTTACGATATATGAT	TTGCCTTT	AATATTTCATCATTCTCATTTTTGCTTACA	6m
FBgn0035424	-0.39	2114	4448	TGTTTCTATGAAAACAATCGAATATGCTAA	GTGCCTAT	ACTAACTAATATGTAACATACGAGCAGGGT	o6
FBgn0035424	-0.39	2705	4448	GTTGAACCTCAATAGGGCGGACTGCGGACT	GCGCCTTA	GGTGAATCAATGGATGAGGAACAGCATGTG	6A1
FBgn0035425	-0.58	161	215	GTTTTAACTGTAACCCCACGATGCGTGTAT	ATGCCTTG	TCTAACTATTTAATGTATGATTTACTATGC	6m
FBgn0035440	-0.13	150	326	TCTTCTATGCTTCTCATATATAACTATATA	TTGCCTTG	AGCCTAACCAAAAACAAAACACTTATATAA	6m
FBgn0035449	-0.52	481	758	TTAAGTCATACAACCTATGTAAAAATAAGA	AAGCCTTA	ATGACCCTTTCATTGTTCCTTAACTGACAT	6A1
FBgn0035464	-0.40	112	334	AGATACAAACCTATATTTTGTATCCATTTT	TGGCCTTA	GCAAAAGTTTTTAAAACGTTGTCGCCCGAA	6A1
FBgn0035475	-1.03	407	416	TAAGCTAATCGAATAATAAAATCAATCTAA	TTGCCTTA	C	7A1
FBgn0035482	0.33	1867	1957	TGGTCCAGCATCCGGATATTTAATTGTAAT	CCGCCTTA	TATAATATAATCCGCATTATATAATTCCTT	6A1
FBgn0035488	-0.14	191	936	TAAGATCTCAATCTTTGTGATACTTTATTT	TTGCCTTC	TCTCAGCCAAGTCGAAATCCCCCCCAGCAT	6m
FBgn0035519	-0.12	63	171	TAGATTTAGTAAAATGGTTTTTAGTAATTT	TTGCCTTC	TGACTGCTTATTAAATTATTCTAACTGGGA	6m
FBgn0035539	-0.06	112	338	GCTTGTAAGCCATTCCCGAATGCGAGTCGA	GTGCCTCT	GTAGTCTGTAGAATTAGCCCACGGATCGGG	o6
FBgn0035558	-0.24	69	891	TCTTTGGCTGTTCAGTTTTAGGGTTTCGTT	AGGCCTTA	GTATTAACTCATAGTTATCCGTAATGTTAG	6A1
FBgn0035630	-0.13	264	384	ACTTTACCTCTTTATTTCCTTTACTATAAG	CTGCCTTC	GTTTATCGGTCTGTTCAACATCATCGCAAC	6m
FBgn0035674	-1.15	14	52	TTGGATTTTCTCAT	GTGCCTTA	TTAGTCAAAATAAACATAGTAATAATTTAT	8m
FBgn0035911	-2.62	136	168	TGTTTTATCAATGTCTATATGTATATGTAT	GTGCCTTA	ATAAAAGAAGTAAAACTTTATATG	8m
FBgn0035977	-0.32	147	168	ACAATCTCCTTCGTATTTATAGAAATAAAC	ATGCCTTT	ATTGAGTTTCAAC	6m
FBgn0035980	-0.08	29	59	GCCTAAGACCAAGACTGATTCCGCTCCAA	AAGCCTTA	ATAAATGTAAATGTTTAAACTT	6A1
FBgn0036004	-0.02	476	938	CCTCCTCCCATTTGTGTTATTGTATATAGA	GAGCCTTA	GTGTATGTACGTACTACGTAGTTAGCTTTC	6A1
FBgn0036007	-0.49	479	1123	CAAAAAAAAAAAACCAAAACTAATGTTATC	ATGCCTTT	CCCACTTTTACTTTGTTCCGTGGCAAATTC	6m
FBgn0036008	0.25	15	761	CGGTTCATTTATTTG	AAGCCTTA	GAGCGCTGGGCTTCAAATGGAATAAATCGC	6A1
FBgn0036053	-0.37	415	488	ATTGAGTCGTTTAATTGATAAAAACATTCC	GTGCCTCT	GTTAGAAAATGAATGTGTATGTAGTATGTC	o6
FBgn0036058	-0.36	490	953	TTGTTTAAGTGTCCGATTTGTTATCCGTTC	GTGCCTGT	CCTGCAAGATATTTCGGTATTCATACATTA	o6
FBgn0036059	-0.04	241	686	TGTTGTTGTTTCGAGCCCAACATATATAAC	ATGCCTTA	GTACGAATTAAGTGTATACCTAAGCTATAA	7A1
FBgn0036147	-0.19	181	260	TAGCTTTAGGATACTCTGATGAATCTGTTG	CAGCCTTA	AGTTAATTATAAGCTTTTTTACCAAGTGCA	6A1
FBgn0036199	-0.93	129	584	GATCGCGGTGGAAACGAAGGGGTCACTAAA	GTGCCTGT	CTCACAGCCCATTCGATAGCCCCCTAAATA	o6
FBgn0036239	-0.06	52	343	TTGCCGTGCACTTGCCACTGCTAACGTAAC	GTGCCTCC	GCCCATCATAATCATTATTCCTTAGGTTTA	o6
FBgn0036299	-0.23	184	312	AAGGCTATAGTTTATAATTTATAAAGTCCT	GTGCCTTA	TTATAGTATTTGTTTGTGTACATACCAACT	8m
FBgn0036376	-0.71	476	516	TGACGGATATTTTGTAAAATACATACTACG	ATGCCTTT	TACAACCAAACAATATACATTTGCATATGG	6m
FBgn0036389	-0.72	327	343	ATATATAGAACAAATACATCAACACGAACT	TTGCCTTA	CGAACCAT	7A1
FBgn0036402	-0.07	278	644	TTAGGCGAAGATGCTGAATTCTGTATATGT	ATGCCTTC	TCATCATAAACGTAAATTCCACGTGTTCAA	6m
FBgn0036463	-0.35	86	584	AATTAACCCGTTATTCTAAGGAGATGGAAA	GTGCCTTC	AACTGTAAGGAATTGACCCTCTGTACCATG	7m8
FBgn0036661	-0.18	338	581	TGGAAGTCAAACAAAACGCAGTCACAAATA	TTGCCTTT	CCCTCTGGAAGAGGGGAGAGCAACCGCAAC	6m
FBgn0036688	-0.76	241	312	GCCTGCCCAACACCTAATTAGACTTAACCG	TGGCCTTA	GCAATGTTTTTGTATAACTAACTCTTAAGT	6A1
FBgn0036770	-0.71	189	380	AATCAAGCAGAATAGGCTAAGTTTGTTTAA	GTGCCTCC	AAAATATTGATTTTTGTACTTAAAGCATAC	o6
FBgn0036816	-1.79	82	591	GAGGAAAATTTAGGGAATTTTAAACGAAAA	GTGCCTTT	GCTGACAGCGAAAAATGTGAAAAATATTTA	7m8
FBgn0036819	-0.03	38	141	GTTTGCTCATCTCGCAAAAGACTACAATTT	GTGCCTTT	AAGTGCAATAAGCAGTGTAATTGTTAAAAT	7m8
FBgn0036826	-1.50	243	306	ATCCCAAATTCATGTACATGTGTAAACTAT	GTGCCTTT	TTCCATTAACGACACAGATAATCGTGAAAT	7m8
FBgn0036857	0.33	220	364	CGACCACTGAGCCGCGGGCGCCCCATTCCA	GTGCCTTT	TTCTGAATGTACGACCTGCGAACAATTAAA	7m8
FBgn0036887	-0.04	87	381	TTTTCACTTCCAAAGAAGATTGGCTAAAAC	TGGCCTTA	AAAGATTTTGCTAATAATCAGTTGGTCTGA	6A1
FBgn0036921	-0.31	83	752	ACATCATACGCTTTTTGTTTTCCCTCAAAC	ATGCCTTG	TAAATGAGTTTAGTTTTGTTCCAAAAGTGT	6m
FBgn0036980	-0.34	105	516	TTGACATTACGCAATATATAGAGCGCAAAT	TTGCCTTA	GTGATTAACGATTAATAAGTCCAACGTAGC	7A1
FBgn0036980	-0.34	272	516	CACCTCGGCGCTGCGAAGCATTTCGCTGTA	TTGCCTTA	CGATATATCGGTGTACACTCAACTTGTTCT	7A1
FBgn0036999	-0.45	50	491	ATCACAAATGACAAATGTTGTATCTACTTC	AGGCCTTA	TCTAATTGACCTGTTCCAGTATCGGAGCAT	6A1
FBgn0037020	-0.67	72	272	GTTACGCTGTAAATTGAGTTTCCCCGTTAA	ATGCCTTC	AAGACTTTTGGTTTTTTTTCTTTGCGTTTA	6m
FBgn0037117	-0.16	112	315	TAAAAGGGGCAATTAGTGAATTGAGTTTTT	GTGCCTAG	TCTCATAGGCCTAATTTTCAATCAGATCCA	o6
FBgn0037137	-0.06	320	805	GGATATAACTAACTAGTTTAAGTAAAATAT	TTGCCTTA	CGCAATAGTTCCGCCAACATGTAAATTCTT	7A1
FBgn0037138	-0.05	384	824	TTAATTATATATGATTTATAATTAAATGGC	CCGCCTTA	TGTTTTATTCGTTATCGAAATTGCTTGAAT	6A1
FBgn0037185	0.15	168	407	AGGCAATGCCATTGAAACCAAACATTAAGC	TAGCCTTA	GCAGATACGGATTCAAATCACACTCGTTCC	6A1
FBgn0037218	-0.33	317	657	TTCAGACTTCGGCGACTACCCAATGATTTC	ACGCCTTA	TCCATCAAACAATAGAGATCAATTATTCGT	6A1
FBgn0037235	-1.41	94	410	CACCTAGTAATCTCAGTGGCTCAAGTACTT	GTGCCTTA	CTTAATGCCTTTACCTTGCCAACAACAAGG	8m
FBgn0037235	-1.41	106	410	TCAGTGGCTCAAGTACTTGTGCCTTACTTA	ATGCCTTT	ACCTTGCCAACAACAAGGGCCGTCTATATA	6m
FBgn0037241	-0.59	246	292	ATAGACAGAAAGAGTGTTCATATGAGAAAT	ATGCCTTA	ATATGCTCTGCATAGGAAACCTGTAGTGCA	7A1
FBgn0037252	-0.01	80	476	AATCTACCCAATGTGTCGCCGTCGGCTGAT	TGGCCTTA	ACTCACTTCCAAGCAAACCGCGACTGCAGC	6A1
FBgn0037252	-0.01	261	476	TGACGTTTTTTGACACATTGAATTGTAAAA	TTGCCTTC	CACTACATCTATGTTTTAATATTTTGTTTT	6m
FBgn0037279	-0.37	74	125	TCAGTTCCGCCGTTTCGGTATTCTATAAAG	GTGCCTTT	TGCTGAACTGCTCTCACCTACGATTTGCAA	7m8
FBgn0037327	-0.72	119	829	GTATCGCCATCGCTTATTCCTTACCTGGCT	ATGCCTTA	TTCGCTGACCTCGACCCGTAAAGGTCGCAG	7A1
FBgn0037338	-0.33	162	246	TATAATGTTTTAATATCTTTTATATAAGGC	TTGCCTTT	TAAATACTTTACATATGTATTTTGGTTGAT	6m
FBgn0037339	-1.05	593	635	CAAAATACATATGTAAAGTATTTAAAAGGC	AAGCCTTA	TATAAAAGATATTAAAACATTATAAAAGTT	6A1
FBgn0037384	-0.62	33	338	GCTTATACTATTTCACATTTTTTGCTCTGT	GAGCCTTA	ATATAATATAGTTTAAAAAAAAACGCTTAA	6A1
FBgn0037465	-1.13	381	429	TTTTTTCTGTTTTTTTTTAAGCCAGCAATA	GTGCCTAA	AACTGATGTACGACTATAATCGTAATAAAA	o6
FBgn0037482	-0.27	35	493	CACTTATGTCGAGTTCGGCAAGTCCTGCTC	CTGCCTTG	CCCAAAACAAACAAGCAACACAACCAACTT	6m
FBgn0037549	-1.39	44	135	TCTAGTTATAAGAGACTAGAGCGCATTGAA	GTGCCTTG	CCAAAAATTGTTTAACTATTTATCTATTCC	7m8
FBgn0037646	-0.57	43	153	AGAGGACCAAATGGATTATCTGTGATATGT	GGGCCTTA	TACCGCGATCGGCATTTACAATTTACCAAT	6A1
FBgn0037647	-0.16	329	381	TTTCGTAGATTTGTAAGTTTAAACCTTTGT	AGGCCTTA	AGTTTATATACAAAAACAATTACACACTTA	6A1
FBgn0037659	-0.18	768	1041	GTCGAACCCGTTTTAAAGTTCCCCAACATT	TGGCCTTA	CTCGATGGAAATTAAACTCGCGTTGCGCCA	6A1
FBgn0037680	-0.32	139	376	ACTATAGTGTACATTCCATCCACCAGTTTA	GTGCCTTA	GAGATGCGCCTCTCGAATACCACAAATTTT	8m
FBgn0037715	-1.28	174	283	AACCTGTTAACCATTATTATTTATGGTTCA	CCGCCTTA	TCGACGTGATTCGTATTACTTAAGTTGTAA	6A1
FBgn0037747	-0.65	541	601	TTCCAACGAAACATAGCAAATAGACATATC	GAGCCTTA	GCATTAAGCACTCAACGAAGGGCAATAACT	6A1
FBgn0037758	-0.06	471	691	TACGAAATCGTTCGGCTTGGATAAGATTGG	TTGCCTTA	AGCAAAGAAAGTTCATTAAACAGCCAATCA	7A1
FBgn0037778	0.19	42	58	GCGTTTTGCTTGTGCAAGAAAAATAAAGAA	TTGCCTTC	ATTTTGAG	6m
FBgn0037843	-0.68	232	645	ATCGCCACCTAGTGTAAGTGGCTAATTCGG	TTGCCTTC	CCCCCCGATTATGTGCTTTAATATCTATCA	6m
FBgn0037856	-0.59	946	1184	CGCGAAGAATCAATGAATCAATAAGCTTTA	GTGCCTCT	GTATGATGAACAAATCGAATGGTTATCGTT	o6
FBgn0037891	-0.24	25	270	TGTGAATTGTCTTAAGACACGTCCA	CGGCCTTA	ATTTGATATTAGCCTTCTTAATTTGAAACT	6A1
FBgn0037913	-0.03	777	1119	CAAGGGCACCGTGCCAAGATTAGGTCGTGT	GTGCCTGG	ATGTGGCCATCACCTTTATGATCTACGACT	o6
FBgn0037989	-0.78	851	1208	TAAATAGAGTTTTAGAATCAAAGCCTACAT	TTGCCTTA	GAATGTCCCTAGGGTTAAGTCCTTTTAGCA	7A1
FBgn0038243	-1.00	133	326	TTCTTGCGACCTCAGGTAGCGTACAGAAGA	GAGCCTTA	CCTTTACTATCTGGGAGGATTTGTGTACAT	6A1
FBgn0038286	-0.68	263	745	GGAAACTGATTTGTGATGTTAGCAAGCGAA	GTGCCTGA	ATCGACGGATCAGGACGATAACTACTACAA	o6
FBgn0038326	-1.14	392	452	CAATTCGTAGTCCTAATACAATCAATAATT	GTGCCTAA	AGAATCGTTAGAATTCGTTTACCAAGAATA	o6
FBgn0038427	0.06	33	143	AGACTAGAAGTTTTAGTATTACATTGGAAG	CAGCCTTA	TGCTTAGATTGTTGCTAAAATTTTGTTATT	6A1
FBgn0038432	-0.68	367	570	ATATTTCTACTATGTACTCAACACAATCAT	ATGCCTTA	TATGGTGTATGATTTTTGGATGCTATATAT	7A1
FBgn0038467	-0.36	299	769	CGAGTAAACATATACACATATTTGCCGCCT	GTGCCTTT	CCCGTTCGCCACTCGGGCTGACATATCACG	7m8
FBgn0038491	0.91	626	1259	TACAGCATTTACGTGTGTGTAGTGAAGGCT	GTGCCTGT	TTCCACTATAGGAAGACTACTCAAAACCTT	o6
FBgn0038545	-0.48	199	239	CACGATCAATTATACTTATGTGTAATTCGA	ATGCCTTA	GTCTTCTAAACGACAATTAAACAAATAGAT	7A1
FBgn0038639	0.36	147	503	GCGACGCCACATCACCCCGAACACAACTTT	CTGCCTTT	CGGTTGTTCCTCGTTTTGATGTTCCCTACC	6m
FBgn0038721	-0.57	59	511	GTTACGAATGTTCCTTTCAGTCACTTAATT	AGGCCTTA	GCTATGACACTTTTATTATTATTTAGTAAC	6A1
FBgn0038747	-0.18	180	646	AAAGCCTCTGCGTATTATGCATTTGTATTT	TTGCCTTG	TTCATAAGCAATCTAATTTGTACGTGTTTA	6m
FBgn0038804	-0.70	127	158	TAATCATGCATTTACCATTAGACCGACTAA	AGGCCTTA	AAAAATAAATGACAATTTCTCAT	6A1
FBgn0038810	0.05	15	82	ACTGACACAGATCAC	ATGCCTTT	ATACTTTCGAACGCTGATTATAAAAACCGC	6m
FBgn0038877	-0.88	114	877	GCCTGAGATTCACGATAGACTCATACCTAT	GTGCCTTA	ACCACTAATCGAATTCAGGATGAAGCGCTT	8m
FBgn0038877	-0.88	357	877	TCGAGTACCCAGAGAAACGGTGCCAAGGTG	GTGCCTCG	TGAACGTCGACTCCGGATTCGCCCGGGGTC	o6
FBgn0038893	0.02	262	643	GGTCTGATTCCGGAATCAAGATTTACCCTT	TTGCCTTC	GAATTTTTTGTGTACTATTCACTTTTTTTT	6m
FBgn0038928	-1.55	77	335	GTAATTAATGTGCTGGAGAGCGACAAAGAT	GTGCCTTT	ATTGTAATTATTCACATGTTATTCCAAGGT	7m8
FBgn0038953	-1.20	23	142	ATTCATAATTTGACCACCAACAA	ATGCCTTT	AACAAATAAAGTAAATACCTAAAAATATTG	6m
FBgn0038965	0.02	160	172	ACTTTTATGTTTCGTTCATTGCTTCATGGG	GTGCCTCC	CACT	o6
FBgn0038989	0.19	107	146	TGTACAAACTAAAATGGCGTTTTGGCCGAG	CTGCCTTG	CTGCTCCTCCAGTTTGATGCGCTTGCACTT	6m
FBgn0039049	0.11	493	1664	AATCTCCGCGTGGACGTGGTGTATCCTGTT	GTGCCTTC	GAAACCGGTGGTGATTATGAAGTGGCTGGG	7m8
FBgn0039067	0.37	190	424	TGTGGAATAAAACGAGTTGGTTACAGTGTA	ATGCCTTT	ACCTGCATCGTCTACTGGTCACAGCTAAAG	6m
FBgn0039111	-0.44	62	120	TACAGTAGATTACCATACGTAACAAAGGTG	GTGCCTGT	TACCCAACTACTTTAGTGCTGATTTTCTTG	o6
FBgn0039113	-1.71	89	244	CAACATAAAGTCACTTTTAGGAGCAATTGC	GTGCCTTA	GAATGCGAATTTTAGAAAGTTTTAAGCAAA	8m
FBgn0039113	-1.71	232	244	ATTGTGCAAATAATTAAAGCAGTTAAATAA	ATGCCTTG	AACT	6m
FBgn0039129	-2.54	36	129	AATACCAATACCACGATGGATCATCTTTGA	GTGCCTTG	GGTTTTCAAAACATTCTCAATAAATCGAAA	7m8
FBgn0039207	-0.20	224	715	AGTTTGTTAACGAAAAGTCTAGAATGTGTA	CTGCCTTA	TACGTATTGTACTTAGATGTAATCTCCACC	7A1
FBgn0039212	0.16	148	165	AAAAGGAAAATATTTGTTTAGGCTATTCAA	CTGCCTTG	TTTCAATTC	6m
FBgn0039241	-1.28	309	365	GAAACACCCTGTTAATCAAACCCCATCAAA	CTGCCTTA	TGACCATTCCAAGCTCAATAAAACCACTTG	7A1
FBgn0039241	-1.28	344	365	TTATGACCATTCCAAGCTCAATAAAACCAC	TTGCCTTT	AGTTAGTTAAACG	6m
FBgn0039296	0.31	353	409	ATTGTTCTCCAAACAGATTATGAATCCTTA	AAGCCTTA	AGTTCTTGTTTATTGTAGCTACAATAATAA	6A1
FBgn0039356	-1.15	87	289	GTCATCGGTTTAGTTACTACTGCAAACTAC	GTGCCTCT	ACTACAAGTACAACGAAAATAACCCTAATT	o6
FBgn0039427	-0.06	226	766	TGCGACTTAGTCACGGGTGTGCTGGTAGAT	GTGCCTCC	GCTGCAGCCACATACTGTATGCTAGATTAG	o6
FBgn0039430	-0.16	253	606	ATAGCTCAAGTTAGTTATACACATATTATG	TTGCCTTT	AGTTTAAGCTTAAAACGAGCAGATATATAT	6m
FBgn0039449	-0.09	759	854	TTTTATATATGTATGAAACATTCAAGACCC	AAGCCTTA	ATAATTTAGTGTATACAAAAGTATTTCTTA	6A1
FBgn0039467	-0.19	196	449	TAGTTTTCACTATCCTAGCTTAGTGAACTC	GTGCCTCG	ATATCAAATATCTAAAATGTGGTTTAATCA	o6
FBgn0039505	-0.48	53	250	CGGTACTGGAAACCAAAAACCTTCTCAAAT	ATGCCTTC	TCGTTCACGCTAGAGCTACATGTATATTTT	6m
FBgn0039538	0.51	114	383	TTGACCCAGCTCCTATCTTTACCTTTCCCA	GTGCCTTG	GAGGCTTCTACAATCGTCCAAGTGTATAGA	7m8
FBgn0039538	0.51	316	383	TTTACTTAACTTAAAAATATAGTTGTTTAT	ATGCCTTG	TAATGTTGTACGCACTAGGAAGTATAATAA	6m
FBgn0039544	-0.19	85	164	TAATATGTATATCATGCCCATCAAAAATCA	AAGCCTTA	GCCTTTAAGCTAACCATATTATGTAAAATC	6A1
FBgn0039588	-0.61	19	72	TTTGTACGCGCTGCCAAAT	CTGCCTTG	TTATCGCCTTGTAATCTATAGTTCTCTATT	6m
FBgn0039600	0.15	65	191	TAGCTCTAAGACGCTACGGCTTGTTTAGTT	TTGCCTTG	CTGCTCTGTTAAGTTGTACACATCTAATTG	6m
FBgn0039625	-0.25	107	288	GCTGCACTTCGCTTCGCAACCGATTAGTTA	CCGCCTTA	GACAATGCGTTCCGAATCGATCGTGATATC	6A1
FBgn0039640	0.80	194	289	GAGCATCACGTTTTTCATTACTTTTAATGT	ATGCCTTC	TTTTCATAACAATTATGAGTCTTGTAATTT	6m
FBgn0039644	-0.94	107	417	AAGTTGTACTTAAAGCTAACGAAATACCTA	TTGCCTTG	TACTTACGGAATATTTGTAAGCTTGATTAT	6m
FBgn0039644	-0.94	386	417	GTACTTATAGATACGTACAATCTCAATAAA	GTGCCTGA	GAATTATTACTTACAAATGAAAC	o6
FBgn0039663	-0.06	90	1458	TTTAAGTAGTCTTAGCCTAAGTCGGGTCTA	GTGCCTAA	GAAACATAATCTCACAAAATTGGTCATTAG	o6
FBgn0039691	-0.08	29	116	GCAACGAAGAAGCATCCCATTGAAATCCC	ACGCCTTA	ATTCCATAGATAAGCACAAAGTGTAGATAC	6A1
FBgn0039741	-0.57	41	447	ACTTAGCTGATTGTACACAAACGGTTACTT	CTGCCTTT	AGCTAGCCAATTATTTCGTTCGATTTAAGT	6m
FBgn0039751	-0.10	228	286	GATAAACAAATGTTATGTGTAGGCTGTTAT	TTGCCTTA	TTTAATTGTTAACCCTTTATAAACAATGCT	7A1
FBgn0039756	-1.64	63	277	TTTCCTAGTATTAAGTTGTAGCACCAAGCC	ATGCCTTA	TGCTCTGTTTTTTATCGGGACCTGAGTCTT	7A1
FBgn0039828	-0.14	108	197	CCCATAAATACATAACATTTTGTGTGCACA	CAGCCTTA	CTTTCGAAATGTGGAATACTCCGTATAGAA	6A1
FBgn0039859	-0.78	68	117	TTACACTTATGTTACATCTACTTGTTTCGC	TTGCCTTA	TTTATGCTGCATTTTACATCAAATGAATGT	7A1
FBgn0039902	-0.43	215	1860	TCAGCTTTCTGTAAAGTTGAGTGATTTGAG	AGGCCTTA	TACGAGAATGTATTGTGAGTAAACCAAGCA	6A1
FBgn0039902	-0.43	531	1860	CATTGGTTTACTGGATAACGTCTTCTGTTA	CGGCCTTA	GATTACGGATTTCTATAACTACTTCTGCTA	6A1
FBgn0039930	0.29	29	68	GGCACTAAGTTCCCCGCATAAGTAATACG	GTGCCTGT	GTATCAAATTTAACAAATACATTATTATCC	o6
FBgn0040007	-0.05	17	107	ACTACTAAATGATGGCA	GTGCCTCA	ATATTTCTACTGCTAAGGAATACATTTTGG	o6
FBgn0040010	0.24	462	555	AATTGCAATGCTTATATCAGAAATGTTACA	ATGCCTTG	CTAGTGTTTATATATTAGTTGAGCATACTA	6m
FBgn0040068	-0.64	296	511	TGTTTTTATTCGTGATTAAGCCTATTTTGT	TTGCCTTC	CTTTTATTTTCTTTTCTTTTTTTCTTTTTT	6m
FBgn0040207	0.05	360	474	AATTTCAGCAGACCATGATGATTGAAAAAT	GGGCCTTA	GTTATTTAATGATTTGTAATATTAATTTGT	6A1
FBgn0040208	0.08	49	703	GGCTAGCGATTGTAGGAGTATATTTTTGAA	TAGCCTTA	AACACGCGCTTAAGTCATTAAGCTTTTAAA	6A1
FBgn0040285	-0.15	442	518	AAAACAAAAGGAAAACTAAAGCGGCCCACG	ATGCCTTC	GACACGCAGCTGCAGCGGATCAAGTAGACA	6m
FBgn0040294	0.09	231	320	AGCCATGTAAGACTTAGGGAACAGTTACTT	AAGCCTTA	GCGATTAGTTAGCTAGAGAAATAATCTAAC	6A1
FBgn0040305	0.27	339	782	TGCCATAAATAAAGTTTGTGAGGATATGTG	TCGCCTTA	TCGGAAAATAAAACATGTCAGACTACGAAG	6A1
FBgn0040305	0.27	557	782	TTTATTACCACCCCAGATCAAAAGCGATCC	ATGCCTTA	GGGACGTAATAATATATTTATATGTGGGGG	7A1
FBgn0040336	-0.78	249	421	ATAGGTATTAATTATTGATCCAGTTAGAGA	TTGCCTTG	TAGATTGCTGAACTTTGCATTTTCGATGCA	6m
FBgn0040347	-0.15	403	755	CAAGGTAAAGGTCTATCCCCGCGTCCCTGT	TAGCCTTA	TGCTTAAATTAATTCGGCAGACTGCAAAGT	6A1
FBgn0040475	-0.04	134	306	GCTGAAAACATTCGCACGCGCGCATTTCAA	ATGCCTTC	GAAAGGAACTCTTACTTTAAGCGTGGTTCT	6m
FBgn0040493	-0.32	25	154	CTCAGCCTGCCTTTTACTGTGCCAC	GTGCCTGA	CTGGATTAACATTTCCATCATTTTCTTTGC	o6
FBgn0040513	-0.37	169	230	CGTACTCGTATTGATCCATTTAGAGTCTAC	TTGCCTTG	TATTAACTGTTGTGCTTTAATGTGGGCCAG	6m
FBgn0040529	-0.04	64	238	ACCCCGCGCAAGATCCGTGATTCAGCGTAG	TCGCCTTA	TATTTCAATGTTTTGATTGTAGCCTTGCCC	6A1
FBgn0040551	-0.52	31	106	GGGGATATTTCCCCAATATCAATTAACTAA	GTGCCTTA	CTGATAACTCTTGTTTTCAATCATTTTTTA	8m
FBgn0040786	0.15	73	129	ACAACTTGTAATACAACGGAGTGCATGTAA	ATGCCTTC	TGGCTTGGCAGTTCCATGAGACTTCTGCTA	6m
FBgn0040964	0.31	93	158	TTGGCGGCAATAAAGTTTATTGTCGTCGAA	GTGCCTGC	TCATCGAACTAGGCCAAGTGGTCAGAGCGA	o6
FBgn0041171	0.06	184	1133	CGGATGTGAGGGTCCGCAACGTAATGTTGA	ATGCCTTG	CCAACAAAACGCAACTGCTCACATACACCA	6m
FBgn0041210	0.45	353	1227	GAACAGGGCCTAAAGTTCAAAATGGTGGCT	GTGCCTCC	AAAAGAAGAAATAATTATAATAATTAGAAA	o6
FBgn0041582	0.42	312	669	ATTGTTAAGGGCGCTTCTGTTTCAAATTAC	GTGCCTCC	CTGAATAAGTCATCTACATATACATATATA	o6
FBgn0041630	-0.11	21	32	AAATAAAGTACAGCTCAAAGG	TGGCCTTA	CGC	6A1
FBgn0042083	-0.06	52	300	ATTTAATCGGAGCGCATTTACAGGCATTTA	ATGCCTTT	ATTTCGAAACTGTTGCATTTATTAGCGTTA	6m
FBgn0042132	0.43	525	556	TCCCGGTCTTCGTTTTGGTTTACTATTTGG	TTGCCTTA	CCGTTTCGTTTCGTTATGTTTTT	7A1
FBgn0043070	-0.28	326	908	ATGCGGAGAGATATTTGTAATTTACACTTT	GTGCCTGA	GCGTAACGTAACGAACATACACGTATATAT	o6
FBgn0043364	0.23	114	541	AAACAAATTAACATCTGAGTCAAATTCGAA	ATGCCTTC	TCGCTCTCATGTAGCTGGTGTAGACTTAAG	6m
FBgn0043796	-0.31	186	243	CTATTGTGTATACTCTTCTCGTTCTCTATA	ATGCCTTA	ACCAGTTGGATTTGATCTGGTTATAAAGTA	7A1
FBgn0044826	-0.13	1611	2320	GTATTTTGGGGCAGTAGAAACGGGGTTAGA	TTGCCTTT	TTGGAAACCGAAACATACCCGACATTACAT	6m
FBgn0045823	0.17	341	1254	CAGTTTATCAGCAACTTGAGCGGATGTTCA	ACGCCTTA	TATAAGAGGAGTCCGGGGAGCCTGTCACAG	6A1
FBgn0050000	-2.50	63	211	TTGCATTTATTAGGATTTTAAAACATTTTT	GTGCCTTA	TCTGATGTTTATTGTGTTCAGTTCTGCGCT	8m
FBgn0050108	-0.00	157	194	ACATGGACAACTGATTTCGTTATAACCAGA	GTGCCTTT	ATTAAAATAAATTAGATGTTCTTAAAGAA	7m8
FBgn0050159	0.03	407	459	ATGTTTTTACCACGGATGACATCAGTGCGT	GTGCCTGT	GTGTGTACGTGTGCGTGTTTCCCAAATAAA	o6
FBgn0050187	-0.18	68	85	AATCCATTTGATAAATAATAAATGCTTTAT	ATGCCTTT	CCCCCATCT	6m
FBgn0050456	0.22	328	406	CAAAAAGCGCAACGCGTTGAACGTTTACTT	GTGCCTAG	CTGGATAAGCAATTTTTGTTATTCGTAGAT	o6
FBgn0050493	-0.24	28	522	CACGGAAGTGAAACCATGTCGGGATCCG	ATGCCTTG	AGTGCCACACGCAGTCCAAAGATTAATAAT	6m
FBgn0051038	-0.20	474	640	GTTTCACCGATAACACTTGTTTTTGTTTAA	TAGCCTTA	CTCGTTAAGCTTAGCTATCGAATGCAGTGT	6A1
FBgn0051159	-0.15	91	180	CGACTGACAGACAAATATGTAAATTTTTAC	GTGCCTAG	CAATAGATTATTTTGTGATCCAATACATGT	o6
FBgn0051195	-0.41	1122	1355	AGCAATGAGAAGAAATCGAATGTGTAAATT	GTGCCTTA	AACTGAATATTTGTAACACAACAGACTATA	8m
FBgn0051195	-0.41	1227	1355	TATGTATCTACATATCTGAATTAGTGATAA	GTGCCTTG	AGACAAAATCGAATAACTTTTACAACCTGC	7m8
FBgn0051216	-0.91	117	367	TCGATTAGATTAGTTTAGATCACCTGTGAA	GTGCCTCT	GTAGTTTGGCTAGCTTTTGCTAAAAATATT	o6
FBgn0051342	0.34	533	775	TGCAACTTAGTATCCTTATGCAATATTGGA	GTGCCTCT	GATTTTGTTCATTGATGTTGTTTTCTTTCA	o6
FBgn0051472	-0.36	170	376	CAAGCTTAACTACCAAATACAAATTTAAGA	TTGCCTTT	AAATATTGTCATAAGGTGTAAGTGAAATTA	6m
FBgn0051472	-0.36	313	376	TGGACAAGTAGCCTAAGCATTTTTTATCCG	TTGCCTTG	AAGTGCGTTATAAATTGTAGAGCATATTAA	6m
FBgn0051638	-0.28	465	923	TTCACATCCTTGCATCCTCATCGGAAACCC	TTGCCTTT	ACTAAAAATGAACAGACTTAATAACAGATA	6m
FBgn0051915	-2.42	72	518	AAGTTAGTACTAGCCTAACAACTGCCAAAT	GTGCCTTT	AATCCAAATCCACCAAAAATATGAAACAAC	7m8
FBgn0051955	-0.23	211	231	GTTGTTTGGAAAATGTGCCATAGTTACCAA	GTGCCTGC	ACCAATTTTAAT	o6
FBgn0052243	0.01	38	105	TTTGTATTACCTTACCTTATGTGAATTCCA	CTGCCTTA	CGATCATATAATAAAAGCCAAATATACACA	7A1
FBgn0052280	-0.30	65	640	TGTAGATTGATTACTTTAAGCAAGCGTTTT	TTGCCTTT	ATTTATTTAATTGTAGTAATATCATTTGGA	6m
FBgn0052311	-1.07	65	238	TTGCTTTATGATTTGTTCAATGCCAAAGTT	TCGCCTTA	TTGTGTGTATGTATTTATTGCGCCCCCGCG	6A1
FBgn0052368	-0.17	61	87	AAGGCAAAGCTGCTTGCAGTTTTGATTAAA	ATGCCTTA	TTAATAAATTTCATGAAC	7A1
FBgn0052380	-1.58	173	544	TGTATTATTGACAGCATTCTACCATTTGTA	GTGCCTTC	CGGGTCAGATCCCCCCAGATCATCCACCCA	7m8
FBgn0052479	0.62	1066	1345	GGGATTGTCTCCCCGGCTTGGATGCGATGT	TTGCCTTC	ATGATATTCGAGTCCTTAACTTTCTTTTCT	6m
FBgn0052528	-1.05	435	588	ATACATTATTTGAACACAATAACCGAGATT	GTGCCTTT	AGATCACACAGAGCTTTTGCAAATTATGTC	7m8
FBgn0052529	-0.21	1448	1729	TACTCTTGATTTGACATTTATCTTTTGTGT	TCGCCTTA	GTTTGGAAATTTGATTTCAGAGACATGATT	6A1
FBgn0052536	0.34	138	153	ATTTAGTTGATTGGCTACACGAAATAAATC	TTGCCTTT	CACTCGC	6m
FBgn0052594	-0.92	308	495	TAAATTTAAATAAATAGCCCGATCGACCAA	GTGCCTGC	AGATATAATATATGTCGGGGCTTAAATGGA	o6
FBgn0052654	0.21	220	459	TAATGCGTCCCTAAGCAATATGTTATCACT	AAGCCTTA	TATACGATAATTGTGAGCCAGATTTTTTGA	6A1
FBgn0052676	-0.04	839	1284	AGCGACTGCGATGTGGCGCTTTAACCTAAT	TTGCCTTA	ATAGAAAATCGTTTTTCACCTATTTTTTTT	7A1
FBgn0052695	-1.06	59	120	ATTTAAATGCGTGTTTATTTTTAAGTCTGT	TTGCCTTG	CGCAGATTAAAACTGTCTACGGATCTTGTA	6m
FBgn0053096	-1.31	181	2386	ACACAAATGTCAAACGGATTGAAAACGATG	GTGCCTCA	AATTCCAGCCAGAGTTCTACTAAAGCTCTC	o6
FBgn0053111	-1.46	112	343	ATTCCGTGCATTTTCAAACCGTATTATTGT	GTGCCTTT	TCAAGGATGAAACTGAAGCCATTTTAAAAT	7m8
FBgn0053169	0.33	61	100	TCAGTGCAATTGAATCGTTGTAAAGACATA	TAGCCTTA	ATAGTACAATTAAATCACAGTTCGTCCATC	6A1
FBgn0053172	-0.56	77	161	TGTCTAGTGTTTAATAATAGAAAAGTGAAA	CTGCCTTA	TCTGTCATTTGTTTAGATGTAACTTTAGTG	7A1
FBgn0053193	-1.03	117	287	TTATTTAACCATCGACTCATCGCGAAATCA	GTGCCTTA	TACGAAACCAGACGAGATGGTAGCCAAGCA	8m
FBgn0053193	-1.03	172	287	TGGTAGCCAAGCAGATCCATGACAGTTCGA	ATGCCTTG	ATGAAACGTAGAATTGTGCTACGTTCTATA	6m
FBgn0053307	-0.43	418	1274	CAATGTGGCAGGGGCAGACGACGGACACGC	ATGCCTTC	CACTCTGCCGGTTGCACATGTGTCGCTGAT	6m
FBgn0053494	-0.42	276	436	TTTTTAATTAAGCATTAATGTGAAATGAAA	GTGCCTTT	TTGCCGTGTGTATTTTTTATATGTAAGGCC	7m8
FBgn0061360	-0.01	1172	1658	ACATTGTGGCCAAGGTTCGTCATCTGGGAG	ATGCCTTT	CCGCAGCTCATCGAGGCCATTTGGCAGGCT	6m
FBgn0061362	-0.39	136	857	CGACGAGGCTGCTCTCCAGTTGGCCCGCCA	GTGCCTGC	TTGGTGGCCAAGTGATTGCCCTGCCCACCG	o6
FBgn0061476	-0.37	196	219	CAAACACTGCTTGTTGTATTATTAAATTAA	ATGCCTTT	TGGTTATAACTTTTC	6m
FBgn0062440	-0.32	32	292	ATCCGGACACTTGACAATCTCCATGTGGGA	GTGCCTCC	TAGTCGGGATAAATGTGTTGGCAACGCGGC	o6
FBgn0063923	0.91	20	242	AACGATGTATGTACACATGG	ATGCCTTC	TTCATTATAGACATCCGGAAGGTGCACAAG	6m
FBgn0066114	-0.78	517	564	TTACATTAGATATACATAAGCTTCCCCTGT	GTGCCTCC	CAATTGACGCAAATAAAATTGGTAGTGTTA	o6
FBgn0067622	0.37	81	747	CCGACTGTCCTTTTTGCCATACTCAATCTA	GCGCCTTA	AAGCCGCCAAGGCGGTCACGCCCACACTTT	6A1
FBgn0083967	0.22	607	987	TCCAGAGGACACTATCAGCTATCAGATTAA	GAGCCTTA	ACAAGCAAATCATTGCCGTGGTGCAGTTCA	6A1
FBgn0083967	0.22	707	987	TTTTTCGGCGTCAATTTGATGGTGGGCCCG	CTGCCTTT	CGGCTTTCGCATCTTGCTGGGCGTGATTGT	6m
FBgn0085346	0.54	271	688	CCGCCGATCCCAAGGGATCGGACTGCTACG	ATGCCTTC	ACCAAGATGCGCGACTGTTTCCAGAAGTAC	6m
FBgn0085377	-0.51	150	639	TCTCACTTTGTAAATGCCTACCCAGAACTT	TTGCCTTC	GAGTTGATTGCGATCCGGACGAGCTGTGGC	6m
FBgn0085442	-0.86	153	2368	CATATACATAGGTGTTGCTGTTTCTTTGTT	GTGCCTAA	CCAGCCGGCTAACCTGGCTAAGAACAGGTC	o6
FBgn0085442	-0.86	511	2368	TAAATGAAATTTTGAGCCAATTGCAACCAG	ATGCCTTG	GATGTATGACGGAATAGAGATTAGAATATA	6m
FBgn0085442	-0.86	604	2368	ATGGGCGGGAGAGCCCAGCCTCCCCAAGAG	TTGCCTTT	GTTGTTTAACTAATAATACATATGAATGTA	6m
FBgn0085442	-0.86	2341	2368	TTATACGTAAGTTTCTGTCGTTTTACCAAA	GTGCCTTT	GTAAATAAATACTTAAAAT	7m8
FBgn0086347	-0.60	125	517	CACCAAGGACATGACGACTCTGTGTATACC	GTGCCTTC	CGCCAAACACCCGCTTTGTAGTTTTTAATA	7m8
FBgn0086359	-0.31	655	825	ATTATGAATATGGTTTTCGAAATTTGTTGA	TTGCCTTG	TGATTTATGTATTCTATTAATTTTGCCTAA	6m
FBgn0086384	-1.41	107	238	AGCTGTACGATACGTTACGATTTGGCGTGT	GTGCCTGT	GCGCGTGCTAGAGTGTATGAGTGCCTTAAC	o6
FBgn0086384	-1.41	135	238	GTGTGCCTGTGCGCGTGCTAGAGTGTATGA	GTGCCTTA	ACCGTAGTTGTACTATATCCTACTATAACA	8m
FBgn0086472	0.09	45	470	TTTGCCCATCTCGCATCGCCGTAGTCGCAC	TCGCCTTA	CAATAGAACTCTGTATCGATAGCACTACGA	6A1
FBgn0086657	-0.19	34	208	GCATATCATGAAAGTGCAAGAATATTTTAT	TTGCCTTT	ACTTTGTAAGTTAACAATAAATGTTTACTT	6m
FBgn0086676	-0.04	788	1105	TGCGTAGTCTATTTAATCAATTTTATCATA	ACGCCTTA	GTTTTACACTGAACATAATTTTAATCATAG	6A1
FBgn0086676	-0.04	823	1105	TTAGTTTTACACTGAACATAATTTTAATCA	TAGCCTTA	GTTAGTTGTGTAACGAATTGGAGAAATGTG	6A1
FBgn0086708	-0.63	376	762	GGCTAGTAAGAGAATTAATATTGAGAAAAT	GTGCCTGC	ATAGAATTCGGAAGTTAACAGAGCGAAAAC	o6
FBgn0086712	-0.38	25	61	GCCAAGCTGGTAGTTAAGTTTATTA	TTGCCTTT	ACGATTAAAGTGAATACTTGTTATTGAT	6m
FBgn0250851	-1.20	661	5547	ATATTCTGCTCAAAGTGCTGCAACCAAGTG	GTGCCTGG	CATGATAATTCGCTGCGATGGCGATCTCAA	o6
FBgn0250851	-1.20	3195	5547	ACCCACTATTCCGCTTTCCGATGCCGCAAA	GTGCCTTT	CCCTCGCCAAGTACCTTGAGATGCGCTTCC	7m8
FBgn0250911	0.89	1893	4558	GCGCCTTGAAGGTGGCCATCAAGCCCGCCG	CTGCCTTG	GCAACAGCGGGCGGAGTGTCGGTAAACAAT	6m
FBgn0250911	0.89	2341	4558	CCACATGGAGGCTGTGCACAACATAAAGGC	GCGCCTTA	TAAAGCCACTGCCCTACCACCAGTGTCCCA	6A1
FBgn0250911	0.89	2892	4558	CTCGTCAGAGCTCGGTGGGCGCCGGTGCGG	GTGCCTCG	TCCAGCAAAGCGCCCCAAGCGGCAGCAGGA	o6
FBgn0250911	0.89	4185	4558	GAAAAGGTCCCCGCCCCGCAGATAGATGAC	GTGCCTCG	CTTCGTTCTTCTCTCGAATCTTCTAGCTTA	o6
FBgn0259203	0.39	2259	3627	TCCCACAGTTCCAAACTGAGGAGGATCTGG	ATGCCTTC	TTGATGGACTTTTCCACGGATGGCAATGGA	6m
FBgn0259221	-0.72	174	755	GCGGAGCTGTGCCGCAGTCTATCATTATAC	GTGCCTAT	GATACGAATCTGCCAAAGCCCGAGGGTAAC	o6
FBgn0259224	0.18	2188	2362	ATCGCCTAGGTTCGAAACATTTCAGATAAT	TAGCCTTA	TATGAATGTGTACATTTACTGCGCGTCTTG	6A1
FBgn0259725	-0.60	1016	1676	CCAAATCCTGCGGCCCAACAAGCAACAACT	GTGCCTGA	TAAGTGGAACATTGATCAGCCTAGTGGCCT	o6
FBgn0259791	-0.01	225	287	TGCGTTTATGTCATTTATAAACTTAACTCA	ATGCCTTT	GTCTAGTTTAGGGTACTTAATAAAAGTCCA	6m
FBgn0259824	-0.17	597	729	CGAAGTTCGTCCTAGGCGGGCTGCTCATTG	GAGCCTTA	TCTTATGGAGAAGTGTATAGTTCCGAAAAT	6A1
FBgn0259937	0.11	721	1769	CTTCGAATAAACATAGGAATTAAGGTAAGA	ATGCCTTA	ATTTATAGTTGAATTTCTTATTATCATGAT	7A1
FBgn0259937	0.11	1104	1769	ACAATTAAAAACAAGCCTCAATCTTTTCGA	TTGCCTTT	CTAATAAAATGCTACTTTTTCTTTACAGAT	6m
FBgn0259937	0.11	1401	1769	TAACAACGATGCCTAACAATTGACTCTCCT	TTGCCTTT	TCAGTTCGCATGACACTTTATTGCGTTGAG	6m
FBgn0259978	-0.11	246	520	TTGCGACTTACCTAAAGTTGTTCATAAATA	TTGCCTTA	TCCGCGAAAGATTTCGCTAATTAATCAATT	7A1
FBgn0260012	0.25	462	744	GTACGAAGTAAAGTAATGAAAACGTAAACA	GAGCCTTA	TTAAGTAATTAAAATTAACTTTTCTATGAT	6A1
FBgn0260243	0.43	206	285	ATGTTTAATAAAATAGAAACCATTTTGCAT	TTGCCTTT	TATCCATACAGAGTTGGAAAAATGCAAAGC	6m
FBgn0260439	-0.04	31	531	GGATGAGTAGCCAACCACATGACGTGTGAT	GTGCCTCC	CGCTGTCTCCAGCCAGTTCCACAAGCCAAT	o6
FBgn0260659	0.38	198	528	CTTTCTTCTTGCCAAACATCCAAAACAAAA	GTGCCTTC	AGTGCTTTCCGCTTCGGCCATGACATACAT	7m8
FBgn0260960	-0.03	638	1234	TAGTTAAAATTCTCAAGAAGGATCAGACTC	CTGCCTTC	AGTTTGGATATCGCACAGTTTGCGATACTT	6m
FBgn0261015	-0.40	1561	3452	AGTTGCACCAGCGGATGAAGCTAGCCCACC	GTGCCTAA	CCTTCGATGAGTGCTGTACGGCCCAACATG	o6
FBgn0261015	-0.40	3308	3452	TGAAATCGTCTGTACGTAGTGCTTTGCATA	GTGCCTTA	AATCGTAATAGTATATCGTAAGCAAATATC	8m
FBgn0261108	-0.19	705	1112	GCCTGTTTGTTTGTTTGTTTCTTTGTTCAA	GTGCCTTT	CGCCTGCTTGTGAGTGAAAAAATCATGTAT	7m8
FBgn0261266	-1.94	74	328	TGCCAAATAATTATAGTTCTTATTTTCTAA	GTGCCTTC	AATTAAACTAAAACTTTTTAAGGCAGCTTG	7m8
FBgn0261353	0.01	981	1160	GCTGCGTCCCTTTGAACTAACTGTGGAGCA	GTGCCTGA	GGTTGGCGGAAGTCTATTCGGAGCATCTGG	o6
FBgn0261461	-0.48	75	611	ATCACAAGATCGAGCAGCATCGATATACAA	GTGCCTCA	AACATCAAACATCACCCCTCTCACCATATT	o6
FBgn0261524	-0.27	372	608	TTGCAACGCTCAAAAATGGATAACCGAACC	GTGCCTCC	CAGCTGGCGATGCTGCTGATGTCTTGAAGC	o6
FBgn0261554	-0.07	118	268	AGCTAATAACTGGAGGACTTTGTGGAAACT	CTGCCTTT	TGGGTGACACAATGATGTAGTTGTATAGTC	6m
FBgn0261562	-0.16	147	180	GCATTTTTCTTTTAGTTTGTTGTCATTGTT	ATGCCTTT	TTGAATATTAAACATGTGTTTTCTG	6m
FBgn0261618	0.07	1702	2420	AAATATATTTCCCAGCTTCTTTTTAAAATG	TCGCCTTA	TCAATTGATACAATTTTATCCACACATAAA	6A1
FBgn0261800	0.14	213	320	TTAATTTTAAAAATTGAGCGAAAGAAATCG	ATGCCTTC	ACTTTTAATGTGTACACACTGAGCTAAGTT	6m
FBgn0261802	-0.42	1174	1851	AACCTTGAACGAATAGACGCAATAGTATGT	CTGCCTTT	TTAACCGGTTTTTCATTTTTATTTGGCAAC	6m
FBgn0261802	-0.42	1791	1851	AATCGTATAATTACTTACTTGTTTAATGGC	GTGCCTGC	ACCATAAAATTTAAGCTTGAGGAACGAGTT	o6
FBgn0261811	0.13	851	1647	GCATGAAATGCGCTGCGCTAGCAAAAGGAA	ATGCCTTA	TAAAGCATATTAACCTAAAAAGGGGAAGCC	7A1
FBgn0261850	-0.07	37	426	AAGGTGCTCTGCCAACCGGCTCTTTGTCGA	CTGCCTTC	CGGGAATAACTCAACACAGCACAAGCCGTC	6m
FBgn0261938	-0.36	17	208	ATGCGACTCAAACAACA	GTGCCTAG	GCTTAATCGTAGTCATTAGTTTTAGTTAGC	o6
FBgn0261975	-0.47	130	270	AGATTGATAGATACAAAACGTATACGTCGA	GTGCCTGG	ATATCACATCGGATCGCACGTGCATTTAAT	o6
FBgn0261988	-0.20	19	310	TAGCAGAGATCAGTCGAGG	ATGCCTTT	AAGCGGACGCCTGACGTAGACGTCGACACA	6m
FBgn0261995	0.01	88	267	AGATGATAAGATGCGTCCGCATCCGCAGCG	TTGCCTTA	TACACATCTTTTAGTCAACACCAACCATTT	7A1
FBgn0261995	0.01	192	267	TAGCGCACACGATATAATACTGAAATTCCC	GTGCCTGT	CGAGGCTTACCTTATGATATGTATACCGTG	o6
FBgn0262127	-0.37	111	354	GTGTATAAACAACTGATGTAACAAATATCT	GTGCCTTA	TAGAGAACGTGAACGTGAGAGAACGACAAG	8m
FBgn0262614	-0.10	191	597	ATAAATTTAATTCGATATTGTCTGTTAATT	GTGCCTTT	AAGTGATCGTTTGGCTCTGCCTCTGAACTA	7m8
FBgn0262736	-0.20	812	2228	TGGTGGTGGGGGTGGAAGCCCAGTACAGTG	GTGCCTCT	GGATTTCGGACGGCAAGCGGACGCTTGGCA	o6
FBgn0262871	-0.14	862	1111	GTTCCATTATATCTCTCATACATACACAAT	ATGCCTTT	CTACTGATACTAAGCCCCGTACTTCTCCTG	6m
FBgn0262872	-0.56	77	291	ATAGTTTACTTTTAAAGGAACGGCGGAAGG	ATGCCTTT	TGCGAGTGAAGTAACATTTTTATTTAAGCA	6m
FBgn0263106	-0.40	333	560	AAGTTGTTTTGTTTACCGCCACATGAATCG	GTGCCTCA	ACATCTTATACATAATAATCCCAAAACAAA	o6
FBgn0263110	0.19	989	1411	GCACCAGCACCATTCCGATCACCAAACTTT	CTGCCTTT	GATCTTACGCGCCAGCGATTGTGAAAAAAA	6m
FBgn0263120	-0.14	241	734	CGCATGTAAAGACAGACAGAATGTTCTCAT	TTGCCTTT	TTCGTTTCGTTTTATCTTATTTGCTAGAAA	6m
FBgn0263316	-0.13	127	267	CATTTAAGCTAGTTTTCTACTTAAAGTATT	ATGCCTTC	GAACCGTACATACTTGTATAACTCAATCCT	6m
FBgn0263593	0.04	96	247	GAGTTAGGATTGTGCTATACCTGTATGTCT	GTGCCTGA	TGTGCCAGGTCAGCGAGCTCCAAGTTCGTC	o6
FBgn0263598	-0.18	166	538	CAAAAGTCCAACAAATACCACAACTTCTTG	GTGCCTGC	GAGAGATGTAAACATTCCGGCCTGCGGTTA	o6
FBgn0263864	0.07	214	275	GATATCTCAGAGGGCGGTGGGTGCGTTGCC	CTGCCTTT	GTTTGTCAACGCGAGTAACCGCCACCAAAT	6m
FBgn0263998	-0.77	222	1413	GATTTGAATTTTTTGAAGCGAGATGAGAGT	GTGCCTTA	TAGGAAAACACCGAAGACCTCTCAGAACAG	8m
FBgn0263998	-0.77	538	1413	CCGCAATTTCTCAAACAGAAAATAAATTAA	TAGCCTTA	CGTCAATATACCAAACGTTTCTTCAACTTT	6A1
FBgn0264075	-0.02	300	507	TCATTGGCCGTGCAAAAGTATTTACAATTA	AGGCCTTA	CGATTGTTCGTAACTAAAGGCAATGTGTTT	6A1
FBgn0264089	1.00	108	1366	ATCATCATGCAGTCTATGGAGGCTGGCTAG	CTGCCTTC	GGGATGCAAGGTCCTTCTTCTACTACTAGC	6m
FBgn0264302	-0.63	253	731	TGGGTATTGTTGGTGATTTCTTGGACAGCC	CTGCCTTT	AATTTACATACTTATACATGCCGGCAATGC	6m
FBgn0264302	-0.63	466	731	ATTCCATTCCATTAATCGCAATCTGACAAT	GTGCCTTT	CACGTAGAGACTCGTAAGAAATTTATACCG	7m8
FBgn0264561	-0.85	127	666	ACCCAGAAGTATACTTTCACTCAACCCTGT	CTGCCTTT	CGATATTTGTGTGAGCAATTTGTGGCTTAG	6m
FBgn0264712	0.36	262	1008	ACAAGCAACAATTGCAAATTGTTGCCCTGT	CTGCCTTG	TTGCTGTTGCTTTTGTTGTGGCTGCTCGCC	6m
FBgn0265003	-0.10	54	1194	CCTAAGTACTGCCAGGTGTACATAATGTCT	GTGCCTTA	AAAAGGAAACTAAACAATATATCACTGCGA	8m
FBgn0265082	-0.11	95	2143	TTAACGAATGCAGCCTTTTCATTTGTTACG	TTGCCTTG	GAAATTTTAGAACGACTCCTTGAATTTTAC	6m
FBgn0265082	-0.11	392	2143	GCAAAAGCCAGTAGATCGGTGTAGATTGAG	TTGCCTTT	GGGCGGTATCTAAATATAATAATGTTATAG	6m
FBgn0265082	-0.11	1579	2143	TCCAACTTTCTATGATTTATTATTATTTGT	ATGCCTTT	GCAGAGGGTATATTAATTTCATCCAGGGGC	6m
FBgn0265778	0.06	436	898	TCTACCCATCATTCACCGCCAGCGTAGAAG	TTGCCTTT	TCTCTTAAAAGAAAACGTCTGCAGGCAGAC	6m
FBgn0266064	0.10	138	360	CATCGAGATACGGGCTAAACTCTTGCCCGG	ATGCCTTC	GAAACTATCTACCTGCAATTGAAATGCCAG	6m
FBgn0266539	0.23	389	1432	GCCTCTTCGACTTCTGTGCAATGTACACGG	GTGCCTCG	CTGGAGGGAGCCCAGAAGCTGAACCACAAC	o6
FBgn0266557	0.20	365	1450	GCTGCAACTCCGTCTGAACTGGAGGGCAGA	GCGCCTTA	CCCATGACTTACTCAAGTTTCATCTGCTGC	6A1
FBgn0266669	0.12	187	321	GGGATCGCGTAGTGAAAAATCAACGAGACT	AGGCCTTA	AAGGGAACTTTTCAACAGCTAGCCATTGAA	6A1
FBgn0266758	-2.10	158	224	TAACCAAAACAAAACCAAACTCTCTTAGTC	GTGCCTCT	ATATTTAAAACTATCAATTTATTATAGTCA	o6
FBgn0267348	-1.53	128	590	GTAGACGTTGAATGAAATTATGTAATTTTA	GTGCCTTA	GCCGAAATATTCTGTTTAGTGACCCAGCCC	8m
FBgn0267488	-1.29	352	839	TGTATCTTGTAAGTCGTAACGAACCGTACT	ATGCCTTA	TCATAGAGCGGGCTCCAAGTGCGGAATGAA	7A1
FBgn0267488	-1.29	417	839	GAAAAAATCAAACAATGTGTCTTTCACAAA	ATGCCTTT	AATAGATTTTAGAAATCATTAGCGAATGTA	6m
FBgn0267727	-0.11	33	628	CCCACCCCACACATTCCAAACTCCGCTCAC	ACGCCTTA	CAAACAACTACACCTTCGACCGCGCTCACA	6A1
FBgn0267792	-0.07	194	350	TTAAGAATGTCTGATAAATGGCTACAAGTG	TTGCCTTT	TGCGTTCTGTAAGTCTTATCGTCGTAATCA	6m
FBgn0267828	-0.64	27	414	GAGCTGCAATAGAGTTGTGTCTGAACC	TTGCCTTT	TGCCCAATATGCTGTTAATTAGTTTGTAAG	6m
FBgn0267978	0.01	101	709	CATACGTTCTTATGCCAGTTGTCTATTCGC	GTGCCTCA	TACACAGTCCCGGACCCGGTTTGACTACTG	o6
FBgn0267978	0.01	190	709	CAAGCACGGCTAGCTCTTGAATGCTATGGG	CTGCCTTG	TCGGATGGGAATCAATTTGGAAAGCTTGTC	6m
FBgn0283473	0.01	14	309	CGCCCGAGCTGGAG	GAGCCTTA	CAAACAACATCACATCGACTTGATGTTCAG	6A1
FBgn0283473	0.01	151	309	AAAGTCTTATACTCTCGACTCGATTAACAA	ATGCCTTT	AAAATGAAGAAATAGTGTTTGCATTCTTTA	6m
