FBgn0000054	-0.06	365	645	TGTAAATTTTGACTACGATTTAGTTGTAAT	TTGCCATC	GGGTCTTAGCTCTAAAACTAAGTATACACG	6m
FBgn0000097	-0.29	556	738	TTGAGCCGGCGCAGCGCAGCCTTCGATTAT	GTGCCAAT	TTCTACATTTATCAAACAAAAACATAAACA	o6
FBgn0000116	2.89	74	396	ATCGCCTCCGGAGTTAACATCTATCCACGG	GTGCCACC	AGTTCGGGGCATACGCAACAATCAAGAACA	o6
FBgn0000119	-0.71	370	796	GATAGGTGAGACAGTCTTTTGAAATTCCGT	GTGCCAAA	TTTTCCGAAACCTGACAGAAAATTCACAAT	o6
FBgn0000247	0.10	352	415	TTAAAGAATCCAATTTTTGTAACGCTTTGT	TTGCCATT	GGCCACGCCTGCTTTTATTTGTTTACTCAA	6m
FBgn0000257	0.08	440	1018	ATGCCGCCACATACATATATATATTCCCCA	GCGCCATA	TACAGATTACAAACCGCATATTTAACCGCA	6A1
FBgn0000279	-0.60	69	101	GCGTTTAATTATACACACTTATTTATTTAC	CAGCCATA	GAAATAAACTAGCTTACATCCCCG	6A1
FBgn0000289	-0.09	1378	1460	TTCTATCTCTTGATAAGAACAGAGCCACAT	ATGCCATT	CATAACATTAGAAAAGGCTTAGATATAACC	6m
FBgn0000352	-0.51	47	674	TCCAGGACGATATTATAAGGTTAAGCCAAA	TAGCCATA	TACAATTAATAGCCATGAGCTGAAATCCAG	6A1
FBgn0000394	-0.24	16	201	GCGCGGTGCGATCAGG	ATGCCATT	CAAGGATTCAAGAAACAGAACAAAACAGAA	6m
FBgn0000395	0.95	846	991	CCTAACCGGCGGAAAGGAGGAGTCAGCTCT	TTGCCATT	TTTCGATTCTACAAATTAATCAAGTTTAAA	6m
FBgn0000404	0.14	192	569	CCGTTGCAAGTGCCGGACAATTTTATATGT	AAGCCATA	TAAAAGATAGTTGCCAAAATATACGCGCTT	6A1
FBgn0000524	-0.44	446	1197	AAGCCAAGCCACGCCATTCGAGTGCAAGCT	GTGCCAAA	ATCGTAGCGCTCCCGTTTATAGGATATGTA	o6
FBgn0000524	-0.44	836	1197	CATACATAAACATATTTTAACATAGCCCCA	TAGCCATA	CGACATAACAATAATTTTTTTTATCGAATC	6A1
FBgn0000536	0.27	171	515	CCGAAACAAACTTAAATTAGTGTCGTGTTC	GTGCCAGC	CTTAGTGTATGTACAGTGCTCACTCGAAAC	o6
FBgn0000542	-0.54	167	1036	ATACATAGATAGGTGTAAGGATATAAAGTG	GTGCCAGC	TAACAGGCGAATTGCATGGACCCGGACTCA	o6
FBgn0000542	-0.54	484	1036	CCAGCCGCTGCAACGCTTACGAACTGCACA	GTGCCACC	CGTCGCCCCATTGGACATCGATCGCTTGAC	o6
FBgn0000562	-0.27	445	671	CAGTTTTCTAGAGGTTTCCTAATATCTTTG	TCGCCATA	TCGGAAGAGAACTTATTGTATTTTAACCAT	6A1
FBgn0000581	-0.32	82	2187	CAACGCAAACGGAGGCGGAAACCCAGGCGG	TGGCCATA	TCCATGCCTTTGGCGGACGCCCACGTGGCC	6A1
FBgn0000721	0.08	100	161	AAAGCCAGGGAAGAAAAATTGATCTTAAGT	GCGCCATA	TGTACGCCAAAGCCAACAGCAACAGTCAGC	6A1
FBgn0000723	-0.48	250	638	CTGACTGAGCGTATGTTATAAATCCTTAAT	GTGCCAAA	AACCGCAAGAGATCTTAAAACAAAAAAAAA	o6
FBgn0000928	0.10	214	273	GGATTCAAAATATTTGAGCAAGCTAAGATC	TTGCCATG	TGCTATTCTTAAACTTGAACTTGAAAGTGA	6m
FBgn0001091	-0.26	110	221	TGAGGATGCTTTTTTTTCAAATGCACAAAA	TAGCCATA	ATTACGCAAAGCTACATATTTATTGTTGTT	6A1
FBgn0001142	-1.29	242	313	TCCTTAAAGCGATGGGGCCTCATGAATACT	TTGCCATA	TATCTCACAAACTACGTATATCTATCATTG	7A1
FBgn0001280	-0.36	70	241	ATGAATTTATACCATTGGCTTTGATCCTGT	GTGCCATG	ATTTTATTGGAAATGGCATTTAAAATTGAG	7m8
FBgn0001612	-0.52	407	532	GAAATAGATTTTCGTAAGTGCATTTGCCAA	TTGCCATG	TTGTAATTAAAGAGAATAAGAGAATGTTAC	6m
FBgn0001941	0.05	24	671	GCCATCGATGCTATTCAAGGTTTC	CTGCCATG	AATGTAATCTCAGCGTTAGACCTAAAACGG	6m
FBgn0002525	-0.29	740	1134	CAACCAGCCAGCAATATATATTTTTAGCCA	TGGCCATA	GGGTTTACGATCCACCAAAACGGCTTTCTC	6A1
FBgn0002526	-1.71	231	344	ATATATTCCTAGTACTATAAGCCAAACTGC	GTGCCAAT	TCTATTAAAGCCATTTACATTTATATATCC	o6
FBgn0002543	-0.03	1333	1358	CAATGTAACAATTACAGAAGCAAAATAAAA	ATGCCATA	ATTATGAAATTAAAACC	7A1
FBgn0002707	-0.18	273	533	GCGCACACACTGCAGCCAGTGCCTGGGCCA	CTGCCATC	GGGGATGAGCGCTTAAAAATCAATTTTCAA	6m
FBgn0003067	-0.14	194	271	CGAAGACTTCCAAACTATTTATTATATAAG	CAGCCATA	AGATTAGCAAGTAGGCCATACAAACAGAGA	6A1
FBgn0003067	-0.14	214	271	ATTATATAAGCAGCCATAAGATTAGCAAGT	AGGCCATA	CAAACAGAGAAAATTAAAAAAAAAATAAAA	6A1
FBgn0003137	0.26	145	464	AGCAGAGAGACCAAAAAGCCAATCGTTGCT	TAGCCATA	GCCACCATATATATACCTACATATATATAG	6A1
FBgn0003205	-0.30	901	947	CATTTAATATTTAATTTTTTGTATTAATTT	TTGCCATA	CAAAAAGAAACGAAATAAATCGATTGTGTG	7A1
FBgn0003227	-0.28	19	199	GCAAATGACAAACGATATA	GTGCCAAT	ATTTGGCTAACGTCTGTGGTTTTTGTTTCT	o6
FBgn0003227	-0.28	122	199	CAAGCCAAGCCGTCTAGCAATTAATAATAA	ATGCCATG	GAAAACATTTTTCTGTTTGAAACTCACACC	6m
FBgn0003256	0.02	688	839	AAGTGATTAAGCTAAAGAATATTTCGAAAT	ATGCCATA	ACACGAACGGTACCAAATTTAAAAATGTCT	7A1
FBgn0003257	-0.43	393	456	ACAAGCACAAACTACGCATACGACTTTGAT	GCGCCATA	ATTTACAATAAAAAAAGACATGTATACAAA	6A1
FBgn0003317	-0.38	382	648	CACTATTTACCATTATTCATTGTTCATCAA	GTGCCATT	TGCAATTGAGAATTGTAAACGCCTTAACTT	7m8
FBgn0003321	0.07	32	757	CGCATAGGAGTTTCCGTAGGACAGAGCCGC	GTGCCACA	TCCACATAATCGAATGCTGTTTTTTTTTTT	o6
FBgn0003328	1.57	260	783	ATTTACACGAGAGTCCCATGTGTGCTGTAC	CAGCCATA	TTGCCATTTGTTGTATATATTTATTAAATA	6A1
FBgn0003328	1.57	268	783	GAGAGTCCCATGTGTGCTGTACCAGCCATA	TTGCCATT	TGTTGTATATATTTATTAAATATTTTTATA	6m
FBgn0003345	-0.21	181	1047	AAATTGCCAACACAATATCCAACACCAAGA	GTGCCAGA	ATCATCAGCAGTATCAACAGTATCAACAGC	o6
FBgn0003345	-0.21	936	1047	GGAATCAGTAACAAAGGCCGTGAGCCGTGA	GCGCCATA	TAATACCACCAGCCTTTAAGCAAGGTTGAG	6A1
FBgn0003480	-0.30	77	198	TTTAAAATGTGTAACGGCGGAGCGTTCAAT	TAGCCATA	CGATTGTCTTATACTCCTGTTAAATTCAGC	6A1
FBgn0003514	0.02	239	346	ATGTACGACAGTGTAGTGTGTGAGATGTTG	GTGCCAGA	TAACACGATTTCCCGAAAAACTCCTTTCAT	o6
FBgn0003559	-0.31	75	85	TTTACAAGAAACAAGAAATCCCAATAAAGC	AAGCCATA	TT	6A1
FBgn0003716	-0.19	415	1093	GAAATTTATATGTAACATACATTAATTTTT	GTGCCAGC	TTTTGTACGCTTTAACTAAACGAGTTAAGT	o6
FBgn0003748	0.29	543	825	AGCAGGTCGTGTTCTATGGTGAGACAATGT	GTGCCAAA	ACAAGACGTAATTGCTACTCAAGTAGTGTG	o6
FBgn0003882	-0.31	211	429	ACGGCAATATCAAATATTTCCGTTTCAAGA	AAGCCATA	ACCCAATACCAAAATTTAACAAATTTTGTA	6A1
FBgn0003996	-0.01	100	130	CCCCCTCAAAAAGCTAATGTAATTATATTT	GTGCCAAT	AAAAACAAGATATGACCTATAG	o6
FBgn0004107	0.15	289	1205	TGGCGGGTGTGGCTATCGTCGCGCATATAC	GTGCCAAG	AGTATTGCGCATGCTCTCGGAGAGCGGTGA	o6
FBgn0004107	0.15	915	1205	TAAACCGGCGACGTCTCGATGATGTTCGTA	CTGCCATC	GTTAAAGAAGTTGGCCAACGGATTGGTCAG	6m
FBgn0004197	0.55	381	901	AAAAGTTCAGCTAGGCAGGCGTTTTCCGCA	GTGCCATG	TCGATGTGGAAGCCCAAAATATTTAAGTTA	7m8
FBgn0004237	0.07	249	1457	GGTTTGGGTCCGGCCGCAACCTGCAGGCTA	TAGCCATA	ATCCACTTGTCAAAAGCACCAAGCAAATGA	6A1
FBgn0004368	0.38	276	966	CCGTGGGATAATGGATGCGCTTTTTGGCCT	GTGCCATG	TGTGCGAGTACGCCGTACCGCCTGTTTGCC	7m8
FBgn0004368	0.38	309	966	CCATGTGTGCGAGTACGCCGTACCGCCTGT	TTGCCATA	GAGCTAAGCTAGCTAGCCCGCTTATTTAAT	7A1
FBgn0004381	-0.06	218	459	AAAGATTTTTTATTAATTCCACTTTAGTTA	ATGCCATA	TGCCTTGAGTGACTTGGCCAGTCGACCCCA	7A1
FBgn0004449	-0.23	1137	1448	TTTTATGCTGCAATATTTAGTTCTTACCGT	TTGCCATG	TTAATTGTAAAAACAATAATGTTTTTTGTA	6m
FBgn0004569	0.88	548	913	AGCAACGCAGCAAACGTCAAAGAGCAGGAT	GTGCCAAA	TGTTCAGATGGGGTGCACTTAGTTAACGTA	o6
FBgn0004583	-0.06	1204	1452	GAATGTGATCTTTGAGAAAATGTAAAATTT	TTGCCATA	TATCTTACATATACACCAATATATATACAT	7A1
FBgn0004584	-0.01	136	219	AATTGTACGTCCCTATCTAATCATTTCAAA	ATGCCATT	ACTCTATTACATTCTGTCATAGATCCACCA	6m
FBgn0004606	-0.27	182	2543	GTCAGAAAGGCAAGAGAGAAATATTTTTTA	TAGCCATA	TAGACAGGGGAAATGTAAGAAGCCGTAGTT	6A1
FBgn0004606	-0.27	1350	2543	AACCAAAGCCCCTATTAACTATCGTAATGT	TTGCCATG	ACAATAAATTTATGACTAATAATTGATAAT	6m
FBgn0004647	-0.00	558	701	TTTGTAGTTGTAAGTGACCATTATATCACT	AGGCCATA	AGACTACGCTAAGTTTTTTTTATCGAATTC	6A1
FBgn0004656	-0.23	1374	2188	TTTCTAATGACCAGAAGCCTTCGCAAGTAG	GTGCCAGG	ATGCAGGATGCTATCCCCCAAATTGCAGTG	o6
FBgn0004657	-0.32	238	1302	TTTGCCCGGGTGCAAAACCACTGAAGTCAA	CTGCCATT	GAAACGCGTTCTAAACTAAGTCAGCCCTAT	6m
FBgn0004657	-0.32	1080	1302	AATTAATACTACTATATAAATATATATTTT	TTGCCATT	TGTACTGATTACTGATTAACATTTAAAGTA	6m
FBgn0004861	-0.21	74	599	AGCAGTGGACCTGGTTCAACCAAGTCTGTC	GTGCCAGG	TGATTCTGATTCAATCGGGCAGGCGAAAAG	o6
FBgn0004864	-0.64	719	885	TCGTAAGGTATGTCAATTAATGTTGATCAA	ATGCCATT	TTAACCTACAATACTTCGAAACAGAAACGA	6m
FBgn0004875	-0.11	505	1544	AGAAAGAAAGAATTAAATGCTGTATATTTT	GTGCCATT	ACAAATAGTCTTTAATAAAACAACAAAATC	7m8
FBgn0004889	-0.39	242	496	CCCGCCCCCAAACAAATTACATCATACATA	ATGCCATA	GCAAAAGCTTTGTAATGTATTTCTGCGCTG	7A1
FBgn0004901	0.11	19	371	TACCGATTGAAGCTCATAA	GTGCCAAA	AGACGAAAAAGGCTTTTGGAAACCAGTTTT	o6
FBgn0004901	0.11	101	371	ACTACGAAATAACAAAAATTGCAGTATAAA	TAGCCATA	GAGGGCTCGGAATTACTGTCACAAATTTTG	6A1
FBgn0004903	-0.06	1182	1555	CGATAGCATAAACTATATTTAGTTACCGTT	ATGCCATT	CTAGATACAAACAAATATCGCTCTAATTTT	6m
FBgn0004913	-0.08	37	155	AACGATTTCCTATATTATATGATGATTTTT	TTGCCATC	AAATTTCCCATTTGTAAGTAGTTTTTGTTT	6m
FBgn0005198	-0.14	64	123	AAAAAAGAGCAGAGGACCTATAGACGCATC	CTGCCATG	ATATCTCTTGATTTACGATTTCAATATAAA	6m
FBgn0005616	-0.30	969	1048	GAACCTAGGATTAAGAACAACAATTCAAGT	AAGCCATA	TATACCCATATTATATATGCGAACATATAA	6A1
FBgn0005777	-0.15	344	750	GCTTTAGAAGTCGGATGCTAAGTTTTATCG	GTGCCAAG	CATCTGGGGTTCCACTTGTAAGTAAAAATT	o6
FBgn0010194	0.05	213	282	CCCCCCCCCCCCCCCTCCTCTCCATTTTAA	TTGCCATT	ACCATACACCATCATATTGCTTCTTCTTAA	6m
FBgn0010300	-0.39	1185	2235	ATATATACACGCCCACCAAATGCATACTAT	ATGCCATA	TACTGTTTCTAACATGCATACAAAGATTTA	7A1
FBgn0010314	-1.85	325	630	TATATATAGCACCTAGAGCTAATGATAAGT	TTGCCATT	TGTAATACTCTCTTTTTACCATGTTTGCCC	6m
FBgn0010314	-1.85	408	630	TATATATGTAGCACCTAGAGCTAATGATGT	TTGCCATT	TTCGTACACCTTAGTGCCGTTTCCGAATCA	6m
FBgn0010314	-1.85	482	630	AAGTTCGCACGAATTTTATCATACTTTATG	TTGCCATT	TCGAAACGGAAGCGAAAAGAAGAATTTTGC	6m
FBgn0010316	0.32	234	1173	ATGAAACTTTTTAGATTTCTCTAGTGAGAA	ATGCCATA	AACTAAGTGATTAGTTCTTAACAACAAACA	7A1
FBgn0010414	-1.17	290	857	TATCATTAGCTCTAGTCTTAGGCAGTCGCA	CAGCCATA	GTTTAAGCCTCTGCTCGGTGCAGAGCAATC	6A1
FBgn0010414	-1.17	521	857	CCGTGCATAGTGCTACAATTCGGAAAGGAG	GTGCCAGG	AACTCAATGTTTGATCTAGTTTCTGATTGC	o6
FBgn0010602	-0.02	203	629	CTTCCAGCTAACGGTTCATTTCCAACGAGG	CCGCCATA	TTGAAAAATGCCCAGTTAAAACACCTACTG	6A1
FBgn0010768	-0.08	327	754	GCAATCCTACAGTTTCTGTGCTATTTTCAA	CTGCCATA	TGAAAGTAATATGTAATATCTAGATCAACT	7A1
FBgn0011211	-0.37	69	488	CAATTAACATCATAGATGGCTCGAATAATG	CTGCCATC	CCTGCGCGCCATCAACAACAACAAATAACA	6m
FBgn0011211	-0.37	222	488	CTGGATCGATCGCCTTCAATCCGTGGTTCG	GTGCCATT	ATGCCGCAAAATCTTGGGAGAGAGAGAGCC	7m8
FBgn0011297	-0.27	30	92	AATGGTCTGAGTGCCACTTGTTAGCCATGA	GTGCCACA	TATAAACCGTTTTGATTATGCCAAAAAAAA	o6
FBgn0011722	-0.61	16	168	AGGTCAAACCAATTAA	CTGCCATT	CATCAACGGACTGTTGTTAGTCAGAACTAA	6m
FBgn0011725	-0.01	227	648	ATATAGGGGTCGGAGCTGCAGCAATAGCGG	ATGCCATC	GTCTGACGGCTGCTCTCGGAGTGGCAAGAA	6m
FBgn0011747	0.06	806	1059	TACAAATGAGCTCTAAGGCTCTTTTAATCA	AAGCCATA	CTTGCTCTAACGTGGAGTTATGCCATCCAG	6A1
FBgn0011747	0.06	833	1059	TCAAAGCCATACTTGCTCTAACGTGGAGTT	ATGCCATC	CAGGTGTGGGGAACTGCCGCCAAATCCCAG	6m
FBgn0011763	0.11	21	575	GCTGATGGTGCCGCCGTCATT	GTGCCAGC	CATGGCCGATGCGGACACGGATGCGGATGG	o6
FBgn0012034	-0.10	79	496	GCTTTCTCCGGTTGCACTGACCACTCCACT	TTGCCATC	GCATTTCCACCACTTACGTATCGCGATTAC	6m
FBgn0013272	-1.02	470	892	GTCCATATCCGGGAACAACTTGAAGATTTA	GTGCCATT	TTGCCAAAATTCAAACCGAGCGAAAATTAC	7m8
FBgn0013279	-0.34	55	218	TAAGTTTTTAAAAGTGATCTTAATAGTTGA	GTGCCATA	AAAAAATGTACATATCTTCAACTATAGTAT	8m
FBgn0013305	-0.01	339	561	AATTATATATATGTATGTATACCAAATGAT	ATGCCATT	CAGATAAACGAAACAACAATAAATAGTCAC	6m
FBgn0013334	-0.19	2344	2572	TGTCAGCTAGAAACAGAGGCACTCCCTGAA	ATGCCATA	GAACATTTTCCACTCAATTTAAAACCAACG	7A1
FBgn0013759	-0.21	326	828	TTATTTTGTATTAATTTTAATCGATTGTAT	TTGCCATT	CCATGCTCAATGTGTTATATTTTACGATTA	6m
FBgn0013765	-0.87	61	758	AACCCGAGAGGCCATTCACCCAATGTTCAA	TTGCCATT	TCTTGCCATTCTTATATTTTGTATGCATTG	6m
FBgn0013765	-0.87	71	758	GCCATTCACCCAATGTTCAATTGCCATTTC	TTGCCATT	CTTATATTTTGTATGCATTGTATTTTGTTG	6m
FBgn0013765	-0.87	616	758	TGACTTGCCGGACAAAACAGTTTAGCTACG	TTGCCATC	CAATAACCCTTTTTGTTCGAAACATCCATT	6m
FBgn0013770	0.35	163	240	TTGTAATGGGTCCATTGTATTCGCGTTTCT	CTGCCATC	ATGTATGATATAGGTGAACAACAAATCTGT	6m
FBgn0014024	-0.19	26	208	GCGACAAATGCCGGCGGCTGAGCCCG	GTGCCAGC	GGCCATGGTTTAGTTTGTAAGACGAAGACG	o6
FBgn0014366	-0.20	132	220	AAATTGGTTTTATTTAAGGAATCTAATGTT	AAGCCATA	AAACCATTGGGCGTCCTTTTATTCATTAAA	6A1
FBgn0014380	-0.55	139	222	GAAAATTTAAAGTTAAGTTTGTATAATTAA	GTGCCACT	TGTGTGAATCCTTATGTTATATATGCAGCC	o6
FBgn0015299	-0.59	31	104	TGAAGTTCATCCACATGCCAAACTAAGTCG	TAGCCATA	TGTACTAACTATAGACATATCCACTGAATA	6A1
FBgn0015396	0.04	223	1354	CTGTTTGATTTTAAATCTCGATTAGAGCCT	GTGCCAAC	TGAAAAAGAGAGATAACTTGTGCCCTTTTG	o6
FBgn0015513	0.29	41	863	GCATCTTTGAACCCCAGAAGCTTCAGTGCA	GCGCCATA	TATGTTCAAACGTTGTCGAGTGCCAAATAT	6A1
FBgn0015513	0.29	68	863	GCAGCGCCATATATGTTCAAACGTTGTCGA	GTGCCAAA	TATTCCTGTTACTATATATATAGCCGGCAA	o6
FBgn0015513	0.29	452	863	AAAAACGTTGTACGTCTCTTATGCAAACAA	GTGCCACA	GTCTTAATGCAATAGCAACCATATCTTCGA	o6
FBgn0015568	-0.37	191	239	GAAAATGAAACTAAACTTACATTTCAACGT	TGGCCATA	GGCTAAACAAGGCCTAGAAAAATATATTTT	6A1
FBgn0015625	-0.12	259	445	ATATTATGTTAAGAGTGCTTTTGTTTCTTT	TTGCCATG	TATTATTGTTTAATTTTCCCACATACCGCA	6m
FBgn0015777	-0.24	475	869	ATGCAACAAATTTACAGCAATTAATCCAAA	CTGCCATT	TCCAATGAATTAACAAACGAATCCCTAGAT	6m
FBgn0015778	-0.31	379	847	TGCGTTAGGCTCGCTTTTTCCAGCCAGTTC	GTGCCAAA	ATATACCGAAATTCTGTGCAAATCTTCGTT	o6
FBgn0015795	-0.22	353	502	GACCGCCCGCCTATCTCCCTAGTACTATTT	TTGCCATT	GTATTAGTCAAATTTTGCACGCAACCGCTG	6m
FBgn0015803	-0.12	1092	1203	TCAAATGGACAATGCAAAATTATTAAAAAT	GTGCCAAT	ACTTTAGTAAGATGCAGCAACGTACGAAGA	o6
FBgn0015838	0.28	73	1327	TCAGCCAAATCGATGACGTTCTTGTGAGAA	CTGCCATC	AGGGTAATTGAATTCATTTTTATATATGCC	6m
FBgn0015924	-0.60	28	305	AGCAAAATAGTTTTTAAGCTTTGCCAAA	GTGCCAGG	AATTGTTAACTCTCCTAGTTCATTCTGATA	o6
FBgn0016038	0.43	23	423	GATTGCCGTGACACTCCCTGGCC	GTGCCATC	CAGAGCACGGTCCTCCCACTCCTCGCACTC	7m8
FBgn0016041	-0.32	269	532	CTTTTATTCTTTGATCCATTATGTACCAGT	GTGCCACT	GTTTGTCGTCCGTTGTTAATCGATCAATTT	o6
FBgn0016075	-1.20	127	367	CCAAACAAACAAAACTTTAACCACAGAACA	GTGCCATT	TTCCGTGGAGATGTAATCTAATTACGTGGA	7m8
FBgn0016696	-0.10	116	130	GTATAAATATTGTTCCATATATAATTTAAA	AAGCCATA	CAAAGC	6A1
FBgn0019686	-0.28	272	403	ATTTTTTTAAGATTCCTATCGATTTGAATT	CTGCCATT	TCATTGGACTATTATTACGATTTATTACTT	6m
FBgn0019972	-0.69	147	667	TTTAACCTGCCCAATTGCTCGACGAGATTG	GTGCCACT	GCCCGTTTTATTTTATTTAGGCACAAAGTA	o6
FBgn0019972	-0.69	587	667	AGTGTTTTATGAACAATATATACTATTTCT	ATGCCATT	TGTACTCTTATATAATGCACATTAGCAAAT	6m
FBgn0019990	-0.80	113	183	GCCGAAATTCTACTTAACTGGCTGCCCTCC	GTGCCATT	AACACTTTTGTTTGTTTGTGCGAATCAAAA	7m8
FBgn0020224	0.10	1478	1910	CTAGTCCTCCTCACACGAAAAACACAATTT	TTGCCATA	CTCGTATATCTACTACACCTAAGGCGATAT	7A1
FBgn0020235	-0.15	54	139	TCTAACGATTCATACAGCTAATTGCATATG	GTGCCAGG	CACCTGGAGCTACGCCTGGAGCCCTAGTAA	o6
FBgn0020309	-0.06	119	1629	GTCGTCGCAAGCGGCGTGGTGAAGGCATGC	GTGCCACC	AGTGAGCCAGTGCTAGTGAGCCGAGCTGAC	o6
FBgn0020309	-0.06	692	1629	ATTCACGTGTTTTCTACATTTTTGAAATGT	GTGCCAGG	CGGCGCGTGACTTTGTTTGGGTCGATCGAT	o6
FBgn0020312	0.19	247	383	TTTTTGTGTGTGGATTGGATTTCAGGTACC	ATGCCATT	CGTATTGTGAGATCTGATATTCTTTTTGTA	6m
FBgn0020416	0.68	24	74	ATGATTTGTTTGTTAAGCCTAACA	AAGCCATA	TATTTTAAGTTTTCTAATAAATGTTTCATT	6A1
FBgn0020496	-0.20	321	803	CCGGTTGAGAAACGGATTGCTTGCGCGCCT	GTGCCAGC	GCTTGATTTGAATTTTTCCAAGTTTCTATG	o6
FBgn0020513	-0.46	54	292	GGGAGATATCAGCATTGGATATCAACCAGG	AGGCCATA	TATAGAGAATCCTTCCCTGATCATTGCCGT	6A1
FBgn0020616	0.11	15	132	GACCCATCAGGCAAT	CAGCCATA	CACGCGGCTTAAGTGCAAAATCTAATTTTC	6A1
FBgn0020767	-0.31	308	2114	TTAGTATCATTTCGGTATACTCCATTTGAA	TTGCCATA	ATTAATTGTATATACAAAAGAGCAGGAAGG	7A1
FBgn0020930	-0.66	34	206	TAATAGCTAATACAGAATAGAATCCCTTAT	GTGCCAGT	CCCTAATCTCAAAGTACTTAACCTGGAACC	o6
FBgn0021895	0.09	43	1296	CAGCCGTTGGCGTTGTCCTTGCAATTCCAA	TTGCCATT	GGCCATCGCCATCGCCATCGCAGCAGCCAC	6m
FBgn0021895	0.09	864	1296	TCCCCGCAACCCCCGAAATGAATCCAACAA	TAGCCATA	GCAATTTGTTGAAAGAACTATTATTTGTTG	6A1
FBgn0021895	0.09	952	1296	TAATCCAGTTAATTCCGATTTCAATCACAA	GTGCCAAC	AGATCAGGCAAGCAACGCTGAAGATGAATC	o6
FBgn0022213	-0.11	41	168	GACTTTAAGCTCATTCATCGCAATCAAACC	TCGCCATA	CATTCGAAAATTTATGCATACACGCACTCG	6A1
FBgn0022349	-0.21	232	1182	GCGTCCTCCAGTATTTGGTTGACGCGAAGG	ACGCCATA	GGCTGCAATCGATGCTGGACTTTCAATGCT	6A1
FBgn0022987	-0.05	1322	1982	TCTGTAGAGCTTAAGTAGAACCAAGAGAGT	GTGCCAAA	TGTTTGTAGGAAGGGATTCGGAGGGAGTGG	o6
FBgn0023130	0.12	44	121	GACCGATGACCCGCCAGAACCGAGTCCCCA	TCGCCATA	ATATCATTCCCCGAGCCGGAAGCACGGCAT	6A1
FBgn0023407	-0.04	243	1848	TACCCACTGTTTTGACAGGACTTTATTTTC	ATGCCATT	GGATTACTTTAATATAAACATACATTTTAA	6m
FBgn0023407	-0.04	1638	1848	TTAACATTTAAGTTATTAAGTGACTTTATC	GCGCCATA	TAGATGTGCAGTCTCAAAGTAGAGTTTAGA	6A1
FBgn0024177	-1.37	182	228	AACTATTATAATTTTTGTGCTAAGAATAAT	GTGCCATT	TTCACTTGTTCAGTAAATTCTCATATTTCT	7m8
FBgn0024182	-0.21	1082	3328	TCAAGGAGCGTTACAAAACTTTGGAGAACC	GTGCCATT	ACAAAGATACTTGGCGACTGGTGGGCCGCT	7m8
FBgn0024182	-0.21	1676	3328	ACCAGGAATTGGTCAATTCCGGTCAATTGG	CGGCCATA	GCTAAGAAGAGCAAAGCTCGCTTGCCGCCG	6A1
FBgn0024182	-0.21	2159	3328	GCAAGGAAAGTATCACCCGGCGCGATGTTA	GTGCCATT	GAACAGGAGGTGGCCTCAATTCTGCCCCTG	7m8
FBgn0024230	0.42	445	471	GACTCTCATTGTTTGTAACTCTCATAGGCT	AGGCCATA	AATCTGAATTTGACATTC	6A1
FBgn0024273	0.35	343	944	GTGAGTTTTGCAAACCCCGTTCAGACTACT	GTGCCAAA	AACTTGAGAACACCAAAATATAAGAGGAGT	o6
FBgn0024945	-0.36	21	67	CTTTTTACCCCACCCCTTTTC	CTGCCATG	TGATTTATGAAGAACATATAATAAAGAGAT	6m
FBgn0024947	-0.11	298	523	GTTTAGTTTGTAATTCCAATTTTGTGTGAT	TCGCCATA	TTTGTAATGCAGTTTTTTGCCAACTTCTTA	6A1
FBgn0024985	-0.07	1036	1652	ATCAGCTCCATCGCTATCGTCGATGCGAAC	GTGCCAAA	GACTAATGGTCAGACCCTATGCCCCCATTA	o6
FBgn0024992	-0.38	30	341	GGCCATGGGTCCAACTCAGATCGCAAGTCA	TAGCCATA	GTCTTCGTACGCCACGTGCCCCTAGTCGCT	6A1
FBgn0025185	0.22	59	170	ATTTGTTAATAACCAGAAAATATGGCTATA	GTGCCAAA	AAACATGAATTTTTTAATGTTCTTAATGTA	o6
FBgn0025631	-0.93	269	843	GCCAAATAGCACAGAGAATGCGTTAAAATT	GTGCCATC	GATTACCTTTAGTTTCCGTTTTATTGCTAA	7m8
FBgn0025635	-0.11	453	725	AAAACTGAAAAACTGCCTTCACTTGTTCGC	TGGCCATA	TATTTTAATTCTCCTCCATTTAACATTAGA	6A1
FBgn0025639	-0.19	37	1159	CTGATCTCCAAGCAAATTGACTAAGCACAG	TTGCCATT	TCCATGAGAAGAGGAGGAGCGCGTAGGGGG	6m
FBgn0025781	-0.54	64	368	GTTAGCTCCTATTGTTAGCCAGACAAACAT	ATGCCATG	CACTTGAACTTAATTCGTGGCCAGAACAAA	6m
FBgn0025802	-0.04	142	636	TTTACGTATTAATATTTTGAATCTGTGGCG	CTGCCATC	ATATCATAGCTAAACTATCACTTTAGAATT	6m
FBgn0026149	-0.02	168	913	TAGCAGTTTCTTTACGGCTGTCAGACTGTC	CCGCCATA	AGCCTCATTTATTTGTCATCAAAGCGGGGG	6A1
FBgn0026192	0.04	323	1209	AAAGCCTGATTGATTGAGTAAACAACATAT	CGGCCATA	TCCCATTCATTTCTTGTTAATCCTGGCCAT	6A1
FBgn0026409	-0.08	164	549	TCTCAGCAAGAATACATTAATGTTGCGTGT	GTGCCATT	GCACATGTACATTCCAAAACAACACTTTAC	7m8
FBgn0026430	-0.18	149	237	TACCATCATTCCCCACGCATGTCTTCTCAT	TTGCCATC	CAACAAAGCGCACCAATTGTTACCCGTTTA	6m
FBgn0026432	-0.05	28	479	CCAATAATTGTTAGATAGGGAATTTATC	TTGCCATT	AAGCTGAGCTTAGAACATTTTAAAAAATAT	6m
FBgn0026573	0.30	58	645	AAGAAGATTGGTAGCTGTGGCCCTCAAAAC	GTGCCATT	TAGTATTTGTACTAGAATTTAAAACCAAAC	7m8
FBgn0026576	-1.18	143	202	AACATCCTGCGAAGCTAACTCTGTGTATTG	TTGCCATT	TCAGTAGTTTTAAGCTATATTTTATACAAT	6m
FBgn0026602	0.42	374	627	ACCAGTACATATGTATCTATTTGTAGCACA	TTGCCATT	AAGAATTTGCGTTGACCTTCAGAAGAGCGC	6m
FBgn0026602	0.42	461	627	GGGTAAAATGTGCCCACGTCTAATCAAGCC	ATGCCATG	AAATCACCGGAAGACTCTTTTTAATGGTTA	6m
FBgn0027296	-0.46	421	487	TTCAGAAGTAAAACTTAACCGATTATCGCC	ATGCCATG	CACGTGTTTGTTGTTAGCCAATTGCAGTTA	6m
FBgn0027342	-0.69	75	1109	CTTCCAGTCAATGTTCCTGCAGCAGCTGCT	GTGCCAAA	GTCAATCCTCTACTATAACTTAATGCGGTT	o6
FBgn0027342	-0.69	773	1109	TCGTAGCCGTAATGCCTAATTGTATTCAGT	GTGCCATT	AGCTTTAGGGACTTAACTGAAACGAGTCAA	7m8
FBgn0027358	-0.55	651	1120	GTGGTGCGGCAGATGAACGAGCGTCTAGAG	GTGCCAGA	CACTTCGGAAGCCTGGGAACGCAACAGTCT	o6
FBgn0027495	-0.24	131	432	AGGAGAGTAATTGATTATACATACATGTTG	TTGCCATA	AGTCTGTAGCGCAGGCAGCAGCGCGATGGG	7A1
FBgn0027507	-0.07	40	119	AGGTATTTTTTACTGTTAGCTAAACAATAA	AAGCCATA	AATGTAATTAAATTGTATCAGGAAACTTTG	6A1
FBgn0027532	-0.17	49	505	CAGGACTTGCTGGACAAAATGCGTTTCACA	CTGCCATA	TAGAAAAAAAGCAAGTGTTATTTAACTTTT	7A1
FBgn0027539	-0.07	359	744	GTCCTCACAGTGCACCAGCATATCACTGTG	GTGCCAGT	AAACACAGAACAATGGCACTCGTGTACCAT	o6
FBgn0027558	0.22	19	504	AGAGTAGGATGTCATGCCG	GTGCCAGG	ACATTTAATCCAATAACCCTGCCAGCAACT	o6
FBgn0027574	-0.21	361	494	ATTTTGTGTGCGGACGACTACATCGTGTAG	CTGCCATA	GGAACATTTGGAAAATTATTATAAATAATG	7A1
FBgn0027596	-0.33	95	498	TTCGTAGAGCTGCTCAGAATACATTCCATA	CCGCCATA	CTGCGGAAAGGCACAAGGGCAGCTTACACT	6A1
FBgn0027601	0.24	540	590	GATGGCGGCATGCCAAATCCAATACTTTAA	ATGCCATG	TATGCCACGATGTTTAAAAATAAAGACGAA	6m
FBgn0027607	-0.04	109	608	TTGTCTTCTGTGCGGGATTACCCGATCTTT	AAGCCATA	TACCACGCCCTACCTTTTGATCCAACCCAA	6A1
FBgn0027609	-0.32	93	200	ACTACATATGCCTGTGTATTTAGCTTAGTT	GTGCCATC	TGGATTGTTTATTTTGGCCTCCCCTCTCAC	7m8
FBgn0027786	-0.37	91	298	GCAACTGCATTTTTCTACTGTCTCCAAGCC	CAGCCATA	ATTCTGTTAATACAAGTTTAGATCTACATT	6A1
FBgn0027945	-0.53	122	198	CTCATACCCAAATATCACCAACCAAACTCA	TCGCCATA	CACACGTTGTTGTAGCTCTTGAAATTTGTT	6A1
FBgn0027951	-0.02	27	1184	GAGCACTCTCTGGTTTGACTGACGGGC	TTGCCATG	TACATACACCCGCAGCATAAGGCACACAGA	6m
FBgn0027951	-0.02	343	1184	ACCGAATGCAAGCTGCACTTTCCTACGAAG	GTGCCAGC	TGCAACGCACGAAACTCAAATGTTCGTTAA	o6
FBgn0028292	-0.11	253	587	CTTTGATTTCAGTGATCAGCTTTTGTCTAA	ATGCCATT	ATTATTAGTGTTAGCTAAAATAATTATAAT	6m
FBgn0028327	0.19	49	165	TGCACATATCCCAAACACCATCGAAAGCGG	TAGCCATA	ACATCGGCTGCCGAAGGAGCAGTAACAGCA	6A1
FBgn0028380	-0.69	152	486	ACGGTTGCGTTCGTAGTGCGGCCATTCTTA	TTGCCATT	TACATTTTGTTATCCAGCATAGTCGTTGAG	6m
FBgn0028429	-0.36	484	641	CCGTTTGCATTTAATTTGATTGGATGCCCA	GTGCCACA	GAATGGATAACTTGTTGTAACTAGCGTTGA	o6
FBgn0028490	-0.08	67	246	GGACACAGTCTCGTTGGCTACCGTAATTTA	TTGCCATT	TTATGGGACTCAAGATTCTTATGGATATGC	6m
FBgn0028507	-0.03	325	412	TGTGGCACAAAATATTGATAGGTGATCAAT	ATGCCATT	CATTCATTCCCCAATTTAAGTGTGCGTTTA	6m
FBgn0028530	-0.25	19	116	TGAACTGACGAATGACCTG	ATGCCATC	ACCGTGAAAGCTTAAAAAGTTGTTGTAAAG	6m
FBgn0028563	0.56	29	571	GACATAGCCCAGTGGGCTCAACTTCCAAT	TAGCCATA	AGTAGCCGGTGGTTTGTGGTAATACGGTTT	6A1
FBgn0028563	0.56	424	571	TCTTCCACGGCGGGTGCGTTAGTTAATTAA	GTGCCAAC	GCTTGAATTGTTTAGCAATAAGTGCTTAGC	o6
FBgn0028717	-0.95	58	468	TCGCGGCTTAACCAGCGGAACTTTACTTTT	GTGCCATT	TTAATCATTGTCCTAAAGGAGAGGAAAATT	7m8
FBgn0028926	-0.08	49	69	GAGCTTAGTGTAGATTTAATCTTAAAATAT	ATGCCATA	AGTTGAACTTTC	7A1
FBgn0028953	-0.21	387	1347	GCAGATTGTGGGCAGAACACTCGTTAAGTG	TTGCCATA	TCGCTTTGTAATTAGTGTTTTTTATCCCGC	7A1
FBgn0028953	-0.21	618	1347	TAACACCCCTTTTGTTGATTGTTTTTAGTT	GTGCCAGC	GGGTAGAGGAACAAAATTGAAATGCCAAGC	o6
FBgn0028953	-0.21	1170	1347	TCGCGACTCTGAACCAGACAAATTCTTAGT	ACGCCATA	CTATGGTTTATATTATGTACGTACGCGCAC	6A1
FBgn0028974	-0.02	606	868	CAGTGGCAGATAGGTAAATGTGGCTGTGTT	CTGCCATT	GGAGCACGTAATTGCAGTAGGAGGTCATTT	6m
FBgn0028980	-0.03	226	279	ATAAGAGCTATACCTAGAGCTAAACTTATC	CAGCCATA	GAATACGATTCTGTGCTTAGCCATTAAGAT	6A1
FBgn0029121	-0.48	26	275	TTAAGTTAATTTGTATGTATCAACCG	CTGCCATA	CGTCGGTTCATTCATGTGTACATAAATATT	7A1
FBgn0029155	-0.17	254	440	TATATTCGAGCGACGATTATGTTTGTTGTT	TAGCCATA	TCTGATATTTATTAACGCAATTAAGCAGCT	6A1
FBgn0029529	-0.40	56	84	CATTATTTTTTTTTAGCCATCGTATGTTTA	TTGCCATT	AAAGCTTACAAATAGGACTT	6m
FBgn0029672	-0.18	63	102	TAAAGTGCTGCCTGTTATTGGGCTGCTGAT	GTGCCAAT	TCGGCCTGAAACCAATCGGCTGCTGAAATG	o6
FBgn0029685	-0.32	152	800	TGTATTTAAGCTTATGACCTTAAAATCCAT	TTGCCATA	TCTCGATATTTTTTTAAAAGATACTTAACT	7A1
FBgn0029706	-0.15	34	794	CGACGGAGCTGGGCTCCCGACCAATATCAT	CTGCCATC	TGGACGTGCCAAGCAATGAAGAACTTCGTT	6m
FBgn0029706	-0.15	47	794	CTCCCGACCAATATCATCTGCCATCTGGAC	GTGCCAAG	CAATGAAGAACTTCGTTCATTTCTGGTTCA	o6
FBgn0029771	0.56	114	632	GTATCTGTGTGCGAACGAGTATCTGTGTGA	GTGCCAGT	GCGTGCGCGTGTGTGTGAGTTTGTTTTGAG	o6
FBgn0029789	-0.56	529	659	TCTTACAAATGGATCAACGACCTAATGTAG	CTGCCATA	TGACACAAACCGACTTTCATCCCAAACTAA	7A1
FBgn0029801	-0.07	243	915	GGAGCCCGGAAGCACGGTGAATCTCGCTAT	CTGCCATT	AAACTAAAATTAAGGCTAGCAAACAGCATC	6m
FBgn0029818	0.15	18	262	GGAGACGAACAGCACGGA	TTGCCATT	CACTGGCTACATATATCAACTGGAAATGAT	6m
FBgn0029819	-0.78	88	430	ATCCGAAACCAAATCCTTTTCGTCGAACGG	TGGCCATA	GCAAACACGCGTCACATTTATATAGATATA	6A1
FBgn0029870	-0.27	389	664	AAGTATCCAAAACACTGTGAGCATGGCCAG	GTGCCATG	GAAAAGCAAGTTGCGAGGAATTATGAATGC	7m8
FBgn0029874	-0.07	127	262	GACACTATTAGCTATCTTTAAGTCATTAGA	TTGCCATG	TTATTGGGCTCATTTACAAAGCGATTTTCT	6m
FBgn0029881	-0.03	326	1685	ACCAAAAATGAAAATGTGGAATCTTTAGAT	TAGCCATA	CAATTGCTGAAGAGCCCCGAAGAAGAAAGC	6A1
FBgn0029881	-0.03	455	1685	TGACCCCACTCCAAATTGTAATCCAGGGGA	AAGCCATA	GCTAATAGTATACCCAAAATCAGAATCAGA	6A1
FBgn0029903	-0.84	540	1948	CACCGGTTCTCCTATGTCCTTCAGTTTATG	TGGCCATA	TAGGAAAAGTGAGGAGAAGGACTTAGATGA	6A1
FBgn0029903	-0.84	1193	1948	TGAGAACGGATAGGGGGAAAGTAATGAAAG	TTGCCATT	GAAACGCGAGCGAGGGAAGGCAATAGATCG	6m
FBgn0029903	-0.84	1847	1948	CCCGCAGATATTATGTCATTCTGTATTTAT	TAGCCATA	TTCGATTACGATTTTCGAACGTCTCTTATT	6A1
FBgn0029912	0.01	33	172	CCGGAGCGCAGGATCGTCTCCCTGCCCGAG	TTGCCATG	TTTGCGACGGACGTGGCCACCGTAACGTTG	6m
FBgn0029929	-0.87	57	169	GTGCACCCTCGCATTTACCCAAAACATCCT	TTGCCATC	CTCGACCTTTCTTACTCTATCAATCGCACA	6m
FBgn0029929	-0.87	106	169	TTACTCTATCAATCGCACATCATTTTGTAA	ATGCCATC	TTTTTGGTTCATTAGAACGTTTGCGGCAGG	6m
FBgn0029941	-0.20	223	350	TATTGCCTTCGCCTGGGTGCAGCCGCTCGA	TCGCCATA	CAATTCAATGCATTTAGATTTAATAATCAT	6A1
FBgn0029992	-0.17	709	1041	ACACACACACACACACACACGCATTCGATA	ATGCCATC	CGATGATCCATTCACATTTTTGAATCAAAT	6m
FBgn0030012	-1.35	56	80	TAGATGTAGTTCATCTATAAGTTCCAAATT	GCGCCATA	ATAAATGAGAGAAATC	6A1
FBgn0030013	0.22	611	793	TGGGCACTCGGTATCAGCATCCCATCCAGC	CAGCCATA	GTATACGCGTATGTCTGGACTGTGATCGCC	6A1
FBgn0030089	0.15	707	1477	AATGGAGAGCGAGTTGAACGATTTTGTTTG	ATGCCATT	TCGATCAGTTTATTTGTTATTTCTATATGT	6m
FBgn0030101	-0.06	21	169	CGCGGATGATCAACGAAGTGG	TTGCCATT	GGAGTTGGACTCCAAATGATGAAGCCGTAG	6m
FBgn0030196	0.03	78	415	GTAGCAACTTTATTTCGTCCATTCGTTCGG	TGGCCATA	GGGCAGCCTGACCTCTCAAAAATACACTTT	6A1
FBgn0030217	0.13	341	764	GCAGGACAGATGGCAGCAGGCCGCGATAGA	GTGCCAGG	ACACCTTCGCGACGGACTATGTCCGCTCCC	o6
FBgn0030266	-0.37	80	456	CAGCACAGTCTCCTCCCGCCAGACAAGTCA	TAGCCATA	GGCCTCGAGGGGCGGAGTCGGCGCGGGCAG	6A1
FBgn0030266	-0.37	153	456	GACCCATCGCCGCCATCGATCACATACGTA	CTGCCATT	GTGTCATCGTTAATCGTTAACGCCGGCGCC	6m
FBgn0030292	-0.47	33	49	TAGCCCAATTGTTGATGTTAAATAAAATAA	ATGCCATT	TAAAGAGG	6m
FBgn0030309	0.54	163	331	GATATACAAACATAGATGTAGAGAAAGTGG	GTGCCAAG	CGGCGGAATCTTTGTTGTACTGTGAAACGT	o6
FBgn0030318	-0.09	156	554	AGCTGCAAAAATAATTTATTTTTTTACAAC	TTGCCATG	TCAGCTTCATTCCCAATCCGAAAGTGGTGC	6m
FBgn0030320	-0.38	28	289	GAACGTTTAACGCACTAGTTATTCCTAG	GTGCCATA	AGTTAGCTCATATATAAGCCCTCCCAGTAG	8m
FBgn0030323	-0.04	23	321	TGGGACGCCATCGACCAATTCCA	GTGCCAAT	TTTATTGTTGATTCACACAAAACTCTGTGC	o6
FBgn0030330	-0.01	328	1066	AGAGTTACTGAGTGAGTGAGTTCGTAGGCA	GAGCCATA	TTAAAGTGATTGATTGGACACGACGCCCAT	6A1
FBgn0030330	-0.01	529	1066	GAAAGAGAGAGAGGGTCACTATTTGGCTAT	TTGCCATC	TCGTTTGCATGAGGCATCAGTTTTAATGTT	6m
FBgn0030354	-0.08	403	793	CCGCGGGCCATGGAGTCATAGCCAGGCGAC	ATGCCATT	GGCCACCGGCCATTGGCCATTGGTCACGAG	6m
FBgn0030373	-0.10	174	204	AAGCAAAACCAGAGCCAATAAACCATACGA	ATGCCATC	GTCTTCTGTGGGCCAAATCAAC	6m
FBgn0030451	-0.61	380	2486	TAGGTTTGTTGTTGCGCTGTCCGTTGCCCG	TTGCCATT	TGCCAGTCCGTCAGTCTGCGCTGGTTCCCG	6m
FBgn0030451	-0.61	1973	2486	TATAAGTTGTGGAACACGGTGGCCTCCGTG	GTGCCATC	ACTGGGCCTGATTGGCATCATCTATGTGGG	7m8
FBgn0030460	-0.09	220	238	GTAGCTCTTTGTCAAATATATGTACTTCAT	GTGCCAAA	AGGCAAACCC	o6
FBgn0030466	-0.21	132	555	CCGCTTGGCCGGCAATCCAAAAGATTAAAC	GTGCCAGT	CCCAAAGTATTTTAGTACCAAGATGTGTAC	o6
FBgn0030467	-0.26	45	484	GAGAGGTTCAACCGACCGGAGTGAGAAGCA	TTGCCATG	AGAAACATGCACAACAGGCCCAAGGAGCAG	6m
FBgn0030482	-0.32	108	806	CTTTCCCGTACCGTGTATTAGTAGGATTTA	GTGCCAAG	TGTTTTGTGGGTCGCCAATGTGCTCGAATT	o6
FBgn0030502	0.09	543	1245	TTCGTAATCAATTATTTTCGGGCATCATCT	ATGCCATA	AGTGAAACAGCACAATTTGAACTATGTATA	7A1
FBgn0030581	-0.18	154	730	TGCAATATAGTTCATAGATAATGATCGAAA	GTGCCACA	AGAAGTATTTAAAGTTTCAAAACTATGCAC	o6
FBgn0030603	-0.36	334	733	GGGATCTTGCCCAAAAATATCCAGGTGGAT	TAGCCATA	TCCCACCAAATACGTATGTATATGGAATAA	6A1
FBgn0030610	-0.64	72	152	ATAACACTAGTCCTGCACACACTCCCCCCA	GTGCCACT	CCTCGGATCCCCAGCCCCTTCAACTGTTTG	o6
FBgn0030612	-0.01	113	381	TGTACGACAATCTGCTTTGAGCTGGAACAG	GTGCCATG	TGCCGCCACCCATCCCCAAAATGTGCATTT	7m8
FBgn0030673	-0.66	97	177	CTAATTTCCAGGGGATATTTATCAACCCGT	TTGCCATT	CAGTATATGTAGTCAAGCTAGTTCTAAGGA	6m
FBgn0030675	-0.08	41	435	GTTTAATCATGTTTCGGCAAAAACTCGCAG	TTGCCATC	GGTCAGGCGAACCACCTTCTCGCCCTTCTC	6m
FBgn0030685	-0.33	464	559	ACTTTTAAAATGTAAACTTTAAACTGAAGT	CTGCCATA	TACCATATCAAAAAAAAAAAAATAATAATA	7A1
FBgn0030740	-0.13	225	617	CATGCCAAGGTGCTGCTGCTCCAGGCTAGC	CAGCCATA	TCGTTTTTGTTTGGTGCTTCTAATTTATGT	6A1
FBgn0030745	-1.28	225	742	GCTCTCGAGGATCAGCGCACTTGGTTGGGT	GTGCCAGC	AGCTGTTCCTCGACTCCGACTCCTTCACGC	o6
FBgn0030745	-1.28	393	742	GCTGCAGAAACCAACCACAGACTTATTAAG	ATGCCATA	CTTAAGTGCTTTAAACATGGCCCATACAGC	7A1
FBgn0030788	-0.07	909	949	AACGATTTATGTTAAAGCCTAGACTGATTT	TAGCCATA	CATATAAGCCTAAATAAAACTTAATAGAAA	6A1
FBgn0030797	-0.06	221	282	TCGAAAGTTCCCAGAGCATTTAGCTGAATA	CCGCCATA	TATCCGTATGTCTTATTATAAATTGTAAGC	6A1
FBgn0030838	-0.34	205	638	GGAAAAAAAATTTTTTTTATGTAGTAGCCA	ACGCCATA	CATATACTACACAACCCCATGTTTAACTAG	6A1
FBgn0030873	0.15	243	531	GACGATGACGGATGAAAGATCTGTAGACGA	ATGCCATT	GCCATCCAATCTGTTTGCGGGTTTCCAGTT	6m
FBgn0030873	0.15	249	531	GACGGATGAAAGATCTGTAGACGAATGCCA	TTGCCATC	CAATCTGTTTGCGGGTTTCCAGTTCTGTGT	6m
FBgn0030892	-0.23	243	283	AACTTGCACATATTAGAAGATCAGATTTGA	CTGCCATT	TGCTACGTATAATAAAGTTTGTTTCTGGAT	6m
FBgn0030894	-0.18	132	834	CGTAATCGCAAATAGATGCGCGTGTGGCAG	CTGCCATG	GTTAACCCAGTAGTTATTCAGTTGGTATTA	6m
FBgn0030959	-0.33	149	319	TTTAGCAAACTAGACTAGTTTAAGTGAATT	CTGCCATG	TCTGTCCACTTTAGAATTTTGTGTTTAGTG	6m
FBgn0030970	0.52	434	674	GCACAAATGCAGTGCGTTCCGTGACTGTAA	GTGCCAAT	GTCTTGGCCTTACAGCTGCGAAACGCACTG	o6
FBgn0030973	0.06	38	159	AGGGATCCACAGAAAATCGCTGCAGAAGGT	GTGCCAGA	ATCGCATGGAACGGCATGGACATACTGTGA	o6
FBgn0031012	0.51	28	251	TCAACATACGATGGCGTAGTTTTACTCA	GTGCCAGC	GAATTCCAGGACCAACACCGTTCCCCCATC	o6
FBgn0031048	-0.17	341	586	TGATCCGCTCGCCACTTCGCTGCACTGGCC	GTGCCAAG	TGTACTGGGTGGATCTGTATTTATATCTGT	o6
FBgn0031055	-0.53	166	324	TACAACCGTAGGGTTACGTTTGCCACCCAT	CTGCCATC	CTATGAAGGATCTATTTATGTACATCGACA	6m
FBgn0031059	-0.30	53	369	GCGAGTCCAAGTCCTGGCACAGCCATTTAA	GTGCCAAC	ACGAGTTATCTGCAGCAACACTCTCTCTAG	o6
FBgn0031068	-0.16	50	316	CGAGAAGCCCCGTCTCCCGCCCGTTGCAGG	TTGCCATG	TTGACCAGACTTTGTCCCACATTTTGCTCG	6m
FBgn0031092	-0.08	50	100	ATCTGCAATCTGACAGAATTTAAAATGTAT	TTGCCATG	TGTGCATTTATAAATACAGCATCTGCCTTT	6m
FBgn0031119	-0.14	156	1014	AGATTTTGTGATGACTGCAGTAACGAAAAT	GTGCCAAG	CACGGAAATGAAACATGTAAAGACCGCATA	o6
FBgn0031119	-0.14	354	1014	TTTATTTGTGTGGCTGAGACCCTTCTTTAA	TTGCCATG	CATAGTTCATCCATAAGCAAACATAATGTA	6m
FBgn0031145	-0.30	279	1670	CCGATGACCACTATGATGTAGCCCGTGAAG	GTGCCAGT	GGCCAGGAACGAAGTCATTATATCGCGATC	o6
FBgn0031145	-0.30	1136	1670	CCCAATGGACTCGGACTCATTGTGCTCGCA	TTGCCATT	ACCCCAAATTTGCTGCCTAACCTTCGGGGC	6m
FBgn0031190	0.10	596	880	GATTTGGTTCGGTGCTGTCTGAAAACGTAT	TAGCCATA	TAAAGTGCACAAATCATTTCAGCGTTATAT	6A1
FBgn0031268	0.11	133	498	GTCAAAGTGCCTTGACTCAGTTGGGAAGTA	ATGCCATT	TACTATCCTGATGCCTTGCGAAGCGAAGTT	6m
FBgn0031384	0.02	378	598	TTTAAACTACCTATCGGTAATTCAAATAAG	TAGCCATA	ATTCCGAAAACTACTCTAATTAACTGTTAG	6A1
FBgn0031390	-0.20	219	319	TTTGTGTTGTTTACTAAACGGGAACTGTAA	TAGCCATA	ATATTTGTATAAAAAGTTCATTCCCCAAAT	6A1
FBgn0031391	-0.01	212	403	TCCAATAATTTAACCATTTTGACTCCGGGT	ATGCCATT	CGCGGGCTGTTTTAAAGCAATTTACACGAA	6m
FBgn0031395	-0.48	256	509	ATTGTGAAACTAATTTAGATTGTCTTCGCG	TAGCCATA	GCCATAGCGTTAAATTATTACTATAATAGA	6A1
FBgn0031395	-0.48	300	509	GCGTTAAATTATTACTATAATAGACCAAGG	GTGCCAAG	GGGTGGTGCTAAAACGAATTATTTCATTGC	o6
FBgn0031399	-0.48	39	215	GCACCCACCATACACAGCCCTTACTCGCCC	AGGCCATA	TGCATATGCATTAAGTTGTTGATTTGTTCC	6A1
FBgn0031419	-0.11	27	58	TGTTACGTTTAATTATGGTTATAGTTT	GTGCCAGC	AAATAAACGCTTGTAAAAATAGG	o6
FBgn0031449	0.01	163	330	ACAAATGCAACGGACCATTGCAATATGCGA	GTGCCAAC	TGTTGCGGCAACCTCTAAGCATAGCGAATC	o6
FBgn0031489	-1.00	77	91	ACAATAAAACTGCATGCTGCACTTTGCTCT	GTGCCATT	CCAGCT	7m8
FBgn0031516	-1.04	110	412	TATTTAAGCATTTATTCGAGAGAAACATAT	GTGCCAAA	GATTGGTGAAGCCGGTAGAGCGTAAGGAAA	o6
FBgn0031516	-1.04	392	412	GTATACATTTGAAAATATTATTAAAATATT	TTGCCATG	AAATCCGAAGAT	6m
FBgn0031636	-0.20	43	272	GTTACTAACCAATAACCAATTGCGATGCTA	ATGCCATT	TCCACTACACTTGACTTGTTATGCAACTCG	6m
FBgn0031716	-0.99	453	610	ACGAGTAGAGGAGAACAATATCATAACTTA	ATGCCATG	CCATATTATGTAGACACCAAAGGAAATTAT	6m
FBgn0031738	-0.50	610	1063	TAGGCAGTCATTATCAGTTACTTTTAGTCT	AGGCCATA	AACTTAAGTTGAACGTTATTTAGTTGAATT	6A1
FBgn0031740	0.16	103	187	GCTGCAACATGCCGCTTCGCAGGCTGATCG	GTGCCACG	AAACTTAACAAAAAACATGCAAAACTGTTT	o6
FBgn0031851	-0.39	66	150	ATAAAATCTATGAAATGTCATAATTGTTAA	TTGCCATT	TAAAAGAATTATAATAGTAGCACTATATAC	6m
FBgn0031888	-0.09	96	625	TGAAGAAAAACTGTGTTTAAATATACGCAA	TGGCCATA	GAACAAAGAAATCCAGAAATCCGAACTGTT	6A1
FBgn0031912	-0.28	243	457	TATTGATGTAGTTATTGATGGTCACCGTCG	TTGCCATG	ATTGTAGAAGAGTACACAAAATACTTGAAT	6m
FBgn0031969	0.02	288	764	CGAGAGAGATTTATAAGATTATTTATTTTA	GTGCCAAA	TAACAGCAGAAAACGCAAGCAAAAAGTCAT	o6
FBgn0031988	0.13	266	346	AACATCTGTAGTTTAATTTTAGCATTCTGA	ATGCCATT	ATTTAAATGATAATTACTGAGCGATAACTG	6m
FBgn0031998	0.44	22	420	AATAGACGAACCAGAACTTCCT	GTGCCAAA	CTAATGGAATTGATGGCATTGAATTCCACA	o6
FBgn0032006	-0.20	301	422	CACACACTCACTCCATGTTATATACTATTA	ATGCCATT	TCATGTTTTACATTTAGTGTAGTCTAAGTC	6m
FBgn0032051	-0.23	69	419	AGCCAGCAAAGTTTTCTCGTCTCCAGTCAC	GTGCCAGA	AAGTTGTCACAAGCACACACGTATGCCCAC	o6
FBgn0032051	-0.23	185	419	GGGAGTCCCCAATTTGGTGCTCCATGGGAG	ATGCCATG	TGTCGGTACTTTTAATGTTCCATGTGCGCG	6m
FBgn0032078	-0.14	102	479	CACGATGAATCGCTACAAGCTATCCTAGCA	ATGCCATT	ACCACTTCCATAAAACAACTTTATGTCCTC	6m
FBgn0032079	-0.38	123	541	TGGCCGGCCCCAAAACGAGAGCTTTTAAAA	TAGCCATA	GAATATTCCATATCGGTTATACACACACGG	6A1
FBgn0032140	-0.65	229	287	TATGTATATAAGCATCCCATGAATATTTAT	GTGCCACC	CTCCTGTACCCTGATAATGCAATAAAAGTA	o6
FBgn0032166	-0.24	18	109	ATTGTGTGATATAATATG	GGGCCATA	TCGGCCTTCTAGGCTAGTTACAAATCGTAG	6A1
FBgn0032170	0.04	46	448	TATATGTATTCTAAAAGCAATGGATGGGGA	ATGCCATT	CGAAATGAGGGGCATGCCACATTGAAATTT	6m
FBgn0032204	0.16	104	322	ATTATAATTTATGTTGTTACTCTATGTAAA	ACGCCATA	CTTTAATAAAAAAAAAGTCGGCGGTAAAAT	6A1
FBgn0032248	-0.47	78	139	GACGATTAAAACGGCACAAAATGCACAAGA	CTGCCATC	CAGCACTCATTCAACACTTTATGGGAATCA	6m
FBgn0032295	-0.18	17	664	ATCTAGGTACTAAGATT	TGGCCATA	GTTTACGAAAGTAATTCATATTTACATTGA	6A1
FBgn0032407	-0.15	29	238	TGGCTGACGGAGCACGATAGTCTCGTGGT	GTGCCAAT	TGGTTAACTGTTGAGTGTTGCACATTTTTT	o6
FBgn0032420	-0.52	406	494	ACGTTTGACATATTTATTACTAGTATTTAC	CTGCCATA	TCCGAATAACCACTACCATATCGAAAAACC	7A1
FBgn0032513	-0.43	201	325	CAATAGGTGGAAGTTTTGCTCTTAACATGA	GTGCCACT	TTGATGAGAAACTTAAAAATAAATATATAC	o6
FBgn0032521	-0.36	101	319	CGAATTTAAATATTTTTGATGTCTTCACAT	TTGCCATT	ATTATTTCACACTTATTTCATTTTGTAAAC	6m
FBgn0032600	-0.01	701	4097	GAACGCTCAAAGCCCTGGGTATGTTGACAA	TTGCCATA	AGCAGCATTTTTGTGTTGTTTTTGTGTTAT	7A1
FBgn0032633	-0.22	91	686	GATGAGTTGGCAAAATGGGTTTCCTAATGG	CCGCCATA	TACACACTTACATAAAATACATGCCAAATG	6A1
FBgn0032690	-0.07	66	95	AATTTAAAACTAATAAAGTTGGGTGCGCCA	AAGCCATA	CCTTGGCAACCAAAAATTCTC	6A1
FBgn0032702	-0.72	182	1021	TCAAATTTTACGTATTCGAAAGAGAAAAAT	GTGCCAAA	TATTTTTAAACAATTCAAGAACGCAATATA	o6
FBgn0032717	0.36	177	788	CTGAAAGGGATTTCAATACTTACTGAAGGT	TGGCCATA	CAATTATATATTTTTAAGTGGTGCGCCAAA	6A1
FBgn0032731	-0.73	523	604	TGCTTTTTACTTTATGATTTTGTACTTTTA	GTGCCATT	TTTATGTTCTTCGTTTTAGTTTTGTTAAAA	7m8
FBgn0032748	-0.34	265	890	ATCCGTAAATAAGAATGATTTAGGTGCGCC	CTGCCATG	CCCTGCCCTGCCACGCCCCTCCCACACACA	6m
FBgn0032751	-0.14	207	252	AGCTATACAATTAGACACCTCAATTAGTTG	GTGCCAAA	CAGCCAGACTGTTAAATATAAGAATTCTAA	o6
FBgn0032817	-0.41	166	403	TAATTCATAAGTGGCTTGTGAAGAAAAGAT	ATGCCATA	CAAAGAAACAAACACAAAATGTTCCTTAAG	7A1
FBgn0032864	-0.30	149	175	AAACACTCAGTTTAAGATCACAAAAATTAT	AAGCCATA	CTAAAGTTTTTTGAATTG	6A1
FBgn0032870	-0.25	384	519	ATTCAGATTAGTCACATGAAAGGTCTCTGA	CTGCCATG	TAAATCATAAGTAATAAGCAATTTCATTTG	6m
FBgn0032876	-0.92	42	199	AATGTAAATAAGCAATTAAACAGTGCATTC	TAGCCATA	GGGCATTCTACCATTTTTAAATTGTGTGTG	6A1
FBgn0032876	-0.92	77	199	ATAGGGCATTCTACCATTTTTAAATTGTGT	GTGCCATG	CAGTCTAGTCCGCTTTTTCATGTATAGACA	7m8
FBgn0032943	0.09	342	1466	AATAATTTTTTAATGTTTGCTTGAATTTGT	ATGCCATA	TACAAATTTAAGTACGTTTTATTAAGGCTG	7A1
FBgn0033021	-0.39	102	257	TTAAGCTTGTAGATCGAAGTGCGAAAAACT	GTGCCACT	TTTCAAAATGATATTGATGACAGGTTTATG	o6
FBgn0033062	-0.17	26	206	TTGATTAGCACAATACAAATAAAAAC	AGGCCATA	TTGATGCAGCTTATATCGGTTGGCGAGCTC	6A1
FBgn0033087	-0.34	661	878	GAATATCATGTACTTCTCGCCACTTAAACG	ATGCCATT	CCAAACATAATTTTATTTTAACTCCTAGGT	6m
FBgn0033159	-0.25	526	1129	AGATGATTCGAAATCTGTTTGTGTAAACTT	TTGCCATC	TATGCCAGGAGCAGAAAACTCATCCTTTGC	6m
FBgn0033178	-0.74	18	48	TTTTGAGAGATTGCTTGA	CTGCCATA	AAGAGAATACAAGTAAGCACAC	7A1
FBgn0033188	-0.27	315	420	GATTCTACTTTTGCAAAGTCACCCATCACA	TCGCCATA	TTAGCCGGAGTCAAAATTCGGCGGCTTCTT	6A1
FBgn0033212	0.57	366	1102	TTTATATTTTTATGTATTTAAATCAGTTAA	GTGCCAAT	TATATACAGAATTAATCTACAAATATTTTT	o6
FBgn0033266	-0.98	293	681	TATCTTGTCTAGGATAATGTATTATGTTAT	TTGCCATA	TTTAGTCTATTGGTTTGTTTTATATGGGTC	7A1
FBgn0033313	-0.19	376	628	TGTATGATGTATTGTAATACATGTCACCAC	ATGCCATT	TTTAAATACTTAAAAACTAATTTAAACAAC	6m
FBgn0033375	-0.13	148	380	CATTAATACTAGAATGCATTATGAAGCTCA	GTGCCAAG	TTTTTAACCAGGGCCCATAACCAGTCAAAC	o6
FBgn0033426	-0.59	58	157	GAAGCTCAGATTAGTTGTAGGTAACAAGAA	GTGCCAGT	GTTTAATGCTTGTAGCTCGAAACTAGCGAA	o6
FBgn0033446	0.55	17	159	AGGCGTCTCCCTTCGCG	GTGCCACC	TAAAATATCTTGATGTGAAAATGCTTTAGA	o6
FBgn0033446	0.55	100	159	AATAGAAAGGAATTTGCTTCAATGTAACGA	GTGCCAGT	AATGTGATTGCTAAATCCTCAATTGAATAT	o6
FBgn0033466	0.57	351	486	AAGAGCTCGAAAATATCTGAAATATTGTAA	GTGCCACA	GAGTCCAATGACTTGACCACATCCTTTAAA	o6
FBgn0033584	0.03	163	630	TTCATATGCCTAAGCTAATAATTTACACAT	TTGCCATA	GGTTAGCATAGGTGACAGATTATATTTACG	7A1
FBgn0033683	0.21	17	78	AGTGACCAATCTGGCGA	ATGCCATC	GGGACCACGGCCTTTAAACTACATTAACTA	6m
FBgn0033686	-0.45	248	347	TTGTATTTCGATTAAAATCCATATTTAAAT	GTGCCAAG	TGTAAGAACTGCAAGCTAATATTGTAATAA	o6
FBgn0033749	0.53	345	537	TAAAACATAAACAAGCATTTGAAATACACA	TTGCCATA	AAATGATGGTGTGTTTTATCTAATTGGCTG	7A1
FBgn0033752	0.32	393	440	TACATATTTTATAAGAATGGGTATTATTTC	GTGCCAGC	TGTATTCATAATAATAAACACAAATTATTG	o6
FBgn0033784	-0.02	203	518	GCTGGCGCTGCTTGAGGACGGACTCTCCAA	CTGCCATC	ATTAGCCAGCTCTTATTATGGCTGGCCAAC	6m
FBgn0033808	-0.80	63	178	CCCATTTGTTAATATCTGAATTAGAAAATC	ATGCCATC	TTTTTGTATACAATACTTTATAACGAGTAT	6m
FBgn0033845	-0.17	76	153	TTATCTTCTTAGTTTAATATTTTTTTGCGG	ATGCCATT	AAGTGTTAATTTATTAAGATGTTGAAAATT	6m
FBgn0033884	-0.32	42	234	GTAGAAATGGGGATCCGGATACCCATTGCG	TTGCCATG	CTGCTAATACACAATGAAGCACCAACCCAA	6m
FBgn0033919	-0.46	517	580	AGCGACTTAAAAGGTAACTCAGTCGTTACA	GAGCCATA	AATACTATTTCTAATACACGTAGTAACCAT	6A1
FBgn0033971	-0.18	123	267	TGCAGTCAATGAGGAAGATACTCCTGATGT	ATGCCATT	TTGTAGTAAGTGGATGCCGTGATCCTCATG	6m
FBgn0033990	-0.29	25	123	TTGTATTCGCCGTAGTGTAAGGATG	GTGCCATT	AAATGTGCCTCTGGAGGCGAGGATTTAGCA	7m8
FBgn0033998	-0.04	28	363	TTAAAGTTCATTCATATTCATCGCACAT	TGGCCATA	TCCCGAATTCCGTATCACCAATACGAAGGC	6A1
FBgn0034013	-0.52	534	1145	AACTTGCTCAACGAACTTTGTTCCCTATGG	GTGCCATG	CATTTTATACACTAAACAGGAAGAATGTAG	7m8
FBgn0034025	-0.03	518	579	GTGTTGTAAGCATTTATCTACATAACCATT	TTGCCATT	TGTTTTCATGAATAAAAAAAAACTTCCGAC	6m
FBgn0034063	-0.09	237	279	CCATTTTAGCCCCTAGACCTAACTTTTGTA	CTGCCATA	AGAGCCAAAATACAAATTAAAGTATGCATA	7A1
FBgn0034093	-1.26	15	79	ACATAGTATCAACAC	ATGCCATT	TTTATTGCATATTTTTGTACTAATTTTTTA	6m
FBgn0034117	-0.91	23	139	GCCCAAGATATGCAAATCAGCCG	CTGCCATC	AAATCGAATATGCTCTTATATACACACTAT	6m
FBgn0034180	-0.71	389	549	GGTGGTAACTTTGTTTCATGTTTCGTTGTT	GTGCCATC	TGAACCACTCCTAACTTATGTAAATCCTGA	7m8
FBgn0034181	-0.15	312	620	GCCCGTTTTGTATCTCTGATAACTAACTCT	CTGCCATG	ATAGCCAGTTCATTCATTCAGTTTGTACTT	6m
FBgn0034223	-0.48	414	541	TAAATATTTACAATTCCAACCGCTTTTGCA	GTGCCAAT	AGACCAAGTAGAGTATATACAAATATTTTA	o6
FBgn0034246	-0.24	311	416	AACGGTTTTTAATTATTTTTTTATCAATTA	TTGCCATT	TAAAATGTTTTAGCTTCATTGTTATTAATA	6m
FBgn0034259	-0.23	140	256	GTTTAACTGTGACAGTGAAACTTAGTTTTT	AAGCCATA	AAACATTCATACATGTTTCAGATAAAACTA	6A1
FBgn0034266	-0.24	263	1831	CGTGTGGATTGCCCCTTGCCAACGTCCAGA	GAGCCATA	GGAGTGGAGCGTGATCCGGAAACAGCGACG	6A1
FBgn0034266	-0.24	577	1831	GGCGCCATTGCCGGAACACGATAGTGCCCA	ATGCCATG	AGCAATGCCCAGGTGGTGCGCAACTTTAGC	6m
FBgn0034266	-0.24	1110	1831	CTTAACGATGAACGGGTGATACTTATCCTA	GTGCCACC	GCTGCCGCCCAAGAAGGGTCAGCCCGCCTA	o6
FBgn0034266	-0.24	1573	1831	TGTTCCTCTGGTATTCTGGCAAGAAGAAGG	GTGCCAAG	GCGCCCAACGACGAGGTGGCCATGGCCGAC	o6
FBgn0034350	-0.09	1128	1668	TGCAGCGACGGGTGGCAGGTCTTCAGGAGC	GTGCCAAG	GGTCTATTAAATGACTTCGAGCAGAGATAC	o6
FBgn0034362	-0.29	193	241	TGCTAACAATCTTCGGAAGAATGTCAAGTT	TTGCCATC	AGTAAAAAAAATAAACATACTTTGTACACC	6m
FBgn0034438	-0.55	44	231	TTCCTTCACGAACTCAACTCAATCCCATTT	TTGCCATG	ACACCTCAGCTACTCTTAATTCTGGTACTG	6m
FBgn0034451	0.02	122	309	ACGCATGAAAGAACATTACAAATTATAGTT	ATGCCATT	TTTTATTTATTAATTAAAACATCTATGTAT	6m
FBgn0034455	-0.21	19	265	GCTGTCCTGTCCACCACTG	GTGCCATC	TCATTTCTGCGTGCACGTGCTAATAACTGT	7m8
FBgn0034455	-0.21	167	265	CATTCTAAACTCAGACGTGCTCTCGTCGCG	ATGCCATT	GTAGAAAATATTTGTATGATCTTGCATTTG	6m
FBgn0034498	-0.11	235	521	AACACCAACTATTAAGTGATGACATTGTTT	CTGCCATT	TTTGATCGATGTATTGTATTTGTATTGTAT	6m
FBgn0034521	-0.12	753	884	ACGCCAGTAATCCCGGCCAGATCTGAAAGT	GTGCCACT	CTCAGCTAGTTGTAATGGAATCAACCCAGA	o6
FBgn0034577	-0.01	64	822	AGTCGACAAAGCGGCCCAATAGTCTTCCAC	TTGCCATG	GCCAAGCGAGCATAGGAACCGATCACCAGC	6m
FBgn0034639	-0.58	207	261	GATGATTAAGTAATTAACTTTAATAAATCA	TAGCCATA	TCGTAAATGATTCATCCAACGGGATGTTTG	6A1
FBgn0034643	-0.00	246	428	AACGCTTGGGGCATAAATCCTGCGTGGACT	GTGCCAGT	TTTTGTTTTTAATTTTATTACCCTACTATT	o6
FBgn0034718	-0.43	386	692	CCTCTTAAGTGTGACCGACAAGTAGTGTTT	TAGCCATA	AGTAAATTAATTACTCCTAAGCGTAAATCT	6A1
FBgn0034744	-0.61	22	110	AACCTATAGTAAAACGAAACCA	ATGCCATT	TTGTATGTATATATGTCGTTCAACTAAATT	6m
FBgn0034802	-0.22	338	956	GCTGATTCCAAAAGCCGAGCCTGCAGCGCG	GTGCCAAC	GTCCCGAGAACTGAAAGAAGACAAGAAGTA	o6
FBgn0034803	0.01	147	241	AGTACCAATAAGTAGCTAATTCGTAGACGG	CAGCCATA	AACTGTAAATAAATAGCTTAGCAGCCAAAG	6A1
FBgn0034909	0.85	45	241	TCTTAAAACAGGTCTTAGCTTAGCTAGTTT	TAGCCATA	CTCATAGTTCTAGCCGCAGTGCCTCGTAGT	6A1
FBgn0034913	-0.51	69	240	TAGAATAGCCCTCCCTTAATATACAAATCT	TAGCCATA	CCATATCGCACGGTGAGCACTTCACAAGGC	6A1
FBgn0035032	-0.30	150	165	AAGTGAATAAAACGGCTGCGAATATCCATG	CTGCCATA	GACTCAG	7A1
FBgn0035036	-0.08	81	104	TTATTAACTCGCACTTAACACAGATAAGTT	AAGCCATA	AATAAGTAGACGTGG	6A1
FBgn0035049	-0.42	418	849	GTAATGACAAATTGCGATATTAAATTTAAC	GAGCCATA	TGCAAGGAATTGGAGAGAACCAAACAAAAA	6A1
FBgn0035132	-0.50	18	159	TCACAGCACTCGCAGTTG	CCGCCATA	GGCAGAGCATTGAATACCTCGGGATGCGTG	6A1
FBgn0035146	0.62	127	390	ATAGTCACAAAGCATTTTGCCAGATCTCCG	CTGCCATC	TGCTCCTTCGGAGTCCGCATGGCAGCATCT	6m
FBgn0035152	-0.21	131	196	TACGGCTCTAAAGAAAGTTCGAAATCACTC	AGGCCATA	ATAACGATGAACGAGGCATTGCAAACTAGA	6A1
FBgn0035173	-1.24	1137	1162	GAAAAGCAGCCAGAATAGTAATAAAAGATA	TTGCCATA	AATTTTAAAAACCGTCG	7A1
FBgn0035204	0.10	177	396	CTGAATTATTCAATTTAGCCTCTACAGTGT	ACGCCATA	GCAATAAGATTTTCCACACTAGACTTACAA	6A1
FBgn0035229	0.44	224	748	ACTATAATCCCAAGCCTAGCCACTAACCAC	TTGCCATT	CGACCCTTCGACAGCTTGCCAAGAAACAGA	6m
FBgn0035283	-0.45	28	863	AGCGGATCGTTTTGTTATCTAATCTCAA	CGGCCATA	ACGTGACGATCACGTGCGCTAGTAATCTCC	6A1
FBgn0035346	-0.53	32	543	AACACGGTGGGATTGAAGGAACGTTTTATA	GTGCCATC	CCCCAGGGTCAGATGGAACAACCAGGTGAA	7m8
FBgn0035375	-0.69	23	352	CCGCTGCCCTGCAATAGTATCAC	TTGCCATG	TACTTAGAACACTTCGATGTAAATAACTAG	6m
FBgn0035405	-0.15	63	295	TTCAGCTGGAATCAATAAGTTACCATTAAG	AAGCCATA	AGCATAGGGTTTAACTTCATGTTGTCCCAT	6A1
FBgn0035424	-0.57	1283	4448	ATATTTACGACTTAGGACTCTATACAAAAG	GTGCCATA	ACTAAAACACAAACAGACACACGAAATTCT	8m
FBgn0035424	-0.57	3496	4448	CCTGATTTCATGCGATCACCTTCTTTGGCA	CTGCCATC	AAAATCGCCCTAACACTTTTACGTTCGATG	6m
FBgn0035432	0.26	52	176	ATTGTGCAAACCGCTGCAATGGAGACTGGT	CTGCCATG	GTGCAGCTTTCGTGTTTTTTTGTATCATTA	6m
FBgn0035440	-0.44	196	326	CAAAAACAAAACACTTATATAACAATTGTA	TAGCCATA	TACATATGTGATATATTATATATATATACA	6A1
FBgn0035452	-0.11	31	171	ATATCTAGAAGAACATCTACCCATATCCAA	CTGCCATC	TCCGAAATCAGGGATAACCCACAATCGATT	6m
FBgn0035475	-0.09	362	416	TCAACTTCAACTCTGACTCTTGTAACTAGT	AGGCCATA	CGAATTTTAAGCTAATCGAATAATAAAATC	6A1
FBgn0035482	0.42	683	1957	GGCCTGTTCCTGTTCCTGTTCGTAATGCCA	GTGCCAGT	AGACATGTGCGTGGATAATTAGAACTGCGA	o6
FBgn0035482	0.42	766	1957	ATCGCAATCGGAATTGGAGGCGAAGTCGGT	GTGCCACC	TTCTCATCGTGTGTGGGGTATATTTTCAAT	o6
FBgn0035482	0.42	811	1957	CGTGTGTGGGGTATATTTTCAATTTACTTG	GTGCCATG	CCAGGGATTTATCAACAGATGAAGGCAATT	7m8
FBgn0035498	-0.34	40	296	GCAGTCTGGAGCATTGGACTGGAGTCTTGA	GTGCCAAG	CACAAACCTCGTCGCATGTTCTACAGTTTT	o6
FBgn0035499	0.41	390	683	TCTATATAAACCGCACTCAGCTTCATCCTT	GTGCCATC	GAAGACAGTTGGAGATGGAGTCACCATGCA	7m8
FBgn0035533	0.17	122	527	ACTTTTGTCATAACTTTGCGTTCTGTCGGA	CAGCCATA	ACACACAAAACATAACATAACAGACACAAC	6A1
FBgn0035601	0.05	187	689	AAGAGATTGTGTGGCGGCTGCTCCGCCGAG	TTGCCATC	GGTGGCAGCGTATGCTTATTAATGAACGTA	6m
FBgn0035825	-0.15	78	122	ATTTTCATTGTTGAGCCAAATTGATCGCAT	TTGCCATT	TATCCCTCGGCCAATAAAAACTTAACACTT	6m
FBgn0035827	0.08	141	485	CTTCGCCGGAGCAGGTGTGTGCTTGTGTGT	GTGCCATC	AACACCCGCATTGAATTTAGTTTTTAAGCA	7m8
FBgn0035831	-0.27	19	180	GAACTACAGGACCAATCAT	TAGCCATA	GAAATTGAATCCTATTGTAATTTAAGGAAA	6A1
FBgn0035850	-0.53	310	446	TTTTTTAGTTTTAAGCCTCCGTTCCTGGCG	CTGCCATT	GGAATGTGAAATGCTTTTGTCATACACTCC	6m
FBgn0035902	-0.61	35	322	TTGCCAAGATGATATAGTTATAAAGGAAGA	TTGCCATG	ATGATAAGTTAAATACATACATGCCGTGAT	6m
FBgn0035942	-0.12	27	126	TGCACTGCATAACAATTAGCTTAGATA	ATGCCATT	GTTATTGACTTACATCCGCCTAAGTCATCT	6m
FBgn0035977	-1.87	33	168	ACTGAAAGCAAGGGGAATGAAACTTGGCTA	GTGCCATT	CCTGTGCCATTTTTCAAAGTGATATTAATT	7m8
FBgn0035977	-1.87	44	168	GGGGAATGAAACTTGGCTAGTGCCATTCCT	GTGCCATT	TTTCAAAGTGATATTAATTTAAGACCTAAT	7m8
FBgn0035983	-0.73	176	276	TTTTTTATACCGCACACCAAGGGGCTTCAA	AAGCCATA	TCGTGGCCAGCGGCCCAACAATCCCTATGT	6A1
FBgn0036008	-0.68	172	761	CTACTTTGATATACCATTATCTGTAATTTA	CTGCCATT	TATTTTGATAGACACTAAGCCCACTACGTC	6m
FBgn0036028	-0.60	170	250	CGAAATTAAAAAAAGAAATTCACACTTAAG	ATGCCATA	AAATATTTATTCAAGTAGAGTGCATTTGTC	7A1
FBgn0036116	-0.30	399	409	ATAGCAGATAACCACAATAATAAACACATT	TTGCCATA	TT	7A1
FBgn0036141	0.04	37	609	GACTCGAATTATTGTTTTCTAAAGGGTTGT	GTGCCAAA	CTGAGATCACAATTTGGCCTGCAGCCGCAA	o6
FBgn0036141	0.04	464	609	ATTAAAATGATATTATTCATATAGTTTCAA	GTGCCAAA	TTGTCGACAGATTAAAAAAGAACTCATACT	o6
FBgn0036144	-0.27	356	1464	GTTTTACGCTCTAAGTTGAAACGGAATTCT	CAGCCATA	AAAGCAAAAATCAGCAACGAATTGTATAAG	6A1
FBgn0036147	-0.81	34	260	GCTAATTTAAGTCGTACTCTTTATATCAAA	CTGCCATA	TCGGCCACTCCAAAGAACTGCATACTAAGC	7A1
FBgn0036191	-0.08	157	365	GTACTTAAACCACCATATATTTTGTAAGAT	CTGCCATA	GATTTTATAATAGAATATTTGACGAAAACA	7A1
FBgn0036191	-0.08	274	365	AAGCTTTGTAATACTGAAACGAAATGATGA	TAGCCATA	TCATACTTTTTCAATTTAAATGTATGCGAA	6A1
FBgn0036263	0.08	388	1731	TTATCGTAGACAAAAGAATAAACCGGACTT	TTGCCATA	CTTTCGGTGAAGATCTATTGCACTTGGCAC	7A1
FBgn0036298	-0.03	177	416	GTCTTTTGTGTTCTAAAGATGACATATTTT	TTGCCATT	ATTTATAAAGTTCTTTTCAAGTTTATTTAT	6m
FBgn0036316	0.12	299	859	CTGCAGAAAAGCCGCGATAATATTTTTTTG	CAGCCATA	GAAAAGACAACAGCAATTTAAGAAAAAACA	6A1
FBgn0036316	0.12	424	859	CAACCAACGAAATCTGTTTTACAAAATTTT	AAGCCATA	CTTGCATTTGTTCGGATTTTTAAGGTGTTT	6A1
FBgn0036333	0.01	83	129	TATATAAATTTGTAACCTATTAAGTTTCTA	TTGCCATA	TGTGAGCATTTCAATAAATAAAGTATATAT	7A1
FBgn0036405	0.03	125	261	GTTGCTTAAATGTATAAAATGTTACAACCT	TAGCCATA	GTTCTTTCTTGAAGGCATCGGAGCGGTTTT	6A1
FBgn0036405	0.03	174	261	AAGGCATCGGAGCGGTTTTCAGCACGTAAT	GTGCCACT	CAAAAGCAGGCTCGGATCTCATGATGAAAC	o6
FBgn0036449	-0.55	152	305	CGTATGTACCTAACTTAACTTAGCCGTATG	CTGCCATT	GTATCATCGTCAGTTTGTAAGCGGCAATTA	6m
FBgn0036463	-0.60	51	584	TATGATCTGACTCAATCAAGTGAATTCTTG	GTGCCAAT	TAACCCGTTATTCTAAGGAGATGGAAAGTG	o6
FBgn0036486	-1.90	183	432	AGTTTTTATAAGGAATTTGAATCAAAACCT	GTGCCATT	CTCAACATTCTCAATTAAGCAAAATGGAAC	7m8
FBgn0036486	-1.90	257	432	ATTTACAGCCCAGAAAACATTTTAAATTGT	TTGCCATT	ATTTGCCACCGTTTAATTCTTGTTTATTAT	6m
FBgn0036493	-0.87	81	806	ACCCAATAGCCCCTGGTGAAACCAAAGAGG	GTGCCATT	TTACCCCCAGTTAAAAGTAGTTAGGTCCAG	7m8
FBgn0036502	-0.25	369	450	GAGTTATAAGAAACGTGTCATCTGGATGGC	TTGCCATT	TTTTTTTTAATGTCAACAACACTCATGTGA	6m
FBgn0036518	-0.41	624	2445	CCGAAGAAATCTATAGAGATTTTAATGGGA	ATGCCATT	GATCATCGGCAGTTTTGCATTTTGCATTAT	6m
FBgn0036518	-0.41	1877	2445	TAAAACAAATGAAAATGAATGCATCTTATT	TTGCCATT	TCGTACGTAGTATGAAGCGCATCTGTTTAA	6m
FBgn0036566	0.02	310	753	ATGGTTATAAAAGTTTAGTGTATTCATTTA	TTGCCATT	TTGTAATTATGTCATTCTAGCACTTTTCTA	6m
FBgn0036661	-0.04	233	581	ACCAGAACGTAATAGAATGGAACAACAGGC	CTGCCATC	CAGCCAGCCAGCGAGCAGCATCACAAGAGT	6m
FBgn0036671	-0.07	24	76	TTACGCGGAATCACTTGTTTACCA	GTGCCAAT	CACAATAAACGAATTGATGCACGCCAAGCG	o6
FBgn0036749	0.05	151	255	AGCCGTGGCGAGGGTAATATTTCAGGTGGA	TTGCCATT	GCCACTGAAGAATTTTTACAGCGTAAAACA	6m
FBgn0036752	-0.17	169	722	ATGCATCGCACTCTCATTCGCATCCACTCA	GAGCCATA	TCCATGCCCACATCCTCAATATCTAACCAT	6A1
FBgn0036804	-0.60	31	61	CAGAGCTAACAATCATTTTCGTAGTTTATT	CTGCCATA	AAAGTACACCTTTAAATCAGTC	7A1
FBgn0036815	-0.04	272	381	TGGAAGAGGTTCACAACTTAAGAAAAAAAG	AGGCCATA	GATATTTATTTGGCAGGAGCACCAATAGAT	6A1
FBgn0036847	0.33	444	587	CATAACCCCCAGCCAGAAATTCAGGTGTTC	ATGCCATG	TCCATGTCAATAAATGAGATTTTGCGCATT	6m
FBgn0036887	0.09	290	381	TTTAGTGAATTTTTTGGCTTGGAAAGCACT	TTGCCATA	AGCATGTGTACAAGCCGTGTCCTTGATAGA	7A1
FBgn0036900	-0.11	243	891	GTTTCCGACCATATAAAGTCTATATATTTC	TGGCCATA	TCCGGCCATATCCGTCTGTCCGTATGCACG	6A1
FBgn0036900	-0.11	253	891	ATATAAAGTCTATATATTTCTGGCCATATC	CGGCCATA	TCCGTCTGTCCGTATGCACGTCGAGATCTC	6A1
FBgn0036920	-0.22	166	361	TTAAAAAAAAAAGTTGTTCTAGTGATTTTG	CTGCCATT	AATGTCCAAAAATCCATGTGAATATCATTT	6m
FBgn0036921	-0.16	389	752	TCAGTCAGACAGTCAGTCGTTTGGTTCTTA	ATGCCATT	GCCTATGTTTAACATACATTTTCAAACAGA	6m
FBgn0036958	-0.04	239	319	AGAGTCTATAGTCTTGGACAATGCAAGTGC	ATGCCATG	TAAATAGCTATACAGATAGCTATAGCCGCG	6m
FBgn0036973	-0.15	238	350	TGGTAGTTTGTTTGCAGGAGTACATTTCCG	GTGCCATT	CGGTCCAGTTTGCCCTTTTTTATTGAACAA	7m8
FBgn0036980	-0.06	438	516	TTTGAATTCCTACTTACGGAAACATTTGTC	TAGCCATA	GCTCTAAGCAATTCTCTACGATAAGGACGC	6A1
FBgn0037000	-1.05	72	482	TTTAGCTAGTTCTTAAGTTAGTTTACGAAT	TTGCCATA	TAGATATATGGATATATAGACGTTTGAGCC	7A1
FBgn0037057	-0.03	46	498	GGACTTACACTAGGGAGTCAAGCATACCCA	TTGCCATA	TGTTGAAGACGCCTCTGCATTTTGATGGAC	7A1
FBgn0037074	-0.49	52	203	CCTATGTCCTGTCCCCCCACAAAACTGTAT	TAGCCATA	TTCTATGAGAACCTGACCGATTCTTTATCC	6A1
FBgn0037094	-0.27	134	499	ATGGCGCATCGGGGTCGTCGTTGCTACAAA	CTGCCATT	ACAACAATATGTATGAGCAGCATGACTTAC	6m
FBgn0037094	-0.27	393	499	CGACCTGCTTGGTTTTCAAATTATTAAAGA	TTGCCATT	TGATTTGTTCTATGCAGTTTCCGACATTTA	6m
FBgn0037120	-1.75	35	573	AGGAGTTGATAGCCAACGCCAAATGCGAGT	GTGCCATA	GAAGAAGGATTTGTAGAACTAGTTCTTGCC	8m
FBgn0037120	-1.75	68	573	CCATAGAAGAAGGATTTGTAGAACTAGTTC	TTGCCATT	TAGTTTAGTGTTTAGTAACCCAAAGTTGCA	6m
FBgn0037120	-1.75	460	573	TTGTAAAATTAATAAGCTTAATGCATTTAG	TTGCCATT	TGTCTTTTCCAACAAAAGTGCAAAATCTGA	6m
FBgn0037149	-0.89	49	250	CCAACCAAAGCCATGGAGCCCTCGCTCAGA	CTGCCATC	GATGTTCTAGAATAAGTTACCATTTACCTG	6m
FBgn0037185	0.21	143	407	GAGTTGTTTTATTTATTTATGCTCAAGGCA	ATGCCATT	GAAACCAAACATTAAGCTAGCCTTAGCAGA	6m
FBgn0037188	-0.20	38	897	CAGGGTGTAGATTAAGCTACGCTTAAGCGC	TTGCCATG	ATTATTTTTTCTACTAAGCCGTAAGACCGG	6m
FBgn0037207	-0.30	106	858	GCTGCTCAGAGCACTTATAACTGAATTTTC	TTGCCATT	ATATATTACTTTCCTAAAGAAATACAAATT	6m
FBgn0037207	-0.30	164	858	AATACAAATTTACTTGCCAATGCCAAATCT	GTGCCATA	CCAAAAGGATCAATCAAATATGAATGATTT	8m
FBgn0037235	-0.07	337	410	CGAATGTCATTTTTCTATAACGTGTATTTA	CTGCCATC	GGCAGCCAAGTATTTTTATGTGCATATTTA	6m
FBgn0037249	-0.29	125	202	CGGTATATTATATCTATCTATCCAAAGCTT	GTGCCAGA	TAGTTAAAATTGAGATGGTTGTAGGACCGA	o6
FBgn0037252	-0.06	191	476	GCGCCCGAAGTTGTATGTTTTTTAGTTCAA	AGGCCATA	TCAACTCTTGGAGCTGGTTTGATTTCATTA	6A1
FBgn0037265	-0.02	112	173	TTATTATTATTATTATATTGAAATATTTAT	ATGCCATT	TATAGCTTCTAATTAAAAGAAAAAATATAA	6m
FBgn0037293	-0.23	28	224	ACCATTGGTGAATTGGTTTCGATAAGAT	AAGCCATA	TTTTACATTTGGTGCTGAACCGTTTTTGGT	6A1
FBgn0037299	-0.12	37	267	GTCCTTGGTCCTTGGTCCTCAGCGAATTAA	CTGCCATG	GCGCATCAGTCTGCAGCAGAATCCTCTCTT	6m
FBgn0037473	-0.17	299	501	TATAAATGCAGATTTTATGCGTTTATTTGA	GAGCCATA	TATAATGTATATTTGTATATGTATTCATAT	6A1
FBgn0037556	-0.32	917	1481	GTTTTTGAAAAGCGCAGCTGCACAAGTAAC	TTGCCATA	TCTGTTTAAGATCTGTTAACCCATTTTGTA	7A1
FBgn0037583	0.09	16	137	ATTTTAAGTGCATCAA	ATGCCATT	TACTTGACACCACAACTAAATCGGGTCAAA	6m
FBgn0037647	-0.57	182	381	TATGTTTTTTATCGCTCACTTCCTTCATGA	CTGCCATA	ATAGTTAATGGTGTAATTGTAAATATGGCA	7A1
FBgn0037710	-0.38	123	344	TACCTAAACACTGAAGGAGATCGATTTACT	TGGCCATA	AATCTTTGGACCGAAAATTTCGTCAGGTAA	6A1
FBgn0037747	0.19	35	601	AACGCCAGTAGTAGTGGGCTTGGCTAAATT	GGGCCATA	CCCAGCCCGATCAGAGAGTGGCAGTGAACT	6A1
FBgn0037747	0.19	131	601	TTACGGGTTTTACCTGCCAGCAGCTGCTTC	GAGCCATA	ACCTGTGGATGCCAGGCAGTCTGCCAAGTG	6A1
FBgn0037756	-0.26	24	157	TAATTTGAAAGTGAAACACTGAAA	GTGCCAAG	CGAATAAATTAGATTTAATTGCAACTGTTT	o6
FBgn0037792	-0.88	40	209	GTATTAAAAGTTTTGAATTAACAAACAACG	ATGCCATC	TGTATAAAATATAATATTCTTCTACGTAGT	6m
FBgn0037810	-0.60	149	320	TTGGTTATTTGTTACGCAAGCCCTTGCTCT	TTGCCATA	TATTATTATTTTGTTCAATTGCACATCACT	7A1
FBgn0037834	-0.14	22	285	GGGCAGCCATAACCAATCCGAT	CTGCCATT	TGGGATGGGGCTCAGAGCCCTGCAGCGAGG	6m
FBgn0037842	-0.15	83	219	CCACCTGTCATCTTTTTATACTGCCCTTCT	CCGCCATA	ATGAAAGCATAACTCCTCCTTGGCCGCAAT	6A1
FBgn0037844	-1.04	100	221	GTTTAATTTGACATATTATTAAGTTTGTAG	TGGCCATA	TAATGTACATGGTACACTCTGATTAGATTC	6A1
FBgn0037885	-0.30	29	161	GTATCACCTAGTGATCATGCAGCCAGGCA	AAGCCATA	TATCAGCATAAGCGTGCACTTAATGCAAGG	6A1
FBgn0037913	0.07	757	1119	GAAGGTCCCGCCGCCTTCTACAAGGGCACC	GTGCCAAG	ATTAGGTCGTGTGTGCCTGGATGTGGCCAT	o6
FBgn0038039	0.01	34	299	GATCGGGCAGAGATCAATCGATGGCATTCT	GTGCCACA	TTCGGCTTGTATATAGAATTAGATTCCGCT	o6
FBgn0038043	-0.60	20	140	ATCTCAGATGACAGCAGCAC	GTGCCAGC	ACACACCAAACGTAAAAACAAAAACATCCC	o6
FBgn0038302	0.44	67	98	GGCGATAAATAATTAATAATACTTGGCCAT	GGGCCATA	TGTGCTATGAGTACATTGCAATT	6A1
FBgn0038325	-0.07	389	550	TCTTTAATGGAATTGAATTATTTTACAATG	GTGCCACA	ATTGTCACTATTCTTTGAAGTATTTCATGT	o6
FBgn0038388	0.32	210	371	CAATTGCAATATTGTAAATTATTAATTGGC	GTGCCACT	GGCGCACAATCGCATGCTTATTAACCCCAC	o6
FBgn0038421	0.19	223	297	CAGCACGCGACATAGCAATAGCAATAGCAA	GTGCCACC	CAAGGACTTCGATTCTGTTCCGGTTTTTGT	o6
FBgn0038453	-0.46	66	420	AAAAATATAAAACATGCCTAAGTCATCTAC	TTGCCATT	ATGCACACATCGCATCACTAAATCACACAT	6m
FBgn0038504	-0.26	1241	1978	CATTTTTATTCGGCACCTTTTAGCTCCGAT	CTGCCATT	ATGGTACTACTCCATTGAATCAGCTCAAAA	6m
FBgn0038564	-0.43	321	862	CACATTTTAGTTTTAGTTTTAGTTATTCCT	TTGCCATA	TTTCTTCTCTAGTCAAAAAGAAAAGTTCCC	7A1
FBgn0038571	0.27	159	736	AAAATTAAGACTTGACTGGTAGGAGACTCC	CTGCCATC	GGTGGATCTGTTCGAGGACTCGCCAGCCAA	6m
FBgn0038603	-0.05	291	377	CTGCGAAGCTCAGATCCAGTTTAGTACCAA	TGGCCATA	AGTTACAGGAAGAACCCAAAAACCAAACGA	6A1
FBgn0038608	0.08	22	366	GCTTTTCTTTGAAGTTTCAGAT	ATGCCATC	TAATTCCTTTTACCTGTTTAAATATTTTCG	6m
FBgn0038659	-0.11	246	2324	CTAGCAGCACACAGCAGGCTAAATTCATGG	TGGCCATA	GAGCAAGCTAACTAAATTTTATGTGCAAAA	6A1
FBgn0038682	-0.33	179	406	GTGGAGAGACGGTGCTCAATCGTCTAATGT	ATGCCATA	AATTTCCACGACAAGCTGAAAAGCATTCCG	7A1
FBgn0038721	-0.07	255	511	CTCAAACTTATATTTATGCAGCCCAAGTGA	GTGCCAAT	CTGTAAACGAGCACAACTCATATACTTTTA	o6
FBgn0038735	-0.58	239	269	ATTATTATTAAAATTCGCTTTAATTTGAAT	TGGCCATA	TAACCATTAAACCCTGAAATAT	6A1
FBgn0038747	0.04	216	646	TGTTCATAAGCAATCTAATTTGTACGTGTT	TAGCCATA	TATAACAATATCACGCGATATCCATAACGT	6A1
FBgn0038877	-0.07	39	877	AAGGAGCCACATGGAACTGAACGACAAAGT	GTGCCACC	CAGCAGCTTTAAACCCGTAACTCTATAGAT	o6
FBgn0038877	-0.07	346	877	GCTTTATTTACTCGAGTACCCAGAGAAACG	GTGCCAAG	GTGGTGCCTCGTGAACGTCGACTCCGGATT	o6
FBgn0038893	-0.07	500	643	GTCGAATAGGGCAGTTAACAATGCAAGTCA	AGGCCATA	GTTTTAATGTTATGATTGACTTGATTTGTT	6A1
FBgn0038923	-0.38	94	133	TCTATTGAAAACTACAAAATCATCTATTAA	ATGCCATT	GTTTCACTAATAACACAAACTTTACAAACA	6m
FBgn0039013	0.25	41	189	AGACTTGTTATCCCCGCTGCCAAATTGCTT	GCGCCATA	AAACAGGCTTTGCATCCCGACGCAGCTTTA	6A1
FBgn0039045	-0.12	39	113	ATCATATGTCTGCTGTAGAGAAAGACTTTT	GTGCCAGT	AGCGCTTTATGTACATTTTTAGAATTGTAA	o6
FBgn0039049	-0.20	231	1664	AATCAAGTAGCTTAAAGTCAACAACTGATA	ATGCCATT	AAGTCAATCCACACTCAGACTTCAAACCAA	6m
FBgn0039055	-0.26	39	659	GAAACCTCTGGCATAAGAGCAATTTTTTAT	TAGCCATA	ACATGAATGCGGCCAAAAAAGAAGTGTCGG	6A1
FBgn0039056	0.11	531	588	GTTTTAACGCTATCATGTTGATGATTTTTG	GTGCCAAC	TGTTGTGAGCACTCTAGGTTCGCGAATAAA	o6
FBgn0039118	-2.56	45	138	TTCCGTGTGCGGAAATCTGGTTCTAACAGC	GTGCCATT	TATGTAAACAGTGCCATAGAGATGTGCAAG	7m8
FBgn0039118	-2.56	63	138	GGTTCTAACAGCGTGCCATTTATGTAAACA	GTGCCATA	GAGATGTGCAAGATCATCTTCCGTATTGAT	8m
FBgn0039158	0.12	251	389	CTTGATAATGACCTCGGAGCAGACGAGGGC	ATGCCATG	TGCCGGTGACAAACTTGCGGATGAACACAT	6m
FBgn0039226	-0.95	25	359	GGTCTAAACAATCAAAAACACTCTG	TTGCCATT	TATTAACGAACAGAAACGGTTCAAACAGCT	6m
FBgn0039249	-0.44	15	199	TTCTAAGCCATGGAA	GTGCCACA	ATTGCCACCGAGCGTGGTTTTTTATTATTT	o6
FBgn0039249	-0.44	108	199	TTATTTTTTTTACTCATTTGCTAGTCGTTG	ATGCCATC	TCGATGCTGGCTTTGCTCCACATAAGGCAG	6m
FBgn0039269	-0.79	19	229	GGCACATCGGCAAAAACTT	GTGCCATA	GTAGTTTTTGCCATTAGACCATGCTGATAT	8m
FBgn0039269	-0.79	34	229	CATCGGCAAAAACTTGTGCCATAGTAGTTT	TTGCCATT	AGACCATGCTGATATGCACGTATCAAGCCC	6m
FBgn0039449	0.21	280	854	AGGCCTGTGCGTTCGTTCGGCGCATGCGAC	TCGCCATA	TGTTCGGCATTATCGGGCCGCGAACGCGCC	6A1
FBgn0039563	-0.28	62	190	TGGTATCCGATTGCGGAAATTTTACATTGC	GCGCCATA	TTAAATAGGCAGTTGTTTTAGTTTTAAATT	6A1
FBgn0039674	-0.31	159	203	ATTAGCTTGAATGTTGAAACAGTTTTTCTA	GCGCCATA	AGTATAAAGTGGATTCTCAATAAAGCACAA	6A1
FBgn0039756	-0.38	165	277	ACCCATCACCCAACGCCCATCCACCATCCC	ATGCCATC	CCGGACCACCAGGATCTCTGGGATCGCCGT	6m
FBgn0039861	-0.07	417	540	ATTGTGGCGAGTTCTGACTTGCCAATTCGC	AGGCCATA	TCTGTATCTTCAGTACGGATTCTTCGCGTG	6A1
FBgn0039902	-0.32	935	1860	CGGCGCCGACTTGCGTACTATTCCTTTTCG	TTGCCATT	CCGAAACCTGATCTCGATTCTCTTCTCCTT	6m
FBgn0039902	-0.32	1625	1860	ATAATTGTAGCAACATTATAGAGGGGACCA	TAGCCATA	CATGAAACTATTAGAGATTTATTAATATTA	6A1
FBgn0039972	-0.19	258	333	CAGGGATAGCAACTGGATCGGCCGTACTCA	GTGCCAAA	AGTTCTTACAAATCCACAAAATGTGTCGAA	o6
FBgn0040068	-0.55	362	511	TTTTTTTTGCGTCGTCTGCTCGAAACATTT	GTGCCAAT	CACCGGAAAATTACAAAATCCACAGCAAGC	o6
FBgn0040089	-0.72	116	455	TCCTCTCACCGGATGGCGGCAGAGGATACA	GTGCCAAA	GAAGAGCCATGTCTCGAATTTCAGTTGAGA	o6
FBgn0040089	-0.72	154	455	GAAGAGCCATGTCTCGAATTTCAGTTGAGA	TTGCCATT	TTTACTTAGAGAGCCTACACAAGTGCTTAG	6m
FBgn0040206	-0.31	167	421	ACAGTTGGATTTAAGCTATTTTATATGTGT	AGGCCATA	TATTGTAGTATCTATAGGGTTTAAGCTGAA	6A1
FBgn0040212	-0.24	83	737	TTGGCATAATTAACATTCCCTATTTTCCAC	CTGCCATT	TAAGAGTTTTTGATAATGTACATAGCGACA	6m
FBgn0040212	-0.24	668	737	CAACCCTGCATTATTTTTAAATATTCCATT	GTGCCAAT	AGAGAAGTCAGCACCACACAAAGAAAAATA	o6
FBgn0040290	-0.43	72	179	TAATAGCTCCAAGAATTTTAAAAATATGTG	ATGCCATT	CAATAACATTTTACTCGCACAAGTCTGATA	6m
FBgn0040305	-0.25	308	782	AGTGGAGCAGACAGAGAGATAAATCAAACA	TTGCCATA	AATAAAGTTTGTGAGGATATGTGTCGCCTT	7A1
FBgn0040319	-0.17	485	950	GAGTTCCTCGAACCGTCGATCGCAGCCGAT	TTGCCATA	GTTATATAGAGAGCTAAATGCTAAACCAAC	7A1
FBgn0040373	0.22	212	378	CACCAGTTTTTTAATTATATATAATTTCGG	TTGCCATA	GTAACAGTCGGAAAATTAAATGAAAAATAA	7A1
FBgn0040375	-0.09	291	547	AAACAATTACAAAATTATATTTATGTAAAC	GTGCCAGG	CAGCGTCTACTCGTACATTATAGAGGCGTT	o6
FBgn0040383	-1.09	71	165	GTATAATAGTAAGTCGATTAGTCGCGATCA	ATGCCATC	AAGGGGATGCTACTCTTCCGATTGTGATTC	6m
FBgn0040388	0.11	278	884	GGCCAATCATTAAGCTTAGAACTAGGGAAT	TTGCCATT	AACAGAAGTTTCTGTCGTTTCAAATGCTCG	6m
FBgn0040395	-0.47	905	1049	CCTAATTTACTCATTTTTTTATTGTTTACG	AGGCCATA	AAACGCGTTCTATTTTGTTCAAAACAATTG	6A1
FBgn0040493	-0.94	18	154	CTCAGCCTGCCTTTTACT	GTGCCACG	TGCCTGACTGGATTAACATTTCCATCATTT	o6
FBgn0040602	-0.13	177	278	CAAGTGAACGTATAACATTGTATTGTGTAC	ATGCCATA	CTTATCCATTAAAAATTGTTGACCAGCATG	7A1
FBgn0041188	-0.09	320	576	CCCACAATTCACACATCCAACCACATCCTT	ATGCCATG	TGCACGAGCGGCCCATCCTGTAGCACATCT	6m
FBgn0041585	0.03	326	490	CATATTTATATTGCGTGTATTTTAAATTGT	ATGCCATG	CCGGATTTTCTTTTTTTGCAACCATCCTTA	6m
FBgn0042134	-0.07	472	881	AGATGGGCAAAACTTGTATGTAACTTGGAT	CTGCCATT	TCTTGCTTGATTTTACTTTTTGTCTGTTTG	6m
FBgn0042180	-0.32	28	831	AGATCCGCGACGGGTGTCGCTCCGCTTT	GTGCCAGA	TCAGCAAGTACTTGGTATCGCACACTTGTT	o6
FBgn0042641	-1.04	26	1069	CTTCATCTTAGCTCAAACTCAAGCCA	AAGCCATA	CGATATGTTAAGTGTATTCCGTACTGTGTA	6A1
FBgn0043796	-0.19	85	243	CAAATATATACATATATATTTTTTGCATAT	TAGCCATA	CCGAATGTACTTATCCGACGTTTCGTGTAC	6A1
FBgn0043806	-1.45	52	132	TCGAAGTACAGCCGGCGTATTTAATGAGTC	CAGCCATA	TTACGTTAATTTATGTATAATTTTCCCATA	6A1
FBgn0044324	0.13	126	900	TTTTGTTTGGTCCTAGCCAATCCATTCTCT	TGGCCATA	AGTATGCACCAGCACTGACTGAGAGCCGTG	6A1
FBgn0044452	-0.58	197	264	CGACATGGGTGTGATTGAACTTATCCTTTT	TAGCCATA	TTACAGTACATGAGAGTTATATTTTTTATT	6A1
FBgn0044826	-0.30	644	2320	AGATATAGCAAGTCGAAATGAGTGTAACAA	GTGCCATT	AGGACTAGAGCTAGCAGCAGCAAGCGACAC	7m8
FBgn0044826	-0.30	922	2320	TAGATTCCCTTGTTCCTTCCTTGGAGATAT	TTGCCATA	CGCACAAAGAAAATTGTAATTCTATACAAG	7A1
FBgn0045064	-0.66	142	265	TGCTCATCGCGGAAACCAAATTATGTATAG	ATGCCATA	TGGAGCGATAGTTTAGGAAGTATGTATGAT	7A1
FBgn0045842	0.13	64	146	ATTTAAAAATCGTTCTCACCCAAAATCTCT	ATGCCATC	AACACTTTGGAGGCGCGTAACTTGTAAATT	6m
FBgn0050104	-0.98	106	171	CTAGAAAAAGAACTTCTTCATCAATTGTGT	TTGCCATT	GCATAGTTTTAGGCTGACTTAAGTAGACAC	6m
FBgn0050115	-0.22	42	214	ATGCACAGACGAGCCGTTGTACACGACCCA	TTGCCATA	AATGAAATTCCTTTATTATTTCTACATGTA	7A1
FBgn0050381	-1.19	154	323	TAGTTAAAGCGACTTCAGCAGCTTCGAAAC	GTGCCACA	CATAGTAAAGTCATATTTTGGGCTTATCAC	o6
FBgn0050404	-0.78	43	638	CCCACTATGATGGTTAGCGATCTGCGCTGG	GTGCCAAG	ACAACCACCTTGCTATGGACACCCTTTTTG	o6
FBgn0050404	-0.78	154	638	AAAGGCTCTGAGAGAGACTTTGTTTTTTGT	TTGCCATA	ATTTTGTAGACTAAGCTCCGTAATAAATAA	7A1
FBgn0050410	-0.14	69	113	TTTCACCAAGTTGTTCCTTAAATTTTAGGT	TTGCCATT	TGTAATGGATTTAAATACATATTGAGTTCT	6m
FBgn0050421	0.00	91	297	AGCCGAAACAAGAATATACAAAACGCACTA	TAGCCATA	AGCCTAAGGTTTACTTTATATGATATTTCT	6A1
FBgn0050476	-0.02	82	156	TTTTGTAAACTTTCTTTTTAAGATTCTTAG	ACGCCATA	TCTGGTTTTAGATTAGACAATCATGTATGC	6A1
FBgn0050493	-0.38	37	522	GTGAAACCATGTCGGGATCCGATGCCTTGA	GTGCCACA	CGCAGTCCAAAGATTAATAATTTTAGTGAG	o6
FBgn0050497	0.06	739	1163	GGGAAACGGTTCATGCTTGCTGGCCTGGCC	GTGCCACT	TGGCACTTTACGATTACTGTTGATTCATCA	o6
FBgn0051072	0.71	40	720	TCTAAGCCAAGTCGTCGTGGGACGCCTTCT	TTGCCATT	AGGATGATGAGGCTGATGGGGGACAGATGG	6m
FBgn0051195	-0.34	850	1355	AAATCTCCAGCTTTTTTCATTAAAACTTTA	TAGCCATA	GGTAGCTGGACAGGGGCAGAAAAAATCTTT	6A1
FBgn0051523	0.13	446	1270	AGAAAAGTTATTTTTTGAACGATATTTATA	GAGCCATA	AAGCCTGTTTAAACCAGCTACAGATACCAA	6A1
FBgn0051548	-0.34	125	134	CTATTGTTTTGATTGTGTACATAAAACTGA	TTGCCATT	T	6m
FBgn0051619	0.18	333	878	AAGAAAAAGAGAAGTCCGCACTATTACCTG	GTGCCATT	GAAACCGTATATAAATGTGTAAATATAGAG	7m8
FBgn0051638	-0.36	377	923	TTTAAGGATAACGTTTGAAACTCATCTAGC	TGGCCATA	TTCTTATGAGCTTAACCCGCAGCTAAGACG	6A1
FBgn0051638	-0.36	563	923	ACAGGTTCGATGTTTGCGGAATAGCATTTA	GTGCCAGA	AATCTAAAGAAATTGTATGAGATTTAGGAA	o6
FBgn0051915	-1.29	417	518	AAGCAAACGATAGACTAATATTTCAGCAAC	ATGCCATT	GTCGTAGCCATTAAGTAGGTTCTAAACGTT	6m
FBgn0051955	-0.39	195	231	AAGTCAATACAAAACAGTTGTTTGGAAAAT	GTGCCATA	GTTACCAAGTGCCTGCACCAATTTTAAT	8m
FBgn0052100	-0.02	547	603	AATCGAGAGAATTCCACATTAAAGTGTTAA	TTGCCATC	ACAAAATGAAACATCTATTCGATTTCTTGC	6m
FBgn0052112	-0.71	37	222	TTAGCATATCAAAACATAATGATGAATATG	TTGCCATT	TAAAGAAAAGTCTAGTAAATTGTACATAAT	6m
FBgn0052369	-0.27	448	618	AACCACATTCCACAAGTCTTGAAAATACGT	TTGCCATA	GCAAAAGTAGCAAAGGAAAGGAAATAAACA	7A1
FBgn0052409	-0.23	69	110	AAACACTTTACACTTATGCTTAATAAATCT	TAGCCATA	AGACAAAACATAAACTATGTTCGGTAAAAA	6A1
FBgn0052479	-0.33	1315	1345	CTAAGCGCATATATATTATTTATAGATATC	GTGCCAAT	GTTAAAACATCTAAAAATTTTC	o6
FBgn0052484	0.18	223	505	AAATATCTAACATGTTTGTTTATAAAACGT	GTGCCATA	TGAAGTGCACGTGAATTTATTTTTATCTCG	8m
FBgn0052528	-0.32	362	588	GGCGGCCAGTTGTTAACTTGTCTTACTCAC	GTGCCAGA	CGTTGTAGTTGTTACTAAGTGAATTTATTG	o6
FBgn0052529	-0.17	810	1729	ACCCTTTCGATGGCCAAAAAGTTATTTGGT	GTGCCACA	GAAATCTCTGCAAATCGACTTGATGCGATT	o6
FBgn0052654	0.20	403	459	TTCGTTTGCATCACGCAGAAGACTAATTCG	TTGCCATT	TCTTAACTCCAACCTCAATTTTGCAATCCG	6m
FBgn0052687	-1.14	38	832	CCGGCCCGGCCCGGCCCACTCCGGCTCCTG	GGGCCATA	ACCATATATTGTCCGGGAGCGCGAGCGGAG	6A1
FBgn0052687	-1.14	358	832	TTACACGACCTGTTTGCTTGCTCGCCTTGC	GTGCCAAT	TTCTGTGTTTCTGTTTGCTTGTTACTCACA	o6
FBgn0052699	0.30	961	1471	TCAGATCTATGGTTCCTCAAAGCAAATGGT	ATGCCATT	TGTTTATCGAACATTTCTTGTGCATTTGTA	6m
FBgn0052758	-0.38	259	701	AGCCCACATAACACATCTCCTTCGGTTAGC	TTGCCATA	TTCCGGCTGGTCAGTTGTCGGGCCTCCGGA	7A1
FBgn0053087	-0.08	109	1023	TTTGAACTCGAACACAATGGACTGATAGTT	TAGCCATA	TAACGAACTTTTGTAAACGTTTGTGTATAT	6A1
FBgn0053099	-0.42	35	132	CGAATCTGGGGCAAAAGTTTATTACAGCTC	TAGCCATA	TGAAAATCATTAGCATTCTTAACCCAATAA	6A1
FBgn0053100	-0.76	814	1201	CCTTAACCCTTTGTGTGCCCCCGACACGTT	TTGCCATG	TAACAACCATTTGCCACTTAGAAGCGAAAC	6m
FBgn0053138	-1.05	103	145	TTATAGTGATTGTTAATGTTACGAATCGGG	ATGCCATC	ATTAAAATATATGCTCACTGAGGTATAGTT	6m
FBgn0053307	-0.68	868	1274	ACAATTTCCACTTCCGAATGACACAGACAT	AAGCCATA	TCAAACGGCGTTTCGAAAAACACGAAAAAA	6A1
FBgn0053969	-0.46	27	360	TCACATTGGATAACCCATATTAAAAAT	GTGCCAAA	TCTTATACATTCATTGTTTTGAAGAAACCA	o6
FBgn0061360	-0.22	257	1658	CACTAAATGCATAAGTTACATAAAGAAATA	CAGCCATA	AAAGTTTAACTACTTGTCGCAGGTCGTCCA	6A1
FBgn0061360	-0.22	342	1658	TTACAATTCGAAACAGCTGATAAACCGATA	AAGCCATA	GCCAAACGGAATACAGAACACACAATACAC	6A1
FBgn0061362	0.05	213	857	ATGGCCTGGCCTGCGATGCCAACAACGAGA	CAGCCATA	CAGCAGCTCTACGAGATTAAGGGTCGCGAT	6A1
FBgn0061469	-0.09	107	375	ACTTTGATCGGTTTGAGTTCGTTTTGGGTT	CTGCCATT	TATTTTTGATACGACCTGTTCAATGAGACA	6m
FBgn0062440	-0.49	98	292	GCGTTCTCCCACGCAGAGGAAACCAGCTCA	CGGCCATA	TATTTGTTCATCCATTAGCCTCCTTTTTCT	6A1
FBgn0063498	-0.88	30	186	TAATTTGTATTAAAAAAAAAATACCATCAA	ATGCCATA	AATACCATAAAAACAAATCAAATCGAATAG	7A1
FBgn0064115	-0.06	752	1089	TCGCAATCCCTGCTCTTACACCGCGTTCTG	GCGCCATA	TCAATGTGGAATTGCCTGTGTGGAAAGTGA	6A1
FBgn0064126	0.06	173	1513	TACACACGAGTTGGAGAAAATGGTATCAAT	ATGCCATT	AAGGTCGAGAATAATGCTTTAGGGCACATT	6m
FBgn0067102	-0.25	598	1709	CCAGCTGCTGTACATAGGCGCCAAAAGGGA	ATGCCATT	GAATAAATCAAATCAAATCGAATCGAATCG	6m
FBgn0067102	-0.25	1416	1709	ACTTGGGGGGAGTGCTAAAAATTCCGAAAG	CGGCCATA	TCTTGCTGGAATTATGTAAATTAATCAATC	6A1
FBgn0067622	-0.11	64	747	TTAATCCGACTGTCCCGCCGACTGTCCTTT	TTGCCATA	CTCAATCTAGCGCCTTAAAGCCGCCAAGGC	7A1
FBgn0085188	0.12	76	363	ACGATTAATTAAATTATACATTTAAAAAGG	GTGCCAGC	TTCCTCCCGATTATTGACTAATTTCCATGC	o6
FBgn0085227	-0.10	162	274	AAATAACTCTGTGTAGGGCTCACACTGTGG	TTGCCATT	TTTTTTGTGGCGAAGGGAACACGCTTGGTA	6m
FBgn0085279	0.39	340	477	GTTGAACTTTTGCCCCAATTGCCGGAGTAG	AAGCCATA	TCCAATCACACTCAATTGCTATCCACAAAC	6A1
FBgn0085377	-0.34	48	639	ATAGAGAGATTAACAGATTGAGCTTGGTCC	TGGCCATA	CAAAACAGACTTTGTTCCATGTACTTGATG	6A1
FBgn0085377	-0.34	102	639	CCATGTACTTGATGACAGTACTTCATGGCA	GCGCCATA	TATGCATATATCTCACTTTGTAAATGCCTA	6A1
FBgn0085433	-1.50	178	511	ATCCGCCATGACCAAGACAGTATCACGAAT	GTGCCATG	CGACTTAATTGCAGTCGGCTGGGGCTTGGG	7m8
FBgn0085433	-1.50	280	511	CTACATACTCAAATACATACATATTCAGAG	GTGCCATG	AGCAAGGCTCCACCAACCTATCCATAGATC	7m8
FBgn0085442	-0.54	915	2368	TATTTAGCCATGCGAATTGTGCGTAGACTG	GTGCCAAT	TCTCGAAGAGATTGAACGCGTTTCCAATAA	o6
FBgn0085442	-0.54	1631	2368	GAACCACCGAGCCTTCCACCGCCACCACCT	CTGCCATC	TGCAGCTGGAGCCTCAATCCTGCACGCGGG	6m
FBgn0085470	-0.18	184	257	TCTATCAACTCAACTATCAACTCATAAAGC	TTGCCATG	GTCCCTCGTTCTTGATATTGAATCTCGAAA	6m
FBgn0086347	-0.53	445	517	TACTTAAAGCGAAAGATCACAAACATATGT	GTGCCATT	TGCAAATATTATTGAAATAATATATGAAAT	7m8
FBgn0086359	-0.21	203	825	TGGACAATTCGTATCCACTTCGCACAAACT	TTGCCATT	TAATAGTCTTTGGTTATTTCGTAAAAGAAA	6m
FBgn0086378	0.19	262	679	CCAAAGACAGTAGAATAACAAGATGCGTAA	CGGCCATA	CATTGGTTTAGCACTATACAGCCACTTTTT	6A1
FBgn0086558	-0.39	37	167	CACCCTTATAAAAATTGAAGTTAGTTAGTT	GTGCCACA	GGGCATAACTCAAGAATTCATACTAAGTTT	o6
FBgn0086679	-0.82	43	183	TATTATTATATACATATATACGATACTTTA	TAGCCATA	TTTATTGTTCCACTAACTAATCTCAAGCTA	6A1
FBgn0086690	-0.19	63	431	GAACTTAACTGAATGCCCTAACTTTAAGTG	AAGCCATA	TCGAAGACACTCTGCAAGCATGAAAGCATC	6A1
FBgn0086690	-0.19	264	431	TAAGTGTTATTTGTATTTACCGCCCAAATG	TAGCCATA	AGCATAATGCTAATCCATGTCCCAGTATTT	6A1
FBgn0087008	-0.16	19	132	GTGGGGGTCATACGTTATT	GTGCCAAG	CGTACTCTAACGGACTTATAGTAAGCGCCG	o6
FBgn0087013	-0.14	288	535	AATTTGATATGTTGTATGGATGCGATCCAA	ATGCCATC	CCAATCACACCCAAATTCCAATAGAATATT	6m
FBgn0087039	-0.25	34	77	TTATTTCGTGACAAATAAATATAAGTAAAA	GTGCCAGG	AGGACGTGCTCGAAACATCGAATAAAACAT	o6
FBgn0243512	-0.40	709	959	AACCCAATTCCCCCAACAATATTATAAACC	CCGCCATA	TGCACAGCAAAGATCTTATCAAAACTGTTC	6A1
FBgn0243516	0.62	93	788	GTTGATGTATGTTGTAAGCGGGAGTGTTTT	GTGCCACA	GGCAAAAGTTCAAAAGTCAATGAAAAGTGC	o6
FBgn0250851	-0.24	1085	5547	ATAATAAATCAGCAAACGAGGTGCAGGCGG	TGGCCATA	CTGAATGCTATGCTAGCCGCTGGTTTCCTC	6A1
FBgn0250851	-0.24	4015	5547	AAGTCTATAAGGAAGATTCTTACCCAGCTT	CTGCCATC	TGGTAATCAGGTTAACCCTTTGCAGTCGCC	6m
FBgn0250851	-0.24	4839	5547	TGCTCCGAAATACTTTGAGTACATCGACAG	GTGCCAGC	AGCAACAACAGCCCACATTGCTGGCCAAGA	o6
FBgn0250851	-0.24	5126	5547	TGCTGTCCCATAGCAAAACTGTCCTGAGGG	ATGCCATC	CAGCGAGATTCGTCCTTCCTGGAAAAAAAC	6m
FBgn0250874	-0.60	90	299	GAGCAACAAACACGCCCTGCAGCAGCACAC	TGGCCATA	TTTTTCGTCGACTTTTGGAGTAGTTAGTGG	6A1
FBgn0250911	-0.05	2205	4558	GATGCGAGTTCTGCAACTTTAAGTCGGAGT	CTGCCATG	GCGATGGCTAATCACTACGAGACGCCGCAC	6m
FBgn0250911	-0.05	3103	4558	CTACAATAGGCCGCCTTTGAATTGCCAAAA	GTGCCAGT	TCCGGTTCTTTACGGATCAGGGATTGGAGC	o6
FBgn0259152	-0.53	27	110	CTAAATCAAATGTATGCAAAATGTGTT	GAGCCATA	ACTTAAGGAAGTGTTAAAAATGCTTTAAAA	6A1
FBgn0259166	-0.32	92	247	TCAGCGTAGCAAAGGATAACGTATAAAACT	GTGCCAAA	AATCCAAAAACAATTTAACCAATTTAGCGC	o6
FBgn0259203	0.15	3191	3627	AACGTTACCAAGAAGACACCACAGCCGCTG	GTGCCACT	GCACATCGCCTGGCACAATCTCATCTGCGC	o6
FBgn0259221	0.16	78	755	CCCGGCTGCTACGTAATGTCTTTACCCGTC	GTGCCAAC	ACGAGAGTCGAAACGGATCTCGAGCTATCG	o6
FBgn0259711	-0.52	20	96	CTAACTACATTCGATTTTAA	GTGCCAGT	ACGAATTGTGATATCTTGTGTTTATTTTTT	o6
FBgn0259725	-0.21	983	1676	GCGGCTGACACAAACTCCCCTCGACTTCCT	GTGCCAAA	TCCTGCGGCCCAACAAGCAACAACTGTGCC	o6
FBgn0259725	-0.21	1287	1676	AGCTTGAGCTTCGGTCAGTTCCGCCAGACG	CTGCCATT	CTGCATCTTTGCCGTGGCCTTTGTCATCGT	6m
FBgn0259728	-0.16	45	297	GTGATGCGCAGCAGACAGTGCTCACCATCA	GGGCCATA	TGTGTTCGAGATGACGTAAATGAAACGCAG	6A1
FBgn0259791	-0.79	267	287	AGTTTAGGGTACTTAATAAAAGTCCATTCG	ATGCCATA	TTTAATGTAATC	7A1
FBgn0259932	1.05	463	772	CCAAGTACTATGCCGATGGCGAGGATGCAT	ATGCCATG	CGACGCGACCTCAGCGAGTTTGCCGATGAG	6m
FBgn0260027	-1.21	49	151	AGATTAGCTTCTTTTATACACATTTTTCAT	TTGCCATA	TAACTTTCTGAAGCAGGGATAAAAATAGTT	7A1
FBgn0260442	-0.10	252	620	TTTTCGTATATCTGTGTTCTACGTGTTTAT	TTGCCATT	AAATTGCCCATATATATTTATACGAGATGT	6m
FBgn0260639	-1.26	23	254	TTCGCTTGTGCCAGAAGAAATGC	GTGCCATG	CATCTTAACCAATGTATTTTAAAATGTAAT	7m8
FBgn0260746	-0.97	40	159	AAGGACCATTGCGACTTGCATCCATCGCTG	TAGCCATA	AATCATGCATCATCATCCGTATATGTAGAT	6A1
FBgn0260990	0.07	196	371	CGCTCTGTGTGTGCTTTGTGTTTGTATTGG	GTGCCAGT	TTGCATTAAATGCAATCTCAGTGTCTCGAG	o6
FBgn0261015	0.63	1285	3452	ACCCGAAAAGGCTACGTGTGTCAGCAAGCA	GTGCCAGT	GCTCTTCGAATGACGAGCTTCAGGGGATGC	o6
FBgn0261015	0.63	2643	3452	ACTTTATAGACTCCATCATCGTTGATATGC	ATGCCATG	GATTGTGTGCTCGGCAACAAGAAAGCGAAA	6m
FBgn0261108	0.01	398	1112	TAAAATATAGACCCGCCCTCATATTTATAT	ATGCCATT	GTGTTAAGTAGAGTTGATAGGCTGCTATTT	6m
FBgn0261244	0.05	75	320	GATTTCAGCCCAAAGTCGACAATTATGCCG	TTGCCATT	GCTTTCACACAAGCGATACATACACAAAAC	6m
FBgn0261261	-0.02	196	881	GTGTGTATGTGTCGATGTGCGCACAAAATG	TTGCCATA	GATATTGCACCGGAAGTTATGCAATCGTTA	7A1
FBgn0261266	-0.81	130	328	TAAGGCAGCTTGATCTTCACACACAAAGGA	GTGCCAAA	TTAATTAAGCAAAACAAAAGTAATCAAAAT	o6
FBgn0261353	0.08	515	1160	AGCGGATCCATCTGATTGGCAACCTGCCGT	TCGCCATA	TCCACTCGACTGTTGATCAATTGGCTTGAT	6A1
FBgn0261397	0.24	34	379	CGCGTGCCTGCGTCTTGCCGGTCGAGAACT	TTGCCATT	TTGGATGACATTACACTGCTTAGTTTTTGT	6m
FBgn0261554	0.11	47	268	GGTGAAACCAGCCAATGAGATGGCCATTTA	GTGCCAGC	TACGCTTAGTTACAAATTAGTTATAACGCA	o6
FBgn0261556	-0.09	41	1958	TGGCGGGAGCACGACGCCGCGAGACGTACT	TAGCCATA	GATCCGTCACAAACTACCAGGATAAACTAC	6A1
FBgn0261556	-0.09	546	1958	ACTTGTTACCATAGAATACGCATAGTGCGA	ATGCCATA	TATAGCGAAACATACCTAGATCGATCACAA	7A1
FBgn0261556	-0.09	1693	1958	CGAATACTTACAAATATTTAGATCATATTT	TAGCCATA	TTAACCCGGTAACTAGATGCATTCGTGTAC	6A1
FBgn0261618	-0.13	378	2420	CACACAGCGGGGTCTGTCTGCTTTGTACCA	GTGCCAAC	CAGCCATGATCTTGGAAAATAACGAAACGA	o6
FBgn0261618	-0.13	526	2420	CTACTTAGAGCAGCGTTAATAGTTGACGTA	ATGCCATG	AACTGTTGTACTATACGATTAAAGTTAAAG	6m
FBgn0261618	-0.13	927	2420	TTAAACCCAATTGAGGCAAGCGGGACTCAA	GTGCCAGC	GAATTTTAGTTATTTAAGCATTTACCACAA	o6
FBgn0261647	0.11	285	1156	CCTCTGGAGCCACTGAAATTGTACCCTTTG	TTGCCATA	ACAATTTCCCTGAGAATTGTGCAAAGCACC	7A1
FBgn0261787	-0.30	246	535	TATACTGTGCCCCAAGCTTGATAGAGAAAA	TGGCCATA	ACATAAATCATATAACCTATAGTTCATGCC	6A1
FBgn0261789	-0.51	91	279	ATCAACCAAATAAGTTCTGTGGACCAAAAT	GTGCCATT	AATTAAAAGTGTGAGCTATAATTTACGACG	7m8
FBgn0261800	-1.94	33	320	GGGAAACATCCATTTGCGTGGCCATCTAAA	TTGCCATA	TTCATGAACAAATAAGCAAATTGCGAAATA	7A1
FBgn0261802	0.83	526	1851	CCCACTCTAATGCCCACTAACCGCCCAAAA	GTGCCACT	CCCACACTTTTAAAAAACGTGTTGATATAT	o6
FBgn0261811	-0.43	1120	1647	TTCTCTTTGTGCTTGGAAAAGCAGACAGAT	CAGCCATA	GAATGCAATTTGTATGTGCAAATCAAACTA	6A1
FBgn0261811	-0.43	1492	1647	ATTTGTAATTGTTTTTGTGTAGTAACTCGT	TTGCCATT	TGTTTTGTGTGTATGTTTGTGTACAGCCAG	6m
FBgn0261811	-0.43	1533	1647	TTTGTGTGTATGTTTGTGTACAGCCAGAAA	CAGCCATA	TATATGTATATCCATAAATATAGGCCCATA	6A1
FBgn0261850	-0.08	90	426	ACAGCACAAGCCGTCAGCTAATGACATTGA	ATGCCATT	AAATGCGGATCACAACGGCGATGCTGGAAA	6m
FBgn0261850	-0.08	157	426	AATTTAAAAGTAAAATTTTTTGTTTTTCGG	CTGCCATG	CAAATCGAACGTAAATGTCCAATTAATGGC	6m
FBgn0261859	-0.30	613	1671	GTTCGGTTTCTTCTTTTTCATTTTTCGCAA	TTGCCATA	TCGTGTTATATATCCCTATACTTTAATCGT	7A1
FBgn0261859	-0.30	649	1671	TATCGTGTTATATATCCCTATACTTTAATC	GTGCCACC	ACATCTCTAGGACCTTCTTACAAAATATTT	o6
FBgn0261931	0.08	490	499	ATGAACAAAATTGTAAAGCAAATAAATGCC	TAGCCATA	G	6A1
FBgn0262104	-0.94	76	115	TCTAATTAAACTAGTTTCGACATATGCTCA	TTGCCATC	TATTGAAGCGCTTAATAAAAAGCACAAAAC	6m
FBgn0262743	-0.03	2111	3863	GTCTTCGAATGAATTCTAAGGCTCAACAAG	TTGCCATT	TCAAAGCGAAATAATCTCATTGGTAAAATT	6m
FBgn0262866	-0.15	94	654	GAATCTATAGTATTCTAATCCAATGCTGCT	GTGCCAAT	CCGCGTCGTCTTGTCAAGGACAATGCGCAG	o6
FBgn0262866	-0.15	287	654	TATTTTATATGAAAGCATGCCAATATGCCA	AGGCCATA	ACGCACTGTGCGGGGCATCTATATACACAT	6A1
FBgn0263106	-0.15	139	560	CTAACCAATTGTAGCCCTAAGCTAGTGAGT	GTGCCAAG	CGAAGAGCTGTAGATATTGGCCGAGGATGC	o6
FBgn0263108	-0.03	316	822	ATTGTTTTTTGAGCCGTGCCCAGATGCACG	CTGCCATT	GTAAAGTAACGAAAATCTTTTGGAACACCG	6m
FBgn0263110	0.04	185	1411	ATTTCCTATCTGCTTCCCATGCTACGTGAC	GTGCCAAA	AGCAAAGCGCCTTTGACCAACTCAAAAAAT	o6
FBgn0263593	-0.28	105	247	TTGTGCTATACCTGTATGTCTGTGCCTGAT	GTGCCAGG	TCAGCGAGCTCCAAGTTCGTCGGCCAGTTA	o6
FBgn0263930	-0.91	334	835	AACTTCCATGCCGAATCCAACTAGACTTGT	GTGCCATA	TAAATGCGTTGGATATTTGCATACGAATCG	8m
FBgn0263998	-0.36	928	1413	TCGTCGGAGCAAGAATCCCGTACGGATTAT	GTGCCATA	TCCTGACGCTTGCATTTTTTATGAAACCAA	8m
FBgn0264089	1.52	183	1366	TACTCGAATATATACTCGTACTCGTACCAT	ATGCCATA	TGCCATATATTAATCGCATAATCTATGTAA	7A1
FBgn0264089	1.52	190	1366	ATATATACTCGTACTCGTACCATATGCCAT	ATGCCATA	TATTAATCGCATAATCTATGTAACACAGCG	7A1
FBgn0264089	1.52	621	1366	CGTATACAAGCTTTAAGCAAGTCATTGCAT	GTGCCACG	CCCCCTCGAACTGAACTGAACTCAACGCCC	o6
FBgn0264324	-0.39	158	821	TTTGAACTATTTTTACTCAAATTATTTTTG	GTGCCAAA	TTTTTGCTGCAAGTCCAAAGCGCAATATAA	o6
FBgn0264324	-0.39	476	821	TGTGCAATGCAGTTTTTACTTTAACGAATA	TAGCCATA	TACACAAAAATAGACATATACGCCACTACT	6A1
FBgn0264742	0.29	157	1261	GATGGATCCACATAGTGCGGACAACTGCAA	GTGCCACA	AGCAGACGCAGCCGGCACAGCAGACGTTAA	o6
FBgn0264816	-0.21	31	281	CGCTGAGAGAGACTGCCAAAACCATTCCTT	CTGCCATC	TGAACTTATTTATTTTCCCCTCGCCACCTC	6m
FBgn0265003	0.37	762	1194	GTTGGATAACTTGCATATCTTTTACCATGT	TTGCCATG	TTTAAAAGCGTTTTGAAGGTAATAGTCATA	6m
FBgn0265042	-0.02	123	603	AGCGAAATTCCATGGAGAGCTCATCTGTCA	TAGCCATA	GAGCTGCTGCAGCTGTGAACATCCCTCAAA	6A1
FBgn0265082	0.00	784	2143	CCGGAAATAAACCTCTAAACTAGTTACGTA	CAGCCATA	ATCTAATTTTAGAAATCTCACACGAGAAGT	6A1
FBgn0265082	0.00	1105	2143	TTAGCAATTAGTTCTGCTTAGTACTAATAT	GTGCCAAA	CCGGAAATCCGAAAGTGGAAATCCAAATAC	o6
FBgn0265193	-0.75	28	101	CCAATATGCCTTGTTTATTTATTTTCTA	GTGCCATG	TACATAATCCTAGCCTTGTAGTTTATTCGT	7m8
FBgn0265194	0.09	390	915	TCGGTACTTTTACAAACTCCTAGATGTAGT	CAGCCATA	CATATTGCAACGTTGCAAGCAACTTTCACA	6A1
FBgn0265413	0.57	42	87	CTATCTAAAAAAAAAATGCAAACTTAAATT	GTGCCAAG	GGTTTCATATGTGGGAAGCTTCAAACCTGT	o6
FBgn0265598	-0.57	394	457	ATAATTTTATTTTCACGCTCGAAGCGTGCG	GTGCCAAA	AGAAATTCAAAGCAGTGCCAAAAAGTTAAA	o6
FBgn0265598	-0.57	416	457	AGCGTGCGGTGCCAAAAGAAATTCAAAGCA	GTGCCAAA	AAGTTAAAAAAAAAAAAAAATAAACGAAGG	o6
FBgn0265974	-0.38	395	1095	CCTAGTTAACTGCAAGCGAAGCAAACGATT	TTGCCATC	TTTTTTGCTAATTTCAAATTAGCTGCGCTT	6m
FBgn0266000	-0.55	270	920	ATGAGTCCACGCAAAACTCACACCCACACA	GAGCCATA	CAAATTGTAACAATTATTAGTGTGTTAATT	6A1
FBgn0266409	0.25	497	769	GCTTGCTTTTCCGTAGAAAACTGAGAGCAG	GTGCCAGT	TGAAATTAGACCTCTTACAATATTGTACTC	o6
FBgn0266441	0.15	88	201	GATCGTAAGCATTATACTTAGTTCGTGTCC	ATGCCATG	CTATTTGATTGATTTCTAGTTGAGCGCCAC	6m
FBgn0266490	-0.41	76	269	CACTGTGGGGCGCGTTGCCCCTGCTGGGAT	TTGCCATT	GGCCACTTCCTGGACAAGAAGGAAACGGAA	6m
FBgn0266539	0.02	785	1432	GCTATTTTCAGGTGTTCAAACCCATAATTT	CTGCCATT	ATGGACTTCTACCGGCCCACGGCTATCGTT	6m
FBgn0266539	0.02	1167	1432	CGTTAAGCATGTGTATGAAAACCTTAAGAT	GTGCCAGC	ACTCGCCCAGCGTCCAAATGGTGCAGACCC	o6
FBgn0266557	-0.08	315	1450	TTTGGAGAAAACGGATTTGGGTTTGTCTCA	ACGCCATA	AAGTTCGACACTGCTGCAACTCCGTCTGAA	6A1
FBgn0266572	-0.14	150	815	TTTTAAATGTAATATGCTGTCGCATTTTGC	ATGCCATA	TTTCCCGATACTGTCTGTCATCTACTTCAG	7A1
FBgn0266673	-0.10	109	164	GGACATTATCTAATGATGTTTAATTATGGC	TTGCCATG	TTCTTTAACTTTCAATTAAAGTCAAGTGGC	6m
FBgn0266917	0.04	41	107	ATTAAAGGCATACCAGACACAATAAGGAGT	GGGCCATA	TATAAAAATTTATTTGTATATGGTTTCGCA	6A1
FBgn0267348	-1.51	239	590	AGCTTTAACGCATCATCGTTCGCCTACTGT	ATGCCATA	TACTATAATGATACAACGGATACAAGAGGA	7A1
FBgn0267348	-1.51	501	590	ATATTAACATATTTGTCATCTACGTTTAAT	GTGCCAAT	ACAATTACCATGTATCTTTGTGTATAAGTC	o6
FBgn0267351	-0.01	149	525	AATTGTAACTCATGTATTGTAGGCCTAAGA	TTGCCATT	TTAAGTTGTACATACATATATAAACACCCA	6m
FBgn0267378	-0.24	221	287	AATATATATTTTTTAAGCGAGACTATAAAG	CAGCCATA	ATTCCTATTTAAATATACATATGTTTATCA	6A1
FBgn0267727	-0.09	75	628	CAACTACACCTTCGACCGCGCTCACACACT	ATGCCATT	GTCAAACATACGCATACTCATCATCACATC	6m
FBgn0267821	-0.46	446	534	TTATTTGTTTTATTTTGTGCGATATCACCG	TAGCCATA	TTTTTTATATACAATTACATGCATACATAA	6A1
FBgn0267824	-0.71	493	549	ACATTATATATATTATAAAATACATAAAGA	ATGCCATC	AGCTTCAGCTGTGACACAGGCAAGACGCAT	6m
FBgn0267849	0.03	415	477	TGTATTGTATTTAGAGTTAAGAGGCAGAGG	AAGCCATA	TATGCGATGGCATACACACATGTACGAAAA	6A1
FBgn0270924	-0.14	179	234	CTACATAAAATTGATGTAGATGAAGGTTTA	ACGCCATA	CGGACCTGTCAAAAACATTTAAGAAAAATA	6A1
FBgn0283473	-0.49	49	309	TTACAAACAACATCACATCGACTTGATGTT	CAGCCATA	TTTTTTTCCACTTGTTTTGGTATTATTTAA	6A1
