FBgn0000157	-0.03	227	585	CAGCTGAGCCTGGAGCAGCAGCACCAACAC	TCCTGCCA	GGAGCTGGGGCACCAACTGCAGCTGGAGCA	6A1
FBgn0000239	-0.08	242	491	GCAATTCATGAGGCGCAAATACAGAACTGC	AACTGCCG	CTTCGAAATTTAAAAACAATTCAGGTTCTT	6m
FBgn0000247	-0.06	133	415	TTTCGTTATGAGTTCTGACCTAGAACCGAG	GACTGCCC	CCAGCACACACAACCCCAGACTCACAGACT	6m
FBgn0000299	1.00	166	193	CACACACACATACATACACCGACGAACCAA	CACTGCTA	CAAATTCCTTAATCTAACC	o6
FBgn0000307	0.24	46	767	GGAGAATGCGGCTCCATCATGTCCGTGTCC	ATCTGCCA	AGGAGAAGGAGTGCAAGACTGACAAGGATG	6A1
FBgn0000307	0.24	468	767	CATTTAGTTCACCAACGTCGAAAATCCATG	CACTGCGA	TCCGGTGGCATTATTTCAGTACTATCAGAA	o6
FBgn0000382	-0.09	3365	3968	GGTATACAAGAAGCAGCTGAGAGGTAGTTC	TCCTGCCA	TATAAAATATTAATCGACCCAAAAACATTA	6A1
FBgn0000409	-0.00	28	268	TGGTGCTGTCCATCAACTTACCCACAAC	CACTGCAG	GATGTCAAACTGTATTATTGTGTTCAGTCA	o6
FBgn0000412	-0.20	239	436	CTGAGAAATCGGACAAACCGTTTACAACTG	CACTGCAC	TGTAATGACGACACATAGCTCGGAAAACGA	o6
FBgn0000448	-0.18	164	2554	GGATGTGGCAACAATAATTATTTGAGTAAA	CACTGCAC	TGCGCATGCAGCAGATACAAGAACTTTATC	o6
FBgn0000448	-0.18	169	2554	TGGCAACAATAATTATTTGAGTAAACACTG	CACTGCGC	ATGCAGCAGATACAAGAACTTTATCATGAT	o6
FBgn0000464	0.28	143	1399	ATATCATAACTCTAAAGTATTATAGCCAGC	TACTGCCC	ACACTTACTTAATACACCTATACTTATATA	6m
FBgn0000464	0.28	427	1399	GGATGTCAATCAACTTGTTGTTGTTCGTGG	TACTGCCG	CCGGAGTGACCATGAATGAGGGGCGCCACT	6m
FBgn0000464	0.28	641	1399	CTATTATAATATATAATACAATCAATCAAA	CACTGCTA	TGTTAATCAGTTTTCATGCCTTGGTTAATG	o6
FBgn0000547	0.06	125	634	CATTCTAATTATCATTTTAACTTCCCGCTC	GACTGCCA	GCAGCAGATCTTTTGAAAAGTGGCCATTTT	7A1
FBgn0000547	0.06	625	634	AAAAGATAAAATATATACATAAACAGTACG	ACCTGCCA	C	6A1
FBgn0000557	-0.10	442	1037	ACTCCGCAGAGTGGATAGGGGCCTCCGGAG	CACTGCTG	TAGCCCGCCCCTTCGATATATACTCATCTC	o6
FBgn0000567	0.40	1173	1612	AGTTAAACTACCGTATTCTTGTTAACGTCA	CACTGCCA	CAAATCGAAACAAGCCTTACATAATGGAAC	8m
FBgn0000567	0.40	1322	1612	ATACCGACAACTTCTACAACAATTTCCAAA	CACTGCCC	AAAACGTGCAATCTCTTGAAAGGATACCTT	7m8
FBgn0000633	0.28	2269	2656	ATCAAAAACTAACTATTAAGCGACTCCGTT	CACTGCCC	AGCAACGCAATAACTCCGCATTCTTGGCAA	7m8
FBgn0000659	0.05	568	1914	CGATCTCCACAGGCAGCGGCTTTGTAGCGG	GCCTGCCA	ATTAGCGAGTGCAGTGGCGGTGGCTTTTAG	6A1
FBgn0000662	0.16	239	531	ACATACATAATTCGCAAATTATTTAGAAGT	CACTGCTT	TACATACGAAATGCATTATGTAGAACAGTG	o6
FBgn0000721	0.00	152	161	AACAGCAACAGTCAGCAGCTCGCATCGAAA	AGCTGCCA	C	6A1
FBgn0001085	0.25	904	1266	TTCCCTTCACCCCAACTAAATAAGAGTTGA	AACTGCCA	TTTAAATATTTGTAGACACATGAGAAATCA	7A1
FBgn0001087	0.10	347	510	AGTGTAATTTTAAAATGTAAAATGCCGCCA	GTCTGCCA	ATTGCGGCTTAAAACATGAAGAAAGCTGCA	6A1
FBgn0001090	0.05	125	445	CAGCACCACCAACCCTACCGACCATCGCAC	CACTGCTA	CGCCTTGGCAGCGTCTTAATATTACGATCG	o6
FBgn0001138	0.24	503	1531	CAAATTCAGCGTATTTAATTGTGCTTTATG	AACTGCCA	TAAAACAGAATGAGGGAATGTGAGGGGAAT	7A1
FBgn0001186	0.16	220	557	GCCCTATAGCCAAACGATATGAAAAAATGA	AGCTGCCA	CGACGAAAAGTAATCGAAAAGCCCACGAAA	6A1
FBgn0001250	0.46	637	1276	GGGGAGAATGTAGAGCCGATAGCTGCCCAA	TACTGCCA	CGCCCCCAGCAGCCCAGGCATGGAAAATAA	7A1
FBgn0001296	0.20	14	290	CCCACTCACTCACT	CACTGCCT	AGTTGCTAGCTGCTAGAGCTTCTCTGCTTC	7m8
FBgn0001301	-0.09	607	890	GCATTTGATATGATAGTTCCATTATTTTTC	CACTGCCT	ACTCAAATTTCCATTACCCCATGGCATTTG	7m8
FBgn0001316	-0.26	380	819	CGAGGAGCAGACGATGCCCAGCCACGTGTA	AACTGCCG	CATAAAGGAACAAAGGGGCGGATCGTCCCC	6m
FBgn0001941	0.16	22	671	GCCATCGATGCTATTCAAGGTT	TCCTGCCA	TGAATGTAATCTCAGCGTTAGACCTAAAAC	6A1
FBgn0001965	0.42	69	446	AGTATGATCCGTAAGATTCAAAGTTGCGAG	CACTGCTT	GAGTGCAGATATATATATGAGAGAACGGAA	o6
FBgn0001977	0.15	996	1525	CCAGGATTGAATTGGGCGTAATCTGCTTGG	GACTGCCC	AGGATGTCGGCCAAGCCAGTATCGAGCACC	6m
FBgn0002069	0.18	194	263	TTGTTAAACAACGAGAAAAATGTACGGGAA	GACTGCCT	AGAGTCAAATTTATTTGGAAACTCGTAAGA	6m
FBgn0002413	-0.02	172	1343	GAATGTATCCAAGCGGCAGGATGACCAGGT	CCCTGCCA	GAAACGGAGGACAAGAGCAGTGAGAGAAGA	6A1
FBgn0002526	1.00	57	344	CTATGATTTATTTGGACAACGACTACGAAA	AACTGCCA	GGAAGAATCTTCTTTTGCCGACAACTGCTA	7A1
FBgn0002543	0.03	229	1358	ATGCAAAGTATTTCTTGACCCTCCAAAATT	CACTGCAC	TGAACTTTGCTTGTTCCCTGCTGCGTTTGT	o6
FBgn0002567	-0.97	473	570	TTGGAATTATTATTCTCGTATGCAAACACA	CTCTGCCA	TCATTATTTGTATTTAGATAACAATACGTA	6A1
FBgn0002643	-0.17	203	783	AACCGCCCCACACGGCCCCGCCCCCCTTGT	TCCTGCCA	ACGAAGTTATTTTGTTTGTTATATGTGTGT	6A1
FBgn0002673	-0.10	37	348	AGGCTATAGATACAATTCTCGAATCGATCC	ACCTGCCA	TAAGCTCACAGAGATCTCAATGAGAAACGA	6A1
FBgn0002773	0.28	1301	1552	CGACACGAGCACACACCACACTCACACGCA	CACTGCAA	TCCATTTCAAAGTGCAACATGCAACAAGTT	o6
FBgn0002937	-0.34	147	165	AATTTTGGATTCAAGACATTCGCAATAAAC	TCCTGCCA	CTTGCGCTGG	6A1
FBgn0003002	-0.34	135	816	GAGGAGTCGGCCTCCTCGCTGGACTGGATC	TGCTGCCA	GCGGCTGCAGAATCTGGCTCTTGTGGCGCA	6A1
FBgn0003016	-0.24	438	903	AACCCCAACAAATGTAACAACAGCAGCATC	CACTGCGT	CATCAACAGCAAGAAAAACCACAACAATTT	o6
FBgn0003044	0.48	82	206	CATTTCTTTTCGTTATTATGTATTAATGAA	CGCTGCCA	ACTACGGGCCTCTTTATTTGTTAATGTTTA	6A1
FBgn0003044	0.48	137	206	TTGTTAATGTTTAAAAGTTTATTACCAACC	CACTGCCA	AAATAGAAAAAGATTGTTCAAAATATTGGT	8m
FBgn0003134	0.00	325	848	ACTTTAGTTCAAACTAATGGTAGTGTAAGA	CACTGCAT	AAGCAAGAATATTTTATCTCCTAATGTATT	o6
FBgn0003204	0.39	121	603	AACAGCATCGCCACCGATCTGCAGCAGGCC	CACTGCTC	GACTACACCCGCCTATTCGATCGCAAGTGA	o6
FBgn0003204	0.39	559	603	TTATACCGAAGCTAGCTTCAAGTTTTAAAA	CTCTGCCA	AACTTATTAAATGTGAACTGAAACTAACTG	6A1
FBgn0003205	0.26	381	947	CCTCTACATAAAAACTATGAATACTGTTGT	AACTGCCT	TGGTTCAGCTGCTATATCCGTTTGTTTTCA	6m
FBgn0003206	0.33	701	938	ACACCCACGGCATTTTTGTACTATACCCGC	AGCTGCCA	GGCGCGCACAACTCACTTAACGATACTTTT	6A1
FBgn0003206	0.33	835	938	TTTAGCCGCAATCTTGTTTTAACTCTTATA	CACTGCTT	AATTTAACGAACTTATTTAATGGTATATAA	o6
FBgn0003257	0.04	251	456	CAACGAGGAAATCCTTAGTAGGAGGCCAGG	CACTGCAA	GACGTAGCTGTAGTCTCCGGAGAGGTCGTC	o6
FBgn0003285	-0.14	41	1983	ACCGTCCACCACCAACACCACCACCACCAC	CACTGCCA	ACAACAACGATGACCCACTGAGCCACGCTA	8m
FBgn0003321	-0.14	187	757	ACATTCGGGCAGTAGCAATTATTATCCCAG	CACTGCGG	GCAATGTGCATCAACGATCACAGTTCTTCG	o6
FBgn0003345	-0.09	553	1047	ATACCGCCTATGAGGATCGTACAGTGACAG	TCCTGCCA	CCGTATAATCTATGTATCGGCAACAAGCAA	6A1
FBgn0003429	-0.07	467	652	CAAGAACTTTAGCCCTGATATCCATCGTTC	AACTGCCA	ACTGATTGCTTCCCACATCATTCCGTATGC	7A1
FBgn0003430	-0.43	282	347	GCCAAATCTTCAGGACTGCTGAAGAAGGAT	TCCTGCCA	GCCGAGAGCCCTTGTAGTTTGCTCACCAAC	6A1
FBgn0003557	-0.06	318	494	ATATTTATAATTTGTTAGGCATAATTTATC	CACTGCAT	AACTCTCCTGTGTAAATTTAAGACAAAGTT	o6
FBgn0003710	0.31	369	845	TAAGCACGCTAGATAGCCGGAGTAACTCCG	GACTGCCA	CACCCACTCAAAATTGCAATGCACGGGCAT	7A1
FBgn0003884	0.00	94	256	TGTTTACGCTTCCAATCGCAACAAAAAATT	CACTGCAA	CACTGAAAAGCATACGAAAACGATGAAGAT	o6
FBgn0003888	-0.05	94	952	CGCGGCATGCGCCACCAGCTGGCGGCCAAG	CACTGCAG	CATCCTGTGACCCCCGCCGTTGGACACACA	o6
FBgn0003941	-0.12	118	136	AAACCACATCTAATCGAAATGTATTGCATT	TGCTGCCA	AGGCACAGCC	6A1
FBgn0004107	0.03	48	1205	GATCTAGCAAATTACTTGTGTTTTCTAGTA	TACTGCCA	CCTCATTATCATGCATTCCCCATCCTAACT	7A1
FBgn0004107	0.03	913	1205	GATAAACCGGCGACGTCTCGATGATGTTCG	TACTGCCA	TCGTTAAAGAAGTTGGCCAACGGATTGGTC	7A1
FBgn0004107	0.03	979	1205	TCAGGTTACGGAAACTGAAAGCGGGCTGAA	CACTGCGG	ACGAAGCTATTCCAAACACGAACCAACGGG	o6
FBgn0004168	0.11	964	1458	AGCTAAAACAAACAAAAACGTTAGAACATA	CACTGCAT	AATGACATACATAACATATATGTATTTATA	o6
FBgn0004364	0.22	267	890	TGTGGTTGTTGAAGTTTCGTAGTTGTGTAG	CACTGCCA	AATAAGGAACACGCACAAGACACGCCCACA	8m
FBgn0004368	-0.13	847	966	CCGTACCGTACAGTACAGTACAGTACAGTA	CACTGCAG	TTAAAGTTATTAGCATTTATTTTACTATAT	o6
FBgn0004387	-0.05	261	959	GGAGCTTTATATTGAAATCACTTTAAATGT	AACTGCCA	GTGGCGACGTTGCAATCTCTGATTTGTACT	7A1
FBgn0004575	0.12	220	2299	CTATCATGATCGAAACACTTTCCATCTTTC	ATCTGCCA	TAAAAGCATCAATGAAGAAATTAGCATAAT	6A1
FBgn0004584	0.45	205	219	CAAAATTCGTATTTTTTTAATAAAGTGAGC	TACTGCCC	CACGTT	6m
FBgn0004595	0.14	22	1099	GTGGAGGAGTTGGCGCTGCCGA	CGCTGCCA	TTGCCGCATCCACTGGGAATGCCACCGCCC	6A1
FBgn0004595	0.14	884	1099	GCTCGGCCAAACAGGAAGTGGTTTTTATCG	CACTGCTT	GGCCGACCGACTTTCCGGTAAGCAGTTTCC	o6
FBgn0004595	0.14	936	1099	CCGGTAAGCAGTTTCCACCGCCCGGTTGCA	CACTGCTT	TACAAAAGCAGGCGCAGCTCTGACGGACGG	o6
FBgn0004611	0.06	223	807	AGGACCTTTGACCCTAGGCATTGTAAATCC	CACTGCTA	AGGGGAATCCAAGCAAACACGTTTTCTAAC	o6
FBgn0004655	-0.03	62	770	CCATCGCAATTGTCGTTAACCACACCGAAA	GCCTGCCA	CCAAAATAAAATTCTGTTGTTTGTGATTAT	6A1
FBgn0004657	0.39	236	1302	GCTTTGCCCGGGTGCAAAACCACTGAAGTC	AACTGCCA	TTGAAACGCGTTCTAAACTAAGTCAGCCCT	7A1
FBgn0004657	0.39	701	1302	TGAGCCCCATTTATTATTAACGAGAAGAGC	CACTGCAA	TATAGCTGTATGTATTCAAAAGTCAGAATT	o6
FBgn0004687	0.30	93	738	AACACAATACAACACACCAACACTAAACAC	ACCTGCCA	AGCTACACATAGATGAGCCGTTCATTCCGC	6A1
FBgn0004841	-0.15	15	606	TGTTATCCCGATCTG	TCCTGCCA	CTGGAACAGATTGTGAATCCTCCTGGCCTT	6A1
FBgn0004841	-0.15	87	606	TCGTTTCGCTGCGGGGGAAATGCAATTTGC	CACTGCTT	GCTCTACTCTGTACATATACTCACATTCAC	o6
FBgn0004852	-0.12	460	965	TCTGAGACTCTTAAGATCTATTTCCCTCTC	CACTGCGA	ACAGCAAACACTAAAAAAAAATCAGTATGT	o6
FBgn0004903	0.25	1541	1555	GTGTTGAAAAGCAAGAAACCAATAAAAAAG	AGCTGCCA	AAATCG	6A1
FBgn0005198	0.34	62	123	TTAAAAAAGAGCAGAGGACCTATAGACGCA	TCCTGCCA	TGATATCTCTTGATTTACGATTTCAATATA	6A1
FBgn0005558	0.27	28	251	GAACAGACTGGCGATTTGAGCAGAGAAG	CACTGCGA	AAGGACTATTTACATAGTTGAATGTATATC	o6
FBgn0005586	0.19	1129	2475	TGACAATAACCCGCAGGAGATCAGGAGCAC	CACTGCGG	CACCCCTCCCCCTCGAGGTCAGGCCACCCA	o6
FBgn0005631	0.18	1719	2029	CCCAGTATCGAAACCAACTTGCTTGAGTTG	AACTGCCC	TTCCGTAGCCATATACATATAGAGAAAGCA	6m
FBgn0005642	0.19	19	322	TCGGGCGGCGGAATCTGCT	GCCTGCCA	ACATCAACGCCTCAACGATCTCCTGTGTCT	6A1
FBgn0005648	-0.20	710	788	TGGGATTGAGGATGCGAGTAACAGCTTGAT	TCCTGCCA	CCACCAGCAGCCCTACCTCTCTTCCAGCCC	6A1
FBgn0010288	0.58	41	232	TCCCATAACTGAGAACCACCAAGATCCCGG	ATCTGCCA	GACTATATATTTATATATCCAACATATTTT	6A1
FBgn0010300	-0.15	1275	2235	ATTCGGTTTAAGTTTGTAACTGACTTAACT	TACTGCCA	GGATCAGCTCAGCTCGGCTCCTCAGATACC	7A1
FBgn0010316	-0.04	60	1173	TTGCAATTTGTAATTTTATTTTTTACAAGC	CACTGCGA	TTGTGTAGTATTTCCTAATTTTTTATTACG	o6
FBgn0010316	-0.04	461	1173	GCCGGGTGAACAAAACTCATCCTTTCTCTG	CCCTGCCA	CTTCATCCAAGTACTGAAACTGAGGGGAGA	6A1
FBgn0010414	0.41	390	857	GAGGACAATAACTGCTCGCTGCGACTCAGC	AGCTGCCA	GCCGCTTAAGTTCCCGCTGGCCAGCGAGTG	6A1
FBgn0010488	-0.06	663	677	ATTAAATAGAGCCTTAATAAATGCAACCAA	CACTGCGA	ACGGCG	o6
FBgn0010741	0.23	54	245	CGTATTTATTGTGTCTATGTTGAGAGGGAA	CTCTGCCA	GGATTTGCGAGCGATAATCCGCGTTTATTG	6A1
FBgn0010768	-0.15	267	754	TGTATACGATTCGGCCAAAATCAACTCCAT	CACTGCCC	AAAACCAATAAGAAAATCAACTGCAATCCT	7m8
FBgn0010768	-0.15	325	754	CTGCAATCCTACAGTTTCTGTGCTATTTTC	AACTGCCA	TATGAAAGTAATATGTAATATCTAGATCAA	7A1
FBgn0010772	-0.24	180	383	CAAATTGTAATTATCGGAATTAATTAAAAG	AACTGCCA	ATACAGTACCTAAAATGCTAACTTTCATCT	7A1
FBgn0010830	0.14	307	499	GACCTAACTATCGACGGCTAGTGGAAATTA	CACTGCAA	TGTTAAATGCCAGCCACTCCAGAAAAACGG	o6
FBgn0011207	-0.02	171	614	ATACATAGTGCTAATTCAATACAATATACA	CACTGCTT	AAGTTCACCCGTGGCTGGGCCTACAAATTC	o6
FBgn0011211	0.00	67	488	TGCAATTAACATCATAGATGGCTCGAATAA	TGCTGCCA	TCCCTGCGCGCCATCAACAACAACAAATAA	6A1
FBgn0011217	-0.21	318	790	AGCTGCAGCAGCAACAACAGCAAGATCATC	AACTGCCG	CAGTCATTTTCGCCGCAGCAGCCGCTGCTA	6m
FBgn0011225	-0.02	21	174	ACCCCCAATACGACAAACAGG	CACTGCAT	TGATCAAATACGTTGCCGTTTCGATGGTCA	o6
FBgn0011259	-0.06	805	887	CATTCGGGATTCATTCCGAACTGGAACTGG	AACTGCCA	AACGCGATGCAGCGCTCCCAACGAAATCGA	7A1
FBgn0011260	0.17	383	1028	ACGACAATTGAACAATGAAGATACTTAAAC	AACTGCCG	CAGAATCGCACATTCATATCGTTATTTGAA	6m
FBgn0011300	0.10	353	2337	CGGAGTGATCAAGGCGGCGCGCCACAAAAA	AACTGCCG	CACTGCCATTAGAGCTACCAATTAGGGCCT	6m
FBgn0011300	0.10	361	2337	TCAAGGCGGCGCGCCACAAAAAAACTGCCG	CACTGCCA	TTAGAGCTACCAATTAGGGCCTAGTTATAT	8m
FBgn0011474	0.89	171	934	CTTTTATACGTAGATTGCCTTGCCTTGAAC	CACTGCAA	AATTGTTTTCAGACCTGTTTCCGTGTGATA	o6
FBgn0011481	-0.03	235	2490	GATCAAACGGGCGCAGAAGTGTTCTGTTGC	CACTGCCA	CTGTCCTTAGTCCTGGATTTCACGCTATAG	8m
FBgn0011481	-0.03	649	2490	GTTTAGTTTAGTTGTTGCAAGCACTCACCT	CACTGCAA	ACTCCCAAGATCCCAATAATACCGATTCAA	o6
FBgn0011640	0.06	52	330	GCAGCTGAGTAGCGGTTGCACTACCCATGC	CCCTGCCA	ATGGGTCACACATTCTACCACACGACCAGC	6A1
FBgn0011722	0.45	14	168	AGGTCAAACCAATT	AACTGCCA	TTCATCAACGGACTGTTGTTAGTCAGAACT	7A1
FBgn0011725	-0.03	98	648	GACGACGGCGACGGCGGCCACGCGCACGTC	GGCTGCCA	GCGGGGGAGGAAGCGGGAGTGGGACTGGGA	6A1
FBgn0011739	0.01	729	1350	AATTAGTGTCCTGCTATCCAATTCGTCTAT	CACTGCTC	TTCAACTGAGTGTGCCCCCCCTCCCTCCCT	o6
FBgn0011740	-0.12	82	526	CTCACAACCTATGAATCTCGGACGCTAATC	CACTGCAA	TACAGGCAATCTTCGTTTAATGTTCGACTT	o6
FBgn0011747	0.05	534	1059	TCCAGGAATGGCTGCATGCAGTCGAAAATG	GACTGCCA	AATGGAATGTGGCCATTAACTCCTCGAAGT	7A1
FBgn0011747	0.05	655	1059	GATGGAAACCCCGTCAACAATGTCACATCG	CACTGCTA	CCTAGGAGTTCATCTAGATCGGAGACTGAC	o6
FBgn0011747	0.05	852	1059	AACGTGGAGTTATGCCATCCAGGTGTGGGG	AACTGCCG	CCAAATCCCAGCTCAATAGGCTCCGTGTGG	6m
FBgn0011770	0.40	60	91	AACTGCTCTGCATTTATACACATGTATTTA	CACTGCTT	ACAAACATAAAGATGGTTTAACC	o6
FBgn0012034	0.20	154	496	GTAAATCTCCCTCTACTTATATGAATTACC	CACTGCTT	AATGTTTGTTCCGTTCCGGGCTACGGCGTG	o6
FBgn0013342	-0.06	386	2298	CTGGCGATCACGGCGGCGTGTAAGCAATCC	CGCTGCCA	GGACGAAAGTTTCTCGATTAGTGTGCTCCT	6A1
FBgn0013746	-0.33	430	870	GAATGCATGGCACCACAAGTTGTAAAGCTC	ACCTGCCA	CTTCTGGCATGGCTAAGAGAGATTAAATTG	6A1
FBgn0013746	-0.33	631	870	CAATGTCCGGGAGCTGAAAGTGTTATTATA	GACTGCCC	GATTTAATACTTTTCTTGCATACACAACTA	6m
FBgn0013762	0.26	233	604	TACCAATGTGACACTTAATATAGCCATTTG	AGCTGCCA	AATTAACATTTATCGATAAAATACTTATTG	6A1
FBgn0013764	-0.05	207	266	TAAACCGTAGGATACTTCTGTTCTTGTCTT	GACTGCCT	TGCAAAGTACTTAATGTGTTGTTTTAGTAA	6m
FBgn0013765	0.09	496	758	CCCTCCATTTTCCAATCATTTGCGTGTAGT	GACTGCCT	GATTAATGTATTCTCCTGCTGCTTAACTGC	6m
FBgn0013770	0.25	161	240	TTTTGTAATGGGTCCATTGTATTCGCGTTT	CTCTGCCA	TCATGTATGATATAGGTGAACAACAAATCT	6A1
FBgn0013984	-0.40	1654	3143	ATATACAACAATTTTCACTAGACCTAAATA	ATCTGCCA	TACGCCCCATTAACTCAAATATGAACAAGA	6A1
FBgn0013997	0.76	170	749	CGCATAACAGACAGAAAATACTTTTCCATG	CACTGCCA	ATTGTTTTGCGCAAGTAAATGCTAAGATTT	8m
FBgn0014020	0.05	399	438	AACTAGGGCAGAGCAGATCAATCAGTCAGC	CACTGCAA	GCAAAAAATATATATCGATATATGTAAACA	o6
FBgn0014133	-0.23	436	3327	TGCGATTCACGATGCTTCCCGATGTCGATG	CACTGCCG	CCGTTAATCGTTTATGCGATGCTCTGGATA	7m8
FBgn0014133	-0.23	2529	3327	CACAGAAAACGGATTTGCTATATTAGGTCG	TCCTGCCA	GCCAAAAAACCGGAGCGTCTAGCTCTTTTT	6A1
FBgn0014417	0.87	24	80	TTGTATCTACCTATAGTTCAATAC	AACTGCCA	CAACAAACGTTTAATAAACTTTTCTCTAAA	7A1
FBgn0014865	0.51	19	79	ATTGACAGTGGGAAATTCA	CACTGCTG	ATGTCGTTAACACATTGATAAAATTAATAC	o6
FBgn0015024	-0.00	285	782	TACCCCAGCAAATGTGATTCACGAGTGAAT	CACTGCGA	TCGATAATAACATAAACCGAAATTATTGCA	o6
FBgn0015239	0.05	38	238	GAGAAGAACAGGGCGCAAGCAGATTCGCTA	GACTGCCC	AAAAGCAAGACTGAAGATGGACCAAGTGCG	6m
FBgn0015286	0.25	94	1649	GTGAAACAGCCGCCGAAGCCCAACTCTCAT	TGCTGCCA	ACTGCTGTAGGATGATGAAGAACAACAACG	6A1
FBgn0015324	0.02	743	1345	CGCTTCTTCGAGGGCAACGGACGCTTGTGC	AACTGCCA	CTGGCTCAACGAAAGCCCCGAAAATCATCA	7A1
FBgn0015324	0.02	820	1345	GTTGTTGAGATACCGAGAGTAGAGAATACA	CACTGCTT	AGCACGCGACACTTAATACCCATTCATTAC	o6
FBgn0015324	0.02	992	1345	AAAAATGGAAATTAGTTTTGCAATTTAGGG	GACTGCCG	AACTGCCACCGTTTCCACCTGACGCTGCGC	6m
FBgn0015324	0.02	1000	1345	AAATTAGTTTTGCAATTTAGGGGACTGCCG	AACTGCCA	CCGTTTCCACCTGACGCTGCGCCATCATAT	7A1
FBgn0015400	-0.16	14	2380	CCCAGCCAGCAGCC	AACTGCCA	GGGATGAAGCGGCCTTAGACGATTCAGTGG	7A1
FBgn0015400	-0.16	2317	2380	TTTTTATTTAAGCCAAATGGACGAGTGCCG	CACTGCCA	ACAAAGGGGACGCAAACAATTTCAGCGATT	8m
FBgn0015509	0.14	114	493	CTCCGCTACCCTTCCTCCTAGCCCGAAATA	AACTGCCG	CCGAAACATTCGAACTAGAAGCGAGCTAAA	6m
FBgn0015541	0.29	354	786	TCAGGCAACAGTTTAAGTCCACAACACAAT	ATCTGCCA	CGAAATATCTAAAGTTTAAAACCTGTATTA	6A1
FBgn0015589	0.08	704	934	TGAAGAGAGAAGAAATTCACATTTTTTAGT	CACTGCTT	TTTAAGTATTCTTTTATATAATTTAGCAAG	o6
FBgn0015621	0.38	183	240	CTCATTTGCATTTTTGAAAAAAGTCCCTAG	AACTGCCA	GTAGAACGTATTGTGTTATCAGCGAAATAA	7A1
FBgn0015622	0.09	34	50	GCATCCCCACATGCCGAATCCGAAAACAAA	CACTGCAA	CTCTAAAG	o6
FBgn0015774	0.09	631	3650	AGTCATGAACCATCAACACGACTCTCGACC	ATCTGCCA	CACACTTCTCAATACTGGGGGAACTCGGCC	6A1
FBgn0015774	0.09	927	3650	TGAATCGAATGATTTTATTTTCAAACTAAT	CACTGCCA	AGCAACTCAAATCTTTTATGATGGAAAACC	8m
FBgn0015774	0.09	1128	3650	TATATTTTGAATACCCCTCACAATGCTTCG	CTCTGCCA	TCCAATCGAAAAATTGATTCAATTTTCCAT	6A1
FBgn0015774	0.09	2483	3650	TGTTTTAATGAATTTATTTTCGTGTTTATA	TGCTGCCA	GCCATCCATGAATCGAGATCTTTAGCTGAC	6A1
FBgn0015774	0.09	3370	3650	TTTGATCTTGCAAGGATTGATTCCTACTCC	CACTGCTT	TGGATCAACCCCTTTCACCTGAACCTTCCA	o6
FBgn0015777	0.23	473	869	AAATGCAACAAATTTACAGCAATTAATCCA	AACTGCCA	TTTCCAATGAATTAACAAACGAATCCCTAG	7A1
FBgn0015790	-0.04	577	762	TTCGACTTAAACGCAAATTCATTACCACAG	CACTGCAG	CTCGGATTTTCTTCTTCGGTTTCTCGCAAC	o6
FBgn0015805	-0.20	157	352	GCTTTTTCTACACGCCCCTACACAAGGTCC	CACTGCGA	TCGGCTCCTTTTTTTCAGTGGGAATATTCC	o6
FBgn0015838	0.52	71	1327	CTTCAGCCAAATCGATGACGTTCTTGTGAG	AACTGCCA	TCAGGGTAATTGAATTCATTTTTATATATG	7A1
FBgn0015838	0.52	797	1327	TTTTAAGCCGAAACCGAATGGTCCTAACTC	TTCTGCCA	CAAAGTTGAGAAACGACGAAACAACTATAA	6A1
FBgn0015838	0.52	874	1327	AACTGATGACAAATACATAATATAAGCGAA	GACTGCCT	GAATATGCATTTTATACACACAAATTGCCA	6m
FBgn0016059	0.15	817	1023	AAAACGCACAAGAAAGCGAAAATAAATGAA	CACTGCAA	CAACAGCAAGCCTTATAAATAGTATAAAAT	o6
FBgn0016075	0.62	249	367	AATTATGGAAGAGGGGTCGAGAAGAGTAAC	CACTGCCT	CCACTGCAACGAAAGTAAATCTTGTGCCCC	7m8
FBgn0016075	0.62	258	367	AGAGGGGTCGAGAAGAGTAACCACTGCCTC	CACTGCAA	CGAAAGTAAATCTTGTGCCCCTGTTGGGAT	o6
FBgn0016081	-0.20	80	155	AATCTTTTAGTGAGTAGGCAGCATATTAGA	CACTGCGG	TGTACGTAAGCGATCATTACAATGTAAGTT	o6
FBgn0016131	0.76	248	413	TGTTTGTAGTCGTAAGTTAAGTGTGAATAC	TACTGCCG	ATCAACTATCTGATGACCATTACATGTGAA	6m
FBgn0016930	0.17	87	476	GACTTCTGGAGCTAGAAGTGGCGTCCACAG	CACTGCGC	TGATGTTAAGGAGCGGGACGAGGAGTAGCC	o6
FBgn0016930	0.17	355	476	TCAGTTGCCCTGAACCCTATTTTATTTCGC	TACTGCCA	TAGCTAAAGGTATTCAAAATCGTATTCACA	7A1
FBgn0017561	-0.06	111	462	TTCACAGCATGTATGCCACAAAGTCGATAA	GGCTGCCA	AAAGTCCTTAGTTGTTATGCTAATGTTATC	6A1
FBgn0017572	0.03	551	576	TTTGAAACGAGATATCCCTTCACCGCCTTG	ACCTGCCA	CGCCCCTTTTGCGCCCC	6A1
FBgn0017581	-0.19	154	587	TGCAAACTATTTAAATTCAATTGATTCCGC	CACTGCAA	ACAGAGTTAACAAAAACCCCAAAAACAAAA	o6
FBgn0019650	-0.05	41	128	TGGCTCACCATTAGATCATTTGTCAAAGGC	GACTGCCG	CTGCAATCATTGCCGCACAAGCAGCTGAGA	6m
FBgn0019972	0.94	151	667	ACCTGCCCAATTGCTCGACGAGATTGGTGC	CACTGCCC	GTTTTATTTTATTTAGGCACAAAGTATCTT	7m8
FBgn0020251	1.60	599	1315	TTGTTCGTTGCTATTGCAGCTAATTAATGT	CACTGCAG	TTGTCAGCTAAAGTTGTACAGTGTATGAGT	o6
FBgn0020257	-0.17	257	1508	GGGACTGAGACTGACGACGTCGGGGGATAG	AGCTGCCA	GCTCAGCCGGTTTAGTGATGTTTTCGATGT	6A1
FBgn0020257	-0.17	913	1508	GGCGAGGAGAGTGGGCAGCACACACACACA	CACTGCAT	AAACACACCCAAGCACGCATGTGTGTGTGT	o6
FBgn0020304	0.25	855	958	TCCATCGAACCCCGAATCCATGACTCAATT	CACTGCTC	ACATGTCCATGCCCATGCCTTAACGTGTCA	o6
FBgn0020309	0.06	68	1629	CCACTCCAGCAGCACGACCAGCACCTCAAT	AGCTGCCA	CAGCGGCCACTGCGTCGTCGCAAGCGGCGT	6A1
FBgn0020309	0.06	83	1629	GACCAGCACCTCAATAGCTGCCACAGCGGC	CACTGCGT	CGTCGCAAGCGGCGTGGTGAAGGCATGCGT	o6
FBgn0020379	0.03	493	1001	GGAGCTTTAACTGGGATTTGTCGAGTGTTG	GACTGCCC	CCGCATCGAAGTGAAGAGCCGTCCAGAGAG	6m
FBgn0020622	-0.14	313	1275	CATGTATTCAGATTAGTAATTTAGTGTCCG	AACTGCCA	ATATAATATTTTTATATGAAAAAGGCTCCT	7A1
FBgn0020622	-0.14	544	1275	TTTGTGTGTGATGGATGGCGCTGGCAGTTT	AACTGCCC	TCCGCTATCCCCTCAAGAATTAGACGGCTC	6m
FBgn0021764	-0.15	546	1865	TTTTTGGATGTACAGTGTGAGTGCGATGCT	GCCTGCCA	CGCCTCCAGATGTGGCATTTATGGAATAGG	6A1
FBgn0022343	0.41	138	155	TTTCTAGGCTTTTTGATTCATATAAACCAC	CACTGCTA	CTCTTACCC	o6
FBgn0022893	0.40	643	740	AAACTAAAAATTCAGTAAAATGTAACAAAA	AGCTGCCA	GCAACAACCCCAGAAAAATGTATGCCAACC	6A1
FBgn0022985	0.04	1343	1439	CCTATTTGTATTGATTTTGAACATTGAACA	CACTGCAT	GTAAACCCCATACACATATATGTAAACGTA	o6
FBgn0023177	0.09	97	778	TACATAAATCATCTAGGGAATAGAAATAGA	AACTGCCA	GCCTGCAAAAGCGAAGCGAACGCGAATAGC	7A1
FBgn0023216	0.34	23	228	GTGATATTGCACTACAGGATTGT	TACTGCCC	CCAAAATTGAAGAGGTATAAAATGTATTGT	6m
FBgn0023516	-0.11	20	176	CCGCCCCGCAGCTTCTTTAT	CACTGCTT	TGGGAAAGTCCGTTGTTGTCGTGTCATGTG	o6
FBgn0023517	0.56	14	195	CCGTCTGTTTATAG	AACTGCCC	AAAGGAGAAGCAATCATAATGTATTTATTT	6m
FBgn0023522	0.27	122	317	TACCACGTCACAGGCAAGACAGGGAATCGA	CACTGCAG	TGCTTCGATGTTATAGATTACACTTTATAC	o6
FBgn0023528	0.26	124	1066	TCCACATCCGCCAAGCACACATCCCGCACT	CACTGCCG	GCTTGATCTGATATGTCTGATGTCTGATCT	7m8
FBgn0023534	0.38	267	565	TTCCAGTGATAGGCAGGAATAACGAAAACT	CACTGCTC	TAAGAACACAAAAACACAATGCTTAACACA	o6
FBgn0024189	0.14	2101	3489	TGTATAGCTTGTACCCAACTCAACGAGCAG	TGCTGCCA	AATTGCATTAATATTTAGCATTTAACTGGA	6A1
FBgn0024330	0.25	148	410	GCGAAAAGCAGCGAAATCTACTTTTGCTAG	TACTGCCA	ACTATTTTTTTTTAAAGTGGCTCTAACTAG	7A1
FBgn0024371	0.18	36	183	AAGGGGATGTACACCTTAGGACTATAGCTA	CACTGCAA	CTGGCCGCGTGCATTGTGCAAATATTTATG	o6
FBgn0024432	0.11	16	287	AGTGGAGGAATGGCAG	GACTGCCG	GAATTCGCGATGAAGATGACTTAAAAGGGG	6m
FBgn0024728	0.17	312	434	AATCCCTACAATGCGTATAGTCTTCGTTGA	TGCTGCCA	CGATTATTTACGGCATATTACACATGTAAT	6A1
FBgn0024732	0.09	127	980	CATAAATCGTATTTGTAGCATGTAATTAGG	CACTGCGA	AATCAGCAAAAACGAAACGGAGACGAAATC	o6
FBgn0024807	0.00	25	905	GACACCAACTCCAACCGCAGACTCC	AACTGCCG	ACGACAACACACATAACGGACACTCTTAAC	6m
FBgn0024807	0.00	399	905	CTTAAGACACCAACTCCAACCGCAGACTCC	AACTGCCG	ACGACAACACACCTATGCCTCTCTTAACGG	6m
FBgn0024807	0.00	523	905	CTTAAGACACCAACTCCAACCGCAGACTCC	AACTGCCG	ACGACAACACACCTATGCCTCTCTTAACGG	6m
FBgn0024807	0.00	647	905	CTTAAGACACCAACTCCAACCGCAGACTCC	AACTGCCG	ACGACAACACACCTATGCCTCTCTTAACGG	6m
FBgn0024807	0.00	771	905	CTTAAGACACCAACTCCAACCGCAGACTCC	AACTGCCG	ACGACAACACACCTATGCCTCTCTTAACGG	6m
FBgn0024836	-0.01	45	1098	TCGATCCGATCGTAGCATACTTTTGGGAGC	ACCTGCCA	TAGGGGCATGCCCGTCATTATAATTGAAAC	6A1
FBgn0024836	-0.01	953	1098	AGCCGTACTTACTGTACTCGAACTCCACTC	AACTGCCA	CTCATTGTGGCACCTACGTAAGCTATGGAT	7A1
FBgn0024941	0.26	115	207	GGTACTCATTCGTTGTTACTCATTTGATTA	ATCTGCCA	CTGTGTCGCGTGTTCTCTCGATTTTGAAGT	6A1
FBgn0024945	0.01	19	67	CTTTTTACCCCACCCCTTT	TCCTGCCA	TGTGATTTATGAAGAACATATAATAAAGAG	6A1
FBgn0024994	-0.26	16	714	CTCTGGAGGAATCCGG	ATCTGCCA	ACAGTATTTGTCCGTAACCCGGAGGCCGCC	6A1
FBgn0025109	0.12	36	564	ATACATCAAGTGTTCAATTGACTGTGTTAA	CACTGCGA	ATGGTTTAATACTTATACATATACACACGC	o6
FBgn0025355	-0.50	225	483	AAGAGTAAGGTTACCATAAAATTGAAAAGA	CACTGCAT	AATATTGTATGCGTATCTTGTAAGTAGATA	o6
FBgn0025394	0.13	299	1747	ATTTGCATTCGAGACAAAGTTAACAGGTAC	CACTGCGA	TTCGATTCTCGCCCTTGTGGCCGTTTTGCG	o6
FBgn0025394	0.13	1454	1747	TGTCTGGCACTTAGCAATACAGAGAAAGGC	CACTGCAA	GTTAGTACAGACACGGCAACAAGTACAGAT	o6
FBgn0025456	-0.04	80	213	AATGAAATGATAAGCATATTTGCACAACAT	GTCTGCCA	CAAAGGGAAAGAATGAAGACAAAGGCCTTT	6A1
FBgn0025624	0.08	144	382	TCGAGGACGATGTGCTGAGCGGCTGATGTG	CACTGCGG	CCTCTCGCCTGCCTTTCCTCTCTTTCCGGT	o6
FBgn0025635	0.27	126	725	AGATAGCACCCGGGGACGCGATACCCTGCC	CACTGCAC	AAACAAAACTAATCGTAGTGTGTAAGGATC	o6
FBgn0025635	0.27	433	725	TTACTTTAATAGAGTGTATGAAAACTGAAA	AACTGCCT	TCACTTGTTCGCTGGCCATATATTTTAATT	6m
FBgn0025641	-0.09	505	729	TCGCCGAAGGGCTCGAAGAAGAGCTCGCCG	GCCTGCCA	TACAGTCATGTTCAAAATTAAGGTACATAT	6A1
FBgn0025724	-0.10	177	201	TAATAATATGTACAACAGTAATGGAGCAAA	CACTGCAA	TAAATACTTATACAAC	o6
FBgn0025802	-0.17	140	636	GTTTTACGTATTAATATTTTGAATCTGTGG	CGCTGCCA	TCATATCATAGCTAAACTATCACTTTAGAA	6A1
FBgn0025833	0.71	522	1132	CAGAAACTTCCACTTAGTTTTCATTACGTT	CACTGCCC	ACTTTCATAACTCTTCACCGTCTAGAGATA	7m8
FBgn0026086	0.23	160	247	GCTATGATATACCACTTCATATGATTGACA	ACCTGCCA	ACTTTGCGTACCCATTGCAATAGCAAGCAC	6A1
FBgn0026090	0.01	231	348	TAGCATAAGCATTACGGATTACGCATTAAG	CACTGCTG	TTACTTGATCTTGTTTGTCTTAACCAGTCT	o6
FBgn0026149	-0.05	749	913	CTTACCAACATAAATGTGACATTAACATTT	AACTGCCA	GCAGGGCGCGAAAAATATGCAAATGTTCGC	7A1
FBgn0026206	0.08	231	844	AATATCTTGGCAAGGAGTCAACACACCGTA	CACTGCAA	TAACAACAGTCAACTGGACAAGATAAGCAG	o6
FBgn0026375	-0.08	604	1112	GCCAGTCTACTCCTCCTCCTCCTCCTCCTC	CCCTGCCA	TCCGCCACCCACAAACGCTCCACCCATCTC	6A1
FBgn0026404	1.08	207	253	AAAGGTACGAAATTATGTAATTTATGTGAT	AACTGCCA	GAAATCTACAAATATTATAATACAGAGTTC	7A1
FBgn0026439	0.17	269	1163	TTGAAGCAGCTCCTCCGGCAGAGGATAGAT	ATCTGCCA	GAGTACAAGTACTAAGCCAGCAACGAATTT	6A1
FBgn0026592	0.02	60	575	ACTTCCCATCAGGTGTCTTGATTGCAATTG	CACTGCAA	ATTCTGTATTGCAAAACAGAGTGTGATATG	o6
FBgn0026597	0.18	506	605	GGATTTGTTTGTTACCTTTTACTAACTACG	GACTGCCT	GCAATAAATTTTGTTAATATTTTTGTAATG	6m
FBgn0026616	0.12	464	1181	CTTAATGCAATAGGCCAAAATACCCAACTC	GACTGCCC	TGAGCAATGCATTCCGCTTAAGCCTCCCAG	6m
FBgn0026634	0.14	514	802	TCCTCGGTGTCCGGTAGCTTGCGGAAAAAC	CACTGCAC	ATGTTCCTCAGTGACATCGGCCAGCTTGGT	o6
FBgn0026634	0.14	553	802	TGTTCCTCAGTGACATCGGCCAGCTTGGTT	GGCTGCCA	CTGGGGCTTCTGATCCTTGTCGATGAGTAG	6A1
FBgn0026753	-0.01	100	250	CGTAATAATAGTGGTTAATCTAACTGGAAA	CACTGCTG	TATTATTATTCCATACATTAAAGTGAAAAT	o6
FBgn0027101	0.28	80	421	TTTATGTTGTTATCAAATTATTTGACAATG	CACTGCCA	TACAAGTGATAAACTAAATAAGTCTTGGCC	8m
FBgn0027339	-0.04	1217	1581	ACCACCCGATCCCCACCATCTAAGTTCTTC	CCCTGCCA	ACTGTGTGGATATAATCGACAAATTTAGTT	6A1
FBgn0027497	0.20	668	1112	TCGACTCATGTCCCAATTGAAACCTCGATC	CACTGCGA	CACCTCGACACAAACTTTTGAAAAAAGCTG	o6
FBgn0027499	-0.32	180	303	TAATAAACAAGTTATGCCAAGCAGTCAATC	CACTGCAG	TCAGTAAAGAAGAAACAAACAAAACATTGT	o6
FBgn0027528	-0.30	427	498	TAGCCATAACTTAGTTAGTTGCTAAGCGCC	GTCTGCCA	CCCTGTATAAATTGATTGAATTTGATTTTT	6A1
FBgn0027532	0.20	47	505	GACAGGACTTGCTGGACAAAATGCGTTTCA	CACTGCCA	TATAGAAAAAAAGCAAGTGTTATTTAACTT	8m
FBgn0027553	0.08	205	363	ATAATTCTACTGTTTAGACTAAACATAAAG	CACTGCGA	CCGAGCAATCGGATATAGTTTACATATTTA	o6
FBgn0027558	0.90	43	504	ATGCCGGTGCCAGGACATTTAATCCAATAA	CCCTGCCA	GCAACTTTTTAACGCAATGTGATATTTATT	6A1
FBgn0027574	0.08	359	494	TAATTTTGTGTGCGGACGACTACATCGTGT	AGCTGCCA	TAGGAACATTTGGAAAATTATTATAAATAA	6A1
FBgn0027580	0.25	33	434	GTGCCACCGGATCAAAATGTCCATTGTCTA	AGCTGCCA	CCGCACACACCCAATGTAAAATTAAGTGAA	6A1
FBgn0027580	0.25	223	434	CATGAGTAACTGGTCAAATTTTTTAGCTGT	CCCTGCCA	AAATATATCGGATTGCATAAGTTCGTGCCC	6A1
FBgn0027610	0.02	315	398	TGCTTGTTTAAAGTAAACATAATATCTTTC	CACTGCGT	ATAACAATATGTATATTTGTACTGGATTTT	o6
FBgn0027836	0.32	227	282	TTTGTTCACTAGACTTAAGACAACCGACGT	CACTGCAG	CATGGATTTCATTTGTCTTTTCACTGAATA	o6
FBgn0027843	-0.77	159	600	AGTCCCGGTAATTTCCTTCGGCAAGGACTC	AACTGCCG	TCAGGACATCCATTCATATCCACACACACA	6m
FBgn0027872	0.09	193	452	CTATGGTCCAAAGAAGCTCAGAGCTCTAGT	AACTGCCT	GCAGCGTTTAAAAGTACAATGCACAAGCAC	6m
FBgn0028331	0.11	146	563	TGACGGAGCAGTATCGTGAACGCAAGGGGG	CACTGCGA	ACTGAGAAGCAATCGCCATCAAATACGATT	o6
FBgn0028550	0.01	2250	3550	AGTTTAACAACTCAGGTCTGGCGAGTGGAG	CGCTGCCA	GGGTTGCCACCACATTCGATGTTAAATGTA	6A1
FBgn0028550	0.01	2499	3550	AGTTCTTGAGTTTTGGGATTGGGGACTCTC	TTCTGCCA	GCAGCTGAAATAATAGTGGAAATATCTTTT	6A1
FBgn0028646	0.19	16	140	TTATATTGGCGCCACC	GCCTGCCA	AGCGCCACGTAGTCTACGGAATGCAGAAGG	6A1
FBgn0028687	-0.13	43	96	GCACTATTCTGTATCCTCTGCAAACTGTAA	CACTGCAG	CTGGCAATTTATTAAATAAAGCGAAATCTA	o6
FBgn0028704	0.07	87	1333	GCGCCATCGAGCTACCGAGCCAGCAAGGAT	ACCTGCCA	AGGATATCTGGATGCCGCCGAGGACGAGAC	6A1
FBgn0028886	0.04	94	124	AGAATTTAAAAGATCTTGTATAAATCTTAA	GTCTGCCA	ATAAACTTGATAAGTACGTAGC	6A1
FBgn0028955	-0.20	348	531	TCGGACCACTGATGTTCTTCGTCTGCGTTT	ACCTGCCA	GAGGTTCCGGTGCGATATGTAAAGGGTCTG	6A1
FBgn0029105	-0.12	41	226	GGGTTTTGCTATCGTAGTCTACACTGTTGG	CACTGCAT	TCCGTTTTGTGTACGCGTATTAGTTGGCGG	o6
FBgn0029121	0.66	24	275	TTAAGTTAATTTGTATGTATCAAC	CGCTGCCA	TACGTCGGTTCATTCATGTGTACATAAATA	6A1
FBgn0029137	-0.01	92	483	CGAGGAGGCAGCCAGAGACCCACTCGGGTA	GGCTGCCA	GTTTGGTTTTGCTCCGCAGGCTTACTGCTT	6A1
FBgn0029152	0.17	688	863	AATTGTTGGCCACAAGCGTAATACCCAATC	CACTGCAA	ATATGATATGTATAACATCTTTACTGTATA	o6
FBgn0029157	0.52	394	426	TGTATACATATTTATTTTATATTATGCAAG	AACTGCCT	ACGAATAAACGATTTATTGTATAT	6m
FBgn0029173	-0.09	138	185	AATCTGTATAGTTTAAGTCATCTGACTATT	GTCTGCCA	AAATGTAGCTTAGTGGTTTTTAATAAAAGG	6A1
FBgn0029706	-0.06	32	794	ATCGACGGAGCTGGGCTCCCGACCAATATC	ATCTGCCA	TCTGGACGTGCCAAGCAATGAAGAACTTCG	6A1
FBgn0029720	0.20	515	749	ATTTTTTTTTTTAACAGAATTTGAAGATTA	CTCTGCCA	ATCGGTTAACTATTTGCTAGACCACACATG	6A1
FBgn0029746	-0.11	1243	14896	GCTTTCCGGGTCGCAAGGGATCGGCCATGG	TACTGCCG	CCACTGGCCAAATGGCCCTATGAGAACGGA	6m
FBgn0029746	-0.11	1825	14896	ACAATCACAAGCGGGTGAGTCACTTTCAAC	TTCTGCCA	GCGACCTTGGGGGCGTCAGCACTGTCGGGC	6A1
FBgn0029746	-0.11	2108	14896	GACCTTGGCTGGCAGCAGCAGCACTGGCAC	CACTGCAG	TAGCCACTGCCGCAGCAGCAGCAGCAGCAG	o6
FBgn0029746	-0.11	2120	14896	CAGCAGCAGCACTGGCACCACTGCAGTAGC	CACTGCCG	CAGCAGCAGCAGCAGCAGCGGGAGCGGGAG	7m8
FBgn0029746	-0.11	2601	14896	GATGTGAAGGCCGTGGTCACGCACTCGATA	CACTGCAC	CCTCAATTCGATTGGCGGCATCCAGGTGCT	o6
FBgn0029746	-0.11	7576	14896	TGCCCATGAAGGCGCCCGCCTTGGTGGCCC	AACTGCCG	CTGACCACACCTTCGCGAGAGGCCAGTCTC	6m
FBgn0029746	-0.11	9477	14896	AATCGCATGGCACTGGAGTCGGAGTTCGTG	TCCTGCCA	GCTGCACCAGTGGATCGATTTGATCTTTGG	6A1
FBgn0029746	-0.11	9747	14896	CCTATGATGTTCAGTGCGATGCCGGAGGAT	CTCTGCCA	GATGCTCAAGTTCTATCAGAACTCACCAGT	6A1
FBgn0029746	-0.11	11887	14896	CTAAAATCTAAACAACAGCTAAATTATCAA	CACTGCTG	AGAGCCACAGAAAATAATAAATAAACAAGA	o6
FBgn0029789	-0.28	527	659	CGTCTTACAAATGGATCAACGACCTAATGT	AGCTGCCA	TATGACACAAACCGACTTTCATCCCAAACT	6A1
FBgn0029801	0.39	241	915	GAGGAGCCCGGAAGCACGGTGAATCTCGCT	ATCTGCCA	TTAAACTAAAATTAAGGCTAGCAAACAGCA	6A1
FBgn0029822	0.10	55	316	ATTTAGTACGCCCAACTATCTGCACATGAC	CACTGCTG	CCTTCATGGCTGGCTATCATTTAGAGGAGT	o6
FBgn0029837	0.12	581	819	ATCTGTAGTATTCGAAATAGCAGAAACCGC	AACTGCCC	GAAAAGCGCGAGGAAAGCGAGAAGAGAAGA	6m
FBgn0029853	0.49	127	185	ATGCAAGTTAAACCTTTACCATCCATTTTG	CACTGCAA	GTGGAAGCCACCAAAATTATGTATGTAGTA	o6
FBgn0029873	0.36	209	616	CATCCTTTCCGCTCCTCACTTCCACAGAGA	GACTGCCA	GTTCCACTTCCAGTTCCAGGCCCCAAAACA	7A1
FBgn0029881	0.04	535	1685	CGAGTAAAGTTAGAAAGAAAGCAAAACTGA	AACTGCCT	CAAGGACAGACAGGGCAGAATCCCTAGCAG	6m
FBgn0029881	0.04	1015	1685	TCTAGGCCTAGAACAGGAATTTTAAATCTA	CACTGCAA	TATCGAATATATTTAAATGCATAAATAAAA	o6
FBgn0029882	0.16	47	113	CCCATTCGCGAATTAGCTAACTACCTAAGG	CACTGCTT	CGATTCCAGCACAATTTGTATATGTGGATA	o6
FBgn0029888	-0.05	26	101	GATTGTATCTATCACGCTCTCGATCG	CACTGCGC	GCCTCGTTTTTATTTCATAGGCAATTAATC	o6
FBgn0029944	0.34	380	1243	ATACATTTTGAGTATAAGTGAAAAAGAAGA	GACTGCCG	AGTGCCTTACAGTTCTACAAAAAGAAAGAA	6m
FBgn0029944	0.34	618	1243	TAATTGTGAAACTGTTACATTTTTAGCAAG	CACTGCCC	GCCACTTGATGATCGCACTCGAAAAATTCC	7m8
FBgn0029944	0.34	809	1243	TGTATATTTAAAGGAACTAGATTTTAAATA	CACTGCAA	TTGTACTTGTTTCCGTTTATCCGTCCGTCT	o6
FBgn0029944	0.34	922	1243	TCCTATACGTTTTTGTATGATAGATCATAT	AGCTGCCA	TAGGAACAAACGGTGTAATGCCATTATCTC	6A1
FBgn0029979	0.10	435	5005	AACCTTAAATTCGTTAATGTTCTCTGGACA	AACTGCCG	TTAACCATCAATAACAAGGGCCAACGCACG	6m
FBgn0029979	0.10	2990	5005	ATTGTATTTATCTATAAGTTGTTGTGTACA	CACTGCGA	AAAACAAACAAACCAAACAACAAACTAAAA	o6
FBgn0029996	0.13	84	1300	GCCTAATACAAATGCTTCGAGAATCCATTT	TCCTGCCA	CCCAATTTCCCCAAACAAACACACTCACTT	6A1
FBgn0030004	-0.03	71	224	ACATAATCCCAAGCAATTATTGTCCGATTT	CACTGCAA	ACATGATAAATTATAATTGTGCCTAGGTCT	o6
FBgn0030013	0.91	343	793	AATCTAGTTTAGGCCAACGAATCGATAACA	GGCTGCCA	GAAAACCAAGTTTTTTTTAAACTAGCTGTA	6A1
FBgn0030034	-0.03	22	1378	GGAAGGGACAGCCTATTACCGC	CGCTGCCA	CCTGGCTGTCTCCACAACAAGTAATTCTCG	6A1
FBgn0030049	0.38	255	682	CCAATGTAACTGCGATCAGATTTTCTTTTA	CACTGCTG	TCTTGCTTAAATTGGGAGAGCGACGCAGAC	o6
FBgn0030049	0.38	671	682	AAACGTAACTAATTCCCTATCCACCCCATT	TCCTGCCA	TAC	6A1
FBgn0030053	-0.03	31	348	GTCCAAAGCCGTAAGGAATAAGCCGGAGTC	GACTGCCA	CAAAATGGAATGAGGTGGAAAAATGGTGTT	7A1
FBgn0030090	0.39	303	1763	AAATTTCGCTCAACTAAGTTAAGTTTTATC	CTCTGCCA	TTCGTAGATCCCAATGCCAAACCAGCGCAG	6A1
FBgn0030100	0.03	471	598	GTACGATAGCAGGCGATCGCACATCTCCCG	CGCTGCCA	GGACAAACTGCAAAGGTAGTTGGCATTAGT	6A1
FBgn0030183	0.80	604	638	TGGCGAAAGCCACACGCAAAACAGAACTTG	CACTGCCA	ATCAATAAGAAAAATGTTAAGCATCC	8m
FBgn0030269	0.27	454	745	TGTATCTGGACAGGATTTGTGCGAGTTTGT	CACTGCCG	GATAAAGCTGCTCCTCGTTATTTTAGAGAA	7m8
FBgn0030289	0.04	21	464	ATCTCGCCTACACGGTTTTCA	GCCTGCCA	AAACTGCTGTGAGTTCCTCAACGAACGACC	6A1
FBgn0030336	-0.03	86	576	GATGATATGGAGGAAAATGATGAAACAATT	TGCTGCCA	CCGCACCAAGCAGAACACAGAATATATATA	6A1
FBgn0030347	0.13	176	420	ACGAACTTGGGAGTTCCAGGAAAACAAAAC	CACTGCAA	CCATTTGGTCGTAAAAGATCCATAGATGTA	o6
FBgn0030354	0.09	332	793	AGATCGAAATATCGAGAGCAAATCACTGTA	GGCTGCCA	GGATGCACAGCTGCAGTTGCTGTTTCCGTA	6A1
FBgn0030354	0.09	478	793	CCGAGACGGAGTTCGCCCACGGATGAGCCA	ATCTGCCA	GCAAGGCGCCACACAAGATGGACAACTTCT	6A1
FBgn0030432	-0.04	288	532	GTACATGAAATTTATATCGAAGTTTATATG	CACTGCAT	CGAAATTTGTAAAGCGCCCAGTGGAACAGG	o6
FBgn0030474	0.01	795	823	CCGGAAACTCCTAATCCAAGTTCTAATACC	CACTGCAA	GGGTATAAGGTATAAAAACG	o6
FBgn0030505	0.09	384	898	CTCAAAAGGTTAAATTAAAACAATGATAAC	GACTGCCA	TATACCTATGAAATATGAAGTGAAATCCCG	7A1
FBgn0030512	0.51	77	1256	ATTTTTTTTTAGCACAGCTTAATGACCTTT	TGCTGCCA	CTTGAAATTTGTTGCAATTAGGTATCGGCT	6A1
FBgn0030520	-0.12	47	136	GACGTTATATGCTGCACATGCTTATATGAC	CACTGCCC	CCAGCCACCCAATGACAACTAGAGGAGCAA	7m8
FBgn0030581	-0.13	283	730	TTGTTTGGCCGCTGACACAACTTCCCCCAT	CACTGCAC	GCATACAAATATGAAAATTATGGCAAAATT	o6
FBgn0030605	0.70	75	145	ACCACCAGGCGACGCTCCTGGCCGCGGATT	CACTGCCA	CTGCCCCATGTTGCAAGCTAGTTTCCAGCG	8m
FBgn0030605	0.70	81	145	AGGCGACGCTCCTGGCCGCGGATTCACTGC	CACTGCCC	CATGTTGCAAGCTAGTTTCCAGCGGAAATG	7m8
FBgn0030648	-0.05	28	171	AAGGGATCGGAACGGAGGAGGATCGGCT	CCCTGCCA	GGCTGTAAATACCATGCCACTCACTCAACT	6A1
FBgn0030654	0.22	16	288	GCCAGTCGCAGCTGAC	CACTGCGT	TCACCTTCTACTGACCACCGTCCAGTACGA	o6
FBgn0030672	0.30	26	487	ATATATCCCATATCCAGTGGATAGAT	AGCTGCCA	ACGGCCACACACTCGCACACACACAGTCGC	6A1
FBgn0030674	-0.15	167	341	ATTGAACAGAACAGAAGAGAACAGAACAGC	CACTGCAA	ATTTGCGATAGCGGCAACAGAAACTGCATA	o6
FBgn0030685	0.25	462	559	TCACTTTTAAAATGTAAACTTTAAACTGAA	GTCTGCCA	TATACCATATCAAAAAAAAAAAAATAATAA	6A1
FBgn0030745	0.17	47	742	CCCATCTTCCCCCGGACAAATAGTACTTAA	CGCTGCCA	GCCAAAGCTAACGCCTAAAACGCACACAAT	6A1
FBgn0030766	0.00	134	2543	AGAAAGAATGGAAAAAACACGAAAAAAAAA	CGCTGCCA	AAGCTGGAGTTTCGAGACGAGCGCGGCACA	6A1
FBgn0030766	0.00	858	2543	TAGCTGCTTCTGATTGGCATTTTCGTATGA	CACTGCTT	GCATTCAGTTCTTTATGTGTGGGTGTGTGT	o6
FBgn0030788	0.14	65	949	CGACGACGTCTACTCCTTTTAACGCTGGCC	AACTGCCG	ATCAAAAGAAATTAACAACCAAACTTCTCA	6m
FBgn0030788	0.14	233	949	AAGAAACCCAATCCTATACCCATAAGCCAC	CACTGCCC	AAACCCTTAAGCCTTTCCCCCGACTCCCCG	7m8
FBgn0030790	0.02	126	705	AATGGAAATGAAAAGGAAAAATATAAAGGC	CACTGCGA	GCGAATTGTGTCGAAGGCTTGCGAGAACGA	o6
FBgn0030791	-0.16	495	1117	AGTTTAAATCAATTTACACACGAACACAAA	CACTGCAA	CAGCTAAACTAAAGTGAAATATTCAACTTT	o6
FBgn0030796	-0.11	141	356	CACGGAAACATTGCATTGAGATTAGAGTAG	AACTGCCC	GAAAATGAGAGCAATTTCCATGGAACAAGA	6m
FBgn0030801	-0.13	239	401	ACATCTTCGTTCGTCATTGCGGATCGGATT	AACTGCCT	GGGATTTGCTCCGGGTTATTGAAATATTAA	6m
FBgn0030892	0.10	241	283	AAAACTTGCACATATTAGAAGATCAGATTT	GACTGCCA	TTTGCTACGTATAATAAAGTTTGTTTCTGG	7A1
FBgn0030894	0.88	130	834	AACGTAATCGCAAATAGATGCGCGTGTGGC	AGCTGCCA	TGGTTAACCCAGTAGTTATTCAGTTGGTAT	6A1
FBgn0030897	0.10	2227	4588	ATCTCCCGCTTTCTCACGCCCCCCACCACC	CCCTGCCA	AAAAAAAAAAAAAAGTACAACCCGTTTAGT	6A1
FBgn0030912	-0.14	71	366	CCATACCAAAAATAATCGCCTCCGATGACC	CACTGCAA	TCTCAAGCTAATAGGCTATGCCCACGAGTA	o6
FBgn0030913	-0.12	1126	3879	TTCTACGTGCAGAGCAATTTAAGCAGGTCC	CACTGCGG	GAGTAAGTCACTGGGATAAAGAAGTAAAGG	o6
FBgn0030943	1.42	71	129	ATGGAGTTTCCGGCTACTTATTTAATAATT	CACTGCCT	ACATCCAGCATACATACATATACATACTTA	7m8
FBgn0030959	0.28	147	319	TGTTTAGCAAACTAGACTAGTTTAAGTGAA	TTCTGCCA	TGTCTGTCCACTTTAGAATTTTGTGTTTAG	6A1
FBgn0030970	0.26	467	674	CCAATGTCTTGGCCTTACAGCTGCGAAACG	CACTGCAC	ATGTTTTGAAGAAAAGTAAGAAGATTGTTT	o6
FBgn0031006	-0.05	42	611	AAGATCAATTGAAGTAGCCCAATGGGGACG	CACTGCCT	ACTCTTACATCTCGTTTACTGGCCGCCCGC	7m8
FBgn0031020	0.40	356	702	GCGCTGTGCCCTTGTGCGTGGCACCTACCA	GTCTGCCA	CCTGAGAACACATCCCGTCGTCATCCGTCA	6A1
FBgn0031051	0.17	161	986	TCAGGAGCATGTCGAGACCACGGCCACCTC	AGCTGCCA	AACTAGCGACGACTGAACTGAATGTAACTG	6A1
FBgn0031065	0.42	2001	2073	TTCCGAATGAAATCAAGTCTTGAGACGACG	GGCTGCCA	AAGATTAAACAACTTGTAATGAGCAAACAG	6A1
FBgn0031119	-0.24	534	1014	GAAGCATAATGTTTATAAAGAATTAGCATT	CACTGCGT	CGAAAGGCATACACCCACCACCTTTATGAT	o6
FBgn0031119	-0.24	879	1014	TAGTATTTTCTTGCGATTCTGAGACAAGGA	CACTGCCT	AATTTATTGCACTAAAACGTTCTTCGTTGA	7m8
FBgn0031145	0.10	992	1670	ATCTCTGAAGTGGAGACCGTCTGCGTTCTC	CGCTGCCA	GCTGCACTCGAGCCCCATCCCTTCCAGCTT	6A1
FBgn0031150	-0.20	636	1830	TACACTGACTTAAATCTAGGAAACTGGGAG	AACTGCCT	AAAATGATTTGTAGTTTCACCTGACAACTC	6m
FBgn0031188	0.18	85	784	AGTCACTAGATCCTAAACCGCCGCCGCCGC	TGCTGCCA	CTGTCAATGCCCCAAGGGATCGGCGACCAG	6A1
FBgn0031188	0.18	177	784	CGAGCAGTTGACCTGTTGTCTTTTTTGTTA	AACTGCCG	CCGTTCTTGCTGGCACTGGTGCTCAAACGA	6m
FBgn0031190	-0.04	862	880	AAAATCAAAAAGACCTCGAGATCCGATGTC	GACTGCCG	TCAACTGTCT	6m
FBgn0031285	-0.12	345	361	AGAGATTGGATCGGTACACGCGCACAGACA	CACTGCGG	CATTCCAA	o6
FBgn0031286	0.68	88	104	TGCCAGTGGCAGCCCAACCAATAAAGATCA	CACTGCTA	AAGATCAC	o6
FBgn0031398	0.33	120	359	TTCGCTTAATCTAAAGCTGTAATGAAGTTT	TACTGCCC	AACATGAACATTTGATAGAAACCATATGTT	6m
FBgn0031461	0.25	186	386	TCATTTAATCGTAGTTACCTGTAGTGCCTG	AGCTGCCA	CTAGTTGATAGTTAAAAGCTAAAGTCAATG	6A1
FBgn0031483	0.14	131	248	CAGTATCGTGCAGCTTCACAAGTGAATTCT	CACTGCAA	TATCAGTTCATACTGCCTCAAGTCGACATT	o6
FBgn0031483	0.14	149	248	CAAGTGAATTCTCACTGCAATATCAGTTCA	TACTGCCT	CAAGTCGACATTAACCATAAGGATTTCATA	6m
FBgn0031492	0.09	136	323	GGACAAGTTCTCTTTTCAGTCCTTGCCTTC	CACTGCAC	TCTGCTTCGTTTGGTTTAGATACTGTCCTG	o6
FBgn0031629	0.08	258	476	GTCTCACTTCTCCTTCCTCCCTACCTTCGA	AACTGCCA	ATTTTACGCGTAGAATTCTATTCCGTTGTA	7A1
FBgn0031640	-0.23	56	185	GTGAGATATATGACTATTTTTTTATTGCTC	CTCTGCCA	ATCGAACCAGGACAAAGTTGTTGTGCTGCA	6A1
FBgn0031645	0.00	31	305	TGCACATCGCCAGTGAGACTCATTCGGTGC	CACTGCTG	TTCGTGATGAGCGGAAGGAAATGAGAGCCA	o6
FBgn0031645	0.00	250	305	ACATGATATGAAAGACATTATTTTTATAGA	CACTGCAT	GGTTTTTTTTCGCACAAACACAACACACAC	o6
FBgn0031698	0.14	315	1784	CTTATCCGCCAATCACCCCTTCTCATCTGG	CACTGCTA	TTACTCCCCAAAAAAATCCACCCATTGGAA	o6
FBgn0031716	0.42	131	610	TTAAGAAGTCTTCTGCTGCACACATTTACA	CACTGCAT	AAATATATCGTTTTGATAGTGATATTTTTG	o6
FBgn0031716	0.42	298	610	AGAATTTTGAGAAGAGGTTTGAGTTGGTTT	CGCTGCCA	AATCACTCGACACAGAATATATATGAAAGG	6A1
FBgn0031769	1.01	49	224	CTTTCCAAGTGCTGCTGCAAACACGTTTAC	CGCTGCCA	ACAACAATACTGCTCCATGTAGGAAATTCT	6A1
FBgn0031773	0.72	35	126	GCATACGATTTCAAATCCCCAAGTGGTTCT	TACTGCCT	AAAAACACCGTCTTTGTAGATCTGAGTGCT	6m
FBgn0031950	-0.05	312	384	TGATGTGAATAGTAGAATGTTTATAATCTG	CACTGCAA	TCTGTGCTAGAGACGAACCTATGAAACCAA	o6
FBgn0031955	-0.15	219	1913	ATAGCGACTGATTAACTTTTACTAGGCGAC	GGCTGCCA	CAACAAAAACCAAACACAAAACCCAAACAA	6A1
FBgn0031957	0.82	337	613	TATACACTCACACAAAACACTCGAAACACT	CACTGCGA	GCTAGCCTTAGTTATCGATAGAGATATCGA	o6
FBgn0031969	0.14	627	764	TTGTTTTAAGTCTTGTACAAATAACGCTAG	CACTGCAA	AGATTACGCATATCCTATGTACAAATGTCG	o6
FBgn0032021	0.30	795	1141	CCAAGGGGAAAAACACTCGTTGTTGTAACC	AACTGCCA	AAAAGGATAACTTTGAAGTCGTTTCATCTA	7A1
FBgn0032078	0.15	181	479	TCACATCCCGAAAAGGTTTCGTTTGGGCTC	CACTGCGG	AGCTCTTCCCTTTTGTACAAATACCAAAAC	o6
FBgn0032123	-0.03	940	1391	TCAATCGATCCATCCGGTTGTTTTCCTACG	CACTGCCC	GAGTGCAAGACCCCCAGTAGTCCTAAGTGA	7m8
FBgn0032135	0.10	78	161	GTATAGTTATTCTAAAACAAATCTCGAATC	CACTGCTC	GCTGTATTTCCATGGAATTTTCCTGTTCTA	o6
FBgn0032139	0.49	112	277	AGAGGACTACGTCCGCATTCAAGTATTAGC	TACTGCCC	AAAGATCGATAATCGAAATAAACCCGAAAT	6m
FBgn0032172	0.03	459	554	AAACATGCCTGAACCGATTGTGAATTTTGT	GACTGCCG	CCGGTCAGAAAAGGGCGTGACTTGTATTTA	6m
FBgn0032248	0.11	76	139	TCGACGATTAAAACGGCACAAAATGCACAA	GACTGCCA	TCCAGCACTCATTCAACACTTTATGGGAAT	7A1
FBgn0032341	0.11	920	1664	GTATCTCACCCTCACCCTAGTGATTAATGA	AACTGCCA	CAAAGTGGTCCAATCCCAGGTGTAATATTT	7A1
FBgn0032401	0.44	399	539	GTCGTTTGAAGACGAACTTTCAGAACGAAT	ACCTGCCA	AATGACTAACTAGAGCGATAGTTAGCACCT	6A1
FBgn0032420	0.08	404	494	TTACGTTTGACATATTTATTACTAGTATTT	ACCTGCCA	TATCCGAATAACCACTACCATATCGAAAAA	6A1
FBgn0032431	0.16	162	245	CAGGTGCTCCACATCTCCATCATACTCATC	CACTGCTT	GTGGAGTGTCCTGTTGGTCATCCTCCGCCT	o6
FBgn0032587	0.05	608	1016	AATTTATTCTGTCTGTGTAAAGTTTAGACC	ATCTGCCA	TCTCTCCCTGAGGAAAAAACACAAAAACCA	6A1
FBgn0032694	0.12	413	671	TCGAGTAATCTTTATGTCCACACTCGAAGG	CACTGCGA	ATGATTTTGATGCCTGAAAAGCTTGCTTTC	o6
FBgn0032748	0.00	263	890	TTATCCGTAAATAAGAATGATTTAGGTGCG	CCCTGCCA	TGCCCTGCCCTGCCACGCCCCTCCCACACA	6A1
FBgn0032748	0.00	278	890	AATGATTTAGGTGCGCCCTGCCATGCCCTG	CCCTGCCA	CGCCCCTCCCACACACATAGTCGATAACGA	6A1
FBgn0032796	0.24	161	764	ACCATTCGAAAATCTACAATCCCAATATCG	TACTGCCC	ATTTTAGGCTCAATATCGCAAATGTTATCT	6m
FBgn0032870	0.15	382	519	TGATTCAGATTAGTCACATGAAAGGTCTCT	GACTGCCA	TGTAAATCATAAGTAATAAGCAATTTCATT	7A1
FBgn0032910	0.03	26	535	GCGCCCAACACCAAGGGCGCATCATC	CACTGCTG	TTGTTGTATTTACATTATTCTTTTTCCAAC	o6
FBgn0032916	0.69	216	395	AAGCAATTCTTTTGTGTTCTTCTCGTTGAC	CACTGCCG	TCCCAGGCTCGTGTACTTAATCGTTGAGTC	7m8
FBgn0032938	-0.09	175	523	TAAGAGTATATAAAATGTTTGTCGGAACTA	CACTGCTA	TGAATGTAATTAGCTAACTACACATATATA	o6
FBgn0032943	0.10	949	1466	TACGATATTGGGACAATCCAGATAGTTTGG	TTCTGCCA	GTAAAAATAATTATTCAAGTGAGGAATGAA	6A1
FBgn0032957	0.28	102	1656	TAACCGTGCATTAACTTCTATCGGGTCGAA	ACCTGCCA	GTTCATCTTTGCACTCACCTAGTCACTCAC	6A1
FBgn0032957	0.28	847	1656	TTTTTATCTCATGTAAATTATTAATCGAAC	ATCTGCCA	CGCCCCAGAGTGCAACACAGGAAAATCAAG	6A1
FBgn0033153	1.43	145	743	GAGTTCCCGAGGGAATCCGACGTTTCGTGG	CGCTGCCA	GAAGCCCACCGGCACATGTACACCTACATA	6A1
FBgn0033155	-0.02	177	739	AGAGTATTTCGTTGGCGAATTTCCAATTTG	CACTGCAA	GTGTCTTTAATTTTCGTTTGTTGCCAAGCC	o6
FBgn0033178	0.39	16	48	TTTTGAGAGATTGCTT	GACTGCCA	TAAAGAGAATACAAGTAAGCACAC	7A1
FBgn0033196	-0.21	340	805	CATCGAAATTCAGCTTTATCTTTGCGTTGC	CACTGCAC	TGCAACACCAACTAACACAGGCAAGCCACA	o6
FBgn0033196	-0.21	345	805	AAATTCAGCTTTATCTTTGCGTTGCCACTG	CACTGCAA	CACCAACTAACACAGGCAAGCCACACAGTA	o6
FBgn0033226	0.38	46	108	TCGCTGAGAACCAAACAAAAATCACAGCTC	GCCTGCCA	GCCTGTATCTATTAGCTTAGTGTCTTTGCC	6A1
FBgn0033232	0.53	116	154	GCTATTTAATGCTTTGTAGATTTGAGCTGT	AGCTGCCA	GCCAATAGCCGACTAAGCCCACTAATAACT	6A1
FBgn0033233	-0.15	15	462	GGATTCCAGATGTGG	CACTGCTT	GCTGGCAGTTTTTGATCTCCTTGTTAGATT	o6
FBgn0033250	0.02	68	1468	TGGATTATAGGGAATCCGTGAATTATGCAA	CTCTGCCA	GTAATTAGACTCAGAAAGCACGCTTTTCGA	6A1
FBgn0033250	0.02	188	1468	GGCACCACCACCACTATCCGGTCCACCCCC	CACTGCAC	TCCGCTCCGGACGTGCACAGTAGCTCGACG	o6
FBgn0033421	-0.47	1088	2230	GGCTACACATTACATACGTACATACATACA	CACTGCGA	ATGCCGCAATTCGGTGGGTGGTTGGGTTGG	o6
FBgn0033421	-0.47	1571	2230	GCGACTTTTAATATTTTATAGGGCAGCTGT	CACTGCTC	CACTTGCCACCCAACGCAAACCCCCGGAAC	o6
FBgn0033474	0.31	52	542	GTGTATGTTTTTGTACCATAGAGCCAAGTA	AACTGCCA	GATTTGTCAGCGTTGCGGTTCTTAGTAAGC	7A1
FBgn0033476	-0.13	125	1171	CTCCATATCTGATTGATTGATTAATATATA	CACTGCGA	GAATTATCCAATGCGCACACGATATTCGCA	o6
FBgn0033497	-0.15	1587	4290	CGCTCAAGGGCGATGTCACCGTGCTGGACA	CACTGCTG	AACAATATACCCAATTTCCGCGATATTTCC	o6
FBgn0033497	-0.15	1900	4290	GGATGTGGCAACAATAATTATTTGAGTAAA	CACTGCAC	TGCGCATGCAGCAGATACAAGAACTTTATC	o6
FBgn0033497	-0.15	1905	4290	TGGCAACAATAATTATTTGAGTAAACACTG	CACTGCGC	ATGCAGCAGATACAAGAACTTTATCATGAT	o6
FBgn0033544	0.19	20	55	TTAAAATTGCCATTTACTAA	TACTGCCT	GCTATTGTTTGCTTTGCGCATCCAACC	6m
FBgn0033624	-0.06	136	214	TTTACTCTTTAATTTTATATATGCATTTGC	CACTGCAT	TCCATAAATTAAAAATGCTGATTTTCTGAG	o6
FBgn0033728	-1.52	377	675	GAATCTCTTCAGATCTTTTAGTCGCCGGAA	CTCTGCCA	TTTTCGGACTCATGTGATATCGTCGATTTA	6A1
FBgn0033739	0.03	297	876	AATATAGCTGATAAAAAAGACTTGCAGTTG	CACTGCTC	TTCGAAGTCGCAAAACCATTGAATCTCGTT	o6
FBgn0033744	-0.10	64	1081	TCCAACTCGTACCGCTGGAGACGCTCGTAA	AACTGCCC	GAAAACAAATCCCTCGGTGTCGTAGGTCCT	6m
FBgn0033761	0.54	131	142	TGTTTTTATTAAAAGCATTCGATCCTATCG	AGCTGCCA	AAT	6A1
FBgn0033784	0.39	201	518	GTGCTGGCGCTGCTTGAGGACGGACTCTCC	AACTGCCA	TCATTAGCCAGCTCTTATTATGGCTGGCCA	7A1
FBgn0033872	0.29	316	340	TTGTTCGAAATTAATTTTAAAATACAGAAA	AACTGCCA	GTAAATGTCTCCGCCT	7A1
FBgn0033876	-0.06	702	1523	CACCTGAAGGACATACATATGTACGAACCA	CACTGCTC	AAGCCACATATCCAATTTACCATCTGAGAT	o6
FBgn0033913	0.76	483	1053	GAGCACATGGCTATGGCTGGGCCACAAGTC	GACTGCCA	AGTTAAGAATCGTTTGTTGAGTTATTTAAC	7A1
FBgn0033926	0.11	1208	1509	AACACACAAACGTCAGGGGCTGGAACGCGT	CACTGCCG	TGCTCCTCCAGCCGGCACAGTCATTCCCCG	7m8
FBgn0033929	0.20	28	121	CAAACGCTCAACGGAGGCGAGCTCGAGC	ATCTGCCA	CACACCTCAAGAACCATTATTATAGACTAG	6A1
FBgn0033934	-0.12	584	639	GGGAAATAATATTTCATGTCCACATCGTCG	TCCTGCCA	CATTTTCTGGCTGTGCATGTGTGCGCCTGG	6A1
FBgn0033935	0.26	55	235	CGCTCGTTTGCCTAGCAGGCGGGCAACTGT	CACTGCCG	CTGCAACGTCCCCGCCTACTTCTCCGCCTC	7m8
FBgn0033984	0.42	239	878	TGCTTTTTGTATATTAGATAGACGAATCCA	AACTGCCA	TTTTCTTTGCACCTCCATACTCGATAGAAG	7A1
FBgn0034032	-0.19	360	467	TCCACCTATAATTTATTTCCTCGGTATTCA	CACTGCGC	TTAGCTGTATAATTGTTGACTTCTCAATAC	o6
FBgn0034063	0.50	235	279	TACCATTTTAGCCCCTAGACCTAACTTTTG	TACTGCCA	TAAGAGCCAAAATACAAATTAAAGTATGCA	7A1
FBgn0034070	-0.08	577	650	TTTGAACGAACCGTTACGCTTTATATGCAG	AGCTGCCA	TCTTTTTGTACCACACACACACACACACAA	6A1
FBgn0034072	0.26	880	1605	CATTCTAAGAAGCAATCGAACCCACAATAG	TGCTGCCA	ATAATCCAGGTACTCGGATCGAACTAGCCG	6A1
FBgn0034087	0.69	821	1210	CCGTTATGCCAACAAATTTTAGAGATATCT	TCCTGCCA	CCTCCCACTAGTTGAGTAACGGGTATATGA	6A1
FBgn0034087	0.69	1181	1210	AAAGATCGAATTGCGATCAAATAAAAATGA	AGCTGCCA	AGTTGATTTCGTATTTAAAAG	6A1
FBgn0034117	-0.17	21	139	GCCCAAGATATGCAAATCAGC	CGCTGCCA	TCAAATCGAATATGCTCTTATATACACACT	6A1
FBgn0034136	0.76	472	782	TTATAGGATATCTCATGGAACTGAAGCAAA	AGCTGCCA	GAGTTGAACTACAAAATCCGCTCAAACAGC	6A1
FBgn0034140	0.15	119	322	TTTCGATGCGTCCTAGTTCTAAGTCAAATG	CACTGCAG	CACGAATATAGAGAAAGAGAATGGAGCACT	o6
FBgn0034172	-0.06	45	243	ATTCAGTCACTTTTTCTTATTGGCTTTTAT	GTCTGCCA	GGAAAATATGGGTATACATTTTTTTGTTCT	6A1
FBgn0034181	0.05	310	620	ACGCCCGTTTTGTATCTCTGATAACTAACT	CTCTGCCA	TGATAGCCAGTTCATTCATTCAGTTTGTAC	6A1
FBgn0034181	0.05	440	620	AAAAGAAATATATATATATATAACTATAGC	CACTGCCA	CGCCGAAGTGAACCGCTGATACAGACACAC	8m
FBgn0034314	0.38	24	140	GTCCACAGCCATGTGATCATAAGA	GACTGCCC	CAGTTGGGTATTAGCACGCGATTGGTATTG	6m
FBgn0034381	0.76	20	130	AAAATTAGCTCGGTACCCAA	CACTGCGT	ATACGTAATGGCTCCAGTAGTCAGGGGCAT	o6
FBgn0034455	0.21	95	265	TAGTTCATAGTTTATTTTAACTTATTGAGG	AGCTGCCA	CCGCCAAAGACACGTACAATTGCACTAATA	6A1
FBgn0034479	-1.40	151	669	CGATGCGATATGTCAGTCACCGAAAAGCTA	AACTGCCG	TTCGTGCCGCAAACAAAAGGCGAAAAGCAA	6m
FBgn0034479	-1.40	306	669	TGAATCCAGTCTCAATCGTAGCTGTTCTCC	AACTGCCT	TAATGTCGAGGTGCAAAGCAGCCAAATAGC	6m
FBgn0034498	0.65	86	521	AGTTATGTAAGTTTCCAAAATGGGCAGTTC	AACTGCCG	ACAGTCCAGAATGCTGGGCCCGCATTCCAA	6m
FBgn0034498	0.65	233	521	CGAACACCAACTATTAAGTGATGACATTGT	TTCTGCCA	TTTTTGATCGATGTATTGTATTTGTATTGT	6A1
FBgn0034573	0.06	33	308	ACATCTATGTATTCACCTTATGATAATCAC	CACTGCTT	ATATGACCAGGCTCAGGCGGTTCGAGGACT	o6
FBgn0034573	0.06	166	308	GTTTTTAGACAAATTCGCAGAGCGGAATCG	AACTGCCT	GGGCCGTCTGTTTTGCGTGTGTCCCACTTC	6m
FBgn0034577	0.33	367	822	TGGATGACTTTAGCCTGACGGTGAACGATG	CACTGCCG	CCTCGTCTACGTCACGATCGCCACCAATTG	7m8
FBgn0034602	0.51	112	299	TTTAGCCTTAGGACAACCGTCTACCTAGCA	AACTGCCT	TGAATCCTTTACCAAAAATCACACAAAATC	6m
FBgn0034606	-0.19	309	1094	GCAGCTTCCGCTTGAGTCATTTATCCCGAC	GACTGCCC	TCAATTAGCCAGGCTTTCGCACAAAGTTCA	6m
FBgn0034641	0.10	51	399	ACAACACACACAACTGTTCCTTCACCGATC	CACTGCTC	CGCTCCACTGTTCACCCACTGTTTCGTCTC	o6
FBgn0034724	0.90	26	165	ATTAGTTTAGTATAACGCTGGTGGAG	CACTGCCA	CCTCTTCTACACTCTCCACTCTTCTCACAG	8m
FBgn0034763	0.26	544	1269	CCATCCCCCATGGTTTGTGTAACTATTATA	AACTGCCC	TTTTTTTTTTGACTAGAAAATGCTGCTTGA	6m
FBgn0034763	0.26	995	1269	ACACATGAACACTAACACACACCCACTCGA	AACTGCCG	ACTGTAGTCAAGAAACAACTTCCAATAGAC	6m
FBgn0034792	0.01	56	186	GTTCAAGGATCCAATTGGAAGGCCGGGTTG	GTCTGCCA	CCGGACATTCAGCTGAACTGCTAAATATTT	6A1
FBgn0034948	-0.01	104	279	TGTTTGCGTGTATAAAGTGATCGATTTAGC	CACTGCGT	TCGTGATTGATTTTATGAAGCCAAAAACTG	o6
FBgn0035032	0.12	148	165	TTAAGTGAATAAAACGGCTGCGAATATCCA	TGCTGCCA	TAGACTCAG	6A1
FBgn0035033	0.15	526	755	TTTTTTTTACACAACTACTACTTATACTTG	TGCTGCCA	CCAGTTGGGCTGCCGTAGTTGCAGATCAAT	6A1
FBgn0035041	-0.04	60	783	TCCCCGCCCAATCAGGAGTAGGAGTCCGCA	CACTGCAG	CTAATTAAAGTTTAACAACGGTCAGGTCGG	o6
FBgn0035041	-0.04	131	783	CCATTAATTGCAACTGACACCTAGCACAGT	GGCTGCCA	ATTGTACGCGGACACAGCGCGGCTGGTGTT	6A1
FBgn0035041	-0.04	252	783	AAATAGAGCATATGGCTAACGGGAAGCCTC	CGCTGCCA	TATATCCTGCATAAATACGCAATATGTGGC	6A1
FBgn0035107	0.36	28	121	ATCAACTGACCGGCTGGTAGTCGGAACA	CACTGCCA	GAGCATCACAGCGCACAGAAAAACACTTTA	8m
FBgn0035121	0.35	61	208	GCGTGGAGCGCGTTGCTAGCCGAAAAGATT	GTCTGCCA	CATACCCGCCCTTTATATACATAACAACAA	6A1
FBgn0035146	-0.13	125	390	CAATAGTCACAAAGCATTTTGCCAGATCTC	CGCTGCCA	TCTGCTCCTTCGGAGTCCGCATGGCAGCAT	6A1
FBgn0035162	0.25	261	377	GCACATTAAATCACCGATCAACCACTAATC	GACTGCCG	CATATTTAAACTAGCATATAAGTCAGTGCA	6m
FBgn0035206	0.98	114	211	GGTTGAACAGCAAACCAATAGCAATTACTC	CACTGCCT	TTGTGTGGCAATTAGTTCGTTTTTATTAGT	7m8
FBgn0035229	0.16	26	748	GGATCGGATGCAATACCTAACGCTCC	CACTGCAA	TACTCATGCCACATCTCACCCACGGACATT	o6
FBgn0035246	0.02	978	1421	TTCCCAAAGACGTTTGGACATTTTGCGAAC	CACTGCAC	AGGACACTGGCCAGCAGCTAGACCCATTCA	o6
FBgn0035253	0.02	142	314	ATAGTTGTTATGCGCATTTAACTTGTTTTA	CACTGCAT	TCCGTAGCCCTAAGTTAGTCATCTGCCCAT	o6
FBgn0035267	0.77	178	583	ACATCCAGGACAGCGCTGGACACCTCCCAT	CACTGCCT	GTAGAACCACCTTTGGTTTAGAATCGTCGC	7m8
FBgn0035400	0.43	421	494	CTGTTGGTTCTCTTTGGGTTGGGATTACAT	CACTGCTA	GAGCTAATAATGTTTTGCAACAACAACAAA	o6
FBgn0035400	0.43	461	494	GCTAATAATGTTTTGCAACAACAACAAAAT	AACTGCCA	AATAATAACAAAAAAAAAACCAAGT	7A1
FBgn0035420	0.07	105	251	GTGCAACTTGCGGTACTGACCAGGACTTAG	CACTGCTT	ATCTAAAACGCCGTAATCAACTAACAATAA	o6
FBgn0035432	-0.20	50	176	TAATTGTGCAAACCGCTGCAATGGAGACTG	GTCTGCCA	TGGTGCAGCTTTCGTGTTTTTTTGTATCAT	6A1
FBgn0035473	0.20	321	366	CAGTTGGCGTACAGTGTATAAACAAGCAAC	CACTGCGG	TTTAAACCAATTAATAAAACTACGTTTATT	o6
FBgn0035505	0.07	218	314	AAATTGTTACTCTGAAGTGTCCTTAGCAAT	TACTGCCT	TTCTTAATATTTCCAATAGTAGTCTTGTTT	6m
FBgn0035517	0.10	37	123	GCCTGATTAGAAAAGCTCAACATAGACAAA	CACTGCGC	TGGCTGGAAATGCTTATCAGTCATTGTTTT	o6
FBgn0035539	0.02	307	338	CTGTATATAATTTTAATGTATATGAGAAAT	CACTGCAC	GAATAAATGCATTTTCTGATTTT	o6
FBgn0035578	0.20	65	288	TATGAACAAAGTATTGTAGCCCAAGCTATA	ATCTGCCA	TTACAAAAGAGCCGAACATATTTGAGTATA	6A1
FBgn0035710	0.27	163	267	ACCTACCGCCCCCCGCCCGCTTGAGGGCAA	CACTGCTA	ATAGTTTGTAATGCGTATTTTTGCTAAGTG	o6
FBgn0035720	-0.04	452	839	ATTCTCGAATATTGTACGTATCTATTCATA	CACTGCAA	AATCAATGTTTGCAATGCTCCAAACGAACC	o6
FBgn0035767	0.98	48	94	CATCCGTAGATCTAAGACACATCGTTGCAA	TACTGCCC	CTTAAACTAGCTTTAAAATACAGTGTTTAT	6m
FBgn0035807	-0.07	287	444	GATGTCTCAAATCTCTATTGTGGCCCAGTG	CACTGCTC	CTGGGGAGCGGCCTGCTTATTAAACGGGTC	o6
FBgn0035850	0.19	308	446	CATTTTTTAGTTTTAAGCCTCCGTTCCTGG	CGCTGCCA	TTGGAATGTGAAATGCTTTTGTCATACACT	6A1
FBgn0035853	0.19	135	207	CAAATTATTGTAATAAACGAAAACAAAATC	CACTGCGT	GCAAAGAAGAAGCCGAGTCAAGTCACCAAT	o6
FBgn0035872	-0.08	261	538	GCTGACAAGATTTTACCAACGACGGACGGG	GACTGCCT	CTGGATCCATCCAACTTCACATCACAGAAT	6m
FBgn0035896	-0.27	236	567	GTACGTGTTTGTGTTACACGTGAGTGGGCG	AACTGCCA	AATATACTTGACATTTTTATTGATATTCAA	7A1
FBgn0035993	-0.56	438	637	ATAGTTCATTTCAAAATGGAATGGGGAAAG	GGCTGCCA	ATAGTCACCGCAAAACAACAGAGCTCAACA	6A1
FBgn0036008	0.80	170	761	TGCTACTTTGATATACCATTATCTGTAATT	TACTGCCA	TTTATTTTGATAGACACTAAGCCCACTACG	7A1
FBgn0036052	0.10	177	756	GAGATCCTGCGCCCGATCCTAAACCCACAA	AGCTGCCA	AATGCGACCAACGCTCTCAAACACACAAGC	6A1
FBgn0036090	-0.07	231	262	TTTATGTGTTTCGTTAATGGCGTTACCCAT	CGCTGCCA	AATACACCAAGCGACATTTCAAT	6A1
FBgn0036144	0.19	484	1464	ATGCAATCACCTGCGACAGCCAGGACCTCC	AACTGCCG	TCTGCAGGATTCGTGCGAGGTCAGGGTCTG	6m
FBgn0036147	0.60	32	260	TAGCTAATTTAAGTCGTACTCTTTATATCA	AACTGCCA	TATCGGCCACTCCAAAGAACTGCATACTAA	7A1
FBgn0036194	0.06	22	267	GCGATTTGACCGGCTCGCTTCC	AACTGCCC	ACGGAGCCCTCCATCTCAATCGATCAGCCA	6m
FBgn0036196	0.61	454	606	CGGATTTAGGTATTTAGGACACGCAAAACG	AACTGCCA	CAAAACGAGAATAAGCGAATATTTTTTGTC	7A1
FBgn0036239	-0.20	37	343	GCTCGCTCGCTGGTGTTGCCGTGCACTTGC	CACTGCTA	ACGTAACGTGCCTCCGCCCATCATAATCAT	o6
FBgn0036309	-0.03	90	284	ATGACAAATAATATATCTACACAATATTTA	CACTGCGG	TCATTTTATCCTACAATGAATCCGTAATAT	o6
FBgn0036376	0.27	92	516	AAACCTGGCCAAGGATCCCCAAACTGAATG	AACTGCCA	CCTGAACCAATTATGCAACCAAATCCACAA	7A1
FBgn0036449	0.50	150	305	AACGTATGTACCTAACTTAACTTAGCCGTA	TGCTGCCA	TTGTATCATCGTCAGTTTGTAAGCGGCAAT	6A1
FBgn0036518	0.07	314	2445	TGCTAAACAAACCCCTACTGATGGTCGGCC	TACTGCCG	GGTGCCGAGCAGCCGCCCTCCGTGCGGAAC	6m
FBgn0036518	0.07	1660	2445	GTCCCAAAGGACCCTCTCCAGATTGATTTC	CACTGCCC	CGCCACTAGAGTTCTGTTTCCCCTTCATCC	7m8
FBgn0036537	0.12	203	286	CTAAGGGCCCAGCTGAATTTTTTATATACA	CACTGCTG	ACTTTTGGTTTATACTTTGAAAATAACACA	o6
FBgn0036538	0.24	171	269	AATATACAAATGCCAGTTTTTTCGTATACA	CACTGCTG	AATTTTGGTTTTGTTTTATACATTGAAATT	o6
FBgn0036553	-0.78	48	421	GATCTTAATTGAAAAGCTTGGGGTCAGCTG	CACTGCCA	ATTGGCGCTCGAAGCTCTGCTAATGGGGAG	8m
FBgn0036648	0.38	31	90	AACTAGACTGAAACTATAAGAGTTAAGATC	AACTGCCT	AATGGTTGAAGAAAAACCAATTTTAAATAA	6m
FBgn0036661	-0.17	231	581	AGACCAGAACGTAATAGAATGGAACAACAG	GCCTGCCA	TCCAGCCAGCCAGCGAGCAGCATCACAAGA	6A1
FBgn0036714	-0.26	387	591	GGAAAAAGCAAACGCATCCGCACTTCAATT	AACTGCCT	AATTGATGTGCATTGTGGCTCTAAAAAACC	6m
FBgn0036787	0.54	136	271	TTAATAACTAAATTATCGTCTTTATTGTTA	CACTGCAG	CCATGAATGAATGAATCTTTGAATCTTTTG	o6
FBgn0036790	-3.02	319	915	CTGTACAACCCACAATTTGAATAAATATTT	TACTGCCA	ATATACCCTCTTAAATAAAATATACGTAAA	7A1
FBgn0036804	-0.24	29	61	TCAGAGCTAACAATCATTTTCGTAGTTTA	TTCTGCCA	TAAAAGTACACCTTTAAATCAGTC	6A1
FBgn0036826	1.06	24	306	TTCGTGTTCATCAAGAATTACTCC	CACTGCCA	AAGAACAAAAACCAAAACATTTTATCGGGG	8m
FBgn0036828	0.04	265	391	CGCTCCTCGCGATTCACCAAGCTTACTTCT	CGCTGCCA	GCGTAGTCTGTGGGTTAAAACAAAGTGTTT	6A1
FBgn0036846	-0.14	32	196	TTATGGATAACTAGGGGTTCTTTCGCCCGC	CACTGCGA	ATTAGATTCTGAATTTACAAAACTCGTTTG	o6
FBgn0036847	-0.33	389	587	GCCACGAATTGGGGTCGACAATTAAAAGTT	GACTGCCC	TCAATGAGGTGGCCAGTCATAACCCCCAGC	6m
FBgn0036862	-0.06	827	1295	GCCAGTTGGATCGGGCTATTAAGATTGTGT	ATCTGCCA	GATAATGTATCATGATGATTTAAATGAATC	6A1
FBgn0036893	0.99	21	228	ATCTAATAATAAAACTCTTCA	TTCTGCCA	CCAAGATTATTACGTTGCGCTGCCACTGAA	6A1
FBgn0036893	0.99	46	228	CTTCATTCTGCCACCAAGATTATTACGTTG	CGCTGCCA	CTGAAATCCACTCATCCACTAAGAACCACG	6A1
FBgn0036909	0.58	55	142	TAGGTGGATTTATTAGCAGAAGTCTCATGG	AACTGCCA	AGCCAGAAGGCATTTACATGCACTCCGTTG	7A1
FBgn0036920	0.74	164	361	ATTTAAAAAAAAAAGTTGTTCTAGTGATTT	TGCTGCCA	TTAATGTCCAAAAATCCATGTGAATATCAT	6A1
FBgn0036934	-0.45	340	2217	GGGTGTGTTAATGGAGTGTGCCGAGGGCAG	AACTGCCG	CTTTATACTGCTATTTTTTGTCGAATTTTC	6m
FBgn0036934	-0.45	509	2217	TGTCGTTTTCAATTTGTACCTACTCGCAAC	AACTGCCA	GACGACACTTGTCGTTTTGGTTTTTGGCTT	7A1
FBgn0036997	0.70	59	142	TGCTAAGTAATGAAATCCAATCGCATTTAA	CACTGCAT	TTATCTAGTGAATAGCAACACAAACCACTG	o6
FBgn0037015	0.26	263	444	ACGTATGTATAAATTTGCAATTTTTATTCC	TACTGCCC	CCGAAAAGAAAATATACAAAACAATAAATT	6m
FBgn0037094	0.28	132	499	TGATGGCGCATCGGGGTCGTCGTTGCTACA	AACTGCCA	TTACAACAATATGTATGAGCAGCATGACTT	7A1
FBgn0037102	-0.16	64	76	GAACTGTTGTATGTTACACTAAAATAAAAA	CACTGCAA	AAAG	o6
FBgn0037166	0.03	252	269	CTAAAATAAATACGCATTACGAATGAATCG	CACTGCGT	TGTTTGAGC	o6
FBgn0037184	-0.01	233	310	GCCATCAAAAATATCATGTCTTTCTTTCAT	TACTGCCC	ACATATTAGGTCTTAAAAATATTTATTTAG	6m
FBgn0037235	1.02	246	410	CATCGGAATAAGACAAACTAAAGCGCACAG	CACTGCCC	ACACCTATCCATATTTATATACCCTTTACA	7m8
FBgn0037235	1.02	335	410	ATCGAATGTCATTTTTCTATAACGTGTATT	TACTGCCA	TCGGCAGCCAAGTATTTTTATGTGCATATT	7A1
FBgn0037299	0.60	35	267	TGGTCCTTGGTCCTTGGTCCTCAGCGAATT	AACTGCCA	TGGCGCATCAGTCTGCAGCAGAATCCTCTC	7A1
FBgn0037332	0.33	201	486	ATAATGGATAATTTAATCCACTAAATTAAA	TACTGCCA	AAGAGAATTATATGTTAAAGGAAGTCTCAA	7A1
FBgn0037332	0.33	422	486	GATCATTGCTGACCTTAGACCACTGAGATT	AACTGCCG	CACAGGTCTTATCTTAAATTTAAGATGGAT	6m
FBgn0037336	0.02	1050	1522	ACGGAGAGAATTATGAAAACAAATATGTTA	AACTGCCA	CAAATCAAAGTATTACTTTTCCTTCAATCC	7A1
FBgn0037336	0.02	1096	1522	AGTATTACTTTTCCTTCAATCCACTCCACG	CACTGCTC	ACGATCAATTCAACATATTATATCCCTTCG	o6
FBgn0037344	-0.06	307	774	GTTCACCACCCATTTTTCGGTTACCCAAAG	CACTGCAA	AACTTTTTATTTATATCAAGACTAGTTCAT	o6
FBgn0037408	0.02	53	530	CAGGCGGCTGGAGCAGCATTCTAGGGAGGC	GACTGCCT	GTCACCCATAGACTTAACACGTATTGTCCA	6m
FBgn0037442	0.28	122	477	TTTTTCGTTTGGGTTCGCGATCAGCGCTGT	GGCTGCCA	GCTTCTTTGTTTTAAACAATTAACATATGT	6A1
FBgn0037468	-0.01	41	516	AGGGAAGGAAGTGTGCCCGGGAGCAGAAGC	AGCTGCCA	AGCATTTAATGACTCACCATCACATCCTCA	6A1
FBgn0037546	-0.11	70	1317	GAGTTAAATCCCTGATAGATTTCCATTTTG	CACTGCAC	TTGCGCAAAGGACCAGACACTTCAGAGCCC	o6
FBgn0037578	-0.16	95	210	GTCCATGGAGCTAAGCAGTTTCTCGCCAGT	CACTGCAC	TAACTCCGGCCACCAGCCAATGATGTGTGG	o6
FBgn0037614	0.36	424	1846	CTGCTCCAGACCTACCGACTGCGCCTGGAG	TACTGCCT	GTGCACGCTGCAGATCGCCCTTTACCTGAC	6m
FBgn0037623	0.01	16	834	ATTGGAGGAAACGCTA	GACTGCCG	ACTAAGCTTTTTATACATTTTTCTCACGCA	6m
FBgn0037647	-0.01	180	381	TATATGTTTTTTATCGCTCACTTCCTTCAT	GACTGCCA	TAATAGTTAATGGTGTAATTGTAAATATGG	7A1
FBgn0037659	0.18	868	1041	GCGCTATTGCCGCACATAGTCGATAAGTCA	ACCTGCCA	AGCTCCCTAAGGACCCTCCCCTTAGTTCCC	6A1
FBgn0037698	0.37	277	3080	CACTTCTCTATCTATCCCTTAAGTAGAAAA	CACTGCGA	CTCGCTGTAGGTTATAAGTCAAGCCAAGGA	o6
FBgn0037698	0.37	1348	3080	CATATATTAAATTAAATGGTACAACAGTAA	ATCTGCCA	GCAATTTGAACAACAACAAGAATCACACGT	6A1
FBgn0037705	0.04	153	942	CCATCACTTGATGTAACGCGCAACGAATCC	AACTGCCA	AACCGTCGACGCTTCCTCCTCAGCTGTATG	7A1
FBgn0037720	0.42	283	495	CGCATTTGTAAATAAATTAGTCGCCCTACG	CACTGCAT	GTACTATATACATTTACACGATTGTCATTG	o6
FBgn0037747	-0.94	112	601	GGCAAATGCTTGAAATTCTTTACGGGTTTT	ACCTGCCA	GCAGCTGCTTCGAGCCATAACCTGTGGATG	6A1
FBgn0037747	-0.94	157	601	CTTCGAGCCATAACCTGTGGATGCCAGGCA	GTCTGCCA	AGTGCATGTGTGATTGCCTCGTTGCTCTGG	6A1
FBgn0037754	0.13	2211	2466	CAATTAATACGCAACTCACAAATGAGCGCC	CACTGCTA	ATAATATTATTATTAATAATCGCCTGAGCG	o6
FBgn0037758	-0.35	173	691	CACCCGCGGTCCAGCCACTGGGCCGTGATG	AACTGCCA	GCAGGCATTTACCCAATCAATTAATCTCCA	7A1
FBgn0037834	-0.02	20	285	GGGCAGCCATAACCAATCCG	ATCTGCCA	TTTGGGATGGGGCTCAGAGCCCTGCAGCGA	6A1
FBgn0037842	0.60	71	219	AGGCAAGTCTTTCCACCTGTCATCTTTTTA	TACTGCCC	TTCTCCGCCATAATGAAAGCATAACTCCTC	6m
FBgn0037856	0.15	839	1184	AACAGGTCTAACATTACTATTTATTTCTCT	CACTGCAT	TACGTGTTTAGCATTTAAGTACTTAAGCAC	o6
FBgn0037878	-0.20	210	237	ATCAAATCAAATAAAAGAATACAACGTTAT	CACTGCGA	AATGCTGCTATTCTGATAT	o6
FBgn0037884	0.07	174	653	TGATTCAGTATGCGATGCAGTGGACAGAAA	CACTGCAT	GGCGAACCATAACAATATTTTCGTGCTAAG	o6
FBgn0037911	-0.10	82	348	CGTTGTTAGTTGCAATTAAAGATAGCAGAT	GTCTGCCA	GATGTCCGACTGTAAGGCAAATGTTTCCCT	6A1
FBgn0037911	-0.10	154	348	GGTGCTAAATAGTGAATTACGTAGATAAGT	CTCTGCCA	ATCTGTCATAAAACGCCTAGAAGTAATCTT	6A1
FBgn0037913	-0.16	693	1119	GCAGGGTCTGGAAGCATCGAAATACAAGAA	CACTGCCC	ACTGTGCGGTGGAGATCTTGAAGAACGAAG	7m8
FBgn0037926	0.20	87	122	TCGTCTCAGTCTCCCACTTTTGTTAACTTT	CACTGCTT	TAAAAATAAATGTAGCATTGAAATGCT	o6
FBgn0037993	0.08	338	987	AGAACATTTCCATTATTTTAATCAATTGGA	ATCTGCCA	TGGTTGTATCATATATAAGTTAAATAATCA	6A1
FBgn0038100	-0.19	323	337	AAAAAAAAACCTTATAAAAAACAACTGAAC	CACTGCAA	AAATAC	o6
FBgn0038166	-0.24	71	411	TCCTGCCCTGCACTTTAGTTATCAGCCCAT	CTCTGCCA	GGCCGACGAACATGGTTGCTCCAAATTGTG	6A1
FBgn0038195	0.19	305	549	TCGGGCAATATGTGAAAGCGAAGCAAACGC	AACTGCCA	AAAAGTCATATTTACACGATTTACGAATAT	7A1
FBgn0038196	0.41	58	162	CGTCTGTTTCTTTTATGTAGCGTAACAACA	CACTGCTT	TATTTGTACATTTATAAACTCTAGCGAAGA	o6
FBgn0038282	0.17	430	700	GCAGAACGAACCCTTCGGAAGGCTGCTCAA	CACTGCAT	TAAAGACACAAACAAAAGGCAAAGGGAAAA	o6
FBgn0038282	0.17	504	700	CCAGCAAATACCAGAACAGAAAACGCTTTC	GACTGCCA	CTTTGCTACTGTTTCCTCGAAGCATGGAGA	7A1
FBgn0038294	-0.33	759	898	TTTAGAAAAATGTATAAGGCATATATGTAT	ATCTGCCA	CAACACATCCAACATTCGGCCTTTCCATAT	6A1
FBgn0038320	0.02	458	629	ATCAAATTAGCCAAAGAATTGAATTGACAG	CACTGCGA	AAATAAAAACAAATTGGCTTTAAACACAAT	o6
FBgn0038325	-0.04	251	550	TCTCTCTTTTGTTCGACCTGTCGTCTCGCA	TTCTGCCA	AAGTTTTTCAGCTATTTCCATGTTCGAGCA	6A1
FBgn0038369	0.52	100	162	TACTCGCAGCGTGGTCCTAATTTGCAGTAT	CACTGCCA	ACGTGTCACAATTAATTAAATTCATTAACC	8m
FBgn0038438	-0.01	278	335	AAGGGATGAATCCACGACAGATTGAACCTA	CACTGCAC	ATGTGATGATTATATATATACAAACCATGC	o6
FBgn0038467	0.41	344	769	GCCACTCGGGCTGACATATCACGACTCCAA	TGCTGCCA	CGGCACAGTGGGTCTTCGGGTCTCATGCCG	6A1
FBgn0038491	0.12	459	1259	GAGGCATACATCCGAAAGTAAAATAAGTAC	CACTGCAT	CATTCTTCGACGATTTCTGTATATGATTCA	o6
FBgn0038491	0.12	928	1259	GCCAGCTTATTGCCTCGATCGCAATCAGCT	AGCTGCCA	AGCTGGCCATCAAGTGCTGGCGCAGCAAAC	6A1
FBgn0038504	0.27	312	1978	AAACGTTATACCAATGTCCCGCGTATTGTA	AACTGCCC	CGATTTGCTTTTTATTCTTTCTGTGTTCAA	6m
FBgn0038504	0.27	1239	1978	AACATTTTTATTCGGCACCTTTTAGCTCCG	ATCTGCCA	TTATGGTACTACTCCATTGAATCAGCTCAA	6A1
FBgn0038540	0.04	244	296	TGAACTCTTACATCGCATCTGCGATCGGTT	GACTGCCC	CTTGACTTAAGGCCAAATTTAGAAATAAAC	6m
FBgn0038564	-0.18	127	862	ATTTCATTCAAGTAATTTTTGTGGCACTTT	CTCTGCCA	ATGCGGACAACTACCTTTAAAAAAAATGAA	6A1
FBgn0038659	0.13	1654	2324	AAGATGAAACATTTGCCTCGTGGACGGACA	GACTGCCA	GTGCGAACATTTCCAGAGGATACCCCATCT	7A1
FBgn0038659	0.13	2280	2324	CGCCTCCAGTCCAAAAAGTGGGTGAGGTCA	TGCTGCCA	GGACACGAGTGTTTGCCAGTCTGGGCTGAT	6A1
FBgn0038662	0.59	90	405	GTTTACCCAACAGCAGCAGCTATCGCAATT	TACTGCCA	CCACACGCAACGAAGATCTAGCAAATTGCA	7A1
FBgn0038662	0.59	126	405	CACCACACGCAACGAAGATCTAGCAAATTG	CACTGCCG	CAATCCCATTCAAATCAAATCCAAGTGGTG	7m8
FBgn0038683	0.33	265	728	ACGATTCCCCCACGAATTCCGGGCACAGCA	GACTGCCG	GCTCCGGCGCGGCTCATATCCCAAATGACG	6m
FBgn0038809	0.02	236	730	TTCTTGTTGTACACCAGCATATTGGGGACG	CACTGCTC	CCCACATGTACATGTATAGAGATGATAGAA	o6
FBgn0038870	0.28	19	204	CGTAGCTGGTTGCCACCTT	CACTGCCT	CCACTTTTAATGTTCCTTCATCTTTGGTAT	7m8
FBgn0038893	-0.17	304	643	TTTTTGTGTACTATTCACTTTTTTTTTGCC	CACTGCTT	TGTGAATTGGCAACGTGTTGAATTCCCAGA	o6
FBgn0039064	0.20	997	2725	ATAATTAGCATAAAATCTGTTAACGATATC	GGCTGCCA	TAGTATTTAACTGGTCTAAATATCAGTATG	6A1
FBgn0039132	-0.15	112	176	ATAACGTGTGCTGCACTTGGCACTTTACAG	CACTGCTC	CATCCACTCCTCAACACTAGTGTGTGATTT	o6
FBgn0039137	0.20	141	630	TTAGAAATTGGCGCCGCATTAAGTTGATTG	TACTGCCA	TACAAATTTTAAAGTAATTTATATGTACAC	7A1
FBgn0039137	0.20	244	630	GGTGTATAAACAATCCATCTATTATAATTG	CACTGCTT	ATTGAGAAGCCAGCGCGACGGACTCATACT	o6
FBgn0039158	0.23	108	389	CCCACCGTTTGCAGTTCCAAGGTCACTGGA	CACTGCAT	CCAATAGGAGAGCAGCTCCTCCGTGTAACC	o6
FBgn0039167	-0.12	492	2074	CAGTCCGACTTCCATTTCAACTTTCACTTT	CACTGCGG	CGGCGGCGGCGTTTTGTATATCTGTATTTT	o6
FBgn0039189	1.74	34	116	ATAGTTTATAGTTGTGAGTTGCGAAGATTA	CACTGCCC	ATGTTGAGTATTGAATAAAATATTCATTTG	7m8
FBgn0039207	0.90	222	715	TAAGTTTGTTAACGAAAAGTCTAGAATGTG	TACTGCCT	TATACGTATTGTACTTAGATGTAATCTCCA	6m
FBgn0039212	-0.05	146	165	ATAAAAGGAAAATATTTGTTTAGGCTATTC	AACTGCCT	TGTTTCAATTC	6m
FBgn0039214	-0.21	243	1134	TTTCGATGAAGTGGAAAGTGCTGGGAATTC	GGCTGCCA	CGAAAATCGGAAACTGGTTTTGGGGTTAAT	6A1
FBgn0039226	0.28	164	359	CTTATTGAACTGAAGTTTCATGGTTTCCTA	ATCTGCCA	GATTGCACGGTCTTCGAAATCGAAAACTGG	6A1
FBgn0039282	0.14	574	1053	AATAAAGTGTATGTACAAAATGTAAGGGCT	AACTGCCA	ACATAGGTTATGTATATATTTAAATTTGTA	7A1
FBgn0039283	0.03	148	411	ATTTGTACTTATCAATTAACGTATTAATAT	CACTGCAA	CAGGTATTAATAGCTCAGCATACTATAGCT	o6
FBgn0039349	-0.14	22	127	AGTCCGATGGAGGGATCACCCC	CACTGCTT	TCATACGCTGTCTTCCACTAGAATGCGATT	o6
FBgn0039402	0.54	15	381	GCCGCTACTAAGAAC	CACTGCCT	GTCCACTTTATGTAAGAGCCACCACCCGTT	7m8
FBgn0039532	0.14	228	395	ATATTGTACGAAATTCTGTGAATCGAAATG	TACTGCCA	TCAAAATTCGTATGAAATTTCTCTTTGTTT	7A1
FBgn0039561	-0.03	203	1186	ACCTGCCGTTCCGCCAAACCACCGCCTGGC	CACTGCCC	CACCACCGGCCCGCCCGGACCCAGCTGCTT	7m8
FBgn0039590	0.07	869	1456	TTAATTAAATATTTTCTGAAACTCTACTCC	CACTGCAA	AGCAGCAAATCACAGACACAACAAACAACG	o6
FBgn0039625	0.70	256	288	GCGGATATCGACATGTTAAGCACGCTCTGC	CTCTGCCA	ATAAAAATGTATTGAATTTAATCT	6A1
FBgn0039734	0.53	55	156	GTTTTAATCTTCCGTGAGCATTCTTCTTAA	AACTGCCA	CAATTCGTTTACATTAAGTGACATATTTGA	7A1
FBgn0039743	-0.05	166	329	AAAATTCAGCTAAATTCCTTAATTCTGTTT	GCCTGCCA	GGTGCATGTCGTGTTACGCTGCGCTGATGG	6A1
FBgn0039827	1.24	55	76	CATATATCACAAAGTACTTTAGCTCAATTA	AACTGCCA	AAAATGTTTGTGT	7A1
FBgn0039844	0.37	168	1234	CAATGATATACATACGAAATACACAACAAC	TTCTGCCA	GCTCCTGGGCGACTATACGATATATACCAT	6A1
FBgn0039869	0.65	20	232	AACCACCCCAAAACTTAATT	CACTGCCC	CTAATGTCAGCATTAATGCAAATTCCTGAT	7m8
FBgn0039946	0.06	301	1001	GGATAATTCCGACTGTAAATTAAAATTTAG	CACTGCGT	CAACATTGTGGCAGGCAAGTGACATATATA	o6
FBgn0040087	0.63	56	149	CCACGTACATGTTACAACTGGAAATTGCTC	GACTGCCC	TAAAAACGTTAAAATATCTTATATACACAC	6m
FBgn0040207	0.30	149	474	TCCTGGGGAGTGGCCTCATTTGTCGCTCTA	AGCTGCCA	AACTAAGGAATTTTAAACAATCGTTTCCGG	6A1
FBgn0040212	-0.33	81	737	TATTGGCATAATTAACATTCCCTATTTTCC	ACCTGCCA	TTTAAGAGTTTTTGATAATGTACATAGCGA	6A1
FBgn0040239	0.10	571	901	TGTAAAGAAAACTAAGGCAAACCACACATT	CACTGCGC	ATCCTTGCTGAGTTGCTAAGTTGCTGAGCC	o6
FBgn0040324	0.85	383	821	CAAAACAGATTAATGCGAAAGGCCACTTGA	CACTGCCT	AGCCACTGTGTCTTCTGTCCTCTCTTTTAT	7m8
FBgn0040337	-0.04	49	140	GAAAATAAACCAAATGTAAGAAGGCAGTCC	AACTGCCA	ACACGGCATGTATAGATAGCATGGTAAATA	7A1
FBgn0040340	-0.06	184	367	TTTGATGTAATCTCGTTAGCTCAAAACTAC	CACTGCAA	CATTTCTGCTGCATTTACTTCCTCGACACA	o6
FBgn0040372	0.12	190	752	TCGAAGCCCGGTCGGCTTTCTTTCTTTTTT	GACTGCCA	AATGTTTCGTGGTTAACCACTTTTTATCTA	7A1
FBgn0040571	0.05	179	3169	CAACAAAAATAACCCAGAGTGGCTGCGCCC	AACTGCCG	GCTTGCGTTTTTTCTCCTTGCAACCCCAAC	6m
FBgn0040752	-0.02	98	827	CAGTCATTGCCACTCACAACGAATAGCCGC	AACTGCCT	GCACCCAGAAAATGAAGCGTGACGACCACA	6m
FBgn0040900	0.03	66	154	TTTTTTTTTTCTCGATCGCTCCATGCTCAT	CACTGCAC	CATCATTCGTATATGTATATGTACTGGTTT	o6
FBgn0040929	1.44	234	528	ACAATTACCATATATATATATATATGCATA	CACTGCCT	AAAAGGAGATGATCTCTGTAAATTAGTTAT	7m8
FBgn0040929	1.44	368	528	GCGGTTTGAAAGTGTCTAAATTAACGAAAC	GGCTGCCA	CATAGATCCTAATGCGAAAAGCAAATATTT	6A1
FBgn0041004	-0.07	418	507	TTGATTTGAAAGCATCTCAGAAAGTTGTGG	GACTGCCA	TGTTGTAAGTTTTGGTATGTTTAATATTAT	7A1
FBgn0041171	0.13	862	1133	TCCAAATTCGAAATTCCTCATTTGCCAGGA	ACCTGCCA	CATTTGCCGCACATAGCGTTTAAGAGTCAT	6A1
FBgn0041171	0.13	956	1133	ACACCCACGAAACAGCAACTGCAACATGAA	CACTGCAA	CACAACAACACTCACACACGTGAAATCATT	o6
FBgn0041605	0.17	246	1143	AATCGAACAACCCAATAAAAGTCTATAAAT	AACTGCCC	ACTAACCGAACTATCTATCTCTCTATATAT	6m
FBgn0041605	0.17	821	1143	TACAACTTTCGACTGCTCTAGCTCTTTTTT	CACTGCCG	CTTATTCTTTGTAAATGTATCTTTAATATA	7m8
FBgn0042092	0.12	205	252	ATATGCTAACACACCTTACCGATTGATCGC	CACTGCCA	ATGGGGTCAGTTGGATATGGTTAATTGAAA	8m
FBgn0042134	0.25	470	881	ACAGATGGGCAAAACTTGTATGTAACTTGG	ATCTGCCA	TTTCTTGCTTGATTTTACTTTTTGTCTGTT	6A1
FBgn0042134	0.25	708	881	TGCTCTATCCCATTTCAACACCTTTTTTTG	TTCTGCCA	AACTTTTACACACAAACGATGAAAACAAAA	6A1
FBgn0043012	0.08	28	200	CGGCCCAATTCATACATATGTATATCGG	ATCTGCCA	GATGCATTCCCCCAGGCGCTACACCCGCCT	6A1
FBgn0043884	0.02	215	839	CGGCTTCTTCTCCGCAATCCTAAATCTTCT	AACTGCCT	GTCAACTTTCGTGGAAACCAACTAACAGCA	6m
FBgn0044047	-0.25	95	245	CCACCACTCCACCACTCCGCCACACCCATC	CACTGCAA	ATCAATTTACACCACTCCCATCATTCGTAA	o6
FBgn0044324	0.17	346	900	GTGGGAGTCAAGCAGTTTTACGATAATTAT	CACTGCAG	TCAAGGTGAGAGATTCCGCCAGCGTTAAAA	o6
FBgn0044823	-0.08	540	997	TTTCGAGATCGTTTTTAGAGCTTTTACGAA	AACTGCCT	TATAATCACAACCAGTCTGACCTGACCTGA	6m
FBgn0046222	0.11	22	131	TCGCTATCCCACCAACACTGTT	TTCTGCCA	ATCTCCTTTGCATCTTTTGCTTTGTAATGC	6A1
FBgn0046685	0.72	75	310	ATTCGCATAGAGTAGATTTCGGTTCTGAGT	CACTGCTG	CTAAGAGAAAACATCACTTCATTTCGATTT	o6
FBgn0046704	-0.45	343	618	TACGTAGTTGCATTGGCGCCAAGTCGCTGC	CGCTGCCA	GGCGTGTACAAGTTTTAGAAGCTAATCAGT	6A1
FBgn0050011	-0.02	23	460	GCGATGTTCTGGCAACGCGTATG	CACTGCAG	TAGAGACCACCCGAGCAATCAAGTATAGTT	o6
FBgn0050418	0.23	649	667	AGGACGAAAGTGTCGCAAATAAATGTGAGC	CACTGCTA	AAGAAGACCG	o6
FBgn0050466	0.19	187	244	CAGGAGTTCTTCAATGCAAGCTCCTCTAGA	AGCTGCCA	AGGATTGACAGTACTATTAGTTACAAAATA	6A1
FBgn0050497	0.40	490	1163	GCTTGGTGCTGACACCTCAGCAGATCAACG	GACTGCCC	GTTTACAACCAACTGGATGATGGCGGACGA	6m
FBgn0051030	0.14	94	286	TGAAATAGTACTTGTTATGAACAAGTGTTT	AACTGCCT	GTCATGTTCTTCAAAATTCAGATGATTTCC	6m
FBgn0051191	0.24	1203	2568	GTAGCTTTGTAATCCCTCTGCCCAAACACA	CACTGCAA	AAACTCGAGCACAAGAGACCAAAGTAAAAC	o6
FBgn0051191	0.24	1681	2568	TATATATATATACATATATGCATATAATTT	AACTGCCT	CTGCCTCTCCGAGCGTTTAGTATGAAAAAA	6m
FBgn0051224	-0.01	665	1020	ATTTGTATTTTTCTAATTGAAGAGAAAACT	CTCTGCCA	GCAATCGAACGTAAGCGAACACAACTGTCA	6A1
FBgn0051235	-1.23	45	219	ATGCCTGGCACGCGGCCCGAGTTCCTTGGA	GACTGCCA	ACTGCAACGTCTATTTGCATTCGGTTTAAC	7A1
FBgn0051326	-0.55	97	187	TAAAATCACGTAATCGGAAGATCCATGTAT	TACTGCCT	ACTATTGCGTTATGGGTAATTCTAAGTGGA	6m
FBgn0051646	-0.50	488	630	TATTAGCCCAGTTCTAGCTTAGTTTCCAAG	CACTGCAA	GCTGTATAATAACTATTACATAAACAATTT	o6
FBgn0051663	-0.01	23	219	TGGACTGCCAACCCAATTCTCTG	ACCTGCCA	CACGTGGCGTATGAGTGATATTAACAAACC	6A1
FBgn0051665	0.02	405	1740	TGCTTGCATTAAGCCTTCTTCAGTTGCCCG	GACTGCCA	AAGCTTATTTGTCCGAGAAAACCTAAATTT	7A1
FBgn0051665	0.02	1322	1740	GCAAAAAAAAGGTCGGCACAAAGTGGAGCT	CACTGCGT	TTTAAATCAAATAAAGTGGAAAAAAAAAAA	o6
FBgn0051694	0.27	324	544	TGGATCTTATTCTTTGTGAATTTAAATTAA	CACTGCGA	TTGTTACGACTGGCATTTACGCTTTGCGAT	o6
FBgn0051915	1.10	61	518	TTGACTAGACTAAGTTAGTACTAGCCTAAC	AACTGCCA	AATGTGCCTTTAATCCAAATCCACCAAAAA	7A1
FBgn0052017	0.11	450	1925	ATGTTTCCTGATATACTAAATAGGAAAACT	CACTGCAC	TTTAGAAATGAAAATTCTTTATATTATTGT	o6
FBgn0052057	0.03	896	1887	CTATGGGAACTCGGAGAATGCATGAGAAAT	TCCTGCCA	AAAAACCCGCTTCGGTTTGAAGTGCGACTT	6A1
FBgn0052204	0.14	268	1389	AATGTTGTGGTCAGCGTCAACGCCGACGTC	CACTGCGA	CGCGTCTACTGCGCTGTGAATCTGTCCATC	o6
FBgn0052204	0.14	510	1389	CTTGAAACATACTGTCTCAATGTCAGCAGA	CACTGCAG	CTTTAAATGTAAATAATTTACATACAATAT	o6
FBgn0052206	0.12	1323	2896	CCAAACCAGAGATATGCACTTAATCGAGAG	AACTGCCA	AAGGATTAGACAACAAAACAACAAAACAAT	7A1
FBgn0052206	0.12	1735	2896	CTGCAGTGGGAATTTTAAAAATTTAAGAAC	CTCTGCCA	CGCCGGCAGAGTCCACATCCATAAAAACCC	6A1
FBgn0052206	0.12	2148	2896	AAAAGGGCGCATAGGCCGAAAATGCATTTT	TACTGCCG	CCAATTGAGGACAAAACTAAAAATCGAAAA	6m
FBgn0052221	-0.04	145	176	TTTTGTTAGTGCACAACGATGTAACTTTTT	CACTGCAT	AATTAAAAAATTACGTCATATTT	o6
FBgn0052243	0.55	36	105	ATTTTGTATTACCTTACCTTATGTGAATTC	CACTGCCT	TACGATCATATAATAAAAGCCAAATATACA	7m8
FBgn0052280	0.13	221	640	TCGCCCAATCCTTAATTGTTATGTGTATGT	TTCTGCCA	CGCTAAAGATAGTAAATACGTATACATTAA	6A1
FBgn0052350	0.04	126	239	TAAATGTACATAAATCGATACATTATATGG	CACTGCCA	AGCCACCAATTTTCTATTTTAAATGTGAGG	8m
FBgn0052406	-0.04	127	690	GTGATACTCTATGAAAAAGAAAAACACAGA	CACTGCAA	ATGAAACGCCTAGCTGATAAATGGTGAAAG	o6
FBgn0052484	-0.19	137	505	TTCTACATATTTCGTGTTTTTGTGGCCTGC	TTCTGCCA	ACCAATCATGTATTGTTAACATTTTAAACA	6A1
FBgn0052528	0.10	252	588	ATATATATATTTATGTGTCGTACGTCTAAC	CACTGCGA	TCTGCTCCAGATTCAGATTGCTCGGAACAG	o6
FBgn0052529	-0.13	609	1729	AATTTATTTATTCTGACTACACACCCCACC	CCCTGCCA	ACCCTCACACACATGCGGATATTTTTGTTA	6A1
FBgn0052529	-0.13	894	1729	CAAAACTAAATCCATTTGCTCTGTAGAGAT	CACTGCGG	CTCTCCGAATAAGAACAAGCTTTCAACTTT	o6
FBgn0052532	0.20	927	1152	CACTCCCCACTGACCCACTCCCTACTGACC	CACTGCAT	CCCGGACCCACCACTACCACCGCCAACCGA	o6
FBgn0052594	-1.60	79	495	GTATATATATATATATATATATACCTATGA	ATCTGCCA	CAATCTGTCACACCTGCCAGCCACAAAAAA	6A1
FBgn0052594	-1.60	98	495	TATACCTATGAATCTGCCACAATCTGTCAC	ACCTGCCA	GCCACAAAAAAGAGTATAAGATGAGTGAAT	6A1
FBgn0052666	0.06	71	2091	TCATCGCTTTCTGTGCTGCATGTAACCACC	AGCTGCCA	TGGCTACCACTACGACCACTAATACGACAC	6A1
FBgn0052758	0.03	206	701	TCGTTAGTGGTTCGTTGGTGGGGGAAACCG	AACTGCCG	AATACTCCGCCTTTGAGCCCACATAACACA	6m
FBgn0052791	-0.04	53	1666	GTACATTCGACAAGAGAATCAACAACGCAT	CACTGCAG	CGAAGAAAGAAGTGGATCGTAAGGATCGTA	o6
FBgn0052791	-0.04	968	1666	ACCCAATTTCTTTTGATTTATGCTACTTCC	AACTGCCT	TTTGTTGATTTGTACAACTTTGATTGACAC	6m
FBgn0052791	-0.04	1634	1666	CCTCGAGACCCCCAAAAACCCAAAACAATC	CGCTGCCA	GAACTTAAAACTAAAATATAATAC	6A1
FBgn0052843	-0.21	214	768	TCAATGTCATTGTTGTTAAATGTTCAGAGG	CACTGCCG	ATAAAGAAGCCCAGCTAAAATCTTAAAAGT	7m8
FBgn0053080	0.37	39	348	TATAAACTGATGCACCTGATGCACCTGATG	CACTGCAT	CCATTCTCCCAGCAGAACCCATGTGATATC	o6
FBgn0053095	0.12	241	400	TTTGCATTTATATTAAGTAACACTATAATG	CCCTGCCA	ACAATATGGGGCTAAGTTTTAGGCTTAACT	6A1
FBgn0053116	-0.46	779	898	TCAACTGTAATGTGACGTCGTCCATAGCGC	CACTGCAC	GCTTTATTGTATGGAATCTATTCATGTACC	o6
FBgn0053147	0.36	1230	2345	TGAATATAGCCGTATTCTAGTTTAATATCG	CACTGCCT	AAACCAAAAAATAGTTATGTCTGTTTAGAT	7m8
FBgn0053180	-0.13	81	350	TTCATTCATTTTATTTATTATAATATATAC	TACTGCCG	AAAATACTTGAGGTCTTAATATTGATTTTT	6m
FBgn0053202	-0.29	81	1367	AGACAGTGAGAAGATGGGGGAATCCCAACA	CTCTGCCA	ACGTAAAAAGTAAAAACCAAATACATTCGA	6A1
FBgn0053202	-0.29	576	1367	GTCAGGAAGGGGAATCGGGATCTGGGAAAT	TCCTGCCA	TCAAACGAATGCCATTTTGGAAAAATGCTA	6A1
FBgn0053229	0.20	328	848	CTTCAAATCGAAAGTGGTGTGAGTCATGGG	CGCTGCCA	CCATCTATGCGAAAAGCCCACCAAGCATTG	6A1
FBgn0061469	-0.25	105	375	AGACTTTGATCGGTTTGAGTTCGTTTTGGG	TTCTGCCA	TTTATTTTTGATACGACCTGTTCAATGAGA	6A1
FBgn0069969	-0.08	128	422	TTGTCACTTACGATTGAATACATATAAAAA	CACTGCAT	AATCATTATAACATAAAACCCAAATGCATG	o6
FBgn0083068	0.62	129	415	CCCTCCCAGTGTTGCAAAATGCGCTGCCTA	CACTGCCC	AGCCAACAAACAGTTAGCGGTATTATTTAA	7m8
FBgn0085188	0.34	195	363	TGTGTAAAAAAAAAAAAAACGATTTAAATC	CACTGCCA	GCTGAAAGGCAAACCATGATTCAATAAAGT	8m
FBgn0085405	-0.17	29	187	GGCTGTCGCCGGGGAATCTCCCCACATCG	CACTGCCT	CAAAAGCGGATGAGTAATTTATTTTTGCCT	7m8
FBgn0085434	0.18	361	1965	AATTGAGGAAGAGCAAATTTGTCGGTAGTT	TACTGCCC	GATTTAGTTGTAGTCAGAATGCCTGACCCA	6m
FBgn0085434	0.18	455	1965	GGCCTTCTATTCTCCTGCCGTGGGCCAACT	TTCTGCCA	CATTTTCGAAGGTTGTTTTTGAACTATACA	6A1
FBgn0085434	0.18	1134	1965	ATCCTAATCCCAGTCGGGATTAACACACTA	CACTGCAC	TCTTATCGAGACCCAAATTAATCCGTAATC	o6
FBgn0085442	0.01	1429	2368	TTCCTTCCACCGACAGGATAAACTCTCGCT	GACTGCCT	CCAACCTGCAATCACTCAACAATGACTTTG	6m
FBgn0085442	0.01	1629	2368	AGGAACCACCGAGCCTTCCACCGCCACCAC	CTCTGCCA	TCTGCAGCTGGAGCCTCAATCCTGCACGCG	6A1
FBgn0085442	0.01	2017	2368	TTACGTCAGCACCATGTCGTTCTCCAAAAG	AACTGCCT	CTCGGGAAAGCATTCGCTCAATGGCCTTTC	6m
FBgn0086355	0.03	39	261	TCTCAAGCATCAGATCGCTTTCGGCCAGCG	AACTGCCC	GCGAAGGAGGCACTGGAGGGCAGGACTCCA	6m
FBgn0086358	-0.58	130	391	TTTAAACTAGTAGGCGGCAGGTTCATTATC	CACTGCAT	GGCTCCACCTGAAAGACATGTGCGAAACGA	o6
FBgn0086680	0.23	492	1531	AGGGAGTGGAGGAGGTGGAGAAGATGGGGA	GGCTGCCA	TCCACCATTTTAGTTTGTTTTAAAGTTTGA	6A1
FBgn0086711	-0.43	345	569	TTTTAGTGATGTTTATTTGTGATAAGACAA	TCCTGCCA	CACACGCACAGAGAAATCGACACATACAGG	6A1
FBgn0086758	0.28	874	1760	TTAAATAAGACGCGAGTAACTATAATTAAA	CACTGCAA	ACACATAGCAACAAACAAACTACAGAGCAA	o6
FBgn0086758	0.28	1194	1760	GGCCAGGAGTGTAGGGCCAAGTGAGGAGAC	CACTGCTC	CACGGCCACCAGGATTCCAGGATTCCAGGA	o6
FBgn0243486	-0.04	260	853	CTTTCCCCGAAGGAATACGCCATTATTCCA	TACTGCCA	TTTTCACAATTAACGAACTTTACCAGTGTT	7A1
FBgn0243512	0.31	637	959	ACTTCACATAGAACAATGAAATCCAAAATG	CACTGCAA	CTATTTCTGCTGACTTGCCACACAAATCGA	o6
FBgn0250838	-0.02	123	300	GAGGTTAAACTTGATTCTTATTGGAGAGTG	CACTGCAA	CATCCAAATACGGTCTTATTATGCGGCTAT	o6
FBgn0250869	0.21	471	653	TTTCGCGACAAGAGGAAAACAGAGAATTGC	AACTGCCA	ATTGCATTGTATAACAAAGACCACATCAGC	7A1
FBgn0250876	-0.43	298	565	TATCTCTATTTTTGCTTTTAGTATTGTAGA	TACTGCCA	TCAAAAATTGTTGTATAAATCGCGTAAGCT	7A1
FBgn0259168	-0.06	495	923	TCATTGTAAGACAAGACGCCCGATGAAGAT	CACTGCAA	CACAGACACATGTCCAAAATAAAAATACAT	o6
FBgn0259221	0.01	189	755	AGTCTATCATTATACGTGCCTATGATACGA	ATCTGCCA	AAGCCCGAGGGTAACTAAACCGAAAACGAT	6A1
FBgn0259785	0.18	329	764	CAAATTGTTCATTCGGTCCGTTTCGCACTA	GGCTGCCA	GGGATCTCAAGCCAGATCTCTTTGGTTGCC	6A1
FBgn0259823	0.14	478	1400	TATGAAATTGATCATTAAGATGTCAAACCC	TACTGCCA	TCTGCCATTTTGCCAACGTTAACTGTCAAT	7A1
FBgn0259823	0.14	485	1400	TTGATCATTAAGATGTCAAACCCTACTGCC	ATCTGCCA	TTTTGCCAACGTTAACTGTCAATAATTGTG	6A1
FBgn0259937	0.67	1716	1769	GTTCCATTTTATGCCCTTTTTTAGGTACAA	CACTGCCC	AAGACATCATATAATACTTTATAAGCAAAT	7m8
FBgn0259984	0.23	1453	2318	AAGCTTTATGTTTTAGCAATCTGGTAGCAA	AACTGCCA	ATGATGATTATGTTTAATGTTATCTATCAT	7A1
FBgn0259984	0.23	1501	2318	TGTTTAATGTTATCTATCATATACGTGTAT	ATCTGCCA	ACATATAAATCTATTTTTATGTAAGTATCT	6A1
FBgn0259984	0.23	1904	2318	GAATAAATGAATTTACATTTTTGTTTGTTT	TTCTGCCA	GACTTTTCGTAAAAGAACATCTTTAACTCT	6A1
FBgn0260243	0.28	88	285	GAGTATTGTGCATCTTATCATTTTCCACTG	GCCTGCCA	AATGCAAACGTTGAAATTTGTTATTTAAAT	6A1
FBgn0260450	-0.67	122	470	ACGATGATGCAGCTGATGTTGATGATGCTG	ATCTGCCA	ATCAAAAAGCCAGTTTCGCTCGAAAGATTT	6A1
FBgn0260499	-0.04	931	3854	ACTTTGGTGACCTATCGATCTTAGAGTAGA	ACCTGCCA	CCAGCACCTAACTGTATAAAGTACCAATCA	6A1
FBgn0260635	0.07	174	262	GCTGGCCGTTGGACTTTAGAAGATCACAAA	GCCTGCCA	GTTATCGTAAGCCTACATTGTAATATTAGT	6A1
FBgn0260860	-0.12	240	489	CAAGTCGTCCACTGTCTACTGTCCAATGGC	CACTGCTA	ACAAAGGGGGACAAATGTCAAAGCGGTTGC	o6
FBgn0260941	-0.03	1527	2771	TATGAAAACAAAAACTTAATGAGCCAAAAT	AACTGCCA	TTTATCGAAGCAACATTTTGTTAGGACTTT	7A1
FBgn0260970	-0.10	1065	1587	ATATGTTTATTTTGAACGATCAAATTGAGC	CACTGCAA	AGACTAGCTAATATTTCAATATCTAGAAGT	o6
FBgn0261085	-0.03	657	2218	AGCTCTCATATTATTTTACCATTTCAAATC	ATCTGCCA	CTTGGCAGCTCAAATTTCCCACTTTAAGTT	6A1
FBgn0261238	-0.06	92	628	CTGGAGGAGCCCACATCCCACTTACACAGC	CACTGCTC	ACAGACCAAATTTTGCGTTTAGTTATCTGT	o6
FBgn0261243	-0.17	251	461	GTTAGCTTTAGTCAAGGATCCACCTACAGC	CACTGCTC	CAACCGGGCGTGCTTACATATATCGATTGA	o6
FBgn0261285	0.12	2148	2362	AAATCCAATTGTACGCAATGCAGTTTTGGT	CACTGCAC	CTGCCCTCTTTCTTACCGGAATCCATGAGC	o6
FBgn0261397	0.03	55	379	TCGAGAACTTTGCCATTTTGGATGACATTA	CACTGCTT	AGTTTTTGTGTATTATACGAGTATAACGAT	o6
FBgn0261444	0.18	136	1756	AGACGCAATCGCAGAACCAGGCGCCTGTTC	CCCTGCCA	CCCAAGAAGCATCGCCAGCGGGAGAGGGAG	6A1
FBgn0261560	0.94	29	219	GGGGTGTGGCGTGTACACCGCCATGCAGC	AACTGCCA	AATCCAACTAGTTCTTAGATGCACCCACTA	7A1
FBgn0261564	-0.11	75	531	CAGCCGGAAATCGGAGAGATCCCAGGGTGG	AACTGCCA	CTGGCCAGATGAAAACGCGCAACAAGTCGG	7A1
FBgn0261793	0.09	2356	3836	AACCAACAATAGTGTAATGTCTTCACGTCT	AACTGCCT	TCGAAAGATTCAAGAATTATTGAAATTTAA	6m
FBgn0261822	0.24	1036	6023	GGAGAAGAGGATGGACGTAAATCAGATGCG	TACTGCCA	AAACTTGTAAAGTTCAGTACTATTTGCTTA	7A1
FBgn0261822	0.24	2391	6023	CAGATAGAACATATGACGCCTCCACAGCAC	CACTGCTC	ACCACACTCACCCCTGGAACTCCACATCCA	o6
FBgn0261885	0.02	1058	2000	GCAATGTTACAAGGCACATGTAAGTGGCAG	CACTGCAT	TTTGTATTATGTTTATGTGTATGATGTTGT	o6
FBgn0261955	0.11	295	960	AAAAACGAAAACCAGAAGAAAACTGCAACA	CACTGCAA	CTGCAAAACAATAAGTTGGAAATAAGGCAG	o6
FBgn0262081	0.29	97	1542	GATGTCATTTAAGCCATGGGCAGAGCCAAT	CCCTGCCA	GAAATGGGCCAGATCCAAAGCTGAAACTGA	6A1
FBgn0262473	0.18	20	1196	AGAGAAGCCTCCAAGAAGAA	CACTGCCA	CTGACGAGGCGGCGGTGAAAAGACCCAGCT	8m
FBgn0262476	0.20	1889	1994	TAAATTTGAATGTATTAAAAAAAAAACAGA	CACTGCAA	GGTGAAGAATACTTATATGAAACATTATTA	o6
FBgn0262728	0.10	50	330	CGAATCCCGAATCCAGAAGGACACGACTTG	CACTGCGC	TCCTGCATATCCTTAGACCCATAGACTCAT	o6
FBgn0262736	-0.01	256	2228	GTCCTGCCGGACTGCAGGATCTCCGCCACG	CACTGCCC	ATTGGTGGCCGCCGATTTGCACCTGTTGTT	7m8
FBgn0262742	0.90	295	857	ACACACACTCAGAAAAAAACGCATGCAGAA	AACTGCCT	GCTAAATTTGCTTTTGCATCGACAGCTTCT	6m
FBgn0262976	-0.23	637	726	CCTTGTTACTTTTAGTTTTTTCATTTGAAA	GACTGCCG	TTGACTTTTTCATTTTATTCGCGTGCATAT	6m
FBgn0263077	-0.41	242	548	CACTGGAGGGGCAAACGATTCCGACCTTTC	CACTGCAC	CAGCACCTGTTGCACCAACCACGCCACGCG	o6
FBgn0263108	0.01	314	822	GAATTGTTTTTTGAGCCGTGCCCAGATGCA	CGCTGCCA	TTGTAAAGTAACGAAAATCTTTTGGAACAC	6A1
FBgn0263353	0.43	375	508	CAATTCCTGATATATGACGGTTGCCAATAA	AACTGCCC	AGGATATTAACCATCATGGCTACATGGTAT	6m
FBgn0263397	0.09	132	385	ACAGGACTACCACTCACACACACACACACA	CACTGCGT	ATATAATAATTTAGTAAAAGGAACCCCAAG	o6
FBgn0263456	0.12	355	1243	ATTGTGTACATCCATTTGAATACTTCTTCT	GACTGCCT	CTGGGGTTATAGTTAGACATCAACTGGGCC	6m
FBgn0263740	-0.20	85	383	TGGCAGCATCATCTTTATTAGGCCTCTTCA	CACTGCTC	CTTCTTGTCCCACAGCTCCATTCTTCCCGT	o6
FBgn0263993	0.17	113	1396	AAGCACAGCAGCCACAACAAGCAGCCACAC	AACTGCCA	CAGTTCTCACACGAACAACAACTGCGGCGT	7A1
FBgn0264006	0.24	433	4523	GTTTCTGGAATATCAAATTCAAAATTTTAA	CACTGCCA	AGGTTAAAGAAAAATGTTAAAAAAAAAATA	8m
FBgn0264006	0.24	1615	4523	ATCCCTGTTATTAGTACAACTTAAACTGCA	CACTGCAC	AATTTTTGAACGTTTGTTAAATGTTTTAAG	o6
FBgn0264006	0.24	1824	4523	ACTGCTAGGGCAGAAGGACATCTACGTCTG	CTCTGCCA	CTAAAAAAAAAAATGCAAAAATAACATTTA	6A1
FBgn0264574	0.05	15	253	GCGATTCCGCGGACT	CACTGCAT	CCTGAATCCTGCATCCTCCCCTAGATTCAC	o6
FBgn0264574	0.05	208	253	AACCATAATTACATTTAATTACAATTTTTA	CACTGCCA	AAAAGTTAAGTAAATTAAAGTTAATTTTTG	8m
FBgn0264606	0.06	70	2066	ATCGCCTGGAGTCGGACGTGATCGGAGTGC	CACTGCAC	TCAGCTCAATTTGTTAGCGCCTAAGTTATG	o6
FBgn0264606	0.06	1123	2066	TGTGTATAAATCTAATATATCTAATCAGCG	TTCTGCCA	AGCGACTTGGAGTTTCAAACTAAGATTACA	6A1
FBgn0264691	0.45	311	724	CAAAAAAATTGATATCCTTAATGTTTGAAA	AACTGCCA	GCAGTGCTCATTAATTCACTTCCGAACTTA	7A1
FBgn0264693	0.02	736	1283	ACCATTAACCCATCCACATTTACAGCGCCT	CACTGCTA	GGAGGGCATATTCGAACCCCCTCTTTATTT	o6
FBgn0264695	0.37	271	662	ATTGTGTAAGCGCGACATTTGCCATGGGGA	CACTGCTC	GCTGGACCTGTATTTGTATTTGTATTTATA	o6
FBgn0264695	0.37	541	662	AGACAAGACTTACGGACGACACGAGCTACA	CACTGCGC	TTATGTTTATGTTTAACTCTGACTCTATCT	o6
FBgn0264848	0.66	90	673	AGTGCAAGCAACTCCACTCATCCGAAGACC	TACTGCCA	ACCAACAAACCAATCATCAATCACCACCGT	7A1
FBgn0264975	0.54	407	1201	AAACAAACAAACAAAATGAATGCAAATCAA	TACTGCCA	AACAACTTGAACAACAAGCAACACAACAGC	7A1
FBgn0265052	0.22	76	461	AACACAGCTCGCTGTGACGTCAAACACACT	GACTGCCG	ACCAAACGCCTCCGCAAGCCAAACGAAAAT	6m
FBgn0265082	-0.07	923	2143	GAGGTCCTATAATTCCAGATCCAACGTTTT	TTCTGCCA	GATCACACGGTATAATAAAGCGTTTACTTC	6A1
FBgn0265191	-0.07	31	235	AATTACTGAAGCTGCTGATGCACTACAGCT	GCCTGCCA	CACCTGGCGTGCCGCTGCAAGTCGCAGTAT	6A1
FBgn0265276	0.34	83	205	GACAGGTGGTGTTCGTATACGGATACGACT	GACTGCCG	CCGGGAGCAGGCGAGCTGCCTTTGAAATTC	6m
FBgn0265296	-0.29	868	2007	CAAAGTCACCGCAGCCACAACAACAACAGC	CACTGCAA	CAACAACGCCAACAACATTCACCCGCTCCT	o6
FBgn0265298	-0.07	828	1166	AGCAGCTTCCTGTTTCCTGTTAGACGCTGG	CGCTGCCA	AAGCTGCTCCAGATTCACTCATAGTTTCCC	6A1
FBgn0265512	-0.07	233	280	CTGCGCACCCACATCGTATATTTTAATTAT	TACTGCCT	AACCTAAGCCACACACAAAATACAAATACA	6m
FBgn0265574	-0.01	304	646	GATGTGGTTACGGCAGATGGCACAGTTGTC	CACTGCTA	CGTCCCATCCCCACATGGCGTGCGCAACCC	o6
FBgn0265623	0.30	725	1961	CGAAAGTGTTTGGCCCACACCCTGAGGAAA	AACTGCCA	CGAAGTGTGAAAATTCGGTGGTAGCGTTGG	7A1
FBgn0265935	0.43	331	802	TTAACGTATAAAACATAACATAAAACTACA	TCCTGCCA	AAAATATATAAAAAACCTAACGAACTACCT	6A1
FBgn0266019	0.00	83	467	GTACGCCGCCAATCGACAGGATGGAGCACC	CACTGCCC	ATGCGCTCCAACAGCAGCAGCAGCAGCAGC	7m8
FBgn0266268	0.12	30	166	GCAACCAAGTCAACTTGCGGGGGTGGGTAG	CACTGCGT	GACAAGCGTTTCAAGTGCTGCAGCTGGAGG	o6
FBgn0266377	0.01	40	419	TCCGGAGATTGTTCTCGGGTCTACTGAAGC	CACTGCCG	GCCCACGCGCCAGGTACCTCCACGATTGGC	7m8
FBgn0266377	0.01	224	419	TGACGCCCACCCGAGTCCACCCGCTCCCTG	GACTGCCC	CACACTTATCTCTGAACGGACCAACGGACT	6m
FBgn0266411	0.14	20	1040	ATTACCAGTACCTTAGCATG	CACTGCAT	TTGATATGAGGCATTTGTTGGCGGAGGACG	o6
FBgn0266411	0.14	317	1040	ATCACACTTGAATAGTTTTGTAGCCATGTT	AACTGCCT	AGAACAGAAGAATATACACGTATGTAATTT	6m
FBgn0266521	-0.23	36	835	AACGATCCTGCATCGAGAGCTGTGCTCACC	CACTGCAA	ACATGGTTACAAGGCGACTACAAAAAGAAC	o6
FBgn0266521	-0.23	79	835	GTTACAAGGCGACTACAAAAAGAACAGCAA	CACTGCAT	AATACACCAACACATATTTAAGCAAGAAAA	o6
FBgn0266557	-0.11	331	1450	TTGGGTTTGTCTCAACGCCATAAAGTTCGA	CACTGCTG	CAACTCCGTCTGAACTGGAGGGCAGAGCGC	o6
FBgn0266599	0.03	202	299	TATAAATTCATACTAGAACAAAACCAAACA	CACTGCTC	CATAATAGTATATATTATATTATTGTCATC	o6
FBgn0266717	0.04	79	605	TGGATATAAAATGATGCTGCTCGCCTACCG	CACTGCGC	TGCCCTAGACATTTTTATTTATATGCATGA	o6
FBgn0266801	0.03	1292	2320	GGTTGAGTTATTTCCGACTGCAGCAAATAA	TACTGCCA	GCCGACGTCCAGATCGCATTGGTCGGCCGC	7A1
FBgn0266801	0.03	2272	2320	CCCGATTTGAAAACCTGTGTTCAGGACTAG	AACTGCCG	CCAAGCGTGCATTTTGTACAACTTGAACTT	6m
FBgn0267336	0.14	195	461	ATCTCTTTTGTTGTTGTGCAGGTGTTTGCC	AACTGCCG	TGCAAATGTTGCTGACATTTGCGCCCGGGC	6m
FBgn0267348	1.60	301	590	AGAGGATGGATGATGGCCACATCGAGAATC	AACTGCCA	ACTGTGCTTCACCAGTTTCAAGCCAGCAAC	7A1
